[09/02/2010 18:51:19] Lord Revolution: eu
[09/02/2010 18:51:25] Lord Revolution: eu
[09/02/2010 18:51:26] Lord Revolution: eu
[09/02/2010 18:51:30] Lord Revolution: eu
[09/02/2010 18:52:14] Lord Revolution: euuuu
[09/02/2010 18:54:14] The Daniels: nao acho o barco
[09/02/2010 18:55:53] The Daniels: ah valeu :D
[28/06/2012 17:08:05] Zekra: lol
[13/07/2012 23:48:24] Undyne Soul: no sir
[10/01/2015 16:29:54] Legolas: donde se añadieron las zonas de hunt?
[12/01/2015 20:37:54] Legolas: algun GM o admin????
[12/01/2015 20:37:58] Legolas: quede atrapado
[12/01/2015 20:41:26] Legolas: algun GM o admin????
[12/01/2015 20:41:29] Legolas: quede atrapado
[12/01/2015 20:42:42] Legolas: algun GM o admin????
[12/01/2015 20:44:23] Legolas: algun GM o admin???? Quede atrapado y no hay salida
[12/01/2015 20:48:56] Legolas: algun GM o admin???? Quede atrapado y no hay salida
[12/01/2015 20:55:44] Legolas: algun GM o admin???? Quede atrapado y no hay salida
[12/01/2015 20:58:58] Legolas: algun GM o admin???? Quede atrapado y no hay salida
[12/01/2015 20:58:58] Legolas: algun GM o admin???? Quede atrapado y no hay salida
[12/01/2015 21:00:13] Legolas: algun GM o admin???? Quede atrapado y no hay salida
[12/01/2015 21:00:37] Legolas: ayudaaaaaa
[12/01/2015 21:07:49] Legolas: hi
[27/12/2015 15:12:08] Will Hunting: hi
[28/12/2015 05:55:53] Koringa: alguem
[29/12/2015 12:28:43] Mr Tiger: help
[29/12/2015 12:31:02] Mr Tiger: help me 
