[09/02/2010 18:11:16] /a 1
[09/02/2010 18:11:16] /a 1
[09/02/2010 18:11:37] /down
[09/02/2010 18:11:41] /a 1
[09/02/2010 18:11:48] /goto comedinha
[09/02/2010 18:11:52] /a 1
[09/02/2010 18:11:53] /a 1
[09/02/2010 18:13:11] /goto comedinha
[09/02/2010 18:13:42] /goto comedinha
[09/02/2010 18:20:41] /goto comedinhas
[09/02/2010 18:20:43] /goto comedinha
[09/02/2010 18:21:54] /goto comedinha
[09/02/2010 18:22:02] /a 1
[09/02/2010 18:22:02] /a 1
[09/02/2010 18:22:45] /i 6278
[09/02/2010 18:34:58] /goto comedinha
[09/02/2010 18:35:41] /i 1387
[09/02/2010 18:35:51] /attr position 97 56 7
[09/02/2010 18:37:58] /attr life 1
[09/02/2010 18:38:48] /attr life 1
[09/02/2010 18:39:06] /attr healt 1
[09/02/2010 18:39:13] /attr healt -1
[09/02/2010 18:40:45] /a 1
[09/02/2010 18:40:45] /a 1
[09/02/2010 18:40:45] /a 1
[09/02/2010 18:40:45] /a 1
[09/02/2010 18:40:45] /a 1
[09/02/2010 18:40:46] /a 1
[09/02/2010 18:40:46] /a 1
[09/02/2010 18:40:46] /a 1
[09/02/2010 18:40:46] /a 1
[09/02/2010 18:40:46] /a 1
[09/02/2010 18:40:47] /a 1
[09/02/2010 18:40:47] /a 1
[09/02/2010 18:40:59] /r 100
[09/02/2010 18:40:59] /r 100
[09/02/2010 18:43:06] /attr skull 0
[09/02/2010 18:43:09] /attr skull 2
[09/02/2010 18:43:12] /attr skull 0
[09/02/2010 18:43:18] /attr skull 7
[09/02/2010 18:43:20] /attr skull 5
[09/02/2010 18:43:23] /attr skull 4
[09/02/2010 18:45:44] /b EHUEHUEHU
[09/02/2010 18:47:34] /a 1
[09/02/2010 18:47:35] /a 1
[09/02/2010 18:47:35] /a 1
[09/02/2010 18:47:36] /up
[09/02/2010 18:47:39] /up
[09/02/2010 18:47:43] /up
[09/02/2010 18:47:58] /goto comedinha
[09/02/2010 18:53:30] /kick jonathan rox
[09/02/2010 18:55:38] /a 1
[09/02/2010 18:55:39] /a 1
[09/02/2010 18:55:39] /a 1
[09/02/2010 18:55:39] /a 1
[09/02/2010 18:56:13] /b flws
[12/02/2010 13:26:36] /i 10233
[12/02/2010 13:26:38] /r 100
[12/02/2010 13:27:21] /attr group 1
[12/02/2010 13:28:14] /addskill GOD Alissow, Magic
[12/02/2010 13:28:17] /addskill GOD Alissow, Magic
[12/02/2010 13:28:26] /addskill GOD Alissow, Magic Level
[12/02/2010 13:28:26] /addskill GOD Alissow, Magic Level
[12/02/2010 13:28:26] /addskill GOD Alissow, Magic Level
[12/02/2010 13:28:28] /addskill GOD Alissow, Magic Level
[12/02/2010 13:28:28] /addskill GOD Alissow, Magic Level
[12/02/2010 13:28:28] /addskill GOD Alissow, Magic Level
[12/02/2010 13:28:29] /addskill GOD Alissow, Magic Level
[12/02/2010 13:28:29] /addskill GOD Alissow, Magic Level
[12/02/2010 13:28:29] /addskill GOD Alissow, Magic Level
[12/02/2010 13:28:32] /addskill GOD Alissow, Magic Level
[12/02/2010 13:28:32] /addskill GOD Alissow, Magic Level
[12/02/2010 13:28:33] /addskill GOD Alissow, Magic Level
[12/02/2010 13:28:33] /addskill GOD Alissow, Magic Level
