[04/08/2009 14:20:09] /a 2
[04/08/2009 14:20:18] /r
[04/08/2009 14:20:19] /r
[04/08/2009 14:20:20] /r
[04/08/2009 14:20:21] /r
[04/08/2009 14:20:21] /r
[04/08/2009 14:20:22] /r
[04/08/2009 14:20:22] /r
[04/08/2009 14:20:23] /r
[04/08/2009 14:20:23] /r
[04/08/2009 14:20:24] /r
[04/08/2009 14:20:39] /a 2
[04/08/2009 14:23:29] /addskill Alissow, level
[04/08/2009 14:23:29] /addskill Alissow, level
[04/08/2009 14:23:29] /addskill Alissow, level
[04/08/2009 14:23:29] /addskill Alissow, level
[04/08/2009 14:23:29] /addskill Alissow, level
[04/08/2009 14:23:30] /addskill Alissow, level
[04/08/2009 14:23:30] /addskill Alissow, level
[04/08/2009 14:23:30] /addskill Alissow, level
[04/08/2009 14:23:30] /addskill Alissow, level
[04/08/2009 14:23:30] /addskill Alissow, level
[04/08/2009 14:23:30] /addskill Alissow, level
[04/08/2009 14:23:30] /addskill Alissow, level
[04/08/2009 14:23:30] /addskill Alissow, level
[04/08/2009 14:23:30] /addskill Alissow, level
[04/08/2009 14:23:30] /addskill Alissow, level
[04/08/2009 14:23:30] /addskill Alissow, level
[04/08/2009 14:23:30] /addskill Alissow, level
[04/08/2009 14:23:30] /addskill Alissow, level
[04/08/2009 14:23:30] /addskill Alissow, level
[04/08/2009 14:23:30] /addskill Alissow, level
[04/08/2009 14:23:30] /addskill Alissow, level
[04/08/2009 14:23:30] /addskill Alissow, level
[04/08/2009 14:23:30] /addskill Alissow, level
[04/08/2009 14:23:30] /addskill Alissow, level
[04/08/2009 14:23:30] /addskill Alissow, level
[04/08/2009 14:23:30] /addskill Alissow, level
[04/08/2009 14:23:30] /addskill Alissow, level
[04/08/2009 14:23:30] /addskill Alissow, level
[04/08/2009 14:23:30] /addskill Alissow, level
[04/08/2009 14:23:30] /addskill Alissow, level
[04/08/2009 14:23:30] /addskill Alissow, level
[04/08/2009 14:23:30] /addskill Alissow, level
[04/08/2009 14:23:30] /addskill Alissow, level
[04/08/2009 14:23:30] /addskill Alissow, level
[04/08/2009 14:23:30] /addskill Alissow, level
[04/08/2009 14:23:30] /addskill Alissow, level
[04/08/2009 14:23:30] /addskill Alissow, level
[04/08/2009 14:23:31] /addskill Alissow, level
[04/08/2009 14:23:31] /addskill Alissow, level
[04/08/2009 14:23:31] /addskill Alissow, level
[04/08/2009 14:23:31] /addskill Alissow, level
[04/08/2009 14:23:31] /addskill Alissow, level
[04/08/2009 14:23:31] /addskill Alissow, level
[04/08/2009 14:23:31] /addskill Alissow, level
[04/08/2009 14:23:31] /addskill Alissow, level
[04/08/2009 14:23:31] /addskill Alissow, level
[04/08/2009 14:23:31] /addskill Alissow, level
[04/08/2009 14:23:31] /addskill Alissow, level
[04/08/2009 14:23:31] /addskill Alissow, level
[04/08/2009 14:23:31] /addskill Alissow, level
[04/08/2009 14:23:31] /addskill Alissow, level
[04/08/2009 14:23:31] /addskill Alissow, level
[04/08/2009 14:23:31] /addskill Alissow, level
[04/08/2009 14:23:31] /addskill Alissow, level
[04/08/2009 14:23:31] /addskill Alissow, level
[04/08/2009 14:23:31] /addskill Alissow, level
[04/08/2009 14:23:31] /addskill Alissow, level
[04/08/2009 14:23:31] /addskill Alissow, level
[04/08/2009 14:23:31] /addskill Alissow, level
[04/08/2009 14:23:31] /addskill Alissow, level
[04/08/2009 14:23:31] /addskill Alissow, level
[04/08/2009 14:23:31] /addskill Alissow, level
[04/08/2009 14:23:31] /addskill Alissow, level
[04/08/2009 14:23:31] /addskill Alissow, level
[04/08/2009 14:23:31] /addskill Alissow, level
[04/08/2009 14:23:31] /addskill Alissow, level
[04/08/2009 14:23:31] /addskill Alissow, level
[04/08/2009 14:23:31] /addskill Alissow, level
[04/08/2009 14:23:31] /addskill Alissow, level
[04/08/2009 14:23:32] /addskill Alissow, level
[04/08/2009 14:23:32] /addskill Alissow, level
[04/08/2009 14:23:32] /addskill Alissow, level
[04/08/2009 14:23:32] /addskill Alissow, level
[04/08/2009 14:23:32] /addskill Alissow, level
[04/08/2009 14:23:32] /addskill Alissow, level
[04/08/2009 14:23:32] /addskill Alissow, level
[04/08/2009 14:23:32] /addskill Alissow, level
[04/08/2009 14:23:32] /addskill Alissow, level
[04/08/2009 14:23:32] /addskill Alissow, level
[04/08/2009 14:23:32] /addskill Alissow, level
[04/08/2009 14:23:32] /addskill Alissow, level
[04/08/2009 14:23:32] /addskill Alissow, level
[04/08/2009 14:23:32] /addskill Alissow, level
[04/08/2009 14:23:32] /addskill Alissow, level
[04/08/2009 14:23:32] /addskill Alissow, level
[04/08/2009 14:23:32] /addskill Alissow, level
[04/08/2009 14:23:32] /addskill Alissow, level
[04/08/2009 14:23:32] /addskill Alissow, level
[04/08/2009 14:23:32] /addskill Alissow, level
[04/08/2009 14:23:32] /addskill Alissow, level
[04/08/2009 14:23:32] /addskill Alissow, level
[04/08/2009 14:23:32] /addskill Alissow, level
[04/08/2009 14:23:32] /addskill Alissow, level
[04/08/2009 14:23:32] /addskill Alissow, level
[04/08/2009 14:23:32] /addskill Alissow, level
[04/08/2009 14:23:32] /addskill Alissow, level
[04/08/2009 14:23:32] /addskill Alissow, level
[04/08/2009 14:23:32] /addskill Alissow, level
[04/08/2009 14:23:32] /addskill Alissow, level
[04/08/2009 14:23:32] /addskill Alissow, level
[04/08/2009 14:23:32] /addskill Alissow, level
[04/08/2009 14:23:32] /addskill Alissow, level
[04/08/2009 14:23:33] /addskill Alissow, level
[04/08/2009 14:23:33] /addskill Alissow, level
[04/08/2009 14:23:33] /addskill Alissow, level
[04/08/2009 14:23:33] /addskill Alissow, level
[04/08/2009 14:23:33] /addskill Alissow, level
[04/08/2009 14:23:33] /addskill Alissow, level
[04/08/2009 14:23:33] /addskill Alissow, level
[04/08/2009 14:23:33] /addskill Alissow, level
[04/08/2009 14:23:33] /addskill Alissow, level
[04/08/2009 14:23:33] /addskill Alissow, level
[04/08/2009 14:23:33] /addskill Alissow, level
[04/08/2009 14:23:33] /addskill Alissow, level
[04/08/2009 14:23:33] /addskill Alissow, level
[04/08/2009 14:23:33] /addskill Alissow, level
[04/08/2009 14:23:33] /addskill Alissow, level
[04/08/2009 14:23:33] /addskill Alissow, level
[04/08/2009 14:23:33] /addskill Alissow, level
[04/08/2009 14:23:33] /addskill Alissow, level
[04/08/2009 14:23:33] /addskill Alissow, level
[04/08/2009 14:23:33] /addskill Alissow, level
[04/08/2009 14:23:33] /addskill Alissow, level
[04/08/2009 14:23:33] /addskill Alissow, level
[04/08/2009 14:23:33] /addskill Alissow, level
[04/08/2009 14:23:33] /addskill Alissow, level
[04/08/2009 14:23:33] /addskill Alissow, level
[04/08/2009 14:23:33] /addskill Alissow, level
[04/08/2009 14:23:33] /addskill Alissow, level
[04/08/2009 14:23:33] /addskill Alissow, level
[04/08/2009 14:23:33] /addskill Alissow, level
[04/08/2009 14:23:33] /addskill Alissow, level
[04/08/2009 14:23:33] /addskill Alissow, level
[04/08/2009 14:23:33] /addskill Alissow, level
[04/08/2009 14:23:34] /addskill Alissow, level
[04/08/2009 14:23:34] /addskill Alissow, level
[04/08/2009 14:23:34] /addskill Alissow, level
[04/08/2009 14:23:34] /addskill Alissow, level
[04/08/2009 14:23:34] /addskill Alissow, level
[04/08/2009 14:23:34] /addskill Alissow, level
[04/08/2009 14:23:34] /addskill Alissow, level
[04/08/2009 14:23:34] /addskill Alissow, level
[04/08/2009 14:23:34] /addskill Alissow, level
[04/08/2009 14:23:34] /addskill Alissow, level
[04/08/2009 14:23:34] /addskill Alissow, level
[04/08/2009 14:23:34] /addskill Alissow, level
[04/08/2009 14:23:34] /addskill Alissow, level
[04/08/2009 14:23:34] /addskill Alissow, level
[04/08/2009 14:23:34] /addskill Alissow, level
[04/08/2009 14:23:34] /addskill Alissow, level
[04/08/2009 14:23:34] /addskill Alissow, level
[04/08/2009 14:23:34] /addskill Alissow, level
[04/08/2009 14:23:34] /addskill Alissow, level
[04/08/2009 14:23:34] /addskill Alissow, level
[04/08/2009 14:23:34] /addskill Alissow, level
[04/08/2009 14:23:34] /addskill Alissow, level
[04/08/2009 14:23:34] /addskill Alissow, level
[04/08/2009 14:23:34] /addskill Alissow, level
[04/08/2009 14:23:34] /addskill Alissow, level
[04/08/2009 14:23:34] /addskill Alissow, level
[04/08/2009 14:23:34] /addskill Alissow, level
[04/08/2009 14:23:34] /addskill Alissow, level
[04/08/2009 14:23:34] /addskill Alissow, level
[04/08/2009 14:23:34] /addskill Alissow, level
[04/08/2009 14:23:34] /addskill Alissow, level
[04/08/2009 14:23:35] /addskill Alissow, level
[04/08/2009 14:23:35] /addskill Alissow, level
[04/08/2009 14:23:35] /addskill Alissow, level
[04/08/2009 14:23:35] /addskill Alissow, level
[04/08/2009 14:23:35] /addskill Alissow, level
[04/08/2009 14:23:35] /addskill Alissow, level
[04/08/2009 14:23:35] /addskill Alissow, level
[04/08/2009 14:23:35] /addskill Alissow, level
[04/08/2009 14:23:35] /addskill Alissow, level
[04/08/2009 14:23:35] /addskill Alissow, level
[04/08/2009 14:23:35] /addskill Alissow, level
[04/08/2009 14:23:35] /addskill Alissow, level
[04/08/2009 14:23:35] /addskill Alissow, level
[04/08/2009 14:23:35] /addskill Alissow, level
[04/08/2009 14:23:35] /addskill Alissow, level
[04/08/2009 14:23:35] /addskill Alissow, level
[04/08/2009 14:23:35] /addskill Alissow, level
[04/08/2009 14:23:35] /addskill Alissow, level
[04/08/2009 14:23:35] /addskill Alissow, level
[04/08/2009 14:23:35] /addskill Alissow, level
[04/08/2009 14:23:35] /addskill Alissow, level
[04/08/2009 14:23:35] /addskill Alissow, level
[04/08/2009 14:23:35] /addskill Alissow, level
[04/08/2009 14:23:35] /addskill Alissow, level
[04/08/2009 14:23:35] /addskill Alissow, level
[04/08/2009 14:23:35] /addskill Alissow, level
[04/08/2009 14:23:35] /addskill Alissow, level
[04/08/2009 14:23:35] /addskill Alissow, level
[04/08/2009 14:23:35] /addskill Alissow, level
[04/08/2009 14:23:35] /addskill Alissow, level
[04/08/2009 14:23:36] /addskill Alissow, level
[04/08/2009 14:23:36] /addskill Alissow, level
[04/08/2009 14:23:36] /addskill Alissow, level
[04/08/2009 14:23:36] /addskill Alissow, level
[04/08/2009 14:23:36] /addskill Alissow, level
[04/08/2009 14:23:36] /addskill Alissow, level
[04/08/2009 14:23:36] /addskill Alissow, level
[04/08/2009 14:23:36] /addskill Alissow, level
[04/08/2009 14:23:36] /addskill Alissow, level
[04/08/2009 14:23:36] /addskill Alissow, level
[04/08/2009 14:23:36] /addskill Alissow, level
[04/08/2009 14:23:36] /addskill Alissow, level
[04/08/2009 14:23:36] /addskill Alissow, level
[04/08/2009 14:23:36] /addskill Alissow, level
[04/08/2009 14:23:36] /addskill Alissow, level
[04/08/2009 14:23:36] /addskill Alissow, level
[04/08/2009 14:23:36] /addskill Alissow, level
[04/08/2009 14:23:36] /addskill Alissow, level
[04/08/2009 14:23:36] /addskill Alissow, level
[04/08/2009 14:23:36] /addskill Alissow, level
[04/08/2009 14:23:36] /addskill Alissow, level
[04/08/2009 14:23:36] /addskill Alissow, level
[04/08/2009 14:23:36] /addskill Alissow, level
[04/08/2009 14:23:36] /addskill Alissow, level
[04/08/2009 14:23:36] /addskill Alissow, level
[04/08/2009 14:23:36] /addskill Alissow, level
[04/08/2009 14:23:36] /addskill Alissow, level
[04/08/2009 14:23:36] /addskill Alissow, level
[04/08/2009 14:23:36] /addskill Alissow, level
[04/08/2009 14:23:36] /addskill Alissow, level
[04/08/2009 14:23:36] /addskill Alissow, level
[04/08/2009 14:23:36] /addskill Alissow, level
[04/08/2009 14:23:36] /addskill Alissow, level
[04/08/2009 14:23:36] /addskill Alissow, level
[04/08/2009 14:23:37] /addskill Alissow, level
[04/08/2009 14:23:37] /addskill Alissow, level
[04/08/2009 14:23:37] /addskill Alissow, level
[04/08/2009 14:23:37] /addskill Alissow, level
[04/08/2009 14:23:37] /addskill Alissow, level
[04/08/2009 14:23:37] /addskill Alissow, level
[04/08/2009 14:23:37] /addskill Alissow, level
[04/08/2009 14:23:37] /addskill Alissow, level
[04/08/2009 14:23:37] /addskill Alissow, level
[04/08/2009 14:23:37] /addskill Alissow, level
[04/08/2009 14:23:37] /addskill Alissow, level
[04/08/2009 14:23:37] /addskill Alissow, level
[04/08/2009 14:23:37] /addskill Alissow, level
[04/08/2009 14:23:37] /addskill Alissow, level
[04/08/2009 14:23:37] /addskill Alissow, level
[04/08/2009 14:23:37] /addskill Alissow, level
[04/08/2009 14:23:37] /addskill Alissow, level
[04/08/2009 14:23:37] /addskill Alissow, level
[04/08/2009 14:23:37] /addskill Alissow, level
[04/08/2009 14:23:37] /addskill Alissow, level
[04/08/2009 14:23:37] /addskill Alissow, level
[04/08/2009 14:23:37] /addskill Alissow, level
[04/08/2009 14:23:37] /addskill Alissow, level
[04/08/2009 14:23:37] /addskill Alissow, level
[04/08/2009 14:23:37] /addskill Alissow, level
[04/08/2009 14:23:37] /addskill Alissow, level
[04/08/2009 14:23:37] /addskill Alissow, level
[04/08/2009 14:23:37] /addskill Alissow, level
[04/08/2009 14:23:37] /addskill Alissow, level
[04/08/2009 14:23:37] /addskill Alissow, level
[04/08/2009 14:23:37] /addskill Alissow, level
[04/08/2009 14:23:37] /addskill Alissow, level
[04/08/2009 14:23:38] /addskill Alissow, level
[04/08/2009 14:23:38] /addskill Alissow, level
[04/08/2009 14:23:38] /addskill Alissow, level
[04/08/2009 14:23:38] /addskill Alissow, level
[04/08/2009 14:23:38] /addskill Alissow, level
[04/08/2009 14:23:38] /addskill Alissow, level
[04/08/2009 14:23:38] /addskill Alissow, level
[04/08/2009 14:23:38] /addskill Alissow, level
[04/08/2009 14:23:38] /addskill Alissow, level
[04/08/2009 14:23:38] /addskill Alissow, level
[04/08/2009 14:23:38] /addskill Alissow, level
[04/08/2009 14:23:38] /addskill Alissow, level
[04/08/2009 14:23:38] /addskill Alissow, level
[04/08/2009 14:23:38] /addskill Alissow, level
[04/08/2009 14:23:38] /addskill Alissow, level
[04/08/2009 14:23:38] /addskill Alissow, level
[04/08/2009 14:23:38] /addskill Alissow, level
[04/08/2009 14:23:38] /addskill Alissow, level
[04/08/2009 14:23:38] /addskill Alissow, level
[04/08/2009 14:23:38] /addskill Alissow, level
[04/08/2009 14:23:39] /addskill Alissow, level
[04/08/2009 14:23:39] /addskill Alissow, level
[04/08/2009 14:23:39] /addskill Alissow, level
[04/08/2009 14:23:39] /addskill Alissow, level
[04/08/2009 14:23:39] /addskill Alissow, level
[04/08/2009 14:23:39] /addskill Alissow, level
[04/08/2009 14:23:40] /addskill Alissow, level
[04/08/2009 14:23:40] /addskill Alissow, level
[04/08/2009 14:23:40] /addskill Alissow, level
[04/08/2009 14:25:54] /reload config
[04/08/2009 14:26:02] /c test
[04/08/2009 14:26:18] /addskill Test, level
[04/08/2009 14:26:19] /addskill Test, level
[04/08/2009 14:26:19] /addskill Test, level
[04/08/2009 14:26:19] /addskill Test, level
[04/08/2009 14:26:19] /addskill Test, level
[04/08/2009 14:26:19] /addskill Test, level
[04/08/2009 14:26:19] /addskill Test, level
[04/08/2009 14:26:19] /addskill Test, level
[04/08/2009 14:26:19] /addskill Test, level
[04/08/2009 14:26:19] /addskill Test, level
[04/08/2009 14:26:19] /addskill Test, level
[04/08/2009 14:26:19] /addskill Test, level
[04/08/2009 14:26:19] /addskill Test, level
[04/08/2009 14:26:19] /addskill Test, level
[04/08/2009 14:26:19] /addskill Test, level
[04/08/2009 14:26:19] /addskill Test, level
[04/08/2009 14:26:19] /addskill Test, level
[04/08/2009 14:26:19] /addskill Test, level
[04/08/2009 14:26:19] /addskill Test, level
[04/08/2009 14:26:19] /addskill Test, level
[04/08/2009 14:26:19] /addskill Test, level
[04/08/2009 14:26:19] /addskill Test, level
[04/08/2009 14:26:19] /addskill Test, level
[04/08/2009 14:26:19] /addskill Test, level
[04/08/2009 14:26:20] /addskill Test, level
[04/08/2009 14:26:20] /addskill Test, level
[04/08/2009 14:26:20] /addskill Test, level
[04/08/2009 14:26:20] /addskill Test, level
[04/08/2009 14:26:20] /addskill Test, level
[04/08/2009 14:26:20] /addskill Test, level
[04/08/2009 14:26:20] /addskill Test, level
[04/08/2009 14:26:20] /addskill Test, level
[04/08/2009 14:26:20] /addskill Test, level
[04/08/2009 14:26:20] /addskill Test, level
[04/08/2009 14:26:20] /addskill Test, level
[04/08/2009 14:26:20] /addskill Test, level
[04/08/2009 14:26:20] /addskill Test, level
[04/08/2009 14:26:20] /addskill Test, level
[04/08/2009 14:26:20] /addskill Test, level
[04/08/2009 14:26:23] /addskill Test, level
[04/08/2009 14:26:23] /addskill Test, level
[04/08/2009 14:26:23] /addskill Test, level
[04/08/2009 14:26:23] /addskill Test, level
[04/08/2009 14:26:23] /addskill Test, level
[04/08/2009 14:26:23] /addskill Test, level
[04/08/2009 14:26:23] /addskill Test, level
[04/08/2009 14:26:23] /addskill Test, level
[04/08/2009 14:26:24] /addskill Test, level
[04/08/2009 14:26:24] /addskill Test, level
[04/08/2009 14:26:24] /addskill Test, level
[04/08/2009 14:26:24] /addskill Test, level
[04/08/2009 14:26:24] /addskill Test, level
[04/08/2009 14:26:24] /addskill Test, level
[04/08/2009 14:26:24] /addskill Test, level
[04/08/2009 14:26:24] /addskill Test, level
[04/08/2009 14:26:24] /addskill Test, level
[04/08/2009 14:26:24] /addskill Test, level
[04/08/2009 14:26:24] /addskill Test, level
[04/08/2009 14:26:24] /addskill Test, level
[04/08/2009 14:26:24] /addskill Test, level
[04/08/2009 14:26:24] /addskill Test, level
[04/08/2009 14:26:24] /addskill Test, level
[04/08/2009 14:26:24] /addskill Test, level
[04/08/2009 14:26:24] /addskill Test, level
[04/08/2009 14:26:24] /addskill Test, level
[04/08/2009 14:26:24] /addskill Test, level
[04/08/2009 14:26:24] /addskill Test, level
[04/08/2009 14:26:24] /addskill Test, level
[04/08/2009 14:26:24] /addskill Test, level
[04/08/2009 14:26:24] /addskill Test, level
[04/08/2009 14:26:24] /addskill Test, level
[04/08/2009 14:26:24] /addskill Test, level
[04/08/2009 14:26:25] /addskill Test, level
[04/08/2009 14:26:25] /addskill Test, level
[04/08/2009 14:26:25] /addskill Test, level
[04/08/2009 14:26:25] /addskill Test, level
[04/08/2009 14:26:25] /addskill Test, level
[04/08/2009 14:26:25] /addskill Test, level
[04/08/2009 14:26:25] /addskill Test, level
[04/08/2009 14:26:25] /addskill Test, level
[04/08/2009 14:26:25] /addskill Test, level
[04/08/2009 14:26:25] /addskill Test, level
[04/08/2009 14:26:25] /addskill Test, level
[04/08/2009 14:26:25] /addskill Test, level
[04/08/2009 14:26:25] /addskill Test, level
[04/08/2009 14:26:25] /addskill Test, level
[04/08/2009 14:26:25] /addskill Test, level
[04/08/2009 14:26:25] /addskill Test, level
[04/08/2009 14:26:25] /addskill Test, level
[04/08/2009 14:26:25] /addskill Test, level
[04/08/2009 14:26:25] /addskill Test, level
[04/08/2009 14:26:25] /addskill Test, level
[04/08/2009 14:26:25] /addskill Test, level
[04/08/2009 14:26:25] /addskill Test, level
[04/08/2009 14:26:25] /addskill Test, level
[04/08/2009 14:26:25] /addskill Test, level
[04/08/2009 14:26:25] /addskill Test, level
[04/08/2009 14:26:25] /addskill Test, level
[04/08/2009 14:26:25] /addskill Test, level
[04/08/2009 14:26:26] /addskill Test, level
[04/08/2009 14:26:26] /addskill Test, level
[04/08/2009 14:26:26] /addskill Test, level
[04/08/2009 14:26:26] /addskill Test, level
[04/08/2009 14:26:26] /addskill Test, level
[04/08/2009 14:26:26] /addskill Test, level
[04/08/2009 14:26:26] /addskill Test, level
[04/08/2009 14:26:26] /addskill Test, level
[04/08/2009 14:26:26] /addskill Test, level
[04/08/2009 14:26:26] /addskill Test, level
[04/08/2009 14:26:26] /addskill Test, level
[04/08/2009 14:26:26] /addskill Test, level
[04/08/2009 14:26:26] /addskill Test, level
[04/08/2009 14:26:26] /addskill Test, level
[04/08/2009 14:26:26] /addskill Test, level
[04/08/2009 14:26:26] /addskill Test, level
[04/08/2009 14:26:26] /addskill Test, level
[04/08/2009 14:26:26] /addskill Test, level
[04/08/2009 14:26:26] /addskill Test, level
[04/08/2009 14:26:26] /addskill Test, level
[04/08/2009 14:26:26] /addskill Test, level
[04/08/2009 14:26:26] /addskill Test, level
[04/08/2009 14:26:27] /addskill Test, level
[04/08/2009 14:26:27] /addskill Test, level
[04/08/2009 14:26:27] /addskill Test, level
[04/08/2009 14:26:27] /addskill Test, level
[04/08/2009 14:26:27] /addskill Test, level
[04/08/2009 14:26:27] /addskill Test, level
[04/08/2009 14:26:27] /addskill Test, level
[04/08/2009 14:26:27] /addskill Test, level
[04/08/2009 14:26:27] /addskill Test, level
[04/08/2009 14:26:27] /addskill Test, level
[04/08/2009 14:26:27] /addskill Test, level
[04/08/2009 14:26:27] /addskill Test, level
[04/08/2009 14:26:27] /addskill Test, level
[04/08/2009 14:26:27] /addskill Test, level
[04/08/2009 14:26:27] /addskill Test, level
[04/08/2009 14:26:27] /addskill Test, level
[04/08/2009 14:26:27] /addskill Test, level
[04/08/2009 14:26:27] /addskill Test, level
[04/08/2009 14:26:27] /addskill Test, level
[04/08/2009 14:26:27] /addskill Test, level
[04/08/2009 14:26:27] /addskill Test, level
[04/08/2009 14:26:27] /addskill Test, level
[04/08/2009 14:26:27] /addskill Test, level
[04/08/2009 14:26:27] /addskill Test, level
[04/08/2009 14:26:28] /addskill Test, level
[04/08/2009 14:26:28] /addskill Test, level
[04/08/2009 14:26:28] /addskill Test, level
[04/08/2009 14:26:28] /addskill Test, level
[04/08/2009 14:26:28] /addskill Test, level
[04/08/2009 14:26:28] /addskill Test, level
[04/08/2009 14:26:28] /addskill Test, level
[04/08/2009 14:26:28] /addskill Test, level
[04/08/2009 14:26:28] /addskill Test, level
[04/08/2009 14:26:28] /addskill Test, level
[04/08/2009 14:26:28] /addskill Test, level
[04/08/2009 14:26:28] /addskill Test, level
[04/08/2009 14:26:28] /addskill Test, level
[04/08/2009 14:26:28] /addskill Test, level
[04/08/2009 14:26:28] /addskill Test, level
[04/08/2009 14:26:28] /addskill Test, level
[04/08/2009 14:26:28] /addskill Test, level
[04/08/2009 14:26:28] /addskill Test, level
[04/08/2009 14:26:28] /addskill Test, level
[04/08/2009 14:26:28] /addskill Test, level
[04/08/2009 14:26:28] /addskill Test, level
[04/08/2009 14:26:28] /addskill Test, level
[04/08/2009 14:26:28] /addskill Test, level
[04/08/2009 14:26:28] /addskill Test, level
[04/08/2009 14:26:29] /addskill Test, level
[04/08/2009 14:26:29] /addskill Test, level
[04/08/2009 14:26:29] /addskill Test, level
[04/08/2009 14:26:29] /addskill Test, level
[04/08/2009 14:26:29] /addskill Test, level
[04/08/2009 14:26:29] /addskill Test, level
[04/08/2009 14:26:29] /addskill Test, level
[04/08/2009 14:26:29] /addskill Test, level
[04/08/2009 14:26:29] /addskill Test, level
[04/08/2009 14:26:29] /addskill Test, level
[04/08/2009 14:26:29] /addskill Test, level
[04/08/2009 14:26:29] /addskill Test, level
[04/08/2009 14:26:29] /addskill Test, level
[04/08/2009 14:26:29] /addskill Test, level
[04/08/2009 14:26:29] /addskill Test, level
[04/08/2009 14:26:29] /addskill Test, level
[04/08/2009 14:26:29] /addskill Test, level
[04/08/2009 14:26:29] /addskill Test, level
[04/08/2009 14:26:29] /addskill Test, level
[04/08/2009 14:26:29] /addskill Test, level
[04/08/2009 14:26:29] /addskill Test, level
[04/08/2009 14:26:29] /addskill Test, level
[04/08/2009 14:26:29] /addskill Test, level
[04/08/2009 14:26:30] /addskill Test, level
[04/08/2009 14:26:30] /addskill Test, level
[04/08/2009 14:26:30] /addskill Test, level
[04/08/2009 14:26:30] /addskill Test, level
[04/08/2009 14:26:30] /addskill Test, level
[04/08/2009 14:26:30] /addskill Test, level
[04/08/2009 14:26:30] /addskill Test, level
[04/08/2009 14:26:30] /addskill Test, level
[04/08/2009 14:26:30] /addskill Test, level
[04/08/2009 14:26:30] /addskill Test, level
[04/08/2009 14:26:30] /addskill Test, level
[04/08/2009 14:26:30] /addskill Test, level
[04/08/2009 14:26:30] /addskill Test, level
[04/08/2009 14:26:30] /addskill Test, level
[04/08/2009 14:26:30] /addskill Test, level
[04/08/2009 14:26:30] /addskill Test, level
[04/08/2009 14:26:30] /addskill Test, level
[04/08/2009 14:26:30] /addskill Test, level
[04/08/2009 14:26:30] /addskill Test, level
[04/08/2009 14:26:30] /addskill Test, level
[04/08/2009 14:26:30] /addskill Test, level
[04/08/2009 14:26:30] /addskill Test, level
[04/08/2009 14:26:30] /addskill Test, level
[04/08/2009 14:26:31] /addskill Test, level
[04/08/2009 14:26:31] /addskill Test, level
[04/08/2009 14:26:31] /addskill Test, level
[04/08/2009 14:26:31] /addskill Test, level
[04/08/2009 14:26:31] /addskill Test, level
[04/08/2009 14:26:31] /addskill Test, level
[04/08/2009 14:26:31] /addskill Test, level
[04/08/2009 14:26:31] /addskill Test, level
[04/08/2009 14:26:31] /addskill Test, level
[04/08/2009 14:26:31] /addskill Test, level
[04/08/2009 14:26:31] /addskill Test, level
[04/08/2009 14:26:31] /addskill Test, level
[04/08/2009 14:26:31] /addskill Test, level
[04/08/2009 14:26:31] /addskill Test, level
[04/08/2009 14:26:31] /addskill Test, level
[04/08/2009 14:26:31] /addskill Test, level
[04/08/2009 14:26:31] /addskill Test, level
[04/08/2009 14:26:31] /addskill Test, level
[04/08/2009 14:26:31] /addskill Test, level
[04/08/2009 14:26:31] /addskill Test, level
[04/08/2009 14:26:31] /addskill Test, level
[04/08/2009 14:26:31] /addskill Test, level
[04/08/2009 14:26:31] /addskill Test, level
[04/08/2009 14:26:31] /addskill Test, level
[04/08/2009 14:26:31] /addskill Test, level
[04/08/2009 14:26:31] /addskill Test, level
[04/08/2009 14:26:31] /addskill Test, level
[04/08/2009 14:26:32] /addskill Test, level
[04/08/2009 14:26:32] /addskill Test, level
[04/08/2009 14:26:32] /addskill Test, level
[04/08/2009 14:26:32] /addskill Test, level
[04/08/2009 14:26:32] /addskill Test, level
[04/08/2009 14:26:32] /addskill Test, level
[04/08/2009 14:26:32] /addskill Test, level
[04/08/2009 14:26:32] /addskill Test, level
[04/08/2009 14:26:32] /addskill Test, level
[04/08/2009 14:26:32] /addskill Test, level
[04/08/2009 14:26:32] /addskill Test, level
[04/08/2009 14:26:32] /addskill Test, level
[04/08/2009 14:26:32] /addskill Test, level
[04/08/2009 14:26:32] /addskill Test, level
[04/08/2009 14:26:32] /addskill Test, level
[04/08/2009 14:26:32] /addskill Test, level
[04/08/2009 14:26:32] /addskill Test, level
[04/08/2009 14:26:32] /addskill Test, level
[04/08/2009 14:26:32] /addskill Test, level
[04/08/2009 14:26:32] /addskill Test, level
[04/08/2009 14:26:32] /addskill Test, level
[04/08/2009 14:26:32] /addskill Test, level
[04/08/2009 14:26:32] /addskill Test, level
[04/08/2009 14:26:33] /addskill Test, level
[04/08/2009 14:26:33] /addskill Test, level
[04/08/2009 14:26:33] /addskill Test, level
[04/08/2009 14:26:33] /addskill Test, level
[04/08/2009 14:26:33] /addskill Test, level
