[08/02/2010 19:32:30] /i demon helmet
[08/02/2010 19:32:47] /goto apocalypse
[08/02/2010 19:33:01] /goto morgaroth
[08/02/2010 19:33:11] /goto morgaroth
[08/02/2010 19:33:13] /goto morgaroth
[08/02/2010 19:33:19] /goto gasbaan
[08/02/2010 19:33:24] /goto gasbaran
[08/02/2010 19:33:32] /up
[08/02/2010 19:33:36] /t
[08/02/2010 19:33:42] /goto comedias
[08/02/2010 19:33:55] /goto Comedinha
[08/02/2010 19:35:06] /i bear pa
[08/02/2010 19:35:08] /i bear pan
[08/02/2010 19:35:17] /i bear paw
[08/02/2010 19:35:27] /i wolf paw 
[08/02/2010 19:35:53] /i demon dust
[08/02/2010 19:36:23] /i ceiron's wolf
[08/02/2010 19:36:36] /i ceiron's wolf
[08/02/2010 19:36:44] /i ceiron's wolf
[08/02/2010 19:36:53] /m ceiron's wolf
[08/02/2010 19:37:01] /i ceiron's wolfw
[08/02/2010 19:37:03] /i ceiron's wolfws
[08/02/2010 19:37:14] /i ceiron's wolf tooth chain 
[08/02/2010 19:37:34] /i 2160
[08/02/2010 19:37:59] /i 2160
[08/02/2010 19:38:00] /i 2160
[08/02/2010 19:38:00] /i 2160
[08/02/2010 19:38:03] /i 2160
[08/02/2010 19:38:03] /i 2160
[08/02/2010 19:38:04] /i 2160
[08/02/2010 19:38:04] /i 2160
[08/02/2010 19:39:53] /goto massacre
[08/02/2010 19:40:32] /ghost
[08/02/2010 19:41:33] /addskill bobo marley lvl 1
[08/02/2010 19:41:37] /addskill bobo marley lvl 1
[08/02/2010 19:41:52] /t
[08/02/2010 19:42:29] /i demon armor
[08/02/2010 19:42:36] /i demon legs
[08/02/2010 19:46:22] /addskill bobo marley lvl 1
[08/02/2010 19:46:23] /addskill bobo marley lvl 1
[08/02/2010 19:46:43] /addskill bob marley lvl 1
[08/02/2010 19:46:58] /addskill Bob Marley, Level 
[08/02/2010 19:47:01] /addskill Bob Marley, Level
[08/02/2010 19:47:03] /addskill Bob Marley, Level
[08/02/2010 19:47:20] /addskill Bob Marley , Level
[08/02/2010 19:47:38] /addskill Bob Marley, Level
[08/02/2010 19:47:41] /addskill Bob Marley, Level
[08/02/2010 19:49:34] /addskill Bob Marley, Magic level 
[08/02/2010 19:49:50] /ghost
[08/02/2010 19:50:11] /addskill Bob Marley, Level
[08/02/2010 19:50:15] /addskill Bob Marley, Level
[08/02/2010 19:50:17] /addskill Bob Marley, Level
[08/02/2010 19:50:19] /addskill Bob Marley, Level
[08/02/2010 19:50:41] /addskill Bob Marley, Level
[08/02/2010 19:50:54] /addskill Bob Marley ,Level
[08/02/2010 19:51:19] /addskill Bob Marley, Level
[08/02/2010 19:51:20] /addskill Bob Marley, Level
[08/02/2010 19:51:21] /addskill Bob Marley, Levelv
[08/02/2010 19:51:26] /addskill Bob Marley, Level
[08/02/2010 19:51:29] /addskill Bob Marley, Level/addskill Bob Marley, Level
[08/02/2010 19:51:31] /addskill Bob Marley, Level
[08/02/2010 19:51:33] /addskill Bob Marley, Level
[08/02/2010 19:51:34] /addskill Bob Marley, Level
[08/02/2010 19:51:34] /addskill Bob Marley, Level
[08/02/2010 19:51:37] /addskill Bob Marley, Level
[08/02/2010 19:52:58] /i 2160
[08/02/2010 19:52:59] /i 2160
[08/02/2010 19:53:00] /i 2160
[08/02/2010 19:53:00] /i 2160
[08/02/2010 19:53:01] /i 2160
[08/02/2010 19:53:28] /i  blue carpet
[08/02/2010 19:53:32] /r
[08/02/2010 19:54:39] /goto Akyles
[08/02/2010 19:54:55] /i  blue carpet
[08/02/2010 19:55:11] /goto Akyles
[08/02/2010 19:55:16] /goto Akyles
[08/02/2010 19:55:26] /i  blue carpet.
[08/02/2010 19:55:43] /r
[08/02/2010 19:55:45] /r
[08/02/2010 19:55:48] /r
[08/02/2010 19:55:50] /r
[08/02/2010 19:56:04] /i 1387
[08/02/2010 19:56:34] /i 458
[08/02/2010 19:57:14] /i 2
[08/02/2010 19:57:59] /attr position 77 38 6
[08/02/2010 19:58:22] /r
[08/02/2010 19:58:47] /a 2
[08/02/2010 19:58:49] /a 2
[08/02/2010 19:58:50] /a 2
[08/02/2010 19:59:21] /i 458]
[08/02/2010 19:59:27] /i 458
[08/02/2010 19:59:30] /r
[08/02/2010 19:59:32] /r
[08/02/2010 19:59:33] /r
[08/02/2010 19:59:34] /r
[08/02/2010 19:59:48] /i 9727
[08/02/2010 20:00:55] /i Akyles
[08/02/2010 20:01:02] /goto  Akyles
[08/02/2010 20:02:05] /i 1387
[08/02/2010 20:02:32] /goto apocalypse
[08/02/2010 20:03:16] /i  Position: : 438Y 126 7
[08/02/2010 20:04:16] /attr position 437 126 7
[08/02/2010 20:04:38] /t
[08/02/2010 20:04:42] /attr position 437 126 7
[08/02/2010 20:05:31] /t
[08/02/2010 20:06:18] /goto orshabal
[08/02/2010 20:07:00] /goto akiles
[08/02/2010 20:07:05] /goto akyles
[08/02/2010 20:07:44] /a 1
[08/02/2010 20:08:03] /a 1
[08/02/2010 20:08:13] /m morgaroth
[08/02/2010 20:08:15] /m morgaroth
[08/02/2010 20:11:28] /clean
[08/02/2010 20:12:00] /t
[08/02/2010 20:12:06] /r
[08/02/2010 20:13:26] /owner Bob Marley
[08/02/2010 20:13:49] /owner Bob Marley
[08/02/2010 20:16:08] /t akyles
[08/02/2010 20:16:37] /c akyles
[08/02/2010 20:16:45] /c akyles
[08/02/2010 20:16:47] /c akyles
[08/02/2010 20:16:55] /t
[08/02/2010 20:22:37] /ghost
[08/02/2010 20:26:45] /i cooking book
[08/02/2010 20:26:49] /i cooking book
[08/02/2010 20:26:51] /i cooking book
[08/02/2010 20:28:07] /ghost
[08/02/2010 20:28:11] /ghost
[08/02/2010 20:28:17] /up
[08/02/2010 20:28:23] /up
[08/02/2010 20:28:39] /ghost
[08/02/2010 20:31:28] /t
[08/02/2010 20:32:00] /b Ronaldo!
[08/02/2010 20:33:17] /ghost
[08/02/2010 20:35:01] /a 2
[08/02/2010 20:35:18] /i 2687
[08/02/2010 20:35:21] /i 2687
[08/02/2010 20:42:19] /c comedinha
[08/02/2010 20:43:50] /a 2
[08/02/2010 20:44:20] /t
[08/02/2010 20:44:56] /r
[08/02/2010 20:45:05] /r
[08/02/2010 20:45:07] /r
[08/02/2010 20:51:00] /r
[08/02/2010 20:51:05] /r
[08/02/2010 20:51:07] /r
[08/02/2010 20:55:32] /attr skull comedinha
[08/02/2010 20:55:35] /attr skull comedinha
[08/02/2010 20:55:48] /attr skull comedinha
[08/02/2010 20:55:50] /attr skull comedinha
[08/02/2010 20:55:51] /attr skull comedinha
[08/02/2010 20:55:52] /attr skull comedinha
[08/02/2010 20:55:58] /attr skull
[08/02/2010 20:56:17] /attr skull comedinha
[08/02/2010 20:56:19] /attr skull comedinha
[08/02/2010 20:56:24] /attr skull comedinha
[08/02/2010 20:56:31] /m demon
[08/02/2010 20:57:47] /goto demon
[08/02/2010 20:57:50] /goto demon
[08/02/2010 20:58:09] /goto warlock
[08/02/2010 20:58:26] /goto darke torture
[08/02/2010 20:58:38] /goto destroyer
[08/02/2010 20:58:50] /down
[08/02/2010 20:58:54] /a 3
[08/02/2010 20:58:55] /a 3
[08/02/2010 20:58:57] /a 3
[08/02/2010 20:59:00] /a 2
[08/02/2010 20:59:01] /a 2
[08/02/2010 20:59:04] /a 2
[08/02/2010 20:59:07] /a 1
[08/02/2010 20:59:08] /a 1
[08/02/2010 20:59:11] /a 1
[08/02/2010 20:59:11] /a 1
[08/02/2010 20:59:12] /a 1
[08/02/2010 20:59:13] /a 1
[08/02/2010 20:59:49] /a 4
[08/02/2010 20:59:53] /a 4
[08/02/2010 21:00:04] /a 4
[08/02/2010 21:00:05] /a 4
[08/02/2010 21:00:05] /a 4
[08/02/2010 21:00:06] /a 4
[08/02/2010 21:00:06] /a 4
[08/02/2010 21:00:07] /a 4
[08/02/2010 21:00:07] /a 4
[08/02/2010 21:00:08] /a 4
[08/02/2010 21:00:08] /a 4
[08/02/2010 21:00:09] /a 4
[08/02/2010 21:00:10] /a 4
[08/02/2010 21:00:10] /a 4
[08/02/2010 21:00:11] /a 4
[08/02/2010 21:00:12] /a 4
[08/02/2010 21:00:12] /a 4
[08/02/2010 21:00:15] /a 4
[08/02/2010 21:00:35] /a 6
[08/02/2010 21:00:36] /a 6
[08/02/2010 21:00:40] /a 3
[08/02/2010 21:00:56] /a 4
[08/02/2010 21:01:16] /t
[08/02/2010 21:02:48] /c Comedinha
[09/02/2010 18:32:56] /i 2160
[09/02/2010 18:32:56] /i 2160
[09/02/2010 18:32:56] /i 2160
[09/02/2010 18:32:56] /i 2160
[09/02/2010 18:34:06] /t
[09/02/2010 18:34:41] /c Comedinha
[09/02/2010 18:35:05] /r
[09/02/2010 18:35:05] /r
[09/02/2010 18:36:23] /ghost
[09/02/2010 18:36:52] /m hero
[09/02/2010 18:37:46] /i 2160
[09/02/2010 18:37:47] /i 2160
[09/02/2010 18:37:49] /i 2160
[09/02/2010 18:37:49] /i 2160
[09/02/2010 18:37:51] /i 2160
[09/02/2010 18:37:51] /i 2160
[09/02/2010 18:37:51] /i 2160
[09/02/2010 18:37:55] /i 2160
[09/02/2010 18:37:55] /i 2160
[09/02/2010 18:37:55] /i 2160
[09/02/2010 18:37:55] /i 2160
[09/02/2010 18:37:55] /i 2160
[09/02/2010 18:37:55] /i 2160
[09/02/2010 18:37:55] /i 2160
[09/02/2010 18:37:57] /i 2160
[09/02/2010 18:37:57] /i 2160
[09/02/2010 18:37:59] /i 2160
[09/02/2010 18:37:59] /i 2160
[09/02/2010 18:38:00] /i 2160
[09/02/2010 18:38:02] /r
[09/02/2010 18:38:04] /r
[09/02/2010 18:38:05] /i 2160
[09/02/2010 18:38:06] /i 2160
[09/02/2010 18:38:06] /i 2160
[09/02/2010 18:38:07] /i 2160
[09/02/2010 18:38:07] /i 2160
[09/02/2010 18:38:12] /i 2160
[09/02/2010 18:38:13] /i 2160
[09/02/2010 18:38:14] /i 2160
[09/02/2010 18:38:14] /i 2160
[09/02/2010 18:38:16] /i 2160
[09/02/2010 18:38:16] /i 2160
[09/02/2010 18:38:17] /i 2160
[09/02/2010 18:38:18] /i 2160
[09/02/2010 18:38:18] /i 2160
[09/02/2010 18:38:19] /i 2160
[09/02/2010 18:38:20] /i 2160
[09/02/2010 18:38:21] /i 2160
[09/02/2010 18:38:21] /i 2160
[09/02/2010 18:38:22] /i 2160
[09/02/2010 18:38:23] /i 2160
[09/02/2010 18:38:24] /i 2160
[09/02/2010 18:38:24] /i 2160
[09/02/2010 18:38:25] /i 2160
[09/02/2010 18:38:26] /i 2160
[09/02/2010 18:38:27] /i 2160
[09/02/2010 18:38:28] /i 2160
[09/02/2010 18:38:28] /i 2160
[09/02/2010 18:38:30] /i 2160
[09/02/2010 18:38:30] /i 2160
[09/02/2010 18:38:32] /i 2160
[09/02/2010 18:38:32] /i 2160
[09/02/2010 18:38:34] /i 2160
[09/02/2010 18:38:35] /i 2160
[09/02/2010 18:38:36] /i 2160
[09/02/2010 18:38:37] /i 2160
[09/02/2010 18:38:38] /i 2160
[09/02/2010 18:38:39] /i 2160
[09/02/2010 18:38:40] /i 2160
[09/02/2010 18:38:41] /i 2160
[09/02/2010 18:38:42] /i 2160
[09/02/2010 18:38:44] /i 2160
[09/02/2010 18:38:45] /i 2160
[09/02/2010 18:38:46] /i 2160
[09/02/2010 18:38:46] /i 2160
[09/02/2010 18:38:47] /i 2160
[09/02/2010 18:38:48] /i 2160
[09/02/2010 18:38:50] /i 2160
[09/02/2010 18:38:50] /i 2160
[09/02/2010 18:38:51] /i 2160
[09/02/2010 18:38:52] /i 2160
[09/02/2010 18:38:53] /i 2160
[09/02/2010 18:38:53] /i 2160
[09/02/2010 18:38:54] /i 2160
[09/02/2010 18:38:55] /i 2160
[09/02/2010 18:38:56] /i 2160
[09/02/2010 18:38:56] /i 2160
[09/02/2010 18:38:59] /i 2160
[09/02/2010 18:38:59] /i 2160
[09/02/2010 18:39:00] /i 2160
[09/02/2010 18:39:01] /i 2160
[09/02/2010 18:39:02] /i 2160
[09/02/2010 18:39:03] /i 2160
[09/02/2010 18:39:04] /i 2160
[09/02/2010 18:39:04] /i 2160
[09/02/2010 18:39:05] /i 2160
[09/02/2010 18:39:07] /i 2160
[09/02/2010 18:39:08] /i 2160
[09/02/2010 18:39:09] /i 2160
[09/02/2010 18:39:10] /i 2160
[09/02/2010 18:39:11] /i 2160
[09/02/2010 18:39:12] /i 2160
[09/02/2010 18:39:14] /i 2160
[09/02/2010 18:39:16] /i 2160
[09/02/2010 18:39:17] /i 2160
[09/02/2010 18:39:19] /i 2160
[09/02/2010 18:39:19] /i 2160
[09/02/2010 18:39:21] /i 2160
[09/02/2010 18:39:21] /i 2160
[09/02/2010 18:39:22] /i 2160
[09/02/2010 18:39:22] /i 2160
[09/02/2010 18:39:23] /i 2160
[09/02/2010 18:39:24] /i 2160
[09/02/2010 18:39:24] /i 2160
[09/02/2010 18:39:25] /i 2160
[09/02/2010 18:39:25] /i 2160
[09/02/2010 18:39:27] /i 2160
[09/02/2010 18:39:27] /i 2160
[09/02/2010 18:39:28] /i 2160
[09/02/2010 18:39:29] /i 2160
[09/02/2010 18:39:29] /i 2160
[09/02/2010 18:39:30] /i 2160
[09/02/2010 18:39:31] /i 2160
[09/02/2010 18:39:32] /i 2160
[09/02/2010 18:39:33] /i 2160
[09/02/2010 18:39:34] /i 2160
[09/02/2010 18:39:45] /i 2160
[09/02/2010 18:39:46] /i 2160
[09/02/2010 18:39:47] /i 2160
[09/02/2010 18:39:53] /i 2160
[09/02/2010 18:39:53] /i 2160
[09/02/2010 18:39:53] /i 2160
[09/02/2010 18:39:54] /i 2160
[09/02/2010 18:39:54] /i 2160
[09/02/2010 18:39:55] /i 2160
[09/02/2010 18:39:55] /i 2160
[09/02/2010 18:39:59] /i 2160
[09/02/2010 18:40:02] /i 2160
[09/02/2010 18:40:02] /i 2160
[09/02/2010 18:40:03] /i 2160
[09/02/2010 18:40:03] /i 2160
[09/02/2010 18:40:04] /i 2160
[09/02/2010 18:40:04] /i 2160
[09/02/2010 18:40:04] /i 2160
[09/02/2010 18:40:05] /i 2160
[09/02/2010 18:40:05] /i 2160
[09/02/2010 18:40:06] /i 2160
[09/02/2010 18:40:07] /i 2160
[09/02/2010 18:40:07] /i 2160
[09/02/2010 18:40:08] /i 2160
[09/02/2010 18:40:08] /i 2160
[09/02/2010 18:40:08] /i 2160
[09/02/2010 18:40:09] /i 2160
[09/02/2010 18:40:09] /i 2160
[09/02/2010 18:40:10] /i 2160
[09/02/2010 18:40:10] /i 2160
[09/02/2010 18:40:11] /i 2160
[09/02/2010 18:40:11] /i 2160
[09/02/2010 18:40:11] /i 2160
[09/02/2010 18:40:11] /i 2160
[09/02/2010 18:40:11] /i 2160
[09/02/2010 18:40:12] /i 2160
[09/02/2010 18:40:13] /i 2160
[09/02/2010 18:40:13] /i 2160
[09/02/2010 18:40:13] /i 2160
[09/02/2010 18:40:13] /i 2160
[09/02/2010 18:40:13] /i 2160
[09/02/2010 18:40:13] /i 2160
[09/02/2010 18:40:13] /i 2160
[09/02/2010 18:40:13] /i 2160
[09/02/2010 18:40:13] /i 2160
[09/02/2010 18:40:13] /i 2160
[09/02/2010 18:40:13] /i 2160
[09/02/2010 18:40:13] /i 2160
[09/02/2010 18:40:13] /i 2160
[09/02/2010 18:40:13] /i 2160
[09/02/2010 18:40:13] /i 2160
[09/02/2010 18:40:24] /i 2160
[09/02/2010 18:40:30] /i 2160
[09/02/2010 18:40:30] /i 2160
[09/02/2010 18:40:33] /i 2160
[09/02/2010 18:40:35] /i 2160
[09/02/2010 18:40:35] /i 2160
[09/02/2010 18:40:38] /i 2160
[09/02/2010 18:40:38] /i 2160
[09/02/2010 18:40:39] /i 2160
[09/02/2010 18:40:40] /i 2160
[09/02/2010 18:40:40] /i 2160
[09/02/2010 18:40:41] /i 2160
[09/02/2010 18:40:52] /goto comedinha
[09/02/2010 18:41:10] /clean
[09/02/2010 18:41:45] /r
[09/02/2010 18:41:57] /r
[09/02/2010 18:42:39] /up
[09/02/2010 18:43:05] /down
[09/02/2010 18:43:48] /addskill
[09/02/2010 18:43:58] /addskill bob marley
[09/02/2010 18:44:01] /addskill bob marley
[09/02/2010 18:44:09] /addskill bob marley lvl 1
[09/02/2010 18:45:26] /addskill Bob Marley level, 12
[09/02/2010 18:45:31] /addskill Bob Marley level, 12
[09/02/2010 18:45:31] /addskill Bob Marley level, 12
[09/02/2010 18:45:32] /addskill Bob Marley level, 1
[09/02/2010 18:45:35] /addskill Bob Marley level, 1
[09/02/2010 18:45:42] /addskill Bob Marley level, 1
[09/02/2010 18:45:54] /addskill Bob Marley, level, 1
[09/02/2010 18:46:07] /i 2160
[09/02/2010 18:46:14] /addskill Bob Marley, level, 1
[09/02/2010 18:46:14] /i 2160
[09/02/2010 18:46:17] /addskill Bob Marley, level, 1
[09/02/2010 18:46:17] /addskill Bob Marley, level, 1
[09/02/2010 18:46:18] /addskill Bob Marley, level, 1
[09/02/2010 18:46:18] /addskill Bob Marley, level, 1
[09/02/2010 18:46:18] /addskill Bob Marley, level, 1
[09/02/2010 18:46:18] /addskill Bob Marley, level, 1
[09/02/2010 18:46:18] /addskill Bob Marley, level, 1
[09/02/2010 18:46:18] /addskill Bob Marley, level, 1
[09/02/2010 18:46:18] /addskill Bob Marley, level, 1
[09/02/2010 18:46:18] /addskill Bob Marley, level, 1
[09/02/2010 18:46:18] /addskill Bob Marley, level, 1
[09/02/2010 18:46:18] /addskill Bob Marley, level, 1
[09/02/2010 18:46:18] /addskill Bob Marley, level, 1
[09/02/2010 18:46:18] /addskill Bob Marley, level, 1
[09/02/2010 18:46:18] /addskill Bob Marley, level, 1
[09/02/2010 18:46:18] /addskill Bob Marley, level, 1
[09/02/2010 18:46:18] /addskill Bob Marley, level, 1
[09/02/2010 18:46:18] /addskill Bob Marley, level, 1
[09/02/2010 18:46:18] /addskill Bob Marley, level, 1
[09/02/2010 18:46:18] /addskill Bob Marley, level, 1
[09/02/2010 18:46:18] /addskill Bob Marley, level, 1
[09/02/2010 18:46:18] /addskill Bob Marley, level, 1
[09/02/2010 18:46:18] /addskill Bob Marley, level, 1
[09/02/2010 18:46:18] /addskill Bob Marley, level, 1
[09/02/2010 18:46:18] /addskill Bob Marley, level, 1
[09/02/2010 18:46:18] /addskill Bob Marley, level, 1
[09/02/2010 18:46:18] /addskill Bob Marley, level, 1
[09/02/2010 18:46:18] /addskill Bob Marley, level, 1
[09/02/2010 18:46:18] /addskill Bob Marley, level, 1
[09/02/2010 18:46:18] /addskill Bob Marley, level, 1
[09/02/2010 18:46:19] /addskill Bob Marley, level, 1
[09/02/2010 18:46:19] /addskill Bob Marley, level, 1
[09/02/2010 18:46:19] /addskill Bob Marley, level, 1
[09/02/2010 18:46:19] /addskill Bob Marley, level, 1
[09/02/2010 18:46:19] /addskill Bob Marley, level, 1
[09/02/2010 18:46:19] /addskill Bob Marley, level, 1
[09/02/2010 18:46:19] /addskill Bob Marley, level, 1
[09/02/2010 18:46:19] /addskill Bob Marley, level, 1
[09/02/2010 18:46:19] /addskill Bob Marley, level, 1
[09/02/2010 18:46:19] /addskill Bob Marley, level, 1
[09/02/2010 18:46:19] /addskill Bob Marley, level, 1
[09/02/2010 18:46:19] /addskill Bob Marley, level, 1
[09/02/2010 18:46:19] /addskill Bob Marley, level, 1
[09/02/2010 18:46:19] /addskill Bob Marley, level, 1
[09/02/2010 18:46:19] /addskill Bob Marley, level, 1
[09/02/2010 18:46:19] /addskill Bob Marley, level, 1
[09/02/2010 18:46:19] /addskill Bob Marley, level, 1
[09/02/2010 18:46:19] /addskill Bob Marley, level, 1
[09/02/2010 18:46:19] /addskill Bob Marley, level, 1
[09/02/2010 18:46:19] /addskill Bob Marley, level, 1
[09/02/2010 18:46:19] /addskill Bob Marley, level, 1
[09/02/2010 18:46:19] /addskill Bob Marley, level, 1
[09/02/2010 18:46:19] /addskill Bob Marley, level, 1
[09/02/2010 18:46:19] /addskill Bob Marley, level, 1
[09/02/2010 18:46:19] /addskill Bob Marley, level, 1
[09/02/2010 18:46:19] /addskill Bob Marley, level, 1
[09/02/2010 18:46:19] /addskill Bob Marley, level, 1
[09/02/2010 18:46:19] /addskill Bob Marley, level, 1
[09/02/2010 18:46:19] /addskill Bob Marley, level, 1
[09/02/2010 18:46:19] /addskill Bob Marley, level, 1
[09/02/2010 18:46:19] /addskill Bob Marley, level, 1
[09/02/2010 18:46:20] /addskill Bob Marley, level, 1
[09/02/2010 18:46:20] /addskill Bob Marley, level, 1
[09/02/2010 18:46:20] /addskill Bob Marley, level, 1
[09/02/2010 18:46:20] /addskill Bob Marley, level, 1
[09/02/2010 18:46:20] /addskill Bob Marley, level, 1
[09/02/2010 18:46:20] /addskill Bob Marley, level, 1
[09/02/2010 18:46:20] /addskill Bob Marley, level, 1
[09/02/2010 18:46:20] /addskill Bob Marley, level, 1
[09/02/2010 18:46:20] /addskill Bob Marley, level, 1
[09/02/2010 18:46:20] /addskill Bob Marley, level, 1
[09/02/2010 18:46:20] /addskill Bob Marley, level, 1
[09/02/2010 18:46:20] /addskill Bob Marley, level, 1
[09/02/2010 18:46:20] /addskill Bob Marley, level, 1
[09/02/2010 18:46:20] /addskill Bob Marley, level, 1
[09/02/2010 18:46:20] /addskill Bob Marley, level, 1
[09/02/2010 18:46:20] /addskill Bob Marley, level, 1
[09/02/2010 18:46:20] /addskill Bob Marley, level, 1
[09/02/2010 18:46:20] /addskill Bob Marley, level, 1
[09/02/2010 18:46:20] /addskill Bob Marley, level, 1
[09/02/2010 18:46:20] /addskill Bob Marley, level, 1
[09/02/2010 18:46:20] /addskill Bob Marley, level, 1
[09/02/2010 18:46:20] /addskill Bob Marley, level, 1
[09/02/2010 18:46:20] /addskill Bob Marley, level, 1
[09/02/2010 18:46:20] /addskill Bob Marley, level, 1
[09/02/2010 18:46:20] /addskill Bob Marley, level, 1
[09/02/2010 18:46:20] /addskill Bob Marley, level, 1
[09/02/2010 18:46:20] /addskill Bob Marley, level, 1
[09/02/2010 18:46:20] /addskill Bob Marley, level, 1
[09/02/2010 18:46:20] /addskill Bob Marley, level, 1
[09/02/2010 18:46:20] /addskill Bob Marley, level, 1
[09/02/2010 18:46:21] /addskill Bob Marley, level, 1
[09/02/2010 18:46:21] /addskill Bob Marley, level, 1
[09/02/2010 18:46:21] /addskill Bob Marley, level, 1
[09/02/2010 18:46:21] /addskill Bob Marley, level, 1
[09/02/2010 18:46:21] /addskill Bob Marley, level, 1
[09/02/2010 18:46:21] /addskill Bob Marley, level, 1
[09/02/2010 18:46:21] /addskill Bob Marley, level, 1
[09/02/2010 18:46:21] /addskill Bob Marley, level, 1
[09/02/2010 18:46:21] /addskill Bob Marley, level, 1
[09/02/2010 18:46:21] /addskill Bob Marley, level, 1
[09/02/2010 18:46:21] /addskill Bob Marley, level, 1
[09/02/2010 18:46:21] /addskill Bob Marley, level, 1
[09/02/2010 18:46:21] /addskill Bob Marley, level, 1
[09/02/2010 18:46:21] /addskill Bob Marley, level, 1
[09/02/2010 18:46:21] /addskill Bob Marley, level, 1
[09/02/2010 18:46:21] /addskill Bob Marley, level, 1
[09/02/2010 18:46:21] /addskill Bob Marley, level, 1
[09/02/2010 18:46:21] /addskill Bob Marley, level, 1
[09/02/2010 18:46:21] /addskill Bob Marley, level, 1
[09/02/2010 18:46:21] /addskill Bob Marley, level, 1
[09/02/2010 18:46:21] /addskill Bob Marley, level, 1
[09/02/2010 18:46:21] /addskill Bob Marley, level, 1
[09/02/2010 18:46:21] /addskill Bob Marley, level, 1
[09/02/2010 18:46:21] /addskill Bob Marley, level, 1
[09/02/2010 18:46:21] /addskill Bob Marley, level, 1
[09/02/2010 18:46:21] /addskill Bob Marley, level, 1
[09/02/2010 18:46:21] /addskill Bob Marley, level, 1
[09/02/2010 18:46:21] /addskill Bob Marley, level, 1
[09/02/2010 18:46:21] /addskill Bob Marley, level, 1
[09/02/2010 18:46:22] /addskill Bob Marley, level, 1
[09/02/2010 18:46:22] /addskill Bob Marley, level, 1
[09/02/2010 18:46:22] /addskill Bob Marley, level, 1
[09/02/2010 18:46:22] /addskill Bob Marley, level, 1
[09/02/2010 18:46:22] /addskill Bob Marley, level, 1
[09/02/2010 18:46:22] /addskill Bob Marley, level, 1
[09/02/2010 18:46:22] /addskill Bob Marley, level, 1
[09/02/2010 18:46:22] /addskill Bob Marley, level, 1
[09/02/2010 18:46:22] /addskill Bob Marley, level, 1
[09/02/2010 18:46:22] /addskill Bob Marley, level, 1
[09/02/2010 18:46:22] /addskill Bob Marley, level, 1
[09/02/2010 18:46:22] /addskill Bob Marley, level, 1
[09/02/2010 18:46:22] /addskill Bob Marley, level, 1
[09/02/2010 18:46:22] /addskill Bob Marley, level, 1
[09/02/2010 18:46:22] /addskill Bob Marley, level, 1
[09/02/2010 18:46:22] /addskill Bob Marley, level, 1
[09/02/2010 18:46:22] /addskill Bob Marley, level, 1
[09/02/2010 18:46:22] /addskill Bob Marley, level, 1
[09/02/2010 18:46:22] /addskill Bob Marley, level, 1
[09/02/2010 18:46:22] /addskill Bob Marley, level, 1
[09/02/2010 18:46:22] /addskill Bob Marley, level, 1
[09/02/2010 18:46:22] /addskill Bob Marley, level, 1
[09/02/2010 18:46:22] /addskill Bob Marley, level, 1
[09/02/2010 18:46:22] /addskill Bob Marley, level, 1
[09/02/2010 18:46:22] /addskill Bob Marley, level, 1
[09/02/2010 18:46:22] /addskill Bob Marley, level, 1
[09/02/2010 18:46:22] /addskill Bob Marley, level, 1
[09/02/2010 18:46:22] /addskill Bob Marley, level, 1
[09/02/2010 18:46:22] /addskill Bob Marley, level, 1
[09/02/2010 18:46:22] /addskill Bob Marley, level, 1
[09/02/2010 18:46:22] /addskill Bob Marley, level, 1
[09/02/2010 18:46:22] /addskill Bob Marley, level, 1
[09/02/2010 18:46:22] /addskill Bob Marley, level, 1
[09/02/2010 18:46:22] /addskill Bob Marley, level, 1
[09/02/2010 18:46:23] /addskill Bob Marley, level, 1
[09/02/2010 18:46:23] /addskill Bob Marley, level, 1
[09/02/2010 18:46:23] /addskill Bob Marley, level, 1
[09/02/2010 18:46:23] /addskill Bob Marley, level, 1
[09/02/2010 18:46:23] /addskill Bob Marley, level, 1
[09/02/2010 18:46:23] /addskill Bob Marley, level, 1
[09/02/2010 18:46:23] /addskill Bob Marley, level, 1
[09/02/2010 18:46:23] /addskill Bob Marley, level, 1
[09/02/2010 18:46:23] /addskill Bob Marley, level, 1
[09/02/2010 18:46:23] /addskill Bob Marley, level, 1
[09/02/2010 18:46:23] /addskill Bob Marley, level, 1
[09/02/2010 18:46:23] /addskill Bob Marley, level, 1
[09/02/2010 18:46:23] /addskill Bob Marley, level, 1
[09/02/2010 18:46:23] /addskill Bob Marley, level, 1
[09/02/2010 18:46:23] /addskill Bob Marley, level, 1
[09/02/2010 18:46:23] /addskill Bob Marley, level, 1
[09/02/2010 18:46:23] /addskill Bob Marley, level, 1
[09/02/2010 18:46:23] /addskill Bob Marley, level, 1
[09/02/2010 18:46:23] /addskill Bob Marley, level, 1
[09/02/2010 18:46:23] /addskill Bob Marley, level, 1
[09/02/2010 18:46:23] /addskill Bob Marley, level, 1
[09/02/2010 18:46:23] /addskill Bob Marley, level, 1
[09/02/2010 18:46:23] /addskill Bob Marley, level, 1
[09/02/2010 18:46:23] /addskill Bob Marley, level, 1
[09/02/2010 18:46:23] /addskill Bob Marley, level, 1
[09/02/2010 18:46:23] /addskill Bob Marley, level, 1
[09/02/2010 18:46:23] /addskill Bob Marley, level, 1
[09/02/2010 18:46:23] /addskill Bob Marley, level, 1
[09/02/2010 18:46:23] /addskill Bob Marley, level, 1
[09/02/2010 18:46:23] /addskill Bob Marley, level, 1
[09/02/2010 18:46:23] /addskill Bob Marley, level, 1
[09/02/2010 18:46:24] /addskill Bob Marley, level, 1
[09/02/2010 18:46:24] /addskill Bob Marley, level, 1
[09/02/2010 18:46:24] /addskill Bob Marley, level, 1
[09/02/2010 18:46:24] /addskill Bob Marley, level, 1
[09/02/2010 18:46:24] /addskill Bob Marley, level, 1
[09/02/2010 18:46:24] /addskill Bob Marley, level, 1
[09/02/2010 18:46:24] /addskill Bob Marley, level, 1
[09/02/2010 18:46:24] /addskill Bob Marley, level, 1
[09/02/2010 18:46:24] /addskill Bob Marley, level, 1
[09/02/2010 18:46:24] /addskill Bob Marley, level, 1
[09/02/2010 18:46:24] /addskill Bob Marley, level, 1
[09/02/2010 18:46:24] /addskill Bob Marley, level, 1
[09/02/2010 18:46:24] /addskill Bob Marley, level, 1
[09/02/2010 18:46:24] /addskill Bob Marley, level, 1
[09/02/2010 18:46:24] /addskill Bob Marley, level, 1
[09/02/2010 18:46:24] /addskill Bob Marley, level, 1
[09/02/2010 18:46:24] /addskill Bob Marley, level, 1
[09/02/2010 18:46:24] /addskill Bob Marley, level, 1
[09/02/2010 18:46:24] /addskill Bob Marley, level, 1
[09/02/2010 18:46:24] /addskill Bob Marley, level, 1
[09/02/2010 18:46:24] /addskill Bob Marley, level, 1
[09/02/2010 18:46:24] /addskill Bob Marley, level, 1
[09/02/2010 18:46:24] /addskill Bob Marley, level, 1
[09/02/2010 18:46:24] /addskill Bob Marley, level, 1
[09/02/2010 18:46:24] /addskill Bob Marley, level, 1
[09/02/2010 18:46:24] /addskill Bob Marley, level, 1
[09/02/2010 18:46:24] /addskill Bob Marley, level, 1
[09/02/2010 18:46:24] /addskill Bob Marley, level, 1
[09/02/2010 18:46:24] /addskill Bob Marley, level, 1
[09/02/2010 18:46:24] /addskill Bob Marley, level, 1
[09/02/2010 18:46:24] /addskill Bob Marley, level, 1
[09/02/2010 18:46:24] /addskill Bob Marley, level, 1
[09/02/2010 18:46:25] /addskill Bob Marley, level, 1
[09/02/2010 18:46:25] /addskill Bob Marley, level, 1
[09/02/2010 18:46:25] /addskill Bob Marley, level, 1
[09/02/2010 18:46:25] /addskill Bob Marley, level, 1
[09/02/2010 18:46:25] /addskill Bob Marley, level, 1
[09/02/2010 18:46:25] /addskill Bob Marley, level, 1
[09/02/2010 18:46:25] /addskill Bob Marley, level, 1
[09/02/2010 18:46:25] /addskill Bob Marley, level, 1
[09/02/2010 18:46:25] /addskill Bob Marley, level, 1
[09/02/2010 18:46:25] /addskill Bob Marley, level, 1
[09/02/2010 18:46:25] /addskill Bob Marley, level, 1
[09/02/2010 18:46:25] /addskill Bob Marley, level, 1
[09/02/2010 18:46:25] /addskill Bob Marley, level, 1
[09/02/2010 18:46:25] /addskill Bob Marley, level, 1
[09/02/2010 18:46:25] /addskill Bob Marley, level, 1
[09/02/2010 18:46:25] /addskill Bob Marley, level, 1
[09/02/2010 18:46:25] /addskill Bob Marley, level, 1
[09/02/2010 18:46:25] /addskill Bob Marley, level, 1
[09/02/2010 18:46:25] /addskill Bob Marley, level, 1
[09/02/2010 18:46:25] /addskill Bob Marley, level, 1
[09/02/2010 18:46:25] /addskill Bob Marley, level, 1
[09/02/2010 18:46:25] /addskill Bob Marley, level, 1
[09/02/2010 18:46:25] /addskill Bob Marley, level, 1
[09/02/2010 18:46:25] /addskill Bob Marley, level, 1
[09/02/2010 18:46:25] /addskill Bob Marley, level, 1
[09/02/2010 18:46:25] /addskill Bob Marley, level, 1
[09/02/2010 18:46:25] /addskill Bob Marley, level, 1
[09/02/2010 18:46:25] /addskill Bob Marley, level, 1
[09/02/2010 18:46:25] /addskill Bob Marley, level, 1
[09/02/2010 18:46:25] /addskill Bob Marley, level, 1
[09/02/2010 18:46:25] /addskill Bob Marley, level, 1
[09/02/2010 18:46:26] /addskill Bob Marley, level, 1
[09/02/2010 18:46:26] /addskill Bob Marley, level, 1
[09/02/2010 18:46:26] /addskill Bob Marley, level, 1
[09/02/2010 18:46:26] /addskill Bob Marley, level, 1
[09/02/2010 18:46:26] /addskill Bob Marley, level, 1
[09/02/2010 18:46:26] /addskill Bob Marley, level, 1
[09/02/2010 18:46:26] /addskill Bob Marley, level, 1
[09/02/2010 18:46:26] /addskill Bob Marley, level, 1
[09/02/2010 18:46:26] /addskill Bob Marley, level, 1
[09/02/2010 18:46:26] /addskill Bob Marley, level, 1
[09/02/2010 18:46:26] /addskill Bob Marley, level, 1
[09/02/2010 18:46:26] /addskill Bob Marley, level, 1
[09/02/2010 18:46:26] /addskill Bob Marley, level, 1
[09/02/2010 18:46:26] /addskill Bob Marley, level, 1
[09/02/2010 18:46:26] /addskill Bob Marley, level, 1
[09/02/2010 18:46:26] /addskill Bob Marley, level, 1
[09/02/2010 18:46:26] /addskill Bob Marley, level, 1
[09/02/2010 18:46:26] /addskill Bob Marley, level, 1
[09/02/2010 18:46:26] /addskill Bob Marley, level, 1
[09/02/2010 18:46:26] /addskill Bob Marley, level, 1
[09/02/2010 18:46:26] /addskill Bob Marley, level, 1
[09/02/2010 18:46:26] /addskill Bob Marley, level, 1
[09/02/2010 18:46:26] /addskill Bob Marley, level, 1
[09/02/2010 18:46:26] /addskill Bob Marley, level, 1
[09/02/2010 18:46:26] /addskill Bob Marley, level, 1
[09/02/2010 18:46:26] /addskill Bob Marley, level, 1
[09/02/2010 18:46:26] /addskill Bob Marley, level, 1
[09/02/2010 18:46:26] /addskill Bob Marley, level, 1
[09/02/2010 18:46:26] /addskill Bob Marley, level, 1
[09/02/2010 18:46:26] /addskill Bob Marley, level, 1
[09/02/2010 18:46:27] /addskill Bob Marley, level, 1
[09/02/2010 18:46:27] /addskill Bob Marley, level, 1
[09/02/2010 18:46:27] /addskill Bob Marley, level, 1
[09/02/2010 18:46:27] /addskill Bob Marley, level, 1
[09/02/2010 18:46:27] /addskill Bob Marley, level, 1
[09/02/2010 18:46:27] /addskill Bob Marley, level, 1
[09/02/2010 18:46:27] /addskill Bob Marley, level, 1
[09/02/2010 18:46:27] /addskill Bob Marley, level, 1
[09/02/2010 18:46:27] /addskill Bob Marley, level, 1
[09/02/2010 18:46:27] /addskill Bob Marley, level, 1
[09/02/2010 18:46:27] /addskill Bob Marley, level, 1
[09/02/2010 18:46:27] /addskill Bob Marley, level, 1
[09/02/2010 18:46:27] /addskill Bob Marley, level, 1
[09/02/2010 18:46:27] /addskill Bob Marley, level, 1
[09/02/2010 18:46:27] /addskill Bob Marley, level, 1
[09/02/2010 18:46:27] /addskill Bob Marley, level, 1
[09/02/2010 18:46:27] /addskill Bob Marley, level, 1
[09/02/2010 18:46:27] /addskill Bob Marley, level, 1
[09/02/2010 18:46:27] /addskill Bob Marley, level, 1
[09/02/2010 18:46:27] /addskill Bob Marley, level, 1
[09/02/2010 18:46:27] /addskill Bob Marley, level, 1
[09/02/2010 18:46:27] /addskill Bob Marley, level, 1
[09/02/2010 18:46:27] /addskill Bob Marley, level, 1
[09/02/2010 18:46:27] /addskill Bob Marley, level, 1
[09/02/2010 18:46:27] /addskill Bob Marley, level, 1
[09/02/2010 18:46:27] /addskill Bob Marley, level, 1
[09/02/2010 18:46:27] /addskill Bob Marley, level, 1
[09/02/2010 18:46:27] /addskill Bob Marley, level, 1
[09/02/2010 18:46:27] /addskill Bob Marley, level, 1
[09/02/2010 18:46:28] /addskill Bob Marley, level, 1
[09/02/2010 18:46:28] /addskill Bob Marley, level, 1
[09/02/2010 18:46:28] /addskill Bob Marley, level, 1
[09/02/2010 18:46:28] /addskill Bob Marley, level, 1
[09/02/2010 18:46:28] /addskill Bob Marley, level, 1
[09/02/2010 18:46:28] /addskill Bob Marley, level, 1
[09/02/2010 18:46:28] /addskill Bob Marley, level, 1
[09/02/2010 18:46:28] /addskill Bob Marley, level, 1
[09/02/2010 18:46:28] /addskill Bob Marley, level, 1
[09/02/2010 18:46:28] /addskill Bob Marley, level, 1
[09/02/2010 18:46:28] /addskill Bob Marley, level, 1
[09/02/2010 18:46:28] /addskill Bob Marley, level, 1
[09/02/2010 18:46:28] /addskill Bob Marley, level, 1
[09/02/2010 18:46:28] /addskill Bob Marley, level, 1
[09/02/2010 18:46:28] /addskill Bob Marley, level, 1
[09/02/2010 18:46:28] /addskill Bob Marley, level, 1
[09/02/2010 18:46:28] /addskill Bob Marley, level, 1
[09/02/2010 18:46:28] /addskill Bob Marley, level, 1
[09/02/2010 18:46:28] /addskill Bob Marley, level, 1
[09/02/2010 18:46:28] /addskill Bob Marley, level, 1
[09/02/2010 18:46:28] /addskill Bob Marley, level, 1
[09/02/2010 18:46:28] /addskill Bob Marley, level, 1
[09/02/2010 18:46:28] /addskill Bob Marley, level, 1
[09/02/2010 18:46:28] /addskill Bob Marley, level, 1
[09/02/2010 18:46:28] /addskill Bob Marley, level, 1
[09/02/2010 18:46:28] /addskill Bob Marley, level, 1
[09/02/2010 18:46:28] /addskill Bob Marley, level, 1
[09/02/2010 18:46:28] /addskill Bob Marley, level, 1
[09/02/2010 18:46:28] /addskill Bob Marley, level, 1
[09/02/2010 18:46:28] /addskill Bob Marley, level, 1
[09/02/2010 18:46:28] /addskill Bob Marley, level, 1
[09/02/2010 18:46:28] /addskill Bob Marley, level, 1
[09/02/2010 18:46:29] /addskill Bob Marley, level, 1
[09/02/2010 18:46:29] /addskill Bob Marley, level, 1
[09/02/2010 18:46:29] /addskill Bob Marley, level, 1
[09/02/2010 18:46:29] /addskill Bob Marley, level, 1
[09/02/2010 18:46:29] /addskill Bob Marley, level, 1
[09/02/2010 18:46:29] /addskill Bob Marley, level, 1
[09/02/2010 18:46:29] /addskill Bob Marley, level, 1
[09/02/2010 18:46:29] /addskill Bob Marley, level, 1
[09/02/2010 18:46:29] /addskill Bob Marley, level, 1
[09/02/2010 18:46:29] /addskill Bob Marley, level, 1
[09/02/2010 18:46:29] /addskill Bob Marley, level, 1
[09/02/2010 18:46:29] /addskill Bob Marley, level, 1
[09/02/2010 18:46:29] /addskill Bob Marley, level, 1
[09/02/2010 18:46:29] /addskill Bob Marley, level, 1
[09/02/2010 18:46:29] /addskill Bob Marley, level, 1
[09/02/2010 18:46:29] /addskill Bob Marley, level, 1
[09/02/2010 18:46:29] /addskill Bob Marley, level, 1
[09/02/2010 18:46:29] /addskill Bob Marley, level, 1
[09/02/2010 18:46:29] /addskill Bob Marley, level, 1
[09/02/2010 18:46:29] /addskill Bob Marley, level, 1
[09/02/2010 18:46:29] /addskill Bob Marley, level, 1
[09/02/2010 18:46:29] /addskill Bob Marley, level, 1
[09/02/2010 18:46:29] /addskill Bob Marley, level, 1
[09/02/2010 18:46:29] /addskill Bob Marley, level, 1
[09/02/2010 18:46:29] /addskill Bob Marley, level, 1
[09/02/2010 18:46:29] /addskill Bob Marley, level, 1
[09/02/2010 18:46:29] /addskill Bob Marley, level, 1
[09/02/2010 18:46:29] /addskill Bob Marley, level, 1
[09/02/2010 18:46:29] /addskill Bob Marley, level, 1
[09/02/2010 18:46:29] /addskill Bob Marley, level, 1
[09/02/2010 18:46:29] /addskill Bob Marley, level, 1
[09/02/2010 18:46:30] /addskill Bob Marley, level, 1
[09/02/2010 18:46:30] /addskill Bob Marley, level, 1
[09/02/2010 18:46:30] /addskill Bob Marley, level, 1
[09/02/2010 18:46:30] /addskill Bob Marley, level, 1
[09/02/2010 18:46:30] /addskill Bob Marley, level, 1
[09/02/2010 18:46:30] /addskill Bob Marley, level, 1
[09/02/2010 18:46:30] /addskill Bob Marley, level, 1
[09/02/2010 18:46:30] /addskill Bob Marley, level, 1
[09/02/2010 18:46:30] /addskill Bob Marley, level, 1
[09/02/2010 18:46:30] /addskill Bob Marley, level, 1
[09/02/2010 18:46:30] /addskill Bob Marley, level, 1
[09/02/2010 18:46:30] /addskill Bob Marley, level, 1
[09/02/2010 18:46:30] /addskill Bob Marley, level, 1
[09/02/2010 18:46:30] /addskill Bob Marley, level, 1
[09/02/2010 18:46:30] /addskill Bob Marley, level, 1
[09/02/2010 18:46:30] /addskill Bob Marley, level, 1
[09/02/2010 18:46:30] /addskill Bob Marley, level, 1
[09/02/2010 18:46:30] /addskill Bob Marley, level, 1
[09/02/2010 18:46:30] /addskill Bob Marley, level, 1
[09/02/2010 18:46:30] /addskill Bob Marley, level, 1
[09/02/2010 18:46:30] /addskill Bob Marley, level, 1
[09/02/2010 18:46:30] /addskill Bob Marley, level, 1
[09/02/2010 18:46:30] /addskill Bob Marley, level, 1
[09/02/2010 18:46:30] /addskill Bob Marley, level, 1
[09/02/2010 18:46:30] /addskill Bob Marley, level, 1
[09/02/2010 18:46:30] /addskill Bob Marley, level, 1
[09/02/2010 18:46:30] /addskill Bob Marley, level, 1
[09/02/2010 18:46:30] /addskill Bob Marley, level, 1
[09/02/2010 18:46:30] /addskill Bob Marley, level, 1
[09/02/2010 18:46:30] /addskill Bob Marley, level, 1
[09/02/2010 18:46:30] /addskill Bob Marley, level, 1
[09/02/2010 18:46:31] /addskill Bob Marley, level, 1
[09/02/2010 18:46:31] /addskill Bob Marley, level, 1
[09/02/2010 18:46:31] /addskill Bob Marley, level, 1
[09/02/2010 18:46:31] /addskill Bob Marley, level, 1
[09/02/2010 18:46:31] /addskill Bob Marley, level, 1
[09/02/2010 18:46:31] /addskill Bob Marley, level, 1
[09/02/2010 18:46:31] /addskill Bob Marley, level, 1
[09/02/2010 18:46:31] /addskill Bob Marley, level, 1
[09/02/2010 18:46:31] /addskill Bob Marley, level, 1
[09/02/2010 18:46:31] /addskill Bob Marley, level, 1
[09/02/2010 18:46:31] /addskill Bob Marley, level, 1
[09/02/2010 18:46:31] /addskill Bob Marley, level, 1
[09/02/2010 18:46:31] /addskill Bob Marley, level, 1
[09/02/2010 18:46:31] /addskill Bob Marley, level, 1
[09/02/2010 18:46:31] /addskill Bob Marley, level, 1
[09/02/2010 18:46:31] /addskill Bob Marley, level, 1
[09/02/2010 18:46:31] /addskill Bob Marley, level, 1
[09/02/2010 18:46:31] /addskill Bob Marley, level, 1
[09/02/2010 18:46:31] /addskill Bob Marley, level, 1
[09/02/2010 18:46:31] /addskill Bob Marley, level, 1
[09/02/2010 18:46:31] /addskill Bob Marley, level, 1
[09/02/2010 18:46:31] /addskill Bob Marley, level, 1
[09/02/2010 18:46:31] /addskill Bob Marley, level, 1
[09/02/2010 18:46:31] /addskill Bob Marley, level, 1
[09/02/2010 18:46:31] /addskill Bob Marley, level, 1
[09/02/2010 18:46:31] /addskill Bob Marley, level, 1
[09/02/2010 18:46:31] /addskill Bob Marley, level, 1
[09/02/2010 18:46:31] /addskill Bob Marley, level, 1
[09/02/2010 18:46:31] /addskill Bob Marley, level, 1
[09/02/2010 18:46:32] /addskill Bob Marley, level, 1
[09/02/2010 18:46:32] /addskill Bob Marley, level, 1
[09/02/2010 18:46:32] /addskill Bob Marley, level, 1
[09/02/2010 18:46:32] /addskill Bob Marley, level, 1
[09/02/2010 18:46:32] /addskill Bob Marley, level, 1
[09/02/2010 18:46:32] /addskill Bob Marley, level, 1
[09/02/2010 18:46:32] /addskill Bob Marley, level, 1
[09/02/2010 18:46:32] /addskill Bob Marley, level, 1
[09/02/2010 18:46:32] /addskill Bob Marley, level, 1
[09/02/2010 18:46:32] /addskill Bob Marley, level, 1
[09/02/2010 18:46:32] /addskill Bob Marley, level, 1
[09/02/2010 18:46:32] /addskill Bob Marley, level, 1
[09/02/2010 18:46:32] /addskill Bob Marley, level, 1
[09/02/2010 18:46:32] /addskill Bob Marley, level, 1
[09/02/2010 18:46:32] /addskill Bob Marley, level, 1
[09/02/2010 18:46:32] /addskill Bob Marley, level, 1
[09/02/2010 18:46:32] /addskill Bob Marley, level, 1
[09/02/2010 18:46:32] /addskill Bob Marley, level, 1
[09/02/2010 18:46:32] /addskill Bob Marley, level, 1
[09/02/2010 18:46:32] /addskill Bob Marley, level, 1
[09/02/2010 18:46:32] /addskill Bob Marley, level, 1
[09/02/2010 18:46:32] /addskill Bob Marley, level, 1
[09/02/2010 18:46:46] /up
[09/02/2010 18:47:31] /r
[09/02/2010 18:47:31] /r
[09/02/2010 18:47:32] /r
[09/02/2010 18:47:32] /r
[09/02/2010 18:47:33] /r
[09/02/2010 18:47:33] /r
[09/02/2010 18:47:34] /r
[09/02/2010 18:47:56] /addskill Bob Marley, level, 1
[09/02/2010 18:47:56] /addskill Bob Marley, level, 1
[09/02/2010 18:47:56] /addskill Bob Marley, level, 1
[09/02/2010 18:47:56] /addskill Bob Marley, level, 1
[09/02/2010 18:47:56] /addskill Bob Marley, level, 1
[09/02/2010 18:47:56] /addskill Bob Marley, level, 1
[09/02/2010 18:47:56] /addskill Bob Marley, level, 1
[09/02/2010 18:47:56] /addskill Bob Marley, level, 1
[09/02/2010 18:47:56] /addskill Bob Marley, level, 1
[09/02/2010 18:47:56] /addskill Bob Marley, level, 1
[09/02/2010 18:47:56] /addskill Bob Marley, level, 1
[09/02/2010 18:47:56] /addskill Bob Marley, level, 1
[09/02/2010 18:47:56] /addskill Bob Marley, level, 1
[09/02/2010 18:47:56] /addskill Bob Marley, level, 1
[09/02/2010 18:47:56] /addskill Bob Marley, level, 1
[09/02/2010 18:47:56] /addskill Bob Marley, level, 1
[09/02/2010 18:47:56] /addskill Bob Marley, level, 1
[09/02/2010 18:47:56] /addskill Bob Marley, level, 1
[09/02/2010 18:47:56] /addskill Bob Marley, level, 1
[09/02/2010 18:47:56] /addskill Bob Marley, level, 1
[09/02/2010 18:47:57] /addskill Bob Marley, level, 1
[09/02/2010 18:47:57] /addskill Bob Marley, level, 1
[09/02/2010 18:47:57] /addskill Bob Marley, level, 1
[09/02/2010 18:47:57] /addskill Bob Marley, level, 1
[09/02/2010 18:47:57] /addskill Bob Marley, level, 1
[09/02/2010 18:47:57] /addskill Bob Marley, level, 1
[09/02/2010 18:47:57] /addskill Bob Marley, level, 1
[09/02/2010 18:47:57] /addskill Bob Marley, level, 1
[09/02/2010 18:47:57] /addskill Bob Marley, level, 1
[09/02/2010 18:47:57] /addskill Bob Marley, level, 1
[09/02/2010 18:47:57] /addskill Bob Marley, level, 1
[09/02/2010 18:47:57] /addskill Bob Marley, level, 1
[09/02/2010 18:47:57] /addskill Bob Marley, level, 1
[09/02/2010 18:47:57] /addskill Bob Marley, level, 1
[09/02/2010 18:47:57] /addskill Bob Marley, level, 1
[09/02/2010 18:47:57] /addskill Bob Marley, level, 1
[09/02/2010 18:47:57] /addskill Bob Marley, level, 1
[09/02/2010 18:47:57] /addskill Bob Marley, level, 1
[09/02/2010 18:47:57] /addskill Bob Marley, level, 1
[09/02/2010 18:47:57] /addskill Bob Marley, level, 1
[09/02/2010 18:47:57] /addskill Bob Marley, level, 1
[09/02/2010 18:47:57] /addskill Bob Marley, level, 1
[09/02/2010 18:47:57] /addskill Bob Marley, level, 1
[09/02/2010 18:47:57] /addskill Bob Marley, level, 1
[09/02/2010 18:47:57] /addskill Bob Marley, level, 1
[09/02/2010 18:47:57] /addskill Bob Marley, level, 1
[09/02/2010 18:47:57] /addskill Bob Marley, level, 1
[09/02/2010 18:47:57] /addskill Bob Marley, level, 1
[09/02/2010 18:47:57] /addskill Bob Marley, level, 1
[09/02/2010 18:47:57] /addskill Bob Marley, level, 1
[09/02/2010 18:47:57] /addskill Bob Marley, level, 1
[09/02/2010 18:47:58] /addskill Bob Marley, level, 1
[09/02/2010 18:47:58] /addskill Bob Marley, level, 1
[09/02/2010 18:47:58] /addskill Bob Marley, level, 1
[09/02/2010 18:47:58] /addskill Bob Marley, level, 1
[09/02/2010 18:47:58] /addskill Bob Marley, level, 1
[09/02/2010 18:47:58] /addskill Bob Marley, level, 1
[09/02/2010 18:47:58] /addskill Bob Marley, level, 1
[09/02/2010 18:47:58] /addskill Bob Marley, level, 1
[09/02/2010 18:47:58] /addskill Bob Marley, level, 1
[09/02/2010 18:47:58] /addskill Bob Marley, level, 1
[09/02/2010 18:47:58] /addskill Bob Marley, level, 1
[09/02/2010 18:47:58] /addskill Bob Marley, level, 1
[09/02/2010 18:47:58] /addskill Bob Marley, level, 1
[09/02/2010 18:47:58] /addskill Bob Marley, level, 1
[09/02/2010 18:47:58] /addskill Bob Marley, level, 1
[09/02/2010 18:47:58] /addskill Bob Marley, level, 1
[09/02/2010 18:47:58] /addskill Bob Marley, level, 1
[09/02/2010 18:47:58] /addskill Bob Marley, level, 1
[09/02/2010 18:47:58] /addskill Bob Marley, level, 1
[09/02/2010 18:47:58] /addskill Bob Marley, level, 1
[09/02/2010 18:47:58] /addskill Bob Marley, level, 1
[09/02/2010 18:47:58] /addskill Bob Marley, level, 1
[09/02/2010 18:47:58] /addskill Bob Marley, level, 1
[09/02/2010 18:47:58] /addskill Bob Marley, level, 1
[09/02/2010 18:47:58] /addskill Bob Marley, level, 1
[09/02/2010 18:47:58] /addskill Bob Marley, level, 1
[09/02/2010 18:47:58] /addskill Bob Marley, level, 1
[09/02/2010 18:47:58] /addskill Bob Marley, level, 1
[09/02/2010 18:47:58] /addskill Bob Marley, level, 1
[09/02/2010 18:47:58] /addskill Bob Marley, level, 1
[09/02/2010 18:47:58] /addskill Bob Marley, level, 1
[09/02/2010 18:47:59] /addskill Bob Marley, level, 1
[09/02/2010 18:47:59] /addskill Bob Marley, level, 1
[09/02/2010 18:47:59] /addskill Bob Marley, level, 1
[09/02/2010 18:47:59] /addskill Bob Marley, level, 1
[09/02/2010 18:47:59] /addskill Bob Marley, level, 1
[09/02/2010 18:47:59] /addskill Bob Marley, level, 1
[09/02/2010 18:47:59] /addskill Bob Marley, level, 1
[09/02/2010 18:47:59] /addskill Bob Marley, level, 1
[09/02/2010 18:47:59] /addskill Bob Marley, level, 1
[09/02/2010 18:47:59] /addskill Bob Marley, level, 1
[09/02/2010 18:47:59] /addskill Bob Marley, level, 1
[09/02/2010 18:47:59] /addskill Bob Marley, level, 1
[09/02/2010 18:47:59] /addskill Bob Marley, level, 1
[09/02/2010 18:47:59] /addskill Bob Marley, level, 1
[09/02/2010 18:47:59] /addskill Bob Marley, level, 1
[09/02/2010 18:47:59] /addskill Bob Marley, level, 1
[09/02/2010 18:47:59] /addskill Bob Marley, level, 1
[09/02/2010 18:47:59] /addskill Bob Marley, level, 1
[09/02/2010 18:47:59] /addskill Bob Marley, level, 1
[09/02/2010 18:47:59] /addskill Bob Marley, level, 1
[09/02/2010 18:47:59] /addskill Bob Marley, level, 1
[09/02/2010 18:47:59] /addskill Bob Marley, level, 1
[09/02/2010 18:47:59] /addskill Bob Marley, level, 1
[09/02/2010 18:47:59] /addskill Bob Marley, level, 1
[09/02/2010 18:47:59] /addskill Bob Marley, level, 1
[09/02/2010 18:47:59] /addskill Bob Marley, level, 1
[09/02/2010 18:47:59] /addskill Bob Marley, level, 1
[09/02/2010 18:47:59] /addskill Bob Marley, level, 1
[09/02/2010 18:47:59] /addskill Bob Marley, level, 1
[09/02/2010 18:47:59] /addskill Bob Marley, level, 1
[09/02/2010 18:47:59] /addskill Bob Marley, level, 1
[09/02/2010 18:48:00] /addskill Bob Marley, level, 1
[09/02/2010 18:48:00] /addskill Bob Marley, level, 1
[09/02/2010 18:48:00] /addskill Bob Marley, level, 1
[09/02/2010 18:48:00] /addskill Bob Marley, level, 1
[09/02/2010 18:48:00] /addskill Bob Marley, level, 1
[09/02/2010 18:48:00] /addskill Bob Marley, level, 1
[09/02/2010 18:48:00] /addskill Bob Marley, level, 1
[09/02/2010 18:48:00] /addskill Bob Marley, level, 1
[09/02/2010 18:48:00] /addskill Bob Marley, level, 1
[09/02/2010 18:48:00] /addskill Bob Marley, level, 1
[09/02/2010 18:48:00] /addskill Bob Marley, level, 1
[09/02/2010 18:48:00] /addskill Bob Marley, level, 1
[09/02/2010 18:48:00] /addskill Bob Marley, level, 1
[09/02/2010 18:48:00] /addskill Bob Marley, level, 1
[09/02/2010 18:48:00] /addskill Bob Marley, level, 1
[09/02/2010 18:48:00] /addskill Bob Marley, level, 1
[09/02/2010 18:48:00] /addskill Bob Marley, level, 1
[09/02/2010 18:48:00] /addskill Bob Marley, level, 1
[09/02/2010 18:48:00] /addskill Bob Marley, level, 1
[09/02/2010 18:48:00] /addskill Bob Marley, level, 1
[09/02/2010 18:48:00] /addskill Bob Marley, level, 1
[09/02/2010 18:48:00] /addskill Bob Marley, level, 1
[09/02/2010 18:48:00] /addskill Bob Marley, level, 1
[09/02/2010 18:48:00] /addskill Bob Marley, level, 1
[09/02/2010 18:48:00] /addskill Bob Marley, level, 1
[09/02/2010 18:48:00] /addskill Bob Marley, level, 1
[09/02/2010 18:48:00] /addskill Bob Marley, level, 1
[09/02/2010 18:48:00] /addskill Bob Marley, level, 1
[09/02/2010 18:48:00] /addskill Bob Marley, level, 1
[09/02/2010 18:48:00] /addskill Bob Marley, level, 1
[09/02/2010 18:48:00] /addskill Bob Marley, level, 1
[09/02/2010 18:48:00] /addskill Bob Marley, level, 1
[09/02/2010 18:48:01] /addskill Bob Marley, level, 1
[09/02/2010 18:48:01] /addskill Bob Marley, level, 1
[09/02/2010 18:48:01] /addskill Bob Marley, level, 1
[09/02/2010 18:48:01] /addskill Bob Marley, level, 1
[09/02/2010 18:48:01] /addskill Bob Marley, level, 1
[09/02/2010 18:48:01] /addskill Bob Marley, level, 1
[09/02/2010 18:48:01] /addskill Bob Marley, level, 1
[09/02/2010 18:48:01] /addskill Bob Marley, level, 1
[09/02/2010 18:48:01] /addskill Bob Marley, level, 1
[09/02/2010 18:48:01] /addskill Bob Marley, level, 1
[09/02/2010 18:48:01] /addskill Bob Marley, level, 1
[09/02/2010 18:48:01] /addskill Bob Marley, level, 1
[09/02/2010 18:48:01] /addskill Bob Marley, level, 1
[09/02/2010 18:48:01] /addskill Bob Marley, level, 1
[09/02/2010 18:48:01] /addskill Bob Marley, level, 1
[09/02/2010 18:48:01] /addskill Bob Marley, level, 1
[09/02/2010 18:48:01] /addskill Bob Marley, level, 1
[09/02/2010 18:48:01] /addskill Bob Marley, level, 1
[09/02/2010 18:48:01] /addskill Bob Marley, level, 1
[09/02/2010 18:48:01] /addskill Bob Marley, level, 1
[09/02/2010 18:48:01] /addskill Bob Marley, level, 1
[09/02/2010 18:48:01] /addskill Bob Marley, level, 1
[09/02/2010 18:48:01] /addskill Bob Marley, level, 1
[09/02/2010 18:48:01] /addskill Bob Marley, level, 1
[09/02/2010 18:48:01] /addskill Bob Marley, level, 1
[09/02/2010 18:48:01] /addskill Bob Marley, level, 1
[09/02/2010 18:48:01] /addskill Bob Marley, level, 1
[09/02/2010 18:48:01] /addskill Bob Marley, level, 1
[09/02/2010 18:48:01] /addskill Bob Marley, level, 1
[09/02/2010 18:48:01] /addskill Bob Marley, level, 1
[09/02/2010 18:48:02] /addskill Bob Marley, level, 1
[09/02/2010 18:48:02] /addskill Bob Marley, level, 1
[09/02/2010 18:48:02] /addskill Bob Marley, level, 1
[09/02/2010 18:48:02] /addskill Bob Marley, level, 1
[09/02/2010 18:48:02] /addskill Bob Marley, level, 1
[09/02/2010 18:48:02] /addskill Bob Marley, level, 1
[09/02/2010 18:48:02] /addskill Bob Marley, level, 1
[09/02/2010 18:48:02] /addskill Bob Marley, level, 1
[09/02/2010 18:48:02] /addskill Bob Marley, level, 1
[09/02/2010 18:48:02] /addskill Bob Marley, level, 1
[09/02/2010 18:48:02] /addskill Bob Marley, level, 1
[09/02/2010 18:48:02] /addskill Bob Marley, level, 1
[09/02/2010 18:48:02] /addskill Bob Marley, level, 1
[09/02/2010 18:48:02] /addskill Bob Marley, level, 1
[09/02/2010 18:48:02] /addskill Bob Marley, level, 1
[09/02/2010 18:48:02] /addskill Bob Marley, level, 1
[09/02/2010 18:48:02] /addskill Bob Marley, level, 1
[09/02/2010 18:48:02] /addskill Bob Marley, level, 1
[09/02/2010 18:48:02] /addskill Bob Marley, level, 1
[09/02/2010 18:48:02] /addskill Bob Marley, level, 1
[09/02/2010 18:48:02] /addskill Bob Marley, level, 1
[09/02/2010 18:48:02] /addskill Bob Marley, level, 1
[09/02/2010 18:48:02] /addskill Bob Marley, level, 1
[09/02/2010 18:48:02] /addskill Bob Marley, level, 1
[09/02/2010 18:48:02] /addskill Bob Marley, level, 1
[09/02/2010 18:48:02] /addskill Bob Marley, level, 1
[09/02/2010 18:48:02] /addskill Bob Marley, level, 1
[09/02/2010 18:48:02] /addskill Bob Marley, level, 1
[09/02/2010 18:48:02] /addskill Bob Marley, level, 1
[09/02/2010 18:48:02] /addskill Bob Marley, level, 1
[09/02/2010 18:48:02] /addskill Bob Marley, level, 1
[09/02/2010 18:48:03] /addskill Bob Marley, level, 1
[09/02/2010 18:48:03] /addskill Bob Marley, level, 1
[09/02/2010 18:48:03] /addskill Bob Marley, level, 1
[09/02/2010 18:48:03] /addskill Bob Marley, level, 1
[09/02/2010 18:48:03] /addskill Bob Marley, level, 1
[09/02/2010 18:48:03] /addskill Bob Marley, level, 1
[09/02/2010 18:48:03] /addskill Bob Marley, level, 1
[09/02/2010 18:48:03] /addskill Bob Marley, level, 1
[09/02/2010 18:48:03] /addskill Bob Marley, level, 1
[09/02/2010 18:48:03] /addskill Bob Marley, level, 1
[09/02/2010 18:48:03] /addskill Bob Marley, level, 1
[09/02/2010 18:48:03] /addskill Bob Marley, level, 1
[09/02/2010 18:48:03] /addskill Bob Marley, level, 1
[09/02/2010 18:48:03] /addskill Bob Marley, level, 1
[09/02/2010 18:48:03] /addskill Bob Marley, level, 1
[09/02/2010 18:48:03] /addskill Bob Marley, level, 1
[09/02/2010 18:48:03] /addskill Bob Marley, level, 1
[09/02/2010 18:48:03] /addskill Bob Marley, level, 1
[09/02/2010 18:48:03] /addskill Bob Marley, level, 1
[09/02/2010 18:48:03] /addskill Bob Marley, level, 1
[09/02/2010 18:48:03] /addskill Bob Marley, level, 1
[09/02/2010 18:48:03] /addskill Bob Marley, level, 1
[09/02/2010 18:48:03] /addskill Bob Marley, level, 1
[09/02/2010 18:48:03] /addskill Bob Marley, level, 1
[09/02/2010 18:48:03] /addskill Bob Marley, level, 1
[09/02/2010 18:48:03] /addskill Bob Marley, level, 1
[09/02/2010 18:48:03] /addskill Bob Marley, level, 1
[09/02/2010 18:48:03] /addskill Bob Marley, level, 1
[09/02/2010 18:48:03] /addskill Bob Marley, level, 1
[09/02/2010 18:48:03] /addskill Bob Marley, level, 1
[09/02/2010 18:48:03] /addskill Bob Marley, level, 1
[09/02/2010 18:48:03] /addskill Bob Marley, level, 1
[09/02/2010 18:48:04] /addskill Bob Marley, level, 1
[09/02/2010 18:48:04] /addskill Bob Marley, level, 1
[09/02/2010 18:48:04] /addskill Bob Marley, level, 1
[09/02/2010 18:48:04] /addskill Bob Marley, level, 1
[09/02/2010 18:48:04] /addskill Bob Marley, level, 1
[09/02/2010 18:48:04] /addskill Bob Marley, level, 1
[09/02/2010 18:48:04] /addskill Bob Marley, level, 1
[09/02/2010 18:48:04] /addskill Bob Marley, level, 1
[09/02/2010 18:48:04] /addskill Bob Marley, level, 1
[09/02/2010 18:48:04] /addskill Bob Marley, level, 1
[09/02/2010 18:48:04] /addskill Bob Marley, level, 1
[09/02/2010 18:48:04] /addskill Bob Marley, level, 1
[09/02/2010 18:48:04] /addskill Bob Marley, level, 1
[09/02/2010 18:48:04] /addskill Bob Marley, level, 1
[09/02/2010 18:48:04] /addskill Bob Marley, level, 1
[09/02/2010 18:48:04] /addskill Bob Marley, level, 1
[09/02/2010 18:48:04] /addskill Bob Marley, level, 1
[09/02/2010 18:48:04] /addskill Bob Marley, level, 1
[09/02/2010 18:48:04] /addskill Bob Marley, level, 1
[09/02/2010 18:48:04] /addskill Bob Marley, level, 1
[09/02/2010 18:48:04] /addskill Bob Marley, level, 1
[09/02/2010 18:48:04] /addskill Bob Marley, level, 1
[09/02/2010 18:48:04] /addskill Bob Marley, level, 1
[09/02/2010 18:48:04] /addskill Bob Marley, level, 1
[09/02/2010 18:48:04] /addskill Bob Marley, level, 1
[09/02/2010 18:48:04] /addskill Bob Marley, level, 1
[09/02/2010 18:48:04] /addskill Bob Marley, level, 1
[09/02/2010 18:48:04] /addskill Bob Marley, level, 1
[09/02/2010 18:48:04] /addskill Bob Marley, level, 1
[09/02/2010 18:48:04] /addskill Bob Marley, level, 1
[09/02/2010 18:48:05] /addskill Bob Marley, level, 1
[09/02/2010 18:48:05] /addskill Bob Marley, level, 1
[09/02/2010 18:48:05] /addskill Bob Marley, level, 1
[09/02/2010 18:48:05] /addskill Bob Marley, level, 1
[09/02/2010 18:48:08] /addskill Bob Marley, level, 20000
[09/02/2010 18:48:12] /addskill Bob Marley, level, 200000000000000000000000000
[09/02/2010 18:48:13] /addskill Bob Marley, level, 200000000000000000000000000
[09/02/2010 18:48:14] /addskill Bob Marley, level, 200000000000000000000000000
[09/02/2010 18:48:14] /addskill Bob Marley, level, 200000000000000000000000000
[09/02/2010 18:48:15] /addskill Bob Marley, level, 200000000000000000000000000
[09/02/2010 18:48:19] /addskill Bob Marley, level, 20000000
[09/02/2010 18:48:20] /addskill Bob Marley, level, 20000000
[09/02/2010 18:48:21] /addskill Bob Marley, level, 20000000
[09/02/2010 18:48:21] /addskill Bob Marley, level, 20000000
[09/02/2010 18:48:22] /addskill Bob Marley, level, 20000000
[09/02/2010 18:48:22] /addskill Bob Marley, level, 20000000
[09/02/2010 18:48:30] /t
[09/02/2010 18:48:31] /addskill Bob Marley, level, 1
[09/02/2010 18:48:32] /addskill Bob Marley, level, 1
[09/02/2010 18:48:32] /addskill Bob Marley, level, 1
[09/02/2010 18:48:32] /addskill Bob Marley, level, 1
[09/02/2010 18:48:32] /addskill Bob Marley, level, 1
[09/02/2010 18:48:32] /addskill Bob Marley, level, 1
[09/02/2010 18:48:32] /addskill Bob Marley, level, 1
[09/02/2010 18:48:32] /addskill Bob Marley, level, 1
[09/02/2010 18:48:32] /addskill Bob Marley, level, 1
[09/02/2010 18:48:32] /addskill Bob Marley, level, 1
[09/02/2010 18:48:32] /addskill Bob Marley, level, 1
[09/02/2010 18:48:32] /addskill Bob Marley, level, 1
[09/02/2010 18:48:32] /addskill Bob Marley, level, 1
[09/02/2010 18:48:32] /addskill Bob Marley, level, 1
[09/02/2010 18:48:32] /addskill Bob Marley, level, 1
[09/02/2010 18:48:33] /addskill Bob Marley, level, 1
[09/02/2010 18:48:33] /addskill Bob Marley, level, 1
[09/02/2010 18:49:26] /goto comedia
[09/02/2010 18:49:32] /goto comedinha
[09/02/2010 18:51:08] /b quem quer eventoo?? fala help
[09/02/2010 18:51:13] /b quem quer eventoo?? fala help
[09/02/2010 18:51:16] /b quem quer eventoo?? fala help
[09/02/2010 18:51:36] /b quem quer evento
[09/02/2010 18:52:05] /b quem quer evento
[09/02/2010 18:52:14] /b eae
[09/02/2010 18:53:21] /b quem quer evento fala nu help
[09/02/2010 18:54:27] /a 2
[09/02/2010 18:54:54] /goto isac
[09/02/2010 18:54:58] /t
[09/02/2010 18:55:02] /ghost
[09/02/2010 18:55:48] /c The Daniels
