[08/07/2016 21:58:19] /m exp bug
[08/07/2016 21:58:33] /r exp bug
[08/07/2016 21:59:08] /addskill Drako Fiikz, level, 100
[08/07/2016 21:59:16] /addskill Drako Fiikz, level, 100
[08/07/2016 21:59:31] /addskill Drako Filikz, level, 100
[08/07/2016 22:05:13] /up
[08/07/2016 22:05:19] /up
[08/07/2016 22:05:21] /up
[08/07/2016 22:05:29] /t
[08/07/2016 22:05:37] /up
[08/07/2016 22:05:38] /up
[08/07/2016 22:05:40] /up
[08/07/2016 22:05:45] /up
[08/07/2016 22:05:47] /up
[08/07/2016 22:06:02] /up
[08/07/2016 22:06:03] /up
[08/07/2016 22:06:06] /up
[08/07/2016 22:06:07] /up
[08/07/2016 22:06:11] /t
[08/07/2016 22:06:14] /up
[08/07/2016 22:06:15] /up
[08/07/2016 22:06:16] /up
[08/07/2016 22:06:19] /up
[08/07/2016 22:06:21] /up
[08/07/2016 22:06:49] /up
[08/07/2016 22:06:50] /up
[08/07/2016 22:06:54] /down
[08/07/2016 22:06:55] /down
[08/07/2016 22:06:57] /down
[08/07/2016 22:07:03] /down
[08/07/2016 22:07:05] /down
[08/07/2016 22:07:07] /down
[08/07/2016 22:07:09] /down
[08/07/2016 22:07:10] /up
[08/07/2016 22:07:26] /t
[08/07/2016 22:07:48] /b raxodia
[08/07/2016 22:10:19] /raid demon
[08/07/2016 22:10:21] /raid demon
[08/07/2016 22:10:40] /raid nug
[08/07/2016 22:10:44] /raid bug
[08/07/2016 22:11:31] /a
[08/07/2016 22:11:32] /a
[08/07/2016 22:11:33] /a
[08/07/2016 22:11:33] /a
[08/07/2016 22:11:35] /a
[08/07/2016 22:11:51] /reports
[08/07/2016 22:12:04] /gethouse
[08/07/2016 22:12:39] /newtype 266
[08/07/2016 22:12:41] /newtype 266
[08/07/2016 22:12:54] /newtype 143
[08/07/2016 22:12:59] /newtype 300
[08/07/2016 22:13:06] /newtype 199
[08/07/2016 22:13:10] /newtype 26
[08/07/2016 22:13:13] /newtype 1
[08/07/2016 22:13:16] /newtype 10
[08/07/2016 22:13:18] /newtype 2
[08/07/2016 22:13:23] /newtype 1000
[08/07/2016 22:13:26] /newtype 99
[08/07/2016 22:13:28] /newtype 999
[08/07/2016 22:13:32] /newtype 450
[08/07/2016 22:13:37] /newtype 200
[08/07/2016 22:13:40] /newtype 250
[08/07/2016 22:13:47] /newtype 300
[08/07/2016 22:13:51] /newtype 31
[08/07/2016 22:13:53] /newtype 311
[08/07/2016 22:13:57] /newtype 400
[08/07/2016 22:13:59] /newtype 399
[08/07/2016 22:14:03] /newtype 350
[08/07/2016 22:14:05] /newtype 351
[08/07/2016 22:14:46] /newtype 127
[08/07/2016 22:15:09] /newtype 152
[08/07/2016 22:15:29] /newtype 267
[08/07/2016 22:15:49] /newtype 273
[08/07/2016 22:15:58] /newtype 302
[08/07/2016 22:16:03] /newtype 301
[08/07/2016 22:16:17] /newtype 267
[08/07/2016 22:16:27] /newtype 225
[08/07/2016 22:16:38] /newtype 126
[08/07/2016 22:16:54] /newtype 84
[08/07/2016 22:16:56] /newtype 84
[08/07/2016 22:17:20] /newtype 26
[08/07/2016 22:17:23] /newtype 26
[08/07/2016 22:17:24] /newtype 266
[08/07/2016 22:17:31] /newtype 267
[08/07/2016 22:17:34] /newtype 266
[08/07/2016 22:18:23] /newtype 57
[08/07/2016 22:18:27] /newtype 5726
[08/07/2016 22:18:30] /newtype 266
[08/07/2016 22:19:51] /m lucifer
[08/07/2016 22:20:10] /s ferumbras
[08/07/2016 22:20:11] /s ferumbras
[08/07/2016 22:20:12] /s ferumbras
[08/07/2016 22:20:22] /s ferumbras
[08/07/2016 22:21:14] /s masacre
[08/07/2016 22:21:16] /s masacre
[08/07/2016 22:21:26] /s orshaba'l
[08/07/2016 22:21:32] /s demon
[08/07/2016 22:21:35] /s demon
[08/07/2016 22:21:35] /s demon
[08/07/2016 22:21:36] /s demon
[08/07/2016 22:21:37] /s demon
[08/07/2016 22:21:37] /s demon
[08/07/2016 22:21:38] /s demon
[08/07/2016 22:21:38] /s demon
[08/07/2016 22:21:39] /s demon
[08/07/2016 22:21:40] /s demon
[08/07/2016 22:21:40] /s demon
[08/07/2016 22:21:41] /s demon
[08/07/2016 22:21:42] /s demon
[08/07/2016 22:21:42] /s demon
[08/07/2016 22:22:02] /s juggernaot
[08/07/2016 22:22:12] /s teitan
[08/07/2016 22:22:13] /s teitan
[08/07/2016 22:22:14] /s teitan
[08/07/2016 22:22:16] /s teitan
[08/07/2016 22:22:17] /s teitan
[08/07/2016 22:22:17] /s teitan
[08/07/2016 22:22:18] /s teitan
[08/07/2016 22:22:19] /s teitan
[08/07/2016 22:22:19] /s teitan
[08/07/2016 22:22:20] /s teitan
[08/07/2016 22:22:35] /s bimbo
[08/07/2016 22:22:36] /s bimbo
[08/07/2016 22:22:37] /s bimbo
[08/07/2016 22:22:37] /s bimbo
[08/07/2016 22:22:38] /s bimbo
[08/07/2016 22:22:38] /s bimbo
[08/07/2016 22:22:38] /s bimbo
[08/07/2016 22:22:39] /s bimbo
[08/07/2016 22:22:40] /s bimbo
[08/07/2016 22:22:40] /s bimbo
[08/07/2016 22:22:41] /s bimbo
[08/07/2016 22:22:41] /s bimbo
[08/07/2016 22:22:42] /s bimbo
[08/07/2016 22:22:42] /s bimbo
[08/07/2016 22:22:43] /s bimbo
[08/07/2016 22:22:55] /s bimbo
[08/07/2016 22:22:55] /s bimbo
[08/07/2016 22:22:59] /s teitan
[08/07/2016 22:23:01] /s teitan
[08/07/2016 22:23:03] /s teitan
[08/07/2016 22:23:04] /s teitan
[08/07/2016 22:23:04] /s teitan
[08/07/2016 22:23:05] /s teitan
[08/07/2016 22:23:05] /s teitan
[08/07/2016 22:23:06] /s teitan
[08/07/2016 22:23:06] /s teitan
[08/07/2016 22:23:07] /s teitan
[08/07/2016 22:23:07] /s teitan
[08/07/2016 22:23:08] /s teitan
[08/07/2016 22:23:08] /s teitan
[08/07/2016 22:23:09] /s teitan
[08/07/2016 22:23:09] /s teitan
[08/07/2016 22:23:10] /s teitan
[08/07/2016 22:23:11] /s teitan
[08/07/2016 22:23:13] /s teitan
[08/07/2016 22:23:13] /s teitan
[08/07/2016 22:23:14] /s teitan
[08/07/2016 22:23:19] /s teitan
[08/07/2016 22:23:20] /s teitan
[08/07/2016 22:23:20] /s teitan
[08/07/2016 22:23:21] /s teitan
[08/07/2016 22:23:21] /s teitan
[08/07/2016 22:23:42] /s lucifer
[08/07/2016 22:23:43] /s lucifer
[08/07/2016 22:23:44] /s lucifer
[08/07/2016 22:23:49] /s lucifer
[08/07/2016 22:23:50] /s lucifer
[08/07/2016 22:23:50] /s lucifer
[08/07/2016 22:23:59] /s lucifer
[08/07/2016 22:24:03] /s lucifer
[08/07/2016 22:24:09] /s orshabal
[08/07/2016 22:24:16] /s demon
[08/07/2016 22:24:30] /s lucifer
[08/07/2016 22:24:31] /s lucifer
[08/07/2016 22:24:32] /s lucifer
[08/07/2016 22:24:32] /s lucifer
[08/07/2016 22:24:33] /s lucifer
[08/07/2016 22:24:33] /s lucifer
[08/07/2016 22:24:34] /s lucifer
[08/07/2016 22:24:39] /s demon
[08/07/2016 22:24:40] /s demon
[08/07/2016 22:24:40] /s demon
[08/07/2016 22:24:44] /s demon
[08/07/2016 22:26:03] /clean
[08/07/2016 22:26:16] /m ferumbras
[08/07/2016 22:26:27] /s demon
[08/07/2016 22:26:30] /s demon
[08/07/2016 22:26:30] /s demon
[08/07/2016 22:26:32] /s demon
[08/07/2016 22:26:40] /s lucifer
[08/07/2016 22:27:14] /s lucifer
[09/07/2016 13:39:54] /newtype 267
[09/07/2016 13:40:21] /newtype 1
[09/07/2016 13:40:25] /newtype 2
[09/07/2016 13:40:32] /newtype 300
[09/07/2016 14:32:38] /i soft boots
[09/07/2016 14:32:44] /i soft boots
[09/07/2016 14:33:27] /i 6132
[09/07/2016 14:33:38] /i 6132
[09/07/2016 14:35:24] /i  6132
[09/07/2016 14:52:26] /t Master Raxodia
[09/07/2016 14:53:46] /b hola
[09/07/2016 14:54:45] /addskill Drako Filikz, magic level, 200
[09/07/2016 14:55:26] /b soy el god putos
[09/07/2016 14:55:33] /b me la pelan
[17/09/2016 18:58:56] /t soma cruz
[17/09/2016 18:59:11] /t soma cruz
[17/09/2016 18:59:15] /t soma cruz
[17/09/2016 18:59:20] /t soma cruz
[17/09/2016 18:59:39] /t soma cruz
[17/09/2016 20:17:28] /goto Soma cruz
[17/09/2016 20:34:56] /t drako filikz
[19/09/2016 20:43:45] /i 5804
[19/09/2016 20:46:30] /newtype 100
[19/09/2016 20:46:38] /newtype 99
[19/09/2016 20:46:40] /newtype 1
[19/09/2016 20:46:42] /newtype 2
[19/09/2016 20:46:44] /newtype 34
[19/09/2016 20:46:48] /newtype 4
[19/09/2016 20:48:08] /newtype 126
[19/09/2016 20:48:51] /newtype 243
[19/09/2016 20:49:07] /newtype 267
[20/09/2016 19:59:22] /t Ruxa Pally
[20/09/2016 20:00:34] /m Lucifer
[20/09/2016 20:00:40] /m Lucifer
