[07/06/2012 13:53:54] /a 7
[07/06/2012 13:53:55] /a 7
[07/06/2012 13:53:56] /a 7
[07/06/2012 13:53:57] /a 7
[07/06/2012 13:53:58] /a 7
[07/06/2012 13:53:59] /a 7
[07/06/2012 13:53:59] /a 7
[07/06/2012 13:53:59] /a 7
[07/06/2012 13:53:59] /a 7
[07/06/2012 13:54:00] /a 7
[07/06/2012 13:54:00] /a 7
[07/06/2012 13:54:00] /a 7
[07/06/2012 13:54:01] /a 7
[07/06/2012 13:54:01] /a 7
[07/06/2012 13:54:01] /a 7
[07/06/2012 13:54:03] /a 7
[07/06/2012 13:54:03] /a 7
[07/06/2012 13:54:04] /a 7
[07/06/2012 13:54:04] /a 7
[07/06/2012 13:54:24] /a 7
[07/06/2012 13:54:24] /a 7
[07/06/2012 13:54:27] /a 7
[07/06/2012 13:54:28] /a 7
[07/06/2012 13:54:28] /a 7
[07/06/2012 13:54:28] /a 7
[07/06/2012 13:54:28] /a 7
[07/06/2012 13:54:28] /a 7
[07/06/2012 13:54:29] /a 7
[07/06/2012 13:54:29] /a 7
[07/06/2012 13:54:29] /a 7
[07/06/2012 13:54:29] /a 7
[07/06/2012 13:54:42] /m demon
[07/06/2012 13:54:46] /t
[07/06/2012 13:54:50] /m demon
[24/09/2016 00:24:44] /down
[24/09/2016 00:24:50] /a 30
[24/09/2016 00:24:53] /a 3
[24/09/2016 00:24:54] /a 3
[24/09/2016 00:46:49] /i 12609
[24/09/2016 00:50:08] /attr attackspeed 500
[24/09/2016 00:50:49] /attr set extrattack 500
[24/09/2016 00:51:05] /attr set extrattack 500
[24/09/2016 00:51:13] /attr set extrattack 500
[24/09/2016 00:51:48] /i knife
[24/09/2016 00:51:53] /attr set extrattack 500
[24/09/2016 00:51:56] /attr set extrattack 500
[24/09/2016 00:52:03] /attr set attackspeed 500
[24/09/2016 00:52:19] /attr aid 100
[24/09/2016 00:52:23] /attr set attackspeed 500
[24/09/2016 00:52:26] /attr set extrattack 500
[24/09/2016 00:52:48] /attr set extrattack 250
[24/09/2016 00:52:52] /attr set extrattack 100
[24/09/2016 00:53:07] /attr set attack 100
[24/09/2016 00:53:23] /attr set extrattack 100
[24/09/2016 00:53:41] /attr set extrattack 100
[24/09/2016 00:53:45] /attr set attack 100
[24/09/2016 00:54:12] /attr set extrattack 100
[24/09/2016 00:54:14] /attr set extrattack 100
[24/09/2016 00:55:24] /attr set extraattack 100
[24/09/2016 00:55:37] /attr set extraattack 600
[24/09/2016 01:48:08] /t
[24/09/2016 01:48:49] /m exp bug
[24/09/2016 01:50:02] /demote Test
[24/09/2016 01:50:20] /demote "Test"
[24/09/2016 01:50:53] /demote Test
[24/09/2016 01:53:02] /i crystal coin
[24/09/2016 01:53:05] /up
[24/09/2016 01:53:08] /up
[24/09/2016 01:53:09] /up
[24/09/2016 11:41:21] /goto Zekra
[24/09/2016 12:00:50] /goto Zekra
[24/09/2016 12:03:56] /i dragonbone staff
[24/09/2016 12:05:07] /ghost
[24/09/2016 12:11:42] /goto estheno
[24/09/2016 12:11:46] /goto estehno
[24/09/2016 12:12:21] /goto Stheno
[24/09/2016 12:12:44] /kick Zekra
[24/09/2016 12:15:47] /ghost
[24/09/2016 12:16:14] /down
[24/09/2016 12:17:02] /a
[24/09/2016 12:17:11] /down
[24/09/2016 12:17:15] /goto test
[24/09/2016 12:18:38] /a
[24/09/2016 12:18:48] /a
[24/09/2016 12:19:25] /goto test
[24/09/2016 12:25:00] /goto test
[24/09/2016 12:31:12] /attr set attackspeed 200
[24/09/2016 12:31:28] /goto test
[24/09/2016 12:31:30] /goto test
[24/09/2016 12:32:17] /a 5
[24/09/2016 12:32:29] /a 5
[24/09/2016 12:32:32] /a 5
[24/09/2016 12:32:34] /a 5
[24/09/2016 12:32:35] /a 5
[24/09/2016 12:32:36] /a 5
[24/09/2016 12:32:41] /goto test
[24/09/2016 12:32:52] /goto test
[24/09/2016 12:34:17] /a
[24/09/2016 12:34:18] /a
[24/09/2016 12:34:19] /a
[24/09/2016 12:34:20] /a
[24/09/2016 12:34:21] /a
[24/09/2016 12:34:22] /a
[24/09/2016 12:34:24] /a
[24/09/2016 12:34:25] /a
[24/09/2016 12:34:31] /a
[24/09/2016 12:34:31] /a
[24/09/2016 12:34:32] /a
[24/09/2016 12:34:33] /a
[24/09/2016 12:34:34] /a
[24/09/2016 12:37:15] /a 6
[24/09/2016 12:42:46] /ghost
[24/09/2016 12:45:06] /m hellhound
[24/09/2016 12:45:11] /a 3
[24/09/2016 12:45:14] /a 3
[24/09/2016 12:45:16] /m hellhound
[24/09/2016 12:45:17] /m hellhound
[24/09/2016 12:45:20] /a 3
[24/09/2016 12:45:22] /a 2
[24/09/2016 12:45:24] /m hellhound
[24/09/2016 12:45:42] /m hellhound
[24/09/2016 12:45:45] /m hellhound
[24/09/2016 12:45:49] /a 2
[24/09/2016 12:46:42] /a 2
[24/09/2016 12:46:43] /a 2
[24/09/2016 12:47:03] /a 
[24/09/2016 12:47:10] /ghost
[24/09/2016 12:47:15] /m undead dragon
[24/09/2016 12:47:16] /m undead dragon
[24/09/2016 12:47:49] /goto test
[24/09/2016 12:50:38] /a 5
[24/09/2016 12:50:40] /a
[24/09/2016 12:50:40] /a
[24/09/2016 12:50:43] /m lucifer
[24/09/2016 12:50:45] /m lucifer
[24/09/2016 12:53:07] /goto test
[24/09/2016 12:53:30] /goto test
[24/09/2016 12:53:44] /goto test
[24/09/2016 12:53:59] /goto test
[24/09/2016 12:54:04] /goto test
[24/09/2016 13:01:47] /goto test
[24/09/2016 13:02:59] /a 3
[24/09/2016 13:03:00] /a 3
[24/09/2016 13:03:06] /a 3
[24/09/2016 13:03:08] /a 3
[24/09/2016 13:03:09] /a 3
[24/09/2016 13:03:10] /a 3
[24/09/2016 13:03:13] /a 3
[24/09/2016 13:03:29] /up
[24/09/2016 13:03:38] /up
[24/09/2016 13:03:57] /up
[24/09/2016 13:03:58] /a 3
[24/09/2016 13:03:59] /a 3
[24/09/2016 13:04:05] /a 
[24/09/2016 13:04:07] /a 
[24/09/2016 13:04:10] /a 
[24/09/2016 13:04:12] /a 
[24/09/2016 13:04:14] /up
[24/09/2016 13:04:23] /up
[24/09/2016 13:04:27] /a 5
[24/09/2016 13:04:29] /a 5
[24/09/2016 13:04:51] /down
[24/09/2016 13:04:59] /goto test
[24/09/2016 13:05:01] /goto test
[24/09/2016 13:05:02] /goto test
[24/09/2016 13:05:12] /goto test
[24/09/2016 13:05:16] /a 5
[24/09/2016 13:05:42] /a 5
[24/09/2016 13:05:45] /up
[24/09/2016 13:05:48] /goto test
[24/09/2016 13:11:22] /goto test
[24/09/2016 13:12:24] /goto test
[24/09/2016 13:13:09] /goto orshabaal
[24/09/2016 13:13:13] /goto test
[24/09/2016 13:13:47] /a
[24/09/2016 13:13:48] /a
[24/09/2016 13:15:11] /goto orshabaal
[24/09/2016 13:16:31] /a
[24/09/2016 13:16:57] /i 2275
[24/09/2016 13:17:00] /i 2275
[24/09/2016 13:17:12] /i 2276
[24/09/2016 13:20:29] /a
[24/09/2016 13:21:02] /t
[24/09/2016 13:22:01] /c Ruxaxup
[24/09/2016 15:58:27] /goto brigand
[24/09/2016 16:04:23] /m Brigand
[24/09/2016 16:05:26] /m brigand
[24/09/2016 16:06:47] /goto brigand
[24/09/2016 16:07:00] /goto brigand
[24/09/2016 16:07:24] /m brigand
[24/09/2016 16:07:57] /goto brigand
[24/09/2016 16:08:25] /m brigand
[24/09/2016 16:10:39] /goto brigand
[24/09/2016 16:10:41] /goto brigand
[24/09/2016 16:10:43] /goto brigand
[24/09/2016 16:10:45] /goto brigand
[24/09/2016 16:10:46] /goto brigand
[24/09/2016 16:10:47] /goto brigand
[24/09/2016 16:10:48] /goto brigand
[24/09/2016 16:10:52] /goto brigand
[24/09/2016 16:10:53] /goto brigand
[24/09/2016 16:11:03] /goto brigand
[24/09/2016 16:11:04] /goto brigand
[24/09/2016 16:11:05] /goto brigand
[24/09/2016 16:11:05] /goto brigand
[24/09/2016 16:11:06] /goto brigand
[24/09/2016 16:11:06] /goto brigand
[24/09/2016 16:11:11] /goto brigand
[24/09/2016 16:11:16] /goto brigand
[24/09/2016 16:11:17] /goto brigand
[24/09/2016 16:12:00] /m brigand
[24/09/2016 16:16:42] /m Foreman Kneebiter
[24/09/2016 16:16:54] /m mad technomancer
[24/09/2016 16:16:58] /s rat
[24/09/2016 16:17:00] /s rat
[24/09/2016 16:17:21] /s rat
[24/09/2016 16:26:04] /m rat
[24/09/2016 16:40:59] /m Mini Brigand
[24/09/2016 16:43:17] /ghost
[24/09/2016 16:43:23] /goto my name is jeff
[24/09/2016 16:47:45] /goto my name is jeff
[24/09/2016 16:48:48] /t
[24/09/2016 16:49:03] /up
[24/09/2016 16:49:06] /t
[24/09/2016 16:49:44] /up
[24/09/2016 16:51:00] /save
[24/09/2016 16:51:13] /t
[24/09/2016 16:51:31] /save
[24/09/2016 16:54:52] /goto my name is jeff
[24/09/2016 16:54:59] /ghost
[24/09/2016 16:55:45] /m brigand
[24/09/2016 17:01:14] /a 200
[24/09/2016 17:01:23] /a 20
[24/09/2016 17:01:24] /a 20
[24/09/2016 17:01:25] /a 20
[24/09/2016 17:01:28] /a 20
[24/09/2016 17:01:31] /a 2
[24/09/2016 17:01:40] /t
[24/09/2016 17:03:51] /goto my name is jeff
[24/09/2016 17:08:03] /i rope
[24/09/2016 17:14:02] /s Silencer
[24/09/2016 17:17:12] /t
[24/09/2016 17:21:46] /up
[24/09/2016 17:21:47] /up
[24/09/2016 17:21:54] /attr aid 100
[24/09/2016 17:22:32] /m
[24/09/2016 17:22:35] /m brigand
[24/09/2016 17:28:49] /m
[24/09/2016 17:28:51] /m brigand
