[25/06/2010 14:48:05] /goto Master Of Puppets
[25/06/2010 14:48:16] /m exp bug
[25/06/2010 14:51:36] /i 2016
[25/06/2010 14:51:47] /i 2020
[25/06/2010 15:00:33] /t
[25/06/2010 15:48:24] /addon god
[25/06/2010 15:48:27] /addon
[25/06/2010 15:48:31] /addon add
[25/06/2010 15:48:32] /addon add
[25/06/2010 15:48:33] /addon add
[25/06/2010 15:48:36] /addon add
[25/06/2010 15:48:40] /addon  add
[25/06/2010 15:48:59] /addon add
[25/06/2010 15:49:07] /addon add GOD Comedinha
[25/06/2010 15:49:10] /addon add GOD Comedinha,
[25/06/2010 15:49:13] /addon add GOD Comedinha ,
[25/06/2010 15:49:41] /addon
[25/06/2010 15:49:43] /addon add
[25/06/2010 15:49:53] /addon
[25/06/2010 15:49:56] /addon add
[25/06/2010 15:50:01] /addon add
[25/06/2010 15:50:27] /addon add
[25/06/2010 15:50:31] /addon add,
[25/06/2010 15:50:38] /addon add,GOD Comedinha,
[25/06/2010 15:50:41] /addon add,GOD Comedinha
[25/06/2010 15:50:44] /addon add GOD Comedinha
[25/06/2010 15:50:49] /addon add GOD Comedinha,
[25/06/2010 15:50:59] /addon add GOD Comedinha,
[25/06/2010 15:51:07] /addon add GOD Comedinha ','
[25/06/2010 15:51:11] /addon add GOD Comedinha','
[25/06/2010 15:53:20] /addon add GOD Comedinha','
[25/06/2010 15:53:22] /addon add GOD Comedinha0, 0, 0,
[25/06/2010 15:53:24] /addon add GOD Comedinha0, 0, 0
[25/06/2010 15:53:29] /addon add GOD Comedinha, 0, 0
[25/06/2010 15:54:47] /bc white, aa
[25/06/2010 15:54:53] /bc aa, white
[25/06/2010 15:55:03] /bc white; aa
[25/06/2010 15:55:17] /bc white aa
[25/06/2010 15:55:19] /bc white aa
[25/06/2010 15:55:42] /bc white, aa
[25/06/2010 15:55:45] /bc white,aa
[03/07/2010 13:54:48] /newtype 352
[03/07/2010 13:55:05] /newtype 353
[03/07/2010 13:55:11] /newtype 354
[03/07/2010 13:55:19] /newtype 355
[03/07/2010 13:55:28] /newtype 356
[03/07/2010 13:55:35] /newtype 357
[03/07/2010 13:55:42] /newtype 358
[03/07/2010 13:55:49] /newtype 359
[03/07/2010 13:55:55] /newtype 360
[03/07/2010 13:56:00] /newtype 361
[03/07/2010 13:56:04] /newtype 362
[03/07/2010 13:56:10] /newtype 363
[03/07/2010 13:56:16] /newtype 364
[03/07/2010 13:56:22] /newtype 365
[03/07/2010 13:56:27] /newtype 366
[03/07/2010 13:56:33] /newtype 367
[03/07/2010 14:14:35] /up
[05/07/2010 16:54:21] /i 11837
[05/07/2010 16:54:23] /i 11838
[05/07/2010 16:54:29] /r
[05/07/2010 16:54:35] /i 11836
[05/07/2010 16:54:38] /i 11835
[05/07/2010 16:54:41] /i 11834
[05/07/2010 16:54:57] /i 11831
[05/07/2010 16:54:59] /i 11830
[05/07/2010 16:55:09] /i 1129
[05/07/2010 16:55:11] /r
[05/07/2010 16:55:13] /r
[05/07/2010 16:55:19] /i 11829
[05/07/2010 16:55:21] /i 11828
[05/07/2010 16:55:28] /r
[05/07/2010 16:55:37] /i 11833
[05/07/2010 16:56:43] /i 11823
[05/07/2010 16:56:44] /i 11823
[05/07/2010 16:56:45] /i 11823
[05/07/2010 16:56:46] /i 11823
[05/07/2010 16:58:10] /i 11901
[05/07/2010 16:58:15] /i 11900
[05/07/2010 16:58:17] /i 11900
[05/07/2010 16:58:24] /i 11897
[05/07/2010 16:58:25] /i 11897
[05/07/2010 16:58:26] /i 11897
[05/07/2010 16:58:31] /i 11899
[05/07/2010 16:58:37] /i 11900
[05/07/2010 16:58:38] /i 11900
[05/07/2010 16:58:42] /i 11900
[05/07/2010 16:58:51] /i 11897
[05/07/2010 16:58:52] /i 11897
[05/07/2010 17:05:50] /i 12566
[05/07/2010 17:09:12] /a 2
[07/07/2010 12:19:45] /m rat
[07/07/2010 12:22:20] /town 6
[07/07/2010 12:22:40] /i rope
[07/07/2010 12:30:40] /t
[07/07/2010 12:47:29] /addon Tester
[07/07/2010 12:47:40] /addon add Tester,
[07/07/2010 12:47:44] /addon add, Tester,
[07/07/2010 12:48:29] /addon add GOD Comedinha, 0, 0
[07/07/2010 12:50:39] /addon add GOD Comedinha, 0, 0
[07/07/2010 12:50:43] /addon add, GOD Comedinha, 0, 0
[07/07/2010 12:50:53] /addon add ,GOD Comedinha, 0, 0
[07/07/2010 12:50:58] /addon add GOD Comedinha, 0, 0
[07/07/2010 12:52:46] /addon add, GOD Comedinha, pirate, 3
[07/07/2010 12:52:49] /addon add, GOD Comedinha, pirate, 3
[07/07/2010 12:52:51] /addon add, GOD Comedinha, pirate, 3
[07/07/2010 12:53:46] /addon add, GOD Comedinha, pirate, 3
[07/07/2010 12:53:47] /addon add, GOD Comedinha, pirate, 3
[07/07/2010 12:53:53] /addon add, GOD Comedinha, pirate, 3
[07/07/2010 12:53:56] /addon add, GOD Comedinha, pirate, 3
[07/07/2010 12:54:02] /addon add, GOD, pirate, 3
[07/07/2010 12:54:11] /addon add, Tester, pirate, 3
[07/07/2010 12:54:19] /addon add, Tester, none, 3
[07/07/2010 12:54:27] /addon add, GOD, none, 3
[07/07/2010 13:13:14] /n vakwal
