[16/01/2010 18:12:39] /down
[16/01/2010 18:12:53] /c rotworm
[16/01/2010 18:13:27] /t
[16/01/2010 18:15:10] /t
[16/01/2010 18:15:34] /c hidra
[16/01/2010 18:16:03] /a 2
[16/01/2010 18:16:37] /a 6
[16/01/2010 18:20:08] /a
[16/01/2010 18:23:26] /up
[16/01/2010 18:23:28] /up
[16/01/2010 18:23:35] /up
[16/01/2010 18:23:41] /up
[16/01/2010 18:23:43] /up
[16/01/2010 18:23:47] /up
[16/01/2010 18:23:52] /down
[16/01/2010 18:24:00] /down
[16/01/2010 18:24:03] /down
[16/01/2010 18:24:10] /b alissow gay
[16/01/2010 18:24:27] /b zuera
[16/01/2010 18:24:53] /b é q o juninho falo pra eu fala isso...
[16/01/2010 18:25:33] /down
[16/01/2010 18:25:35] /down
[16/01/2010 18:25:36] /down
[16/01/2010 18:25:38] /down
[16/01/2010 18:25:40] /up
[16/01/2010 18:25:44] /up
[16/01/2010 18:25:46] /up
[16/01/2010 18:25:48] /up
[16/01/2010 18:25:51] /up
[16/01/2010 18:26:08] /a 2
[16/01/2010 18:26:09] /a 2
[16/01/2010 18:26:09] /a 2
[16/01/2010 18:26:09] /a 2
[16/01/2010 18:26:09] /a 2
[16/01/2010 18:26:09] /a 2
[16/01/2010 18:26:10] /a 2
[16/01/2010 18:26:10] /a 2
[16/01/2010 18:26:10] /a 2
[16/01/2010 18:26:10] /a 2
[16/01/2010 18:26:10] /a 2
[16/01/2010 18:26:10] /a 2
[16/01/2010 18:26:11] /a 2
[16/01/2010 18:26:11] /a 2
[16/01/2010 18:26:11] /a 2
[16/01/2010 18:26:11] /a 2
[16/01/2010 18:26:11] /a 2
[16/01/2010 18:26:12] /a 2
[16/01/2010 18:26:12] /a 2
[16/01/2010 18:26:12] /a 2
[16/01/2010 18:26:12] /a 2
[16/01/2010 18:26:12] /a 2
[16/01/2010 18:26:12] /a 2
[16/01/2010 18:26:13] /a 2
[16/01/2010 18:26:13] /a 2
[16/01/2010 18:26:13] /a 2
[16/01/2010 18:26:13] /a 2
[16/01/2010 18:26:13] /a 2
[16/01/2010 18:26:14] /a 2
[16/01/2010 18:26:14] /a 2
[16/01/2010 18:26:14] /a 2
[16/01/2010 18:26:14] /a 2
[16/01/2010 18:26:14] /a 2
[16/01/2010 18:26:15] /a 2
[16/01/2010 18:26:15] /a 2
[16/01/2010 18:26:15] /a 2
[16/01/2010 18:26:15] /a 2
[16/01/2010 18:26:16] /a 2
[16/01/2010 18:26:16] /a 2
[16/01/2010 18:26:16] /a 2
[16/01/2010 18:26:16] /a 2
[16/01/2010 18:26:16] /a 2
[16/01/2010 18:26:16] /a 2
[16/01/2010 18:26:16] /a 2
[16/01/2010 18:26:16] /a 2
[16/01/2010 18:26:16] /a 2
[16/01/2010 18:26:16] /a 2
[16/01/2010 18:26:16] /a 2
[16/01/2010 18:26:16] /a 2
[16/01/2010 18:26:16] /a 2
[16/01/2010 18:26:16] /a 2
[16/01/2010 18:26:16] /a 2
[16/01/2010 18:26:16] /a 2
[16/01/2010 18:26:16] /a 2
[16/01/2010 18:26:16] /a 2
[16/01/2010 18:26:16] /a 2
[16/01/2010 18:26:16] /a 2
[16/01/2010 18:26:16] /a 2
[16/01/2010 18:26:16] /a 2
[16/01/2010 18:26:18] /a 2
[16/01/2010 18:26:18] /a 2
[16/01/2010 18:26:18] /a 2
[16/01/2010 18:26:19] /a 2
[16/01/2010 18:26:19] /a 2
[16/01/2010 18:26:19] /a 2
[16/01/2010 18:26:20] /a 2
[16/01/2010 18:26:20] /a 2
[16/01/2010 18:26:20] /a 2
[16/01/2010 18:26:21] /a 2
[16/01/2010 18:26:21] /a 2
[16/01/2010 18:26:22] /a 2
[16/01/2010 18:26:22] /a 2
[16/01/2010 18:26:22] /a 2
[16/01/2010 18:26:22] /a 2
[16/01/2010 18:26:22] /a 2
[16/01/2010 18:26:22] /a 2
[16/01/2010 18:26:22] /a 2
[16/01/2010 18:26:22] /a 2
[16/01/2010 18:26:22] /a 2
[16/01/2010 18:26:23] /a 2
[16/01/2010 18:26:23] /a 2
[16/01/2010 18:26:24] /a 2
[16/01/2010 18:26:24] /a 2
[16/01/2010 18:28:38] /a 2
[16/01/2010 18:28:38] /a 2
[16/01/2010 18:28:38] /a 2
[16/01/2010 18:28:38] /a 2
[16/01/2010 18:28:38] /a 2
[16/01/2010 18:28:39] /a 2
[16/01/2010 18:28:39] /a 2
[16/01/2010 18:28:40] /a 2
[16/01/2010 18:28:41] /a 2
[16/01/2010 18:28:41] /a 2
[16/01/2010 18:28:41] /a 2
[16/01/2010 18:28:42] /a 2
[16/01/2010 18:28:42] /a 2
[16/01/2010 18:28:42] /a 2
[16/01/2010 18:28:42] /a 2
[16/01/2010 18:28:42] /a 2
[16/01/2010 18:28:42] /a 2
[16/01/2010 18:28:43] /a 2
[16/01/2010 18:28:43] /a 2
[16/01/2010 18:28:43] /a 2
[16/01/2010 18:28:44] /a 2
[16/01/2010 18:28:44] /a 2
[16/01/2010 18:28:44] /a 2
[16/01/2010 18:28:44] /a 2
[16/01/2010 18:28:44] /a 2
[16/01/2010 18:28:44] /a 2
[16/01/2010 18:28:44] /a 2
[16/01/2010 18:28:44] /a 2
[16/01/2010 18:28:44] /a 2
[16/01/2010 18:28:45] /a 2
[16/01/2010 18:28:45] /a 2
[16/01/2010 18:28:46] /a 2
[16/01/2010 18:28:46] /a 2
[16/01/2010 18:28:46] /a 2
[16/01/2010 18:28:46] /a 2
[16/01/2010 18:28:46] /a 2
[16/01/2010 18:28:46] /a 2
[16/01/2010 18:28:46] /a 2
[16/01/2010 18:28:46] /a 2
[16/01/2010 18:28:46] /a 2
[16/01/2010 18:28:46] /a 2
[16/01/2010 18:28:46] /a 2
[16/01/2010 18:28:46] /a 2
[16/01/2010 18:28:46] /a 2
[16/01/2010 18:28:46] /a 2
[16/01/2010 18:28:46] /a 2
[16/01/2010 18:28:47] /a 2
[16/01/2010 18:28:47] /a 2
[16/01/2010 18:28:48] /a 2
[16/01/2010 18:28:48] /a 2
[16/01/2010 18:28:48] /a 2
[16/01/2010 18:28:48] /a 2
[16/01/2010 18:28:48] /a 2
[16/01/2010 18:28:48] /a 2
[16/01/2010 18:28:48] /a 2
[16/01/2010 18:28:48] /a 2
[16/01/2010 18:28:48] /a 2
[16/01/2010 18:28:48] /a 2
[16/01/2010 18:28:48] /a 2
[16/01/2010 18:28:48] /a 2
[16/01/2010 18:28:48] /a 2
[16/01/2010 18:29:10] /a 2
[16/01/2010 18:29:30] /a 2
[16/01/2010 18:29:31] /a 2
[16/01/2010 18:29:31] /a 2
[16/01/2010 18:29:31] /a 2
[16/01/2010 18:29:31] /a 2
[16/01/2010 18:29:31] /a 2
[16/01/2010 18:29:31] /a 2
[16/01/2010 18:29:32] /a 2
[16/01/2010 18:29:32] /a 2
[16/01/2010 18:29:32] /a 2
[16/01/2010 18:29:32] /a 2
[16/01/2010 18:29:33] /a 2
[16/01/2010 18:29:33] /a 2
[16/01/2010 18:29:33] /a 2
[16/01/2010 18:29:33] /a 2
[16/01/2010 18:29:33] /a 2
[16/01/2010 18:29:33] /a 2
[16/01/2010 18:29:34] /a 2
[16/01/2010 18:29:34] /a 2
[16/01/2010 18:29:34] /a 2
[16/01/2010 18:29:34] /a 2
[16/01/2010 18:29:49] /a 2
[16/01/2010 18:29:50] /a 2
[16/01/2010 18:29:50] /a 2
[16/01/2010 18:29:58] /a 2
[16/01/2010 18:32:01] /c dragon lord
[16/01/2010 18:32:04] /c dragon lord
[16/01/2010 18:32:09] /c dragon lord
[16/01/2010 18:32:11] /c dragon lord
[16/01/2010 18:32:21] /c dragon lord
[16/01/2010 18:32:22] /c dragon lord
[16/01/2010 18:32:22] /c dragon lord
[16/01/2010 18:32:22] /c dragon lord
[16/01/2010 18:32:25] /c dragon lord
[16/01/2010 18:32:26] /c dragon lord
[16/01/2010 18:32:26] /c dragon lord
[16/01/2010 18:32:27] /c dragon lord
[16/01/2010 18:32:28] /c dragon lord
[16/01/2010 18:32:32] /a 2
[16/01/2010 18:32:35] /a 2
[16/01/2010 18:32:37] /a 2
[16/01/2010 18:32:41] /a 2
[16/01/2010 18:32:42] /a 2
[16/01/2010 18:32:43] /a 2
[16/01/2010 18:32:54] /a 2
[16/01/2010 18:32:56] /c dragon lord
[16/01/2010 18:32:57] /c dragon lord
[16/01/2010 18:32:58] /c dragon lord
[16/01/2010 18:33:30] /c dragon
[16/01/2010 18:34:24] /c hidra
[16/01/2010 18:34:38] /c demon
[16/01/2010 18:34:40] /c demon
[16/01/2010 18:34:55] /c dragon lord
[16/01/2010 18:34:57] /a 2
[16/01/2010 18:34:57] /a 2
[16/01/2010 18:34:57] /a 2
[16/01/2010 18:34:57] /a 2
[16/01/2010 18:34:57] /a 2
[16/01/2010 18:35:35] /c ferumbras
[16/01/2010 18:35:44] /c ferumbras
[16/01/2010 18:35:47] /c ferumbras
[16/01/2010 18:36:18] /c apocalypse
[16/01/2010 18:36:20] /c apocalypse
[16/01/2010 18:36:22] /c apocalypse
[16/01/2010 18:36:23] /c apocalypse
[16/01/2010 18:36:42] /c dragon lord
[16/01/2010 18:36:48] /c dragonlord
[16/01/2010 18:37:29] /c rotworm
[16/01/2010 18:37:35] /c dragon lord
[16/01/2010 18:37:39] /c demon
[16/01/2010 18:37:57] /c apocalypse
[16/01/2010 18:38:00] /c apocalypse
[16/01/2010 18:38:02] /c apocalypse
[16/01/2010 18:39:34] /c ghazabaran
[16/01/2010 18:40:05] /c apocalypse
[16/01/2010 18:41:48] /a 2
[16/01/2010 18:42:39] /a 2
[16/01/2010 18:42:50] /a 2
[16/01/2010 18:43:37] /c apocalypse
[16/01/2010 18:43:45] /c demon
[16/01/2010 18:43:50] /c rotworm
[16/01/2010 18:44:12] /c demon
[16/01/2010 18:44:30] /c apocalypse
[16/01/2010 18:44:32] /c apocalypse
[16/01/2010 18:45:38] /c infernatil
[16/01/2010 18:45:49] /c infernatil
[16/01/2010 18:45:51] /c infernatil
[16/01/2010 18:45:58] /c infernatil 2
[16/01/2010 18:46:01] /c infernatil 2
[16/01/2010 18:46:03] /c infernatil
[16/01/2010 18:46:05] /c infernatil
[16/01/2010 18:46:07] /c infernatil
[16/01/2010 18:46:08] /c infernatil
[16/01/2010 18:47:22] /a 2
[16/01/2010 18:47:29] /c dragon lord
[16/01/2010 18:47:30] /c dragon lord
[16/01/2010 18:47:30] /c dragon lord
[16/01/2010 18:47:30] /c dragon lord
[16/01/2010 18:47:30] /c dragon lord
[16/01/2010 18:47:30] /c dragon lord
[16/01/2010 18:47:30] /c dragon lord
[16/01/2010 18:47:30] /c dragon lord
[16/01/2010 18:47:30] /c dragon lord
[16/01/2010 18:47:30] /c dragon lord
[16/01/2010 18:47:30] /c dragon lord
[16/01/2010 18:47:30] /c dragon lord
[16/01/2010 18:47:30] /c dragon lord
[16/01/2010 18:47:30] /c dragon lord
[16/01/2010 18:47:31] /c dragon lord
[16/01/2010 18:47:32] /c dragon lord
[16/01/2010 18:47:32] /c dragon lord
[16/01/2010 18:47:32] /c dragon lord
[16/01/2010 18:47:32] /c dragon lord
[16/01/2010 18:47:32] /c dragon lord
[16/01/2010 18:47:32] /c dragon lord
[16/01/2010 18:47:32] /c dragon lord
[16/01/2010 18:47:32] /c dragon lord
[16/01/2010 18:47:32] /c dragon lord
[16/01/2010 18:47:32] /c dragon lord
[16/01/2010 18:47:32] /c dragon lord
[16/01/2010 18:47:32] /c dragon lord
[16/01/2010 18:47:32] /c dragon lord
[16/01/2010 18:47:32] /c dragon lord
[16/01/2010 18:47:32] /c dragon lord
[16/01/2010 18:47:32] /c dragon lord
[16/01/2010 18:47:32] /c dragon lord
[16/01/2010 18:47:32] /c dragon lord
[16/01/2010 18:47:32] /c dragon lord
[16/01/2010 18:47:32] /c dragon lord
[16/01/2010 18:47:32] /c dragon lord
[16/01/2010 18:47:32] /c dragon lord
[16/01/2010 18:47:32] /c dragon lord
[16/01/2010 18:47:33] /c dragon lord
[16/01/2010 18:47:33] /c dragon lord
[16/01/2010 18:47:33] /c dragon lord
[16/01/2010 18:47:33] /c dragon lord
[16/01/2010 18:47:33] /c dragon lord
[16/01/2010 18:47:33] /c dragon lord
[16/01/2010 18:47:34] /c dragon lord
[16/01/2010 18:47:35] /c dragon lord
[16/01/2010 18:47:35] /c dragon lord
[16/01/2010 18:47:35] /c dragon lord
[16/01/2010 18:47:35] /c dragon lord
[16/01/2010 18:47:35] /c dragon lord
[16/01/2010 18:47:36] /c dragon lord
[16/01/2010 18:47:36] /c dragon lord
[16/01/2010 18:47:36] /c dragon lord
[16/01/2010 18:47:36] /c dragon lord
[16/01/2010 18:47:36] /c dragon lord
[16/01/2010 18:47:36] /c dragon lord
[16/01/2010 18:47:36] /c dragon lord
[16/01/2010 18:47:36] /c dragon lord
[16/01/2010 18:47:36] /c dragon lord
[16/01/2010 18:47:36] /c dragon lord
[16/01/2010 18:47:36] /c dragon lord
[16/01/2010 18:47:36] /c dragon lord
[16/01/2010 18:47:36] /c dragon lord
[16/01/2010 18:47:36] /c dragon lord
[16/01/2010 18:47:36] /c dragon lord
[16/01/2010 18:47:36] /c dragon lord
[16/01/2010 18:47:36] /c dragon lord
[16/01/2010 18:47:36] /c dragon lord
[16/01/2010 18:47:36] /c dragon lord
[16/01/2010 18:47:36] /c dragon lord
[16/01/2010 18:47:36] /c dragon lord
[16/01/2010 18:47:36] /c dragon lord
[16/01/2010 18:47:36] /c dragon lord
[16/01/2010 18:47:36] /c dragon lord
[16/01/2010 18:47:36] /c dragon lord
[16/01/2010 18:47:36] /c dragon lord
[16/01/2010 18:47:36] /c dragon lord
[16/01/2010 18:47:37] /c dragon lord
[16/01/2010 18:47:37] /c dragon lord
[16/01/2010 18:47:37] /c dragon lord
[16/01/2010 18:47:37] /c dragon lord
[16/01/2010 18:47:37] /c dragon lord
[16/01/2010 18:47:37] /c dragon lord
[16/01/2010 18:47:37] /c dragon lord
[16/01/2010 18:47:37] /c dragon lord
[16/01/2010 18:47:37] /c dragon lord
[16/01/2010 18:47:37] /c dragon lord
[16/01/2010 18:47:37] /c dragon lord
[16/01/2010 18:47:37] /c dragon lord
[16/01/2010 18:47:37] /c dragon lord
[16/01/2010 18:47:37] /c dragon lord
[16/01/2010 18:47:37] /c dragon lord
[16/01/2010 18:47:37] /c dragon lord
[16/01/2010 18:47:37] /c dragon lord
[16/01/2010 18:47:37] /c dragon lord
[16/01/2010 18:47:37] /c dragon lord
[16/01/2010 18:47:37] /c dragon lord
[16/01/2010 18:47:37] /c dragon lord
[16/01/2010 18:47:37] /c dragon lord
[16/01/2010 18:47:37] /c dragon lord
[16/01/2010 18:47:37] /c dragon lord
[16/01/2010 18:47:37] /c dragon lord
[16/01/2010 18:47:37] /c dragon lord
[16/01/2010 18:47:37] /c dragon lord
[16/01/2010 18:47:37] /c dragon lord
[16/01/2010 18:47:37] /c dragon lord
[16/01/2010 18:47:38] /c dragon lord
[16/01/2010 18:47:38] /c dragon lord
[16/01/2010 18:47:38] /c dragon lord
[16/01/2010 18:47:38] /c dragon lord
[16/01/2010 18:47:38] /c dragon lord
[16/01/2010 18:47:38] /c dragon lord
[16/01/2010 18:47:38] /c dragon lord
[16/01/2010 18:47:38] /c dragon lord
[16/01/2010 18:47:38] /c dragon lord
[16/01/2010 18:47:38] /c dragon lord
[16/01/2010 18:47:38] /c dragon lord
[16/01/2010 18:47:38] /c dragon lord
[16/01/2010 18:47:38] /c dragon lord
[16/01/2010 18:47:38] /c dragon lord
[16/01/2010 18:47:38] /c dragon lord
[16/01/2010 18:47:38] /c dragon lord
[16/01/2010 18:47:38] /c dragon lord
[16/01/2010 18:47:38] /c dragon lord
[16/01/2010 18:47:38] /c dragon lord
[16/01/2010 18:47:38] /c dragon lord
[16/01/2010 18:47:38] /c dragon lord
[16/01/2010 18:47:38] /c dragon lord
[16/01/2010 18:47:38] /c dragon lord
[16/01/2010 18:47:38] /c dragon lord
[16/01/2010 18:47:38] /c dragon lord
[16/01/2010 18:47:38] /c dragon lord
[16/01/2010 18:47:38] /c dragon lord
[16/01/2010 18:47:39] /c dragon lord
[16/01/2010 18:47:39] /c dragon lord
[16/01/2010 18:47:39] /c dragon lord
[16/01/2010 18:47:39] /c dragon lord
[16/01/2010 18:47:39] /c dragon lord
[16/01/2010 18:47:39] /c dragon lord
[16/01/2010 18:47:39] /c dragon lord
[16/01/2010 18:47:39] /c dragon lord
[16/01/2010 18:47:39] /c dragon lord
[16/01/2010 18:47:39] /c dragon lord
[16/01/2010 18:47:39] /c dragon lord
[16/01/2010 18:47:39] /c dragon lord
[16/01/2010 18:47:39] /c dragon lord
[16/01/2010 18:47:39] /c dragon lord
[16/01/2010 18:47:39] /c dragon lord
[16/01/2010 18:47:39] /c dragon lord
[16/01/2010 18:47:39] /c dragon lord
[16/01/2010 18:47:39] /c dragon lord
[16/01/2010 18:47:39] /c dragon lord
[16/01/2010 18:47:39] /c dragon lord
[16/01/2010 18:47:39] /c dragon lord
[16/01/2010 18:47:39] /c dragon lord
[16/01/2010 18:47:39] /c dragon lord
[16/01/2010 18:47:39] /c dragon lord
[16/01/2010 18:47:39] /c dragon lord
[16/01/2010 18:47:39] /c dragon lord
[16/01/2010 18:47:39] /c dragon lord
[16/01/2010 18:47:39] /c dragon lord
[16/01/2010 18:47:39] /c dragon lord
[16/01/2010 18:47:40] /c dragon lord
[16/01/2010 18:47:40] /c dragon lord
[16/01/2010 18:47:40] /c dragon lord
[16/01/2010 18:47:40] /c dragon lord
[16/01/2010 18:47:40] /c dragon lord
[16/01/2010 18:47:40] /c dragon lord
[16/01/2010 18:47:40] /c dragon lord
[16/01/2010 18:47:40] /c dragon lord
[16/01/2010 18:47:40] /c dragon lord
[16/01/2010 18:47:40] /c dragon lord
[16/01/2010 18:47:40] /c dragon lord
[16/01/2010 18:47:40] /c dragon lord
[16/01/2010 18:47:40] /c dragon lord
[16/01/2010 18:47:40] /c dragon lord
[16/01/2010 18:47:40] /c dragon lord
[16/01/2010 18:47:40] /c dragon lord
[16/01/2010 18:47:40] /c dragon lord
[16/01/2010 18:47:40] /c dragon lord
[16/01/2010 18:47:40] /c dragon lord
[16/01/2010 18:47:40] /c dragon lord
[16/01/2010 18:47:40] /c dragon lord
[16/01/2010 18:47:40] /c dragon lord
[16/01/2010 18:47:40] /c dragon lord
[16/01/2010 18:47:40] /c dragon lord
[16/01/2010 18:47:40] /c dragon lord
[16/01/2010 18:47:40] /c dragon lord
[16/01/2010 18:47:40] /c dragon lord
[16/01/2010 18:47:41] /c dragon lord
[16/01/2010 18:47:41] /c dragon lord
[16/01/2010 18:47:41] /c dragon lord
[16/01/2010 18:47:41] /c dragon lord
[16/01/2010 18:47:41] /c dragon lord
[16/01/2010 18:47:41] /c dragon lord
[16/01/2010 18:47:41] /c dragon lord
[16/01/2010 18:47:41] /c dragon lord
[16/01/2010 18:47:41] /c dragon lord
[16/01/2010 18:47:41] /c dragon lord
[16/01/2010 18:47:41] /c dragon lord
[16/01/2010 18:47:41] /c dragon lord
[16/01/2010 18:47:41] /c dragon lord
[16/01/2010 18:47:41] /c dragon lord
[16/01/2010 18:47:41] /c dragon lord
[16/01/2010 18:47:41] /c dragon lord
[16/01/2010 18:47:41] /c dragon lord
[16/01/2010 18:47:41] /c dragon lord
[16/01/2010 18:47:41] /c dragon lord
[16/01/2010 18:47:41] /c dragon lord
[16/01/2010 18:47:41] /c dragon lord
[16/01/2010 18:47:41] /c dragon lord
[16/01/2010 18:47:41] /c dragon lord
[16/01/2010 18:47:41] /c dragon lord
[16/01/2010 18:47:41] /c dragon lord
[16/01/2010 18:47:41] /c dragon lord
[16/01/2010 18:47:41] /c dragon lord
[16/01/2010 18:47:41] /c dragon lord
[16/01/2010 18:47:42] /c dragon lord
[16/01/2010 18:47:42] /c dragon lord
[16/01/2010 18:47:42] /c dragon lord
[16/01/2010 18:47:42] /c dragon lord
[16/01/2010 18:47:42] /c dragon lord
[16/01/2010 18:47:42] /c dragon lord
[16/01/2010 18:47:42] /c dragon lord
[16/01/2010 18:47:42] /c dragon lord
[16/01/2010 18:47:42] /c dragon lord
[16/01/2010 18:47:42] /c dragon lord
[16/01/2010 18:47:42] /c dragon lord
[16/01/2010 18:47:42] /c dragon lord
[16/01/2010 18:47:42] /c dragon lord
[16/01/2010 18:47:42] /c dragon lord
[16/01/2010 18:47:42] /c dragon lord
[16/01/2010 18:47:42] /c dragon lord
[16/01/2010 18:47:42] /c dragon lord
[16/01/2010 18:47:42] /c dragon lord
[16/01/2010 18:47:42] /c dragon lord
[16/01/2010 18:47:42] /c dragon lord
[16/01/2010 18:47:42] /c dragon lord
[16/01/2010 18:47:42] /c dragon lord
[16/01/2010 18:47:42] /c dragon lord
[16/01/2010 18:47:42] /c dragon lord
[16/01/2010 18:47:42] /c dragon lord
[16/01/2010 18:47:42] /c dragon lord
[16/01/2010 18:47:42] /c dragon lord
[16/01/2010 18:47:42] /c dragon lord
[16/01/2010 18:47:43] /c dragon lord
[16/01/2010 18:47:43] /c dragon lord
[16/01/2010 18:47:43] /c dragon lord
[16/01/2010 18:47:43] /c dragon lord
[16/01/2010 18:47:43] /c dragon lord
[16/01/2010 18:47:43] /c dragon lord
[16/01/2010 18:47:43] /c dragon lord
[16/01/2010 18:47:43] /c dragon lord
[16/01/2010 18:47:43] /c dragon lord
[16/01/2010 18:47:43] /c dragon lord
[16/01/2010 18:47:43] /c dragon lord
[16/01/2010 18:47:44] /c dragon lord
[16/01/2010 18:47:44] /c dragon lord
[16/01/2010 18:47:44] /c dragon lord
[16/01/2010 18:47:44] /c dragon lord
[16/01/2010 18:47:44] /c dragon lord
[16/01/2010 18:47:44] /c dragon lord
[16/01/2010 18:47:44] /c dragon lord
[16/01/2010 18:47:44] /c dragon lord
[16/01/2010 18:47:44] /c dragon lord
[16/01/2010 18:47:44] /c dragon lord
[16/01/2010 18:47:44] /c dragon lord
[16/01/2010 18:47:44] /c dragon lord
[16/01/2010 18:47:44] /c dragon lord
[16/01/2010 18:47:44] /c dragon lord
[16/01/2010 18:47:44] /c dragon lord
[16/01/2010 18:47:44] /c dragon lord
[16/01/2010 18:47:44] /c dragon lord
[16/01/2010 18:47:44] /c dragon lord
[16/01/2010 18:47:44] /c dragon lord
[16/01/2010 18:47:44] /c dragon lord
[16/01/2010 18:47:44] /c dragon lord
[16/01/2010 18:47:44] /c dragon lord
[16/01/2010 18:47:44] /c dragon lord
[16/01/2010 18:47:44] /c dragon lord
[16/01/2010 18:47:44] /c dragon lord
[16/01/2010 18:47:44] /c dragon lord
[16/01/2010 18:47:44] /c dragon lord
[16/01/2010 18:47:44] /c dragon lord
[16/01/2010 18:47:44] /c dragon lord
[16/01/2010 18:47:45] /c dragon lord
[16/01/2010 18:47:45] /c dragon lord
[16/01/2010 18:47:45] /c dragon lord
[16/01/2010 18:47:45] /c dragon lord
[16/01/2010 18:47:45] /c dragon lord
[16/01/2010 18:47:45] /c dragon lord
[16/01/2010 18:47:45] /c dragon lord
[16/01/2010 18:47:45] /c dragon lord
[16/01/2010 18:47:45] /c dragon lord
[16/01/2010 18:47:45] /c dragon lord
[16/01/2010 18:47:45] /c dragon lord
[16/01/2010 18:47:45] /c dragon lord
[16/01/2010 18:47:45] /c dragon lord
[16/01/2010 18:47:45] /c dragon lord
[16/01/2010 18:47:45] /c dragon lord
[16/01/2010 18:47:45] /c dragon lord
[16/01/2010 18:47:45] /c dragon lord
[16/01/2010 18:47:45] /c dragon lord
[16/01/2010 18:47:45] /c dragon lord
[16/01/2010 18:47:45] /c dragon lord
[16/01/2010 18:47:45] /c dragon lord
[16/01/2010 18:47:45] /c dragon lord
[16/01/2010 18:47:45] /c dragon lord
[16/01/2010 18:47:45] /c dragon lord
[16/01/2010 18:47:45] /c dragon lord
[16/01/2010 18:47:45] /c dragon lord
[16/01/2010 18:47:45] /c dragon lord
[16/01/2010 18:47:46] /c dragon lord
[16/01/2010 18:47:46] /c dragon lord
[16/01/2010 18:47:46] /c dragon lord
[16/01/2010 18:47:46] /c dragon lord
[16/01/2010 18:47:46] /c dragon lord
[16/01/2010 18:47:46] /c dragon lord
[16/01/2010 18:47:46] /c dragon lord
[16/01/2010 18:47:46] /c dragon lord
[16/01/2010 18:47:46] /c dragon lord
[16/01/2010 18:47:46] /c dragon lord
[16/01/2010 18:47:46] /c dragon lord
[16/01/2010 18:47:46] /c dragon lord
[16/01/2010 18:47:46] /c dragon lord
[16/01/2010 18:47:46] /c dragon lord
[16/01/2010 18:47:46] /c dragon lord
[16/01/2010 18:47:46] /c dragon lord
[16/01/2010 18:47:46] /c dragon lord
[16/01/2010 18:47:46] /c dragon lord
[16/01/2010 18:47:46] /c dragon lord
[16/01/2010 18:47:46] /c dragon lord
[16/01/2010 18:47:46] /c dragon lord
[16/01/2010 18:47:46] /c dragon lord
[16/01/2010 18:47:46] /c dragon lord
[16/01/2010 18:47:46] /c dragon lord
[16/01/2010 18:47:46] /c dragon lord
[16/01/2010 18:47:46] /c dragon lord
[16/01/2010 18:47:46] /c dragon lord
[16/01/2010 18:47:46] /c dragon lord
[16/01/2010 18:47:46] /c dragon lord
[16/01/2010 18:47:47] /c dragon lord
[16/01/2010 18:47:47] /c dragon lord
[16/01/2010 18:47:47] /c dragon lord
[16/01/2010 18:47:47] /c dragon lord
[16/01/2010 18:47:47] /c dragon lord
[16/01/2010 18:47:47] /c dragon lord
[16/01/2010 18:47:47] /c dragon lord
[16/01/2010 18:47:47] /c dragon lord
[16/01/2010 18:47:47] /c dragon lord
[16/01/2010 18:47:47] /c dragon lord
[16/01/2010 18:47:47] /c dragon lord
[16/01/2010 18:47:47] /c dragon lord
[16/01/2010 18:47:47] /c dragon lord
[16/01/2010 18:47:47] /c dragon lord
[16/01/2010 18:47:47] /c dragon lord
[16/01/2010 18:47:47] /c dragon lord
[16/01/2010 18:47:47] /c dragon lord
[16/01/2010 18:47:47] /c dragon lord
[16/01/2010 18:47:47] /c dragon lord
[16/01/2010 18:47:47] /c dragon lord
[16/01/2010 18:47:47] /c dragon lord
[16/01/2010 18:47:47] /c dragon lord
[16/01/2010 18:47:47] /c dragon lord
[16/01/2010 18:47:47] /c dragon lord
[16/01/2010 18:47:47] /c dragon lord
[16/01/2010 18:47:47] /c dragon lord
[16/01/2010 18:47:47] /c dragon lord
[16/01/2010 18:47:48] /c dragon lord
[16/01/2010 18:47:48] /c dragon lord
[16/01/2010 18:47:48] /c dragon lord
[16/01/2010 18:47:48] /c dragon lord
[16/01/2010 18:47:48] /c dragon lord
[16/01/2010 18:47:48] /c dragon lord
[16/01/2010 18:47:48] /c dragon lord
[16/01/2010 18:47:48] /c dragon lord
[16/01/2010 18:47:48] /c dragon lord
[16/01/2010 18:47:48] /c dragon lord
[16/01/2010 18:47:48] /c dragon lord
[16/01/2010 18:47:48] /c dragon lord
[16/01/2010 18:47:48] /c dragon lord
[16/01/2010 18:47:48] /c dragon lord
[16/01/2010 18:47:48] /c dragon lord
[16/01/2010 18:47:48] /c dragon lord
[16/01/2010 18:47:48] /c dragon lord
[16/01/2010 18:47:48] /c dragon lord
[16/01/2010 18:47:48] /c dragon lord
[16/01/2010 18:47:48] /c dragon lord
[16/01/2010 18:47:48] /c dragon lord
[16/01/2010 18:47:48] /c dragon lord
[16/01/2010 18:47:48] /c dragon lord
[16/01/2010 18:47:48] /c dragon lord
[16/01/2010 18:47:48] /c dragon lord
[16/01/2010 18:47:48] /c dragon lord
[16/01/2010 18:47:48] /c dragon lord
[16/01/2010 18:47:48] /c dragon lord
[16/01/2010 18:47:49] /c dragon lord
[16/01/2010 18:47:49] /c dragon lord
[16/01/2010 18:47:49] /c dragon lord
[16/01/2010 18:47:49] /c dragon lord
[16/01/2010 18:47:49] /c dragon lord
[16/01/2010 18:47:49] /c dragon lord
[16/01/2010 18:47:49] /c dragon lord
[16/01/2010 18:47:49] /c dragon lord
[16/01/2010 18:47:49] /c dragon lord
[16/01/2010 18:47:49] /c dragon lord
[16/01/2010 18:47:49] /c dragon lord
[16/01/2010 18:47:49] /c dragon lord
[16/01/2010 18:47:49] /c dragon lord
[16/01/2010 18:47:49] /c dragon lord
[16/01/2010 18:47:49] /c dragon lord
[16/01/2010 18:47:49] /c dragon lord
[16/01/2010 18:47:56] /c dragon lord
[16/01/2010 18:48:00] /c dragon lord
[16/01/2010 18:48:05] /a 2
[16/01/2010 18:50:33] /b axei bug
[16/01/2010 18:50:43] /a 2
[16/01/2010 18:50:43] /a 2
[16/01/2010 18:51:12] /a 2
[16/01/2010 18:51:12] /a 2
[16/01/2010 18:51:13] /a 2
[16/01/2010 18:51:18] /a 2
[16/01/2010 18:51:21] /a 2
[16/01/2010 18:51:22] /a 2
[16/01/2010 18:51:23] /a 2
[16/01/2010 18:51:26] /a 2
[16/01/2010 18:51:27] /a 2
[16/01/2010 18:51:28] /a 2
[16/01/2010 18:51:28] /a 2
[16/01/2010 18:51:30] /a 2
[16/01/2010 18:51:31] /a 2
[16/01/2010 18:51:36] /a 2
[16/01/2010 18:51:36] /a 2
[16/01/2010 18:51:37] /a 2
[16/01/2010 18:51:37] /a 2
[16/01/2010 18:51:39] /a 2
[16/01/2010 18:51:52] /b axei
[16/01/2010 18:52:00] /b agora axei
[16/01/2010 18:52:15] /up
[16/01/2010 18:52:19] /up
[16/01/2010 18:52:24] /up
[16/01/2010 18:52:32] /a 2
[16/01/2010 18:52:33] /a 2
[16/01/2010 18:52:34] /a 2
[16/01/2010 18:52:34] /a 2
[16/01/2010 18:52:34] /a 2
[16/01/2010 18:52:35] /a 2
[16/01/2010 18:52:35] /a 2
[16/01/2010 18:52:36] /a 2
[16/01/2010 18:52:37] /a 2
[16/01/2010 18:52:38] /a 2
[16/01/2010 18:52:39] /a 2
[16/01/2010 18:52:44] /a 2
[16/01/2010 18:52:45] /a 2
[16/01/2010 18:52:45] /a 2
[16/01/2010 18:52:45] /a 2
[16/01/2010 18:52:46] /a 2
[16/01/2010 18:52:54] /a 2
[16/01/2010 18:52:56] /a 2
[16/01/2010 18:52:57] /a 2
[16/01/2010 18:52:58] /a 2
[16/01/2010 18:52:59] /a 2
[16/01/2010 18:52:59] /a 2
[16/01/2010 18:53:00] /a 2
[16/01/2010 18:53:00] /a 2
[16/01/2010 18:53:01] /a 2
[16/01/2010 18:53:01] /a 2
[16/01/2010 18:53:01] /a 2
[16/01/2010 18:53:02] /a 2
[16/01/2010 18:53:02] /a 2
[16/01/2010 18:53:02] /a 2
[16/01/2010 18:53:03] /a 2
[16/01/2010 18:53:03] /a 2
[16/01/2010 18:53:03] /a 2
[16/01/2010 18:53:03] /a 2
[16/01/2010 18:53:04] /a 2
[16/01/2010 18:53:04] /a 2
[16/01/2010 18:53:04] /a 2
[16/01/2010 18:53:06] /a 2
[16/01/2010 18:53:07] /a 2
[16/01/2010 18:53:07] /a 2
[16/01/2010 18:53:08] /a 2
[16/01/2010 18:53:08] /a 2
[16/01/2010 18:53:08] /a 2
[16/01/2010 18:53:08] /a 2
[16/01/2010 18:53:09] /a 2
[16/01/2010 18:53:09] /a 2
[16/01/2010 18:53:09] /a 2
[16/01/2010 18:53:10] /a 2
[16/01/2010 18:53:10] /a 2
[16/01/2010 18:53:55] /a 2
[16/01/2010 18:53:56] /a 2
[16/01/2010 18:53:57] /a 2
[16/01/2010 18:53:57] /a 2
[16/01/2010 18:53:57] /a 2
[16/01/2010 18:53:57] /a 2
[16/01/2010 18:53:58] /a 2
[16/01/2010 18:53:59] /a 2
[16/01/2010 18:54:00] /a 2
[16/01/2010 18:54:00] /a 2
[16/01/2010 18:54:01] /a 2
[16/01/2010 18:54:02] /a 2
[16/01/2010 18:54:04] /a 2
[16/01/2010 18:54:10] /town 5
[16/01/2010 18:54:18] /a 2
[16/01/2010 18:54:20] /a 2
[16/01/2010 18:54:33] /a 2
[16/01/2010 18:54:34] /a 2
