[16/01/2010 17:56:21] /a
[16/01/2010 17:56:26] /a
[16/01/2010 17:56:31] /a 30
[16/01/2010 17:56:32] /a 2
[16/01/2010 17:56:49] /kick juninamigo do alissow
[16/01/2010 17:57:21] /ghost
[16/01/2010 17:57:31] /t
[16/01/2010 17:57:39] /raid ferumbras
[16/01/2010 18:01:21] /c rotworm
[16/01/2010 18:02:05] /a 2
[16/01/2010 18:02:27] /town 16
[16/01/2010 18:03:05] /c hariox palle
[16/01/2010 18:03:12] /c hariox mex
[16/01/2010 18:03:28] /b nada de erro na 156
[16/01/2010 18:03:30] /b nada de erro na 16
[16/01/2010 18:03:42] /town 17
[16/01/2010 18:03:46] /town 3
[16/01/2010 18:03:51] /c hariox palle
[16/01/2010 18:03:57] /c hariox mex
[16/01/2010 18:04:06] /i crystal coin
[16/01/2010 18:04:13] /c hariox mex
[16/01/2010 18:04:15] /c hariox mex
[16/01/2010 18:04:23] /t hariox mex
[16/01/2010 18:04:25] /t
[16/01/2010 18:04:49] /i infernal bolt
[16/01/2010 18:04:55] /i devoleye
[16/01/2010 18:04:58] /i devoleye
[16/01/2010 18:05:04] /i royal crossbow
[16/01/2010 18:05:39] /i backpack
[16/01/2010 18:05:53] /m bazir
[16/01/2010 18:06:39] /b discubri um bixo ke buga
[16/01/2010 18:06:41] /r
[16/01/2010 18:06:45] /r
[16/01/2010 18:07:00] /r
[16/01/2010 18:07:49] /r
[16/01/2010 18:07:59] /b bazir tah buggado
[16/01/2010 18:08:10] /c hariox mex
[16/01/2010 18:08:14] /m morgaroth
[16/01/2010 18:08:38] /goto joao
[16/01/2010 18:08:49] /m lavanos
[16/01/2010 18:12:03] /t
[16/01/2010 18:12:24] /goto joao
[16/01/2010 18:13:10] /town 13
[16/01/2010 18:13:15] /ghost
[16/01/2010 18:13:18] /ghost
[16/01/2010 18:13:35] /m orshabaal
[16/01/2010 18:13:38] /c hariox mex
[16/01/2010 18:13:47] /c hariox mex
[16/01/2010 18:14:13] /town 12
[16/01/2010 18:14:30] /c hariox mex
[16/01/2010 18:15:18] /newtype 350
[16/01/2010 18:15:24] /newtype 432
[16/01/2010 18:15:27] /newtype 2324
[16/01/2010 18:15:29] /newtype 232
[16/01/2010 18:15:41] /newtype 1
[16/01/2010 18:15:48] /newtype 242
[16/01/2010 18:16:00] /newtype 246
[16/01/2010 18:16:12] /newtype 249
[16/01/2010 18:16:33] /newtype 267
[16/01/2010 18:17:01] /goto GOd Bruno
[16/01/2010 18:18:41] /c god bruno
[16/01/2010 18:18:47] /b sabe s
[16/01/2010 18:19:26] /a 30
[16/01/2010 18:19:33] /c god bruno
[16/01/2010 18:19:46] /newtype 267
[16/01/2010 18:19:59] /goto God Bruno
[16/01/2010 18:20:11] /a
[16/01/2010 18:20:11] /a
[16/01/2010 18:20:11] /a
[16/01/2010 18:20:11] /a
[16/01/2010 18:20:11] /a
[16/01/2010 18:20:11] /a
[16/01/2010 18:20:12] /a
[16/01/2010 18:20:12] /a
[16/01/2010 18:20:12] /a
[16/01/2010 18:20:12] /a
[16/01/2010 18:20:12] /a
[16/01/2010 18:20:12] /a
[16/01/2010 18:20:12] /a
[16/01/2010 18:20:12] /a
[16/01/2010 18:20:12] /a
[16/01/2010 18:20:12] /a
[16/01/2010 18:20:12] /a
[16/01/2010 18:20:12] /a
[16/01/2010 18:20:13] /a
[16/01/2010 18:20:15] /a
[16/01/2010 18:20:15] /a
[16/01/2010 18:20:15] /a
[16/01/2010 18:20:15] /a
[16/01/2010 18:20:15] /a
[16/01/2010 18:20:15] /a
[16/01/2010 18:20:15] /a
[16/01/2010 18:20:15] /a
[16/01/2010 18:20:15] /a
[16/01/2010 18:20:15] /a
[16/01/2010 18:20:15] /a
[16/01/2010 18:20:16] /a
[16/01/2010 18:20:16] /a
[16/01/2010 18:20:16] /a
[16/01/2010 18:20:16] /a
[16/01/2010 18:20:16] /a
[16/01/2010 18:20:16] /a
[16/01/2010 18:20:16] /a
[16/01/2010 18:20:16] /a
[16/01/2010 18:20:16] /a
[16/01/2010 18:20:16] /a
[16/01/2010 18:20:16] /a
[16/01/2010 18:20:16] /a
[16/01/2010 18:20:16] /a
[16/01/2010 18:20:16] /a
[16/01/2010 18:20:16] /a
[16/01/2010 18:20:16] /a
[16/01/2010 18:20:16] /a
[16/01/2010 18:20:16] /a
[16/01/2010 18:20:16] /a
[16/01/2010 18:20:16] /a
[16/01/2010 18:20:16] /a
[16/01/2010 18:20:16] /a
[16/01/2010 18:20:16] /a
[16/01/2010 18:20:16] /a
[16/01/2010 18:20:16] /a
[16/01/2010 18:20:16] /a
[16/01/2010 18:20:16] /a
[16/01/2010 18:20:16] /a
[16/01/2010 18:20:16] /a
[16/01/2010 18:20:17] /a
[16/01/2010 18:20:17] /a
[16/01/2010 18:20:17] /a
[16/01/2010 18:20:17] /a
[16/01/2010 18:20:17] /a
[16/01/2010 18:20:17] /a
[16/01/2010 18:20:17] /a
[16/01/2010 18:20:17] /a
[16/01/2010 18:20:17] /a
[16/01/2010 18:20:17] /a
[16/01/2010 18:20:17] /a
[16/01/2010 18:20:17] /a
[16/01/2010 18:20:17] /a
[16/01/2010 18:20:17] /a
[16/01/2010 18:20:17] /a
[16/01/2010 18:20:17] /a
[16/01/2010 18:20:17] /a
[16/01/2010 18:20:17] /a
[16/01/2010 18:20:17] /a
[16/01/2010 18:20:17] /a
[16/01/2010 18:20:17] /a
[16/01/2010 18:20:17] /a
[16/01/2010 18:20:17] /a
[16/01/2010 18:20:17] /a
[16/01/2010 18:20:17] /a
[16/01/2010 18:20:17] /a
[16/01/2010 18:20:17] /a
[16/01/2010 18:20:17] /a
[16/01/2010 18:20:17] /a
[16/01/2010 18:20:18] /a
[16/01/2010 18:20:18] /a
[16/01/2010 18:20:18] /a
[16/01/2010 18:20:18] /a
[16/01/2010 18:20:18] /a
[16/01/2010 18:20:18] /a
[16/01/2010 18:20:18] /a
[16/01/2010 18:20:18] /a
[16/01/2010 18:20:18] /a
[16/01/2010 18:20:18] /a
[16/01/2010 18:20:18] /a
[16/01/2010 18:20:18] /a
[16/01/2010 18:20:18] /a
[16/01/2010 18:20:18] /a
[16/01/2010 18:20:19] /a
[16/01/2010 18:20:19] /a
[16/01/2010 18:20:20] /a
[16/01/2010 18:20:20] /a
[16/01/2010 18:20:20] /a
[16/01/2010 18:20:20] /a
[16/01/2010 18:20:21] /a
[16/01/2010 18:20:21] /a
[16/01/2010 18:20:21] /a
[16/01/2010 18:20:22] /a
[16/01/2010 18:20:22] /a
[16/01/2010 18:20:23] /a
[16/01/2010 18:20:23] /a
[16/01/2010 18:20:23] /a
[16/01/2010 18:20:23] /a
[16/01/2010 18:20:28] /goto God Bruno
[16/01/2010 18:20:49] /goto God Bruno
[16/01/2010 18:20:53] /goto God Bruno
[16/01/2010 18:20:53] /goto God Bruno
[16/01/2010 18:20:53] /goto God Bruno
[16/01/2010 18:20:54] /goto God Bruno
[16/01/2010 18:20:54] /goto God Bruno
[16/01/2010 18:20:54] /goto God Bruno
[16/01/2010 18:20:54] /goto God Bruno
[16/01/2010 18:20:55] /goto God Bruno
[16/01/2010 18:20:55] /goto God Bruno
[16/01/2010 18:20:56] /goto God Bruno
[16/01/2010 18:20:56] /goto God Bruno
[16/01/2010 18:20:56] /goto God Bruno
[16/01/2010 18:20:56] /goto God Bruno
[16/01/2010 18:20:56] /goto God Bruno
[16/01/2010 18:20:56] /goto God Bruno
[16/01/2010 18:20:56] /goto God Bruno
[16/01/2010 18:20:57] /goto God Bruno
[16/01/2010 18:20:57] /goto God Bruno
[16/01/2010 18:20:57] /goto God Bruno
[16/01/2010 18:20:58] /goto God Bruno
[16/01/2010 18:20:58] /goto God Bruno
[16/01/2010 18:20:58] /goto God Bruno
[16/01/2010 18:20:58] /goto God Bruno
[16/01/2010 18:20:59] /goto God Bruno
[16/01/2010 18:20:59] /goto God Bruno
[16/01/2010 18:20:59] /goto God Bruno
[16/01/2010 18:21:13] /c hariox mex
[16/01/2010 18:21:16] /goto God Bruno
[16/01/2010 18:21:23] /goto God Bruno
[16/01/2010 18:21:24] /c hariox mex
[16/01/2010 18:21:24] /goto God Bruno
[16/01/2010 18:21:25] /c hariox mex
[16/01/2010 18:21:25] /goto God Bruno
[16/01/2010 18:21:25] /c hariox mex
[16/01/2010 18:21:26] /goto God Bruno
[16/01/2010 18:21:26] /c hariox mex
[16/01/2010 18:21:26] /goto God Bruno
[16/01/2010 18:21:26] /c hariox mex
[16/01/2010 18:21:27] /goto God Bruno
[16/01/2010 18:21:27] /c hariox mex
[16/01/2010 18:21:27] /goto God Bruno
[16/01/2010 18:21:27] /c hariox mex
[16/01/2010 18:21:27] /goto God Bruno
[16/01/2010 18:21:27] /c hariox mex
[16/01/2010 18:21:27] /goto God Bruno
[16/01/2010 18:21:28] /c hariox mex
[16/01/2010 18:21:28] /goto God Bruno
[16/01/2010 18:21:28] /c hariox mex
[16/01/2010 18:21:28] /goto God Bruno
[16/01/2010 18:21:28] /c hariox mex
[16/01/2010 18:21:28] /goto God Bruno
[16/01/2010 18:21:28] /c hariox mex
[16/01/2010 18:21:28] /goto God Bruno
[16/01/2010 18:21:29] /c hariox mex
[16/01/2010 18:21:29] /goto God Bruno
[16/01/2010 18:21:29] /c hariox mex
[16/01/2010 18:21:29] /goto God Bruno
[16/01/2010 18:21:29] /c hariox mex
[16/01/2010 18:21:30] /goto God Bruno
[16/01/2010 18:21:30] /c hariox mex
[16/01/2010 18:21:30] /goto God Bruno
[16/01/2010 18:21:30] /c hariox mex
[16/01/2010 18:21:30] /goto God Bruno
[16/01/2010 18:21:30] /c hariox mex
[16/01/2010 18:21:30] /goto God Bruno
[16/01/2010 18:21:30] /c hariox mex
[16/01/2010 18:21:31] /goto God Bruno
[16/01/2010 18:21:31] /c hariox mex
[16/01/2010 18:21:31] /goto God Bruno
[16/01/2010 18:21:31] /c hariox mex
[16/01/2010 18:21:31] /goto God Bruno
[16/01/2010 18:21:31] /c hariox mex
[16/01/2010 18:21:32] /goto God Bruno
[16/01/2010 18:21:32] /c hariox mex
[16/01/2010 18:21:32] /goto God Bruno
[16/01/2010 18:21:32] /c hariox mex
[16/01/2010 18:21:32] /goto God Bruno
[16/01/2010 18:21:32] /c hariox mex
[16/01/2010 18:21:33] /goto God Bruno
[16/01/2010 18:21:33] /c hariox mex
[16/01/2010 18:21:33] /goto God Bruno
[16/01/2010 18:21:33] /c hariox mex
[16/01/2010 18:21:33] /goto God Bruno
[16/01/2010 18:21:33] /c hariox mex
[16/01/2010 18:21:34] /goto God Bruno
[16/01/2010 18:21:34] /c hariox mex
[16/01/2010 18:21:34] /goto God Bruno
[16/01/2010 18:21:34] /c hariox mex
[16/01/2010 18:21:34] /goto God Bruno
[16/01/2010 18:21:34] /c hariox mex
[16/01/2010 18:21:34] /goto God Bruno
[16/01/2010 18:21:35] /c hariox mex
[16/01/2010 18:21:35] /goto God Bruno
[16/01/2010 18:21:35] /c hariox mex
[16/01/2010 18:21:35] /goto God Bruno
[16/01/2010 18:21:35] /c hariox mex
[16/01/2010 18:21:35] /goto God Bruno
[16/01/2010 18:21:35] /c hariox mex
[16/01/2010 18:21:36] /goto God Bruno
[16/01/2010 18:21:37] /c hariox mex
[16/01/2010 18:21:37] /goto God Bruno
[16/01/2010 18:21:37] /c hariox mex
[16/01/2010 18:21:37] /goto God Bruno
[16/01/2010 18:21:37] /c hariox mex
[16/01/2010 18:21:37] /goto God Bruno
[16/01/2010 18:21:37] /c hariox mex
[16/01/2010 18:21:37] /goto God Bruno
[16/01/2010 18:21:37] /c hariox mex
[16/01/2010 18:21:38] /goto God Bruno
[16/01/2010 18:21:38] /c hariox mex
[16/01/2010 18:21:38] /goto God Bruno
[16/01/2010 18:21:38] /c hariox mex
[16/01/2010 18:21:38] /goto God Bruno
[16/01/2010 18:21:38] /c hariox mex
[16/01/2010 18:21:38] /goto God Bruno
[16/01/2010 18:21:38] /c hariox mex
[16/01/2010 18:21:38] /goto God Bruno
[16/01/2010 18:21:39] /goto God Bruno
[16/01/2010 18:21:39] /c hariox mex
[16/01/2010 18:21:51] /up
[16/01/2010 18:21:54] /a
[16/01/2010 18:21:55] /a
[16/01/2010 18:21:55] /a
[16/01/2010 18:21:57] /up
[16/01/2010 18:21:58] /up
[16/01/2010 18:22:01] /c hariox mex
[16/01/2010 18:22:07] /a
[16/01/2010 18:22:08] /a
[16/01/2010 18:22:08] /a
[16/01/2010 18:22:08] /a
[16/01/2010 18:22:09] /a
[16/01/2010 18:22:09] /a
[16/01/2010 18:22:11] /up
[16/01/2010 18:22:12] /up
[16/01/2010 18:22:12] /up
[16/01/2010 18:22:13] /up
[16/01/2010 18:22:13] /up
[16/01/2010 18:22:14] /up
[16/01/2010 18:22:14] /up
[16/01/2010 18:22:15] /up
[16/01/2010 18:22:16] /c hariox mex
[16/01/2010 18:22:17] /c hariox mex
[16/01/2010 18:22:18] /c hariox mex
[16/01/2010 18:22:22] /down
[16/01/2010 18:22:24] /down
[16/01/2010 18:22:24] /down
[16/01/2010 18:22:25] /down
[16/01/2010 18:22:27] /c hariox mex
[16/01/2010 18:22:34] /c hariox mex
[16/01/2010 18:22:41] /newtype 351
[16/01/2010 18:22:52] /newtype 268
[16/01/2010 18:22:56] /newtype 269
[16/01/2010 18:23:00] /newtype 270
[16/01/2010 18:23:06] /newtype 280
[16/01/2010 18:23:12] /newtype 267
[16/01/2010 18:23:22] /up
[16/01/2010 18:23:24] /up
[16/01/2010 18:23:27] /down
[16/01/2010 18:23:33] /c hariox mex
[16/01/2010 18:23:34] /c hariox mex
[16/01/2010 18:23:34] /c hariox mex
[16/01/2010 18:23:34] /c hariox mex
[16/01/2010 18:23:35] /c hariox mex
[16/01/2010 18:23:35] /c hariox mex
[16/01/2010 18:23:35] /c hariox mex
[16/01/2010 18:23:35] /c hariox mex
[16/01/2010 18:23:36] /c hariox mex
[16/01/2010 18:23:36] /c hariox mex
[16/01/2010 18:23:37] /c hariox mex
[16/01/2010 18:23:37] /c hariox mex
[16/01/2010 18:23:37] /c hariox mex
[16/01/2010 18:23:38] /c hariox mex
[16/01/2010 18:23:39] /c hariox mex
[16/01/2010 18:23:39] /c hariox mex
[16/01/2010 18:23:40] /c hariox mex
[16/01/2010 18:23:40] /c hariox mex
[16/01/2010 18:23:40] /c hariox mex
[16/01/2010 18:23:40] /c hariox mex
[16/01/2010 18:23:40] /c hariox mex
[16/01/2010 18:23:41] /c hariox mex
[16/01/2010 18:23:41] /c hariox mex
[16/01/2010 18:23:41] /c hariox mex
[16/01/2010 18:23:42] /c hariox mex
[16/01/2010 18:23:42] /c hariox mex
[16/01/2010 18:23:42] /c hariox mex
[16/01/2010 18:23:42] /c hariox mex
[16/01/2010 18:23:42] /c hariox mex
[16/01/2010 18:23:42] /c hariox mex
[16/01/2010 18:23:43] /c hariox mex
[16/01/2010 18:23:43] /c hariox mex
[16/01/2010 18:23:43] /c hariox mex
[16/01/2010 18:23:43] /c hariox mex
[16/01/2010 18:23:50] /up
[16/01/2010 18:23:51] /c hariox mex
[16/01/2010 18:23:56] /down
[16/01/2010 18:24:34] /b lol
[16/01/2010 18:24:52] /b kkkkkkkkkkkkkkkkkkkkkkkkkkkkk
[16/01/2010 18:24:59] /b rachey aki em casa
[16/01/2010 18:25:15] /b falei o karalho
[16/01/2010 18:25:28] /c hariox mex
[16/01/2010 18:25:32] /c hariox mex
[16/01/2010 18:25:41] /town 14
[16/01/2010 18:25:42] /c hariox mex
[16/01/2010 18:25:44] /c hariox mex
[16/01/2010 18:25:45] /c hariox mex
[16/01/2010 18:25:48] /c hariox mex
[16/01/2010 18:25:49] /c hariox mex
[16/01/2010 18:25:50] /c hariox mex
[16/01/2010 18:25:50] /c hariox mex
[16/01/2010 18:25:51] /c hariox mex
[16/01/2010 18:25:51] /c hariox mex
[16/01/2010 18:25:51] /c hariox mex
[16/01/2010 18:25:51] /c hariox mex
[16/01/2010 18:25:51] /c hariox mex
[16/01/2010 18:25:51] /c hariox mex
[16/01/2010 18:25:51] /c hariox mex
[16/01/2010 18:25:51] /c hariox mex
[16/01/2010 18:25:51] /c hariox mex
[16/01/2010 18:25:51] /c hariox mex
[16/01/2010 18:25:51] /c hariox mex
[16/01/2010 18:25:51] /c hariox mex
[16/01/2010 18:25:51] /c hariox mex
[16/01/2010 18:25:51] /c hariox mex
[16/01/2010 18:25:51] /c hariox mex
[16/01/2010 18:25:51] /c hariox mex
[16/01/2010 18:25:51] /c hariox mex
[16/01/2010 18:25:51] /c hariox mex
[16/01/2010 18:25:51] /c hariox mex
[16/01/2010 18:25:51] /c hariox mex
[16/01/2010 18:25:51] /c hariox mex
[16/01/2010 18:25:51] /c hariox mex
[16/01/2010 18:25:51] /c hariox mex
[16/01/2010 18:25:51] /c hariox mex
[16/01/2010 18:25:51] /c hariox mex
[16/01/2010 18:25:51] /c hariox mex
[16/01/2010 18:25:51] /c hariox mex
[16/01/2010 18:25:51] /c hariox mex
[16/01/2010 18:25:52] /c hariox mex
[16/01/2010 18:25:52] /c hariox mex
[16/01/2010 18:25:52] /c hariox mex
[16/01/2010 18:25:52] /c hariox mex
[16/01/2010 18:25:52] /c hariox mex
[16/01/2010 18:25:52] /c hariox mex
[16/01/2010 18:25:52] /c hariox mex
[16/01/2010 18:25:52] /c hariox mex
[16/01/2010 18:25:52] /c hariox mex
[16/01/2010 18:25:52] /c hariox mex
[16/01/2010 18:25:52] /c hariox mex
[16/01/2010 18:25:52] /c hariox mex
[16/01/2010 18:25:52] /c hariox mex
[16/01/2010 18:25:52] /c hariox mex
[16/01/2010 18:25:52] /c hariox mex
[16/01/2010 18:25:52] /c hariox mex
[16/01/2010 18:25:52] /c hariox mex
[16/01/2010 18:25:52] /c hariox mex
[16/01/2010 18:25:52] /c hariox mex
[16/01/2010 18:25:52] /c hariox mex
[16/01/2010 18:25:52] /c hariox mex
[16/01/2010 18:25:52] /c hariox mex
[16/01/2010 18:25:52] /c hariox mex
[16/01/2010 18:25:52] /c hariox mex
[16/01/2010 18:25:52] /c hariox mex
[16/01/2010 18:25:52] /c hariox mex
[16/01/2010 18:25:52] /c hariox mex
[16/01/2010 18:25:53] /c hariox mex
[16/01/2010 18:25:53] /c hariox mex
[16/01/2010 18:25:53] /c hariox mex
[16/01/2010 18:25:53] /c hariox mex
[16/01/2010 18:25:53] /c hariox mex
[16/01/2010 18:25:53] /c hariox mex
[16/01/2010 18:25:53] /c hariox mex
[16/01/2010 18:25:53] /c hariox mex
[16/01/2010 18:25:53] /c hariox mex
[16/01/2010 18:25:53] /c hariox mex
[16/01/2010 18:25:53] /c hariox mex
[16/01/2010 18:25:53] /c hariox mex
[16/01/2010 18:25:53] /c hariox mex
[16/01/2010 18:25:53] /c hariox mex
[16/01/2010 18:25:53] /c hariox mex
[16/01/2010 18:25:53] /c hariox mex
[16/01/2010 18:25:53] /c hariox mex
[16/01/2010 18:25:53] /c hariox mex
[16/01/2010 18:25:53] /c hariox mex
[16/01/2010 18:25:53] /c hariox mex
[16/01/2010 18:25:53] /c hariox mex
[16/01/2010 18:25:53] /c hariox mex
[16/01/2010 18:25:53] /c hariox mex
[16/01/2010 18:25:53] /c hariox mex
[16/01/2010 18:25:53] /c hariox mex
[16/01/2010 18:25:53] /c hariox mex
[16/01/2010 18:25:53] /c hariox mex
[16/01/2010 18:25:53] /c hariox mex
[16/01/2010 18:25:54] /c hariox mex
[16/01/2010 18:25:54] /c hariox mex
[16/01/2010 18:25:54] /c hariox mex
[16/01/2010 18:25:54] /c hariox mex
[16/01/2010 18:25:54] /c hariox mex
[16/01/2010 18:25:54] /c hariox mex
[16/01/2010 18:25:54] /c hariox mex
[16/01/2010 18:25:54] /c hariox mex
[16/01/2010 18:25:54] /c hariox mex
[16/01/2010 18:25:54] /c hariox mex
[16/01/2010 18:25:54] /c hariox mex
[16/01/2010 18:25:54] /c hariox mex
[16/01/2010 18:25:54] /c hariox mex
[16/01/2010 18:25:54] /c hariox mex
[16/01/2010 18:25:54] /c hariox mex
[16/01/2010 18:25:54] /c hariox mex
[16/01/2010 18:25:54] /c hariox mex
[16/01/2010 18:25:54] /c hariox mex
[16/01/2010 18:25:54] /c hariox mex
[16/01/2010 18:25:54] /c hariox mex
[16/01/2010 18:25:54] /c hariox mex
[16/01/2010 18:25:54] /c hariox mex
[16/01/2010 18:25:54] /c hariox mex
[16/01/2010 18:25:54] /c hariox mex
[16/01/2010 18:25:54] /c hariox mex
[16/01/2010 18:25:54] /c hariox mex
[16/01/2010 18:25:54] /c hariox mex
[16/01/2010 18:25:54] /c hariox mex
[16/01/2010 18:25:54] /c hariox mex
[16/01/2010 18:25:55] /c hariox mex
[16/01/2010 18:25:55] /c hariox mex
[16/01/2010 18:25:55] /c hariox mex
[16/01/2010 18:25:55] /c hariox mex
[16/01/2010 18:25:55] /c hariox mex
[16/01/2010 18:25:55] /c hariox mex
[16/01/2010 18:25:55] /c hariox mex
[16/01/2010 18:25:55] /c hariox mex
[16/01/2010 18:25:55] /c hariox mex
[16/01/2010 18:25:55] /c hariox mex
[16/01/2010 18:25:55] /c hariox mex
[16/01/2010 18:25:55] /c hariox mex
[16/01/2010 18:25:55] /c hariox mex
[16/01/2010 18:25:55] /c hariox mex
[16/01/2010 18:25:55] /c hariox mex
[16/01/2010 18:25:56] /c hariox mex
[16/01/2010 18:25:56] /c hariox mex
[16/01/2010 18:25:56] /c hariox mex
[16/01/2010 18:25:56] /c hariox mex
[16/01/2010 18:25:56] /c hariox mex
[16/01/2010 18:25:56] /c hariox mex
[16/01/2010 18:25:56] /c hariox mex
[16/01/2010 18:25:56] /c hariox mex
[16/01/2010 18:25:56] /c hariox mex
[16/01/2010 18:25:56] /c hariox mex
[16/01/2010 18:25:56] /c hariox mex
[16/01/2010 18:25:56] /c hariox mex
[16/01/2010 18:25:56] /c hariox mex
[16/01/2010 18:25:56] /c hariox mex
[16/01/2010 18:25:56] /c hariox mex
[16/01/2010 18:25:57] /c hariox mex
[16/01/2010 18:25:57] /c hariox mex
[16/01/2010 18:25:57] /c hariox mex
[16/01/2010 18:25:57] /c hariox mex
[16/01/2010 18:25:57] /c hariox mex
[16/01/2010 18:25:57] /c hariox mex
[16/01/2010 18:25:57] /c hariox mex
[16/01/2010 18:25:57] /c hariox mex
[16/01/2010 18:25:57] /c hariox mex
[16/01/2010 18:25:57] /c hariox mex
[16/01/2010 18:25:57] /c hariox mex
[16/01/2010 18:25:57] /c hariox mex
[16/01/2010 18:25:57] /c hariox mex
[16/01/2010 18:25:57] /c hariox mex
[16/01/2010 18:25:57] /c hariox mex
[16/01/2010 18:25:57] /c hariox mex
[16/01/2010 18:25:57] /c hariox mex
[16/01/2010 18:25:57] /c hariox mex
[16/01/2010 18:25:57] /c hariox mex
[16/01/2010 18:25:57] /c hariox mex
[16/01/2010 18:25:57] /c hariox mex
[16/01/2010 18:25:57] /c hariox mex
[16/01/2010 18:25:57] /c hariox mex
[16/01/2010 18:25:57] /c hariox mex
[16/01/2010 18:25:57] /c hariox mex
[16/01/2010 18:25:57] /c hariox mex
[16/01/2010 18:25:58] /c hariox mex
[16/01/2010 18:25:58] /c hariox mex
[16/01/2010 18:25:58] /c hariox mex
[16/01/2010 18:25:58] /c hariox mex
[16/01/2010 18:25:58] /c hariox mex
[16/01/2010 18:25:58] /c hariox mex
[16/01/2010 18:25:58] /c hariox mex
[16/01/2010 18:25:58] /c hariox mex
[16/01/2010 18:25:58] /c hariox mex
[16/01/2010 18:25:58] /c hariox mex
[16/01/2010 18:25:58] /c hariox mex
[16/01/2010 18:25:58] /c hariox mex
[16/01/2010 18:25:58] /c hariox mex
[16/01/2010 18:25:58] /c hariox mex
[16/01/2010 18:25:58] /c hariox mex
[16/01/2010 18:25:58] /c hariox mex
[16/01/2010 18:25:58] /c hariox mex
[16/01/2010 18:25:58] /c hariox mex
[16/01/2010 18:25:58] /c hariox mex
[16/01/2010 18:25:58] /c hariox mex
[16/01/2010 18:25:58] /c hariox mex
[16/01/2010 18:25:58] /c hariox mex
[16/01/2010 18:25:58] /c hariox mex
[16/01/2010 18:25:58] /c hariox mex
[16/01/2010 18:25:58] /c hariox mex
[16/01/2010 18:25:58] /c hariox mex
[16/01/2010 18:25:58] /c hariox mex
[16/01/2010 18:25:58] /c hariox mex
[16/01/2010 18:25:58] /c hariox mex
[16/01/2010 18:25:58] /c hariox mex
[16/01/2010 18:25:58] /c hariox mex
[16/01/2010 18:25:59] /c hariox mex
[16/01/2010 18:25:59] /c hariox mex
[16/01/2010 18:25:59] /c hariox mex
[16/01/2010 18:25:59] /c hariox mex
[16/01/2010 18:25:59] /c hariox mex
[16/01/2010 18:25:59] /c hariox mex
[16/01/2010 18:25:59] /c hariox mex
[16/01/2010 18:25:59] /c hariox mex
[16/01/2010 18:25:59] /c hariox mex
[16/01/2010 18:25:59] /c hariox mex
[16/01/2010 18:25:59] /c hariox mex
[16/01/2010 18:25:59] /c hariox mex
[16/01/2010 18:25:59] /c hariox mex
[16/01/2010 18:25:59] /c hariox mex
[16/01/2010 18:25:59] /c hariox mex
[16/01/2010 18:25:59] /c hariox mex
[16/01/2010 18:25:59] /c hariox mex
[16/01/2010 18:25:59] /c hariox mex
[16/01/2010 18:25:59] /c hariox mex
[16/01/2010 18:25:59] /c hariox mex
[16/01/2010 18:25:59] /c hariox mex
[16/01/2010 18:25:59] /c hariox mex
[16/01/2010 18:26:00] /c hariox mex
[16/01/2010 18:26:00] /c hariox mex
[16/01/2010 18:26:00] /c hariox mex
[16/01/2010 18:26:00] /c hariox mex
[16/01/2010 18:26:00] /c hariox mex
[16/01/2010 18:26:00] /c hariox mex
[16/01/2010 18:26:04] /c hariox mex
[16/01/2010 18:26:05] /c hariox mex
[16/01/2010 18:26:05] /c hariox mex
[16/01/2010 18:26:05] /c hariox mex
[16/01/2010 18:26:05] /c hariox mex
[16/01/2010 18:26:05] /c hariox mex
[16/01/2010 18:26:05] /c hariox mex
[16/01/2010 18:26:05] /c hariox mex
[16/01/2010 18:26:05] /c hariox mex
[16/01/2010 18:26:05] /c hariox mex
[16/01/2010 18:26:05] /c hariox mex
[16/01/2010 18:26:05] /c hariox mex
[16/01/2010 18:26:05] /c hariox mex
[16/01/2010 18:26:05] /c hariox mex
[16/01/2010 18:26:05] /c hariox mex
[16/01/2010 18:26:05] /c hariox mex
[16/01/2010 18:26:05] /c hariox mex
[16/01/2010 18:26:05] /c hariox mex
[16/01/2010 18:26:05] /c hariox mex
[16/01/2010 18:26:05] /c hariox mex
[16/01/2010 18:26:05] /c hariox mex
[16/01/2010 18:26:05] /c hariox mex
[16/01/2010 18:26:05] /c hariox mex
[16/01/2010 18:26:05] /c hariox mex
[16/01/2010 18:26:05] /c hariox mex
[16/01/2010 18:26:05] /c hariox mex
[16/01/2010 18:26:05] /c hariox mex
[16/01/2010 18:26:05] /c hariox mex
[16/01/2010 18:26:06] /c hariox mex
[16/01/2010 18:26:06] /c hariox mex
[16/01/2010 18:26:06] /c hariox mex
[16/01/2010 18:26:06] /c hariox mex
[16/01/2010 18:26:06] /c hariox mex
[16/01/2010 18:26:06] /c hariox mex
[16/01/2010 18:26:06] /c hariox mex
[16/01/2010 18:26:06] /c hariox mex
[16/01/2010 18:26:06] /c hariox mex
[16/01/2010 18:26:06] /c hariox mex
[16/01/2010 18:26:06] /c hariox mex
[16/01/2010 18:26:06] /c hariox mex
[16/01/2010 18:26:06] /c hariox mex
[16/01/2010 18:26:06] /c hariox mex
[16/01/2010 18:26:06] /c hariox mex
[16/01/2010 18:26:06] /c hariox mex
[16/01/2010 18:26:06] /c hariox mex
[16/01/2010 18:26:06] /c hariox mex
[16/01/2010 18:26:06] /c hariox mex
[16/01/2010 18:26:06] /c hariox mex
[16/01/2010 18:26:06] /c hariox mex
[16/01/2010 18:26:06] /c hariox mex
[16/01/2010 18:26:06] /c hariox mex
[16/01/2010 18:26:06] /c hariox mex
[16/01/2010 18:26:06] /c hariox mex
[16/01/2010 18:26:06] /c hariox mex
[16/01/2010 18:26:06] /c hariox mex
[16/01/2010 18:26:06] /c hariox mex
[16/01/2010 18:26:06] /c hariox mex
[16/01/2010 18:26:07] /c hariox mex
[16/01/2010 18:26:07] /c hariox mex
[16/01/2010 18:26:07] /c hariox mex
[16/01/2010 18:26:07] /c hariox mex
[16/01/2010 18:26:07] /c hariox mex
[16/01/2010 18:26:07] /c hariox mex
[16/01/2010 18:26:07] /c hariox mex
[16/01/2010 18:26:07] /c hariox mex
[16/01/2010 18:26:07] /c hariox mex
[16/01/2010 18:26:07] /c hariox mex
[16/01/2010 18:26:07] /c hariox mex
[16/01/2010 18:26:07] /c hariox mex
[16/01/2010 18:26:07] /c hariox mex
[16/01/2010 18:26:07] /c hariox mex
[16/01/2010 18:26:07] /c hariox mex
[16/01/2010 18:26:07] /c hariox mex
[16/01/2010 18:26:07] /c hariox mex
[16/01/2010 18:26:07] /c hariox mex
[16/01/2010 18:26:07] /c hariox mex
[16/01/2010 18:26:07] /c hariox mex
[16/01/2010 18:26:07] /c hariox mex
[16/01/2010 18:26:07] /c hariox mex
[16/01/2010 18:26:07] /c hariox mex
[16/01/2010 18:26:07] /c hariox mex
[16/01/2010 18:26:07] /c hariox mex
[16/01/2010 18:26:07] /c hariox mex
[16/01/2010 18:26:07] /c hariox mex
[16/01/2010 18:26:07] /c hariox mex
[16/01/2010 18:26:08] /c hariox mex
[16/01/2010 18:26:08] /c hariox mex
[16/01/2010 18:26:08] /c hariox mex
[16/01/2010 18:26:08] /c hariox mex
[16/01/2010 18:26:08] /c hariox mex
[16/01/2010 18:26:08] /c hariox mex
[16/01/2010 18:26:08] /c hariox mex
[16/01/2010 18:26:08] /c hariox mex
[16/01/2010 18:26:08] /c hariox mex
[16/01/2010 18:26:08] /c hariox mex
[16/01/2010 18:26:08] /c hariox mex
[16/01/2010 18:26:08] /c hariox mex
[16/01/2010 18:26:08] /c hariox mex
[16/01/2010 18:26:08] /c hariox mex
[16/01/2010 18:26:08] /c hariox mex
[16/01/2010 18:26:08] /c hariox mex
[16/01/2010 18:26:08] /c hariox mex
[16/01/2010 18:26:08] /c hariox mex
[16/01/2010 18:26:08] /c hariox mex
[16/01/2010 18:26:08] /c hariox mex
[16/01/2010 18:26:08] /c hariox mex
[16/01/2010 18:26:08] /c hariox mex
[16/01/2010 18:26:08] /c hariox mex
[16/01/2010 18:26:08] /c hariox mex
[16/01/2010 18:26:08] /c hariox mex
[16/01/2010 18:26:08] /c hariox mex
[16/01/2010 18:26:08] /c hariox mex
[16/01/2010 18:26:09] /c hariox mex
[16/01/2010 18:26:09] /c hariox mex
[16/01/2010 18:26:09] /c hariox mex
[16/01/2010 18:26:09] /c hariox mex
[16/01/2010 18:26:09] /c hariox mex
[16/01/2010 18:26:09] /c hariox mex
[16/01/2010 18:26:09] /c hariox mex
[16/01/2010 18:26:09] /c hariox mex
[16/01/2010 18:26:09] /c hariox mex
[16/01/2010 18:26:09] /c hariox mex
[16/01/2010 18:26:09] /c hariox mex
[16/01/2010 18:26:09] /c hariox mex
[16/01/2010 18:26:09] /c hariox mex
[16/01/2010 18:26:09] /c hariox mex
[16/01/2010 18:26:09] /c hariox mex
[16/01/2010 18:26:09] /c hariox mex
[16/01/2010 18:26:09] /c hariox mex
[16/01/2010 18:26:09] /c hariox mex
[16/01/2010 18:26:09] /c hariox mex
[16/01/2010 18:26:09] /c hariox mex
[16/01/2010 18:26:09] /c hariox mex
[16/01/2010 18:26:09] /c hariox mex
[16/01/2010 18:26:09] /c hariox mex
[16/01/2010 18:26:09] /c hariox mex
[16/01/2010 18:26:09] /c hariox mex
[16/01/2010 18:26:09] /c hariox mex
[16/01/2010 18:26:10] /c hariox mex
[16/01/2010 18:26:10] /c hariox mex
[16/01/2010 18:26:10] /c hariox mex
[16/01/2010 18:26:10] /c hariox mex
[16/01/2010 18:26:10] /c hariox mex
[16/01/2010 18:26:10] /c hariox mex
[16/01/2010 18:26:10] /c hariox mex
[16/01/2010 18:26:10] /c hariox mex
[16/01/2010 18:26:10] /c hariox mex
[16/01/2010 18:26:10] /c hariox mex
[16/01/2010 18:26:10] /c hariox mex
[16/01/2010 18:26:10] /c hariox mex
[16/01/2010 18:26:10] /c hariox mex
[16/01/2010 18:26:10] /c hariox mex
[16/01/2010 18:26:10] /c hariox mex
[16/01/2010 18:26:10] /c hariox mex
[16/01/2010 18:26:10] /c hariox mex
[16/01/2010 18:26:10] /c hariox mex
[16/01/2010 18:26:10] /c hariox mex
[16/01/2010 18:26:10] /c hariox mex
[16/01/2010 18:26:10] /c hariox mex
[16/01/2010 18:26:10] /c hariox mex
[16/01/2010 18:26:10] /c hariox mex
[16/01/2010 18:26:10] /c hariox mex
[16/01/2010 18:26:10] /c hariox mex
[16/01/2010 18:26:10] /c hariox mex
[16/01/2010 18:26:11] /c hariox mex
[16/01/2010 18:26:11] /c hariox mex
[16/01/2010 18:26:11] /c hariox mex
[16/01/2010 18:26:11] /c hariox mex
[16/01/2010 18:26:11] /c hariox mex
[16/01/2010 18:26:11] /c hariox mex
[16/01/2010 18:26:11] /c hariox mex
[16/01/2010 18:26:11] /c hariox mex
[16/01/2010 18:26:11] /c hariox mex
[16/01/2010 18:26:11] /c hariox mex
[16/01/2010 18:26:11] /c hariox mex
[16/01/2010 18:26:11] /c hariox mex
[16/01/2010 18:26:11] /c hariox mex
[16/01/2010 18:26:11] /c hariox mex
[16/01/2010 18:26:11] /c hariox mex
[16/01/2010 18:26:11] /c hariox mex
[16/01/2010 18:26:11] /c hariox mex
[16/01/2010 18:26:11] /c hariox mex
[16/01/2010 18:26:11] /c hariox mex
[16/01/2010 18:26:11] /c hariox mex
[16/01/2010 18:26:11] /c hariox mex
[16/01/2010 18:26:11] /c hariox mex
[16/01/2010 18:26:11] /c hariox mex
[16/01/2010 18:26:11] /c hariox mex
[16/01/2010 18:26:11] /c hariox mex
[16/01/2010 18:26:11] /c hariox mex
[16/01/2010 18:26:11] /c hariox mex
[16/01/2010 18:26:12] /c hariox mex
[16/01/2010 18:26:12] /c hariox mex
[16/01/2010 18:26:12] /c hariox mex
[16/01/2010 18:26:12] /c hariox mex
[16/01/2010 18:26:12] /c hariox mex
[16/01/2010 18:26:12] /c hariox mex
[16/01/2010 18:26:12] /c hariox mex
[16/01/2010 18:26:12] /c hariox mex
[16/01/2010 18:26:12] /c hariox mex
[16/01/2010 18:26:12] /c hariox mex
[16/01/2010 18:26:12] /c hariox mex
[16/01/2010 18:26:12] /c hariox mex
[16/01/2010 18:26:12] /c hariox mex
[16/01/2010 18:26:12] /c hariox mex
[16/01/2010 18:26:12] /c hariox mex
[16/01/2010 18:26:12] /c hariox mex
[16/01/2010 18:26:12] /c hariox mex
[16/01/2010 18:26:12] /c hariox mex
[16/01/2010 18:26:12] /c hariox mex
[16/01/2010 18:26:12] /c hariox mex
[16/01/2010 18:26:12] /c hariox mex
[16/01/2010 18:26:12] /c hariox mex
[16/01/2010 18:26:12] /c hariox mex
[16/01/2010 18:26:12] /c hariox mex
[16/01/2010 18:26:12] /c hariox mex
[16/01/2010 18:26:12] /c hariox mex
[16/01/2010 18:26:12] /c hariox mex
[16/01/2010 18:26:13] /c hariox mex
[16/01/2010 18:26:13] /c hariox mex
[16/01/2010 18:26:13] /c hariox mex
[16/01/2010 18:26:13] /c hariox mex
[16/01/2010 18:26:13] /c hariox mex
[16/01/2010 18:26:13] /c hariox mex
[16/01/2010 18:26:13] /c hariox mex
[16/01/2010 18:26:13] /c hariox mex
[16/01/2010 18:26:13] /c hariox mex
[16/01/2010 18:26:13] /c hariox mex
[16/01/2010 18:26:13] /c hariox mex
[16/01/2010 18:26:13] /c hariox mex
[16/01/2010 18:26:13] /c hariox mex
[16/01/2010 18:26:13] /c hariox mex
[16/01/2010 18:26:13] /c hariox mex
[16/01/2010 18:26:13] /c hariox mex
[16/01/2010 18:26:13] /c hariox mex
[16/01/2010 18:26:13] /c hariox mex
[16/01/2010 18:26:13] /c hariox mex
[16/01/2010 18:26:13] /c hariox mex
[16/01/2010 18:26:13] /c hariox mex
[16/01/2010 18:26:13] /c hariox mex
[16/01/2010 18:26:13] /c hariox mex
[16/01/2010 18:26:13] /c hariox mex
[16/01/2010 18:26:13] /c hariox mex
[16/01/2010 18:26:13] /c hariox mex
[16/01/2010 18:26:14] /c hariox mex
[16/01/2010 18:26:14] /c hariox mex
[16/01/2010 18:26:14] /c hariox mex
[16/01/2010 18:26:14] /c hariox mex
[16/01/2010 18:26:14] /c hariox mex
[16/01/2010 18:26:14] /c hariox mex
[16/01/2010 18:26:14] /c hariox mex
[16/01/2010 18:26:14] /c hariox mex
[16/01/2010 18:26:14] /c hariox mex
[16/01/2010 18:26:14] /c hariox mex
[16/01/2010 18:26:14] /c hariox mex
[16/01/2010 18:26:14] /c hariox mex
[16/01/2010 18:26:14] /c hariox mex
[16/01/2010 18:26:14] /c hariox mex
[16/01/2010 18:26:14] /c hariox mex
[16/01/2010 18:26:14] /c hariox mex
[16/01/2010 18:26:14] /c hariox mex
[16/01/2010 18:26:14] /c hariox mex
[16/01/2010 18:26:14] /c hariox mex
[16/01/2010 18:26:14] /c hariox mex
[16/01/2010 18:26:14] /c hariox mex
[16/01/2010 18:26:14] /c hariox mex
[16/01/2010 18:26:14] /c hariox mex
[16/01/2010 18:26:14] /c hariox mex
[16/01/2010 18:26:14] /c hariox mex
[16/01/2010 18:26:14] /c hariox mex
[16/01/2010 18:26:14] /c hariox mex
[16/01/2010 18:26:14] /c hariox mex
[16/01/2010 18:26:15] /c hariox mex
[16/01/2010 18:26:15] /c hariox mex
[16/01/2010 18:26:15] /c hariox mex
[16/01/2010 18:26:15] /c hariox mex
[16/01/2010 18:26:15] /c hariox mex
[16/01/2010 18:26:15] /c hariox mex
[16/01/2010 18:26:15] /c hariox mex
[16/01/2010 18:26:15] /c hariox mex
[16/01/2010 18:26:15] /c hariox mex
[16/01/2010 18:26:15] /c hariox mex
[16/01/2010 18:26:15] /c hariox mex
[16/01/2010 18:26:15] /c hariox mex
[16/01/2010 18:26:15] /c hariox mex
[16/01/2010 18:26:15] /c hariox mex
[16/01/2010 18:26:15] /c hariox mex
[16/01/2010 18:26:15] /c hariox mex
[16/01/2010 18:26:15] /c hariox mex
[16/01/2010 18:26:15] /c hariox mex
[16/01/2010 18:26:15] /c hariox mex
[16/01/2010 18:26:15] /c hariox mex
[16/01/2010 18:26:15] /c hariox mex
[16/01/2010 18:26:15] /c hariox mex
[16/01/2010 18:26:15] /c hariox mex
[16/01/2010 18:26:15] /c hariox mex
[16/01/2010 18:26:15] /c hariox mex
[16/01/2010 18:26:15] /c hariox mex
[16/01/2010 18:26:15] /c hariox mex
[16/01/2010 18:26:15] /c hariox mex
[16/01/2010 18:26:15] /c hariox mex
[16/01/2010 18:26:16] /c hariox mex
[16/01/2010 18:26:16] /c hariox mex
[16/01/2010 18:26:16] /c hariox mex
[16/01/2010 18:26:16] /c hariox mex
[16/01/2010 18:26:16] /c hariox mex
[16/01/2010 18:26:16] /c hariox mex
[16/01/2010 18:26:16] /c hariox mex
[16/01/2010 18:26:16] /c hariox mex
[16/01/2010 18:26:16] /c hariox mex
[16/01/2010 18:26:16] /c hariox mex
[16/01/2010 18:26:16] /c hariox mex
[16/01/2010 18:26:16] /c hariox mex
[16/01/2010 18:26:16] /c hariox mex
[16/01/2010 18:26:16] /c hariox mex
[16/01/2010 18:26:16] /c hariox mex
[16/01/2010 18:26:16] /c hariox mex
[16/01/2010 18:26:16] /c hariox mex
[16/01/2010 18:26:16] /c hariox mex
[16/01/2010 18:26:16] /c hariox mex
[16/01/2010 18:26:17] /c hariox mex
[16/01/2010 18:26:17] /c hariox mex
[16/01/2010 18:26:17] /c hariox mex
[16/01/2010 18:26:17] /c hariox mex
[16/01/2010 18:26:17] /c hariox mex
[16/01/2010 18:26:17] /c hariox mex
[16/01/2010 18:26:18] /c hariox mex
[16/01/2010 18:26:23] /m orshabaal
[16/01/2010 18:26:24] /c hariox mex
[16/01/2010 18:27:16] /i magic plate armor
[16/01/2010 18:28:08] /t 15
[16/01/2010 18:28:29] /t
[16/01/2010 18:28:31] /c hariox mex
[16/01/2010 18:28:33] /c hariox mex
[16/01/2010 18:28:34] /c hariox mex
[16/01/2010 18:28:34] /c hariox mex
[16/01/2010 18:28:35] /c hariox mex
[16/01/2010 18:28:35] /c hariox mex
[16/01/2010 18:28:35] /c hariox mex
[16/01/2010 18:28:35] /c hariox mex
[16/01/2010 18:28:37] /c hariox mex
[16/01/2010 18:28:37] /c hariox mex
[16/01/2010 18:28:37] /c hariox mex
[16/01/2010 18:28:37] /c hariox mex
[16/01/2010 18:28:37] /c hariox mex
[16/01/2010 18:28:37] /c hariox mex
[16/01/2010 18:28:37] /c hariox mex
[16/01/2010 18:28:37] /c hariox mex
[16/01/2010 18:28:37] /c hariox mex
[16/01/2010 18:28:40] /c hariox mex
[16/01/2010 18:28:40] /c hariox mex
[16/01/2010 18:28:41] /c hariox mex
[16/01/2010 18:28:41] /c hariox mex
[16/01/2010 18:28:41] /c hariox mex
[16/01/2010 18:28:41] /c hariox mex
[16/01/2010 18:28:41] /c hariox mex
[16/01/2010 18:28:41] /c hariox mex
[16/01/2010 18:28:42] /c hariox mex
[16/01/2010 18:28:42] /c hariox mex
[16/01/2010 18:28:42] /c hariox mex
[16/01/2010 18:28:42] /c hariox mex
[16/01/2010 18:28:43] /c hariox mex
[16/01/2010 18:28:43] /c hariox mex
[16/01/2010 18:28:43] /c hariox mex
[16/01/2010 18:28:43] /c hariox mex
[16/01/2010 18:28:44] /c hariox mex
[16/01/2010 18:28:44] /c hariox mex
[16/01/2010 18:28:44] /c hariox mex
[16/01/2010 18:28:45] /c hariox mex
[16/01/2010 18:28:45] /c hariox mex
[16/01/2010 18:28:45] /c hariox mex
[16/01/2010 18:28:45] /c hariox mex
[16/01/2010 18:28:45] /c hariox mex
[16/01/2010 18:28:57] /c hariox mex
[16/01/2010 18:29:00] /c hariox mex
[16/01/2010 18:29:14] /c hariox mex
[16/01/2010 18:29:28] /c hariox mex
[16/01/2010 18:29:28] /c hariox mex
[16/01/2010 18:29:28] /c hariox mex
[16/01/2010 18:29:28] /c hariox mex
[16/01/2010 18:29:28] /c hariox mex
[16/01/2010 18:29:28] /c hariox mex
[16/01/2010 18:29:28] /c hariox mex
[16/01/2010 18:29:28] /c hariox mex
[16/01/2010 18:29:28] /c hariox mex
[16/01/2010 18:29:28] /c hariox mex
[16/01/2010 18:29:28] /c hariox mex
[16/01/2010 18:29:28] /c hariox mex
[16/01/2010 18:29:28] /c hariox mex
[16/01/2010 18:29:28] /c hariox mex
[16/01/2010 18:29:28] /c hariox mex
[16/01/2010 18:29:28] /c hariox mex
[16/01/2010 18:29:28] /c hariox mex
[16/01/2010 18:29:28] /c hariox mex
[16/01/2010 18:29:28] /c hariox mex
[16/01/2010 18:29:28] /c hariox mex
[16/01/2010 18:29:28] /c hariox mex
[16/01/2010 18:29:28] /c hariox mex
[16/01/2010 18:29:28] /c hariox mex
[16/01/2010 18:29:28] /c hariox mex
[16/01/2010 18:29:28] /c hariox mex
[16/01/2010 18:29:28] /c hariox mex
[16/01/2010 18:29:28] /c hariox mex
[16/01/2010 18:29:28] /c hariox mex
[16/01/2010 18:29:29] /c hariox mex
[16/01/2010 18:29:29] /c hariox mex
[16/01/2010 18:29:29] /c hariox mex
[16/01/2010 18:29:29] /c hariox mex
[16/01/2010 18:29:29] /c hariox mex
[16/01/2010 18:29:29] /c hariox mex
[16/01/2010 18:29:29] /c hariox mex
[16/01/2010 18:29:29] /c hariox mex
[16/01/2010 18:29:29] /c hariox mex
[16/01/2010 18:29:29] /c hariox mex
[16/01/2010 18:29:29] /c hariox mex
[16/01/2010 18:29:29] /c hariox mex
[16/01/2010 18:29:29] /c hariox mex
[16/01/2010 18:29:29] /c hariox mex
[16/01/2010 18:29:29] /c hariox mex
[16/01/2010 18:29:29] /c hariox mex
[16/01/2010 18:29:29] /c hariox mex
[16/01/2010 18:29:29] /c hariox mex
[16/01/2010 18:29:29] /c hariox mex
[16/01/2010 18:29:29] /c hariox mex
[16/01/2010 18:29:29] /c hariox mex
[16/01/2010 18:29:29] /c hariox mex
[16/01/2010 18:29:30] /c hariox mex
[16/01/2010 18:29:30] /c hariox mex
[16/01/2010 18:29:30] /c hariox mex
[16/01/2010 18:29:30] /c hariox mex
[16/01/2010 18:29:30] /c hariox mex
[16/01/2010 18:29:30] /c hariox mex
[16/01/2010 18:29:30] /c hariox mex
[16/01/2010 18:29:30] /c hariox mex
[16/01/2010 18:29:30] /c hariox mex
[16/01/2010 18:29:30] /c hariox mex
[16/01/2010 18:29:30] /c hariox mex
[16/01/2010 18:29:30] /c hariox mex
[16/01/2010 18:29:30] /c hariox mex
[16/01/2010 18:29:30] /c hariox mex
[16/01/2010 18:29:30] /c hariox mex
[16/01/2010 18:29:30] /c hariox mex
[16/01/2010 18:29:30] /c hariox mex
[16/01/2010 18:29:30] /c hariox mex
[16/01/2010 18:29:30] /c hariox mex
[16/01/2010 18:29:30] /c hariox mex
[16/01/2010 18:29:30] /c hariox mex
[16/01/2010 18:29:30] /c hariox mex
[16/01/2010 18:29:30] /c hariox mex
[16/01/2010 18:29:30] /c hariox mex
[16/01/2010 18:29:31] /c hariox mex
[16/01/2010 18:29:31] /c hariox mex
[16/01/2010 18:29:31] /c hariox mex
[16/01/2010 18:29:31] /c hariox mex
[16/01/2010 18:29:31] /c hariox mex
[16/01/2010 18:29:31] /c hariox mex
[16/01/2010 18:29:31] /c hariox mex
[16/01/2010 18:29:31] /c hariox mex
[16/01/2010 18:29:31] /c hariox mex
[16/01/2010 18:29:31] /c hariox mex
[16/01/2010 18:29:31] /c hariox mex
[16/01/2010 18:29:31] /c hariox mex
[16/01/2010 18:29:31] /c hariox mex
[16/01/2010 18:29:31] /c hariox mex
[16/01/2010 18:29:31] /c hariox mex
[16/01/2010 18:29:31] /c hariox mex
[16/01/2010 18:29:31] /c hariox mex
[16/01/2010 18:29:31] /c hariox mex
[16/01/2010 18:29:31] /c hariox mex
[16/01/2010 18:29:31] /c hariox mex
[16/01/2010 18:29:31] /c hariox mex
[16/01/2010 18:29:31] /c hariox mex
[16/01/2010 18:29:31] /c hariox mex
[16/01/2010 18:29:32] /c hariox mex
[16/01/2010 18:29:32] /c hariox mex
[16/01/2010 18:29:32] /c hariox mex
[16/01/2010 18:29:32] /c hariox mex
[16/01/2010 18:29:32] /c hariox mex
[16/01/2010 18:29:32] /c hariox mex
[16/01/2010 18:29:32] /c hariox mex
[16/01/2010 18:29:32] /c hariox mex
[16/01/2010 18:29:32] /c hariox mex
[16/01/2010 18:29:32] /c hariox mex
[16/01/2010 18:29:32] /c hariox mex
[16/01/2010 18:29:32] /c hariox mex
[16/01/2010 18:29:32] /c hariox mex
[16/01/2010 18:29:32] /c hariox mex
[16/01/2010 18:29:32] /c hariox mex
[16/01/2010 18:29:32] /c hariox mex
[16/01/2010 18:29:32] /c hariox mex
[16/01/2010 18:29:32] /c hariox mex
[16/01/2010 18:29:32] /c hariox mex
[16/01/2010 18:29:32] /c hariox mex
[16/01/2010 18:29:32] /c hariox mex
[16/01/2010 18:29:32] /c hariox mex
[16/01/2010 18:29:32] /c hariox mex
[16/01/2010 18:29:32] /c hariox mex
[16/01/2010 18:29:32] /c hariox mex
[16/01/2010 18:29:33] /c hariox mex
[16/01/2010 18:29:33] /c hariox mex
[16/01/2010 18:29:33] /c hariox mex
[16/01/2010 18:29:33] /c hariox mex
[16/01/2010 18:29:33] /c hariox mex
[16/01/2010 18:29:33] /c hariox mex
[16/01/2010 18:29:33] /c hariox mex
[16/01/2010 18:29:33] /c hariox mex
[16/01/2010 18:29:33] /c hariox mex
[16/01/2010 18:29:33] /c hariox mex
[16/01/2010 18:29:33] /c hariox mex
[16/01/2010 18:29:33] /c hariox mex
[16/01/2010 18:29:33] /c hariox mex
[16/01/2010 18:29:33] /c hariox mex
[16/01/2010 18:29:33] /c hariox mex
[16/01/2010 18:29:33] /c hariox mex
[16/01/2010 18:29:33] /c hariox mex
[16/01/2010 18:29:33] /c hariox mex
[16/01/2010 18:29:33] /c hariox mex
[16/01/2010 18:29:33] /c hariox mex
[16/01/2010 18:29:33] /c hariox mex
[16/01/2010 18:29:33] /c hariox mex
[16/01/2010 18:29:33] /c hariox mex
[16/01/2010 18:29:34] /c hariox mex
[16/01/2010 18:29:34] /c hariox mex
[16/01/2010 18:29:34] /c hariox mex
[16/01/2010 18:29:34] /c hariox mex
[16/01/2010 18:29:34] /c hariox mex
[16/01/2010 18:29:34] /c hariox mex
[16/01/2010 18:29:34] /c hariox mex
[16/01/2010 18:29:34] /c hariox mex
[16/01/2010 18:29:34] /c hariox mex
[16/01/2010 18:29:34] /c hariox mex
[16/01/2010 18:29:34] /c hariox mex
[16/01/2010 18:29:34] /c hariox mex
[16/01/2010 18:29:34] /c hariox mex
[16/01/2010 18:29:34] /c hariox mex
[16/01/2010 18:29:34] /c hariox mex
[16/01/2010 18:29:34] /c hariox mex
[16/01/2010 18:29:34] /c hariox mex
[16/01/2010 18:29:35] /c hariox mex
[16/01/2010 18:29:35] /c hariox mex
[16/01/2010 18:29:35] /c hariox mex
[16/01/2010 18:29:35] /c hariox mex
[16/01/2010 18:29:35] /c hariox mex
[16/01/2010 18:29:35] /c hariox mex
[16/01/2010 18:29:35] /c hariox mex
[16/01/2010 18:29:35] /c hariox mex
[16/01/2010 18:29:35] /c hariox mex
[16/01/2010 18:29:35] /c hariox mex
[16/01/2010 18:29:35] /c hariox mex
[16/01/2010 18:29:35] /c hariox mex
[16/01/2010 18:29:35] /c hariox mex
[16/01/2010 18:29:35] /c hariox mex
[16/01/2010 18:29:35] /c hariox mex
[16/01/2010 18:29:35] /c hariox mex
[16/01/2010 18:29:35] /c hariox mex
[16/01/2010 18:29:35] /c hariox mex
[16/01/2010 18:29:35] /c hariox mex
[16/01/2010 18:29:35] /c hariox mex
[16/01/2010 18:29:35] /c hariox mex
[16/01/2010 18:29:35] /c hariox mex
[16/01/2010 18:29:35] /c hariox mex
[16/01/2010 18:29:35] /c hariox mex
[16/01/2010 18:29:35] /c hariox mex
[16/01/2010 18:29:35] /c hariox mex
[16/01/2010 18:29:35] /c hariox mex
[16/01/2010 18:29:35] /c hariox mex
[16/01/2010 18:29:35] /c hariox mex
[16/01/2010 18:29:35] /c hariox mex
[16/01/2010 18:29:35] /c hariox mex
[16/01/2010 18:29:35] /c hariox mex
[16/01/2010 18:29:35] /c hariox mex
[16/01/2010 18:29:35] /c hariox mex
[16/01/2010 18:29:35] /c hariox mex
[16/01/2010 18:29:35] /c hariox mex
[16/01/2010 18:29:35] /c hariox mex
[16/01/2010 18:29:36] /c hariox mex
[16/01/2010 18:29:36] /c hariox mex
[16/01/2010 18:29:36] /c hariox mex
[16/01/2010 18:29:36] /c hariox mex
[16/01/2010 18:29:36] /c hariox mex
[16/01/2010 18:29:36] /c hariox mex
[16/01/2010 18:29:36] /c hariox mex
[16/01/2010 18:29:36] /c hariox mex
[16/01/2010 18:29:36] /c hariox mex
[16/01/2010 18:29:36] /c hariox mex
[16/01/2010 18:29:36] /c hariox mex
[16/01/2010 18:29:36] /c hariox mex
[16/01/2010 18:29:36] /c hariox mex
[16/01/2010 18:29:36] /c hariox mex
[16/01/2010 18:29:36] /c hariox mex
[16/01/2010 18:29:36] /c hariox mex
[16/01/2010 18:29:36] /c hariox mex
[16/01/2010 18:29:36] /c hariox mex
[16/01/2010 18:29:36] /c hariox mex
[16/01/2010 18:29:36] /c hariox mex
[16/01/2010 18:29:36] /c hariox mex
[16/01/2010 18:29:36] /c hariox mex
[16/01/2010 18:29:36] /c hariox mex
[16/01/2010 18:29:36] /c hariox mex
[16/01/2010 18:29:37] /c hariox mex
[16/01/2010 18:29:37] /c hariox mex
[16/01/2010 18:29:37] /c hariox mex
[16/01/2010 18:29:37] /c hariox mex
[16/01/2010 18:29:37] /c hariox mex
[16/01/2010 18:29:37] /c hariox mex
[16/01/2010 18:29:37] /c hariox mex
[16/01/2010 18:29:37] /c hariox mex
[16/01/2010 18:29:37] /c hariox mex
[16/01/2010 18:29:37] /c hariox mex
[16/01/2010 18:29:37] /c hariox mex
[16/01/2010 18:29:37] /c hariox mex
[16/01/2010 18:29:37] /c hariox mex
[16/01/2010 18:29:37] /c hariox mex
[16/01/2010 18:29:37] /c hariox mex
[16/01/2010 18:29:37] /c hariox mex
[16/01/2010 18:29:37] /c hariox mex
[16/01/2010 18:29:37] /c hariox mex
[16/01/2010 18:29:37] /c hariox mex
[16/01/2010 18:29:37] /c hariox mex
[16/01/2010 18:29:37] /c hariox mex
[16/01/2010 18:29:37] /c hariox mex
[16/01/2010 18:29:37] /c hariox mex
[16/01/2010 18:29:38] /c hariox mex
[16/01/2010 18:29:38] /c hariox mex
[16/01/2010 18:29:38] /c hariox mex
[16/01/2010 18:29:38] /c hariox mex
[16/01/2010 18:29:38] /c hariox mex
[16/01/2010 18:29:38] /c hariox mex
[16/01/2010 18:29:38] /c hariox mex
[16/01/2010 18:29:38] /c hariox mex
[16/01/2010 18:29:38] /c hariox mex
[16/01/2010 18:29:38] /c hariox mex
[16/01/2010 18:29:38] /c hariox mex
[16/01/2010 18:29:38] /c hariox mex
[16/01/2010 18:29:38] /c hariox mex
[16/01/2010 18:29:38] /c hariox mex
[16/01/2010 18:29:38] /c hariox mex
[16/01/2010 18:29:38] /c hariox mex
[16/01/2010 18:29:38] /c hariox mex
[16/01/2010 18:29:38] /c hariox mex
[16/01/2010 18:29:38] /c hariox mex
[16/01/2010 18:29:38] /c hariox mex
[16/01/2010 18:29:38] /c hariox mex
[16/01/2010 18:29:38] /c hariox mex
[16/01/2010 18:29:38] /c hariox mex
[16/01/2010 18:29:39] /c hariox mex
[16/01/2010 18:29:39] /c hariox mex
[16/01/2010 18:29:39] /c hariox mex
[16/01/2010 18:29:39] /c hariox mex
[16/01/2010 18:29:39] /c hariox mex
[16/01/2010 18:29:39] /c hariox mex
[16/01/2010 18:29:39] /c hariox mex
[16/01/2010 18:29:39] /c hariox mex
[16/01/2010 18:29:39] /c hariox mex
[16/01/2010 18:29:39] /c hariox mex
[16/01/2010 18:29:39] /c hariox mex
[16/01/2010 18:29:39] /c hariox mex
[16/01/2010 18:29:39] /c hariox mex
[16/01/2010 18:29:39] /c hariox mex
[16/01/2010 18:29:39] /c hariox mex
[16/01/2010 18:29:40] /c hariox mex
[16/01/2010 18:29:40] /c hariox mex
[16/01/2010 18:29:40] /c hariox mex
[16/01/2010 18:29:40] /c hariox mex
[16/01/2010 18:29:40] /c hariox mex
[16/01/2010 18:29:40] /c hariox mex
[16/01/2010 18:29:41] /c hariox mex
[16/01/2010 18:29:41] /c hariox mex
[16/01/2010 18:29:52] /c demon
[16/01/2010 18:29:53] /c demon
[16/01/2010 18:29:53] /c demon
[16/01/2010 18:29:53] /c demon
[16/01/2010 18:29:53] /c demon
[16/01/2010 18:29:53] /c demon
[16/01/2010 18:29:53] /c demon
[16/01/2010 18:29:53] /c demon
[16/01/2010 18:29:53] /c demon
[16/01/2010 18:29:53] /c demon
[16/01/2010 18:29:53] /c demon
[16/01/2010 18:29:53] /c demon
[16/01/2010 18:29:53] /c demon
[16/01/2010 18:29:53] /c demon
[16/01/2010 18:29:54] /c demon
[16/01/2010 18:29:54] /c demon
[16/01/2010 18:29:54] /c demon
[16/01/2010 18:29:54] /c demon
[16/01/2010 18:29:54] /c demon
[16/01/2010 18:29:54] /c demon
[16/01/2010 18:29:54] /c demon
[16/01/2010 18:29:54] /c demon
[16/01/2010 18:29:54] /c demon
[16/01/2010 18:29:54] /c demon
[16/01/2010 18:29:54] /c demon
[16/01/2010 18:29:54] /c demon
[16/01/2010 18:29:54] /c demon
[16/01/2010 18:29:54] /c demon
[16/01/2010 18:29:54] /c demon
[16/01/2010 18:29:54] /c demon
[16/01/2010 18:29:54] /c demon
[16/01/2010 18:29:54] /c demon
[16/01/2010 18:29:54] /c demon
[16/01/2010 18:29:54] /c demon
[16/01/2010 18:29:54] /c demon
[16/01/2010 18:29:54] /c demon
[16/01/2010 18:29:54] /c demon
[16/01/2010 18:29:55] /c demon
[16/01/2010 18:29:55] /c demon
[16/01/2010 18:29:55] /c demon
[16/01/2010 18:29:55] /c demon
[16/01/2010 18:29:55] /c demon
[16/01/2010 18:29:55] /c demon
[16/01/2010 18:29:55] /c demon
[16/01/2010 18:29:55] /c demon
[16/01/2010 18:29:55] /c demon
[16/01/2010 18:29:55] /c demon
[16/01/2010 18:29:55] /c demon
[16/01/2010 18:29:55] /c demon
[16/01/2010 18:29:55] /c demon
[16/01/2010 18:29:55] /c demon
[16/01/2010 18:29:55] /c demon
[16/01/2010 18:29:55] /c demon
[16/01/2010 18:29:55] /c demon
[16/01/2010 18:29:55] /c demon
[16/01/2010 18:29:55] /c demon
[16/01/2010 18:29:55] /c demon
[16/01/2010 18:29:55] /c demon
[16/01/2010 18:29:55] /c demon
[16/01/2010 18:29:55] /c demon
[16/01/2010 18:29:56] /c demon
[16/01/2010 18:29:56] /c demon
[16/01/2010 18:29:56] /c demon
[16/01/2010 18:29:56] /c demon
[16/01/2010 18:29:56] /c demon
[16/01/2010 18:29:56] /c demon
[16/01/2010 18:29:56] /c demon
[16/01/2010 18:29:56] /c demon
[16/01/2010 18:29:56] /c demon
[16/01/2010 18:29:56] /c demon
[16/01/2010 18:29:56] /c demon
[16/01/2010 18:29:56] /c demon
[16/01/2010 18:29:56] /c demon
[16/01/2010 18:29:56] /c demon
[16/01/2010 18:29:56] /c demon
[16/01/2010 18:29:56] /c demon
[16/01/2010 18:29:56] /c demon
[16/01/2010 18:29:56] /c demon
[16/01/2010 18:29:56] /c demon
[16/01/2010 18:29:56] /c demon
[16/01/2010 18:29:56] /c demon
[16/01/2010 18:29:56] /c demon
[16/01/2010 18:29:56] /c demon
[16/01/2010 18:29:57] /c demon
[16/01/2010 18:29:57] /c demon
[16/01/2010 18:29:57] /c demon
[16/01/2010 18:29:57] /c demon
[16/01/2010 18:29:57] /c demon
[16/01/2010 18:29:57] /c demon
[16/01/2010 18:29:57] /c demon
[16/01/2010 18:29:57] /c demon
[16/01/2010 18:29:57] /c demon
[16/01/2010 18:29:57] /c demon
[16/01/2010 18:29:57] /c demon
[16/01/2010 18:29:57] /c demon
[16/01/2010 18:29:57] /c demon
[16/01/2010 18:29:57] /c demon
[16/01/2010 18:29:57] /c demon
[16/01/2010 18:29:57] /c demon
[16/01/2010 18:29:57] /c demon
[16/01/2010 18:29:57] /c demon
[16/01/2010 18:29:57] /c demon
[16/01/2010 18:29:57] /c demon
[16/01/2010 18:29:57] /c demon
[16/01/2010 18:29:57] /c demon
[16/01/2010 18:29:57] /c demon
[16/01/2010 18:29:57] /c demon
[16/01/2010 18:29:57] /c demon
[16/01/2010 18:29:58] /c demon
[16/01/2010 18:29:58] /c demon
[16/01/2010 18:29:58] /c demon
[16/01/2010 18:29:58] /c demon
[16/01/2010 18:29:58] /c demon
[16/01/2010 18:29:58] /c demon
[16/01/2010 18:29:58] /c demon
[16/01/2010 18:29:58] /c demon
[16/01/2010 18:29:58] /c demon
[16/01/2010 18:29:58] /c demon
[16/01/2010 18:29:58] /c demon
[16/01/2010 18:29:58] /c demon
[16/01/2010 18:29:58] /c demon
[16/01/2010 18:29:58] /c demon
[16/01/2010 18:29:58] /c demon
[16/01/2010 18:29:58] /c demon
[16/01/2010 18:29:58] /c demon
[16/01/2010 18:29:58] /c demon
[16/01/2010 18:29:58] /c demon
[16/01/2010 18:29:58] /c demon
[16/01/2010 18:29:59] /c demon
[16/01/2010 18:29:59] /c demon
[16/01/2010 18:29:59] /c demon
[16/01/2010 18:29:59] /c demon
[16/01/2010 18:29:59] /c demon
[16/01/2010 18:29:59] /c demon
[16/01/2010 18:29:59] /c demon
[16/01/2010 18:29:59] /c demon
[16/01/2010 18:29:59] /c demon
[16/01/2010 18:29:59] /c demon
[16/01/2010 18:29:59] /c demon
[16/01/2010 18:29:59] /c demon
[16/01/2010 18:29:59] /c demon
[16/01/2010 18:29:59] /c demon
[16/01/2010 18:29:59] /c demon
[16/01/2010 18:29:59] /c demon
[16/01/2010 18:30:00] /c demon
[16/01/2010 18:30:00] /c demon
[16/01/2010 18:30:00] /c demon
[16/01/2010 18:30:00] /c demon
[16/01/2010 18:30:00] /c demon
[16/01/2010 18:30:00] /c demon
[16/01/2010 18:30:00] /c demon
[16/01/2010 18:30:01] /c demon
[16/01/2010 18:30:01] /c demon
[16/01/2010 18:30:11] /r
[16/01/2010 18:31:14] /r
[16/01/2010 18:31:41] /m dragon lord
[16/01/2010 18:31:45] /r
[16/01/2010 18:32:22] /r
[16/01/2010 18:32:44] /kick hariox mex
[16/01/2010 18:32:47] /kick hariox mex
[16/01/2010 18:33:36] /m dragon lord
[16/01/2010 18:34:16] /m hydra
[16/01/2010 18:35:26] /r
[16/01/2010 18:35:51] /m ferumbras
[16/01/2010 18:37:13] /r
[16/01/2010 18:37:16] /r
[16/01/2010 18:37:20] /r
[16/01/2010 18:37:21] /r
[16/01/2010 18:37:22] /r
[16/01/2010 18:37:26] /c orshaabal
[16/01/2010 18:37:33] /r
[16/01/2010 18:37:35] /r
[16/01/2010 18:37:36] /r
[16/01/2010 18:38:16] /r
[16/01/2010 18:38:17] /r
[16/01/2010 18:38:18] /r
[16/01/2010 18:38:19] /r
[16/01/2010 18:38:47] /i 10401
[16/01/2010 18:38:55] /r
[16/01/2010 18:38:56] /r
[16/01/2010 18:39:00] /r
[16/01/2010 18:39:32] /m ghazabaran
[16/01/2010 18:39:37] /m gazabarhan
[16/01/2010 18:41:03] /m bazir
[16/01/2010 18:42:25] /c demon
[16/01/2010 18:42:25] /c demon
[16/01/2010 18:42:25] /c demon
[16/01/2010 18:42:25] /c demon
[16/01/2010 18:42:25] /c demon
[16/01/2010 18:42:25] /c demon
[16/01/2010 18:42:25] /c demon
[16/01/2010 18:42:25] /c demon
[16/01/2010 18:42:26] /c demon
[16/01/2010 18:42:26] /c demon
[16/01/2010 18:42:26] /c demon
[16/01/2010 18:42:26] /c demon
[16/01/2010 18:42:26] /c demon
[16/01/2010 18:42:26] /c demon
[16/01/2010 18:42:26] /c demon
[16/01/2010 18:42:26] /c demon
[16/01/2010 18:42:26] /c demon
[16/01/2010 18:42:26] /c demon
[16/01/2010 18:42:26] /c demon
[16/01/2010 18:42:26] /c demon
[16/01/2010 18:42:26] /c demon
[16/01/2010 18:42:26] /c demon
[16/01/2010 18:42:26] /c demon
[16/01/2010 18:42:27] /c demon
[16/01/2010 18:42:27] /c demon
[16/01/2010 18:42:27] /c demon
[16/01/2010 18:42:27] /c demon
[16/01/2010 18:42:27] /c demon
[16/01/2010 18:42:27] /c demon
[16/01/2010 18:42:27] /c demon
[16/01/2010 18:42:27] /c demon
[16/01/2010 18:42:27] /c demon
[16/01/2010 18:42:27] /c demon
[16/01/2010 18:42:27] /c demon
[16/01/2010 18:42:27] /c demon
[16/01/2010 18:42:27] /c demon
[16/01/2010 18:42:27] /c demon
[16/01/2010 18:42:27] /c demon
[16/01/2010 18:42:28] /c demon
[16/01/2010 18:42:28] /c demon
[16/01/2010 18:42:28] /c demon
[16/01/2010 18:42:37] /c hariox mex
[16/01/2010 18:42:38] /c hariox mex
[16/01/2010 18:42:38] /c hariox mex
[16/01/2010 18:42:38] /c hariox mex
[16/01/2010 18:42:38] /c hariox mex
[16/01/2010 18:42:38] /c hariox mex
[16/01/2010 18:42:38] /c hariox mex
[16/01/2010 18:42:38] /c hariox mex
[16/01/2010 18:42:38] /c hariox mex
[16/01/2010 18:42:38] /c hariox mex
[16/01/2010 18:42:38] /c hariox mex
[16/01/2010 18:42:38] /c hariox mex
[16/01/2010 18:42:38] /c hariox mex
[16/01/2010 18:42:38] /c hariox mex
[16/01/2010 18:42:38] /c hariox mex
[16/01/2010 18:42:38] /c hariox mex
[16/01/2010 18:42:38] /c hariox mex
[16/01/2010 18:42:39] /c hariox mex
[16/01/2010 18:42:39] /c hariox mex
[16/01/2010 18:42:39] /c hariox mex
[16/01/2010 18:42:39] /c hariox mex
[16/01/2010 18:42:39] /c hariox mex
[16/01/2010 18:42:39] /c hariox mex
[16/01/2010 18:42:39] /c hariox mex
[16/01/2010 18:42:39] /c hariox mex
[16/01/2010 18:42:39] /c hariox mex
[16/01/2010 18:42:39] /c hariox mex
[16/01/2010 18:42:39] /c hariox mex
[16/01/2010 18:42:39] /c hariox mex
[16/01/2010 18:42:39] /c hariox mex
[16/01/2010 18:42:39] /c hariox mex
[16/01/2010 18:42:39] /c hariox mex
[16/01/2010 18:42:39] /c hariox mex
[16/01/2010 18:42:39] /c hariox mex
[16/01/2010 18:42:40] /c hariox mex
[16/01/2010 18:42:40] /c hariox mex
[16/01/2010 18:42:40] /c hariox mex
[16/01/2010 18:42:40] /c hariox mex
[16/01/2010 18:42:40] /c hariox mex
[16/01/2010 18:42:40] /c hariox mex
[16/01/2010 18:42:40] /c hariox mex
[16/01/2010 18:42:40] /c hariox mex
[16/01/2010 18:42:40] /c hariox mex
[16/01/2010 18:42:40] /c hariox mex
[16/01/2010 18:42:40] /c hariox mex
[16/01/2010 18:42:40] /c hariox mex
[16/01/2010 18:42:40] /c hariox mex
[16/01/2010 18:42:40] /c hariox mex
[16/01/2010 18:42:40] /c hariox mex
[16/01/2010 18:42:41] /c hariox mex
[16/01/2010 18:42:41] /c hariox mex
[16/01/2010 18:42:41] /c hariox mex
[16/01/2010 18:42:41] /c hariox mex
[16/01/2010 18:42:41] /c hariox mex
[16/01/2010 18:42:41] /c hariox mex
[16/01/2010 18:42:41] /c hariox mex
[16/01/2010 18:42:41] /c hariox mex
[16/01/2010 18:42:41] /c hariox mex
[16/01/2010 18:42:41] /c hariox mex
[16/01/2010 18:42:41] /c hariox mex
[16/01/2010 18:42:41] /c hariox mex
[16/01/2010 18:42:41] /c hariox mex
[16/01/2010 18:42:41] /c hariox mex
[16/01/2010 18:42:41] /c hariox mex
[16/01/2010 18:42:41] /c hariox mex
[16/01/2010 18:42:41] /c hariox mex
[16/01/2010 18:42:42] /c hariox mex
[16/01/2010 18:42:42] /c hariox mex
[16/01/2010 18:42:42] /c hariox mex
[16/01/2010 18:42:42] /c hariox mex
[16/01/2010 18:42:42] /c hariox mex
[16/01/2010 18:42:42] /c hariox mex
[16/01/2010 18:42:42] /c hariox mex
[16/01/2010 18:42:42] /c hariox mex
[16/01/2010 18:42:42] /c hariox mex
[16/01/2010 18:42:42] /c hariox mex
[16/01/2010 18:42:42] /c hariox mex
[16/01/2010 18:42:42] /c hariox mex
[16/01/2010 18:42:42] /c hariox mex
[16/01/2010 18:42:42] /c hariox mex
[16/01/2010 18:42:43] /c hariox mex
[16/01/2010 18:42:43] /c hariox mex
[16/01/2010 18:42:43] /c hariox mex
[16/01/2010 18:42:43] /c hariox mex
[16/01/2010 18:42:43] /c hariox mex
[16/01/2010 18:42:43] /c hariox mex
[16/01/2010 18:42:43] /c hariox mex
[16/01/2010 18:42:43] /c hariox mex
[16/01/2010 18:42:43] /c hariox mex
[16/01/2010 18:42:43] /c hariox mex
[16/01/2010 18:42:43] /c hariox mex
[16/01/2010 18:42:43] /c hariox mex
[16/01/2010 18:42:43] /c hariox mex
[16/01/2010 18:42:43] /c hariox mex
[16/01/2010 18:42:43] /c hariox mex
[16/01/2010 18:42:43] /c hariox mex
[16/01/2010 18:42:44] /c hariox mex
[16/01/2010 18:42:44] /c hariox mex
[16/01/2010 18:42:44] /c hariox mex
[16/01/2010 18:42:44] /c hariox mex
[16/01/2010 18:42:44] /c hariox mex
[16/01/2010 18:42:44] /c hariox mex
[16/01/2010 18:42:44] /c hariox mex
[16/01/2010 18:42:44] /c hariox mex
[16/01/2010 18:42:44] /c hariox mex
[16/01/2010 18:42:44] /c hariox mex
[16/01/2010 18:42:44] /c hariox mex
[16/01/2010 18:42:44] /c hariox mex
[16/01/2010 18:42:44] /c hariox mex
[16/01/2010 18:42:44] /c hariox mex
[16/01/2010 18:42:44] /c hariox mex
[16/01/2010 18:42:44] /c hariox mex
[16/01/2010 18:42:44] /c hariox mex
[16/01/2010 18:42:44] /c hariox mex
[16/01/2010 18:42:45] /c hariox mex
[16/01/2010 18:42:45] /c hariox mex
[16/01/2010 18:42:46] /c hariox mex
[16/01/2010 18:42:47] /goto joao
[16/01/2010 18:42:57] /goto God Bruno
[16/01/2010 18:42:59] /goto God Bruno
[16/01/2010 18:43:01] /goto God Bruno
[16/01/2010 18:43:02] /t
[16/01/2010 18:43:15] /r
[16/01/2010 18:44:35] /c hariox mex
[16/01/2010 18:44:46] /r
[16/01/2010 18:44:50] /r
[16/01/2010 18:45:19] /r
[16/01/2010 18:45:52] /c hariox mex
[16/01/2010 18:45:57] /ghost
[16/01/2010 18:45:59] /ghost
[16/01/2010 18:45:59] /c hariox mex
[16/01/2010 18:46:24] /m bug exp
[16/01/2010 18:46:25] /m bug exp
[16/01/2010 18:46:26] /m bug exp
[16/01/2010 18:47:38] /m treiner target
[16/01/2010 18:48:25] /goto god bruno
[16/01/2010 18:48:27] /goto God Bruno
[16/01/2010 18:48:27] /goto God Bruno
[16/01/2010 18:48:27] /goto God Bruno
[16/01/2010 18:48:27] /goto God Bruno
[16/01/2010 18:48:27] /goto God Bruno
[16/01/2010 18:48:27] /goto God Bruno
[16/01/2010 18:48:27] /goto God Bruno
[16/01/2010 18:48:27] /goto God Bruno
[16/01/2010 18:48:27] /goto God Bruno
[16/01/2010 18:48:27] /goto God Bruno
[16/01/2010 18:48:27] /goto God Bruno
[16/01/2010 18:48:27] /goto God Bruno
[16/01/2010 18:48:27] /goto God Bruno
[16/01/2010 18:48:27] /goto God Bruno
[16/01/2010 18:48:27] /goto God Bruno
[16/01/2010 18:48:27] /goto God Bruno
[16/01/2010 18:48:27] /goto God Bruno
[16/01/2010 18:48:27] /goto God Bruno
[16/01/2010 18:48:27] /goto God Bruno
[16/01/2010 18:48:27] /goto God Bruno
[16/01/2010 18:48:27] /goto God Bruno
[16/01/2010 18:48:28] /goto God Bruno
[16/01/2010 18:48:28] /goto God Bruno
[16/01/2010 18:48:28] /goto God Bruno
[16/01/2010 18:48:29] /c hariox mex
[16/01/2010 18:48:29] /goto God Bruno
[16/01/2010 18:48:29] /goto God Bruno
[16/01/2010 18:48:30] /goto God Bruno
[16/01/2010 18:48:30] /goto God Bruno
[16/01/2010 18:48:30] /goto God Bruno
[16/01/2010 18:48:30] /goto God Bruno
[16/01/2010 18:48:31] /goto God Bruno
[16/01/2010 18:48:31] /goto God Bruno
[16/01/2010 18:48:31] /goto God Bruno
[16/01/2010 18:48:32] /goto God Bruno
[16/01/2010 18:48:32] /goto God Bruno
[16/01/2010 18:48:32] /goto God Bruno
[16/01/2010 18:48:32] /goto God Bruno
[16/01/2010 18:48:32] /goto God Bruno
[16/01/2010 18:48:32] /goto God Bruno
[16/01/2010 18:48:32] /goto God Bruno
[16/01/2010 18:48:32] /goto God Bruno
[16/01/2010 18:48:32] /goto God Bruno
[16/01/2010 18:48:32] /goto God Bruno
[16/01/2010 18:48:32] /goto God Bruno
[16/01/2010 18:48:32] /goto God Bruno
[16/01/2010 18:48:33] /goto God Bruno
[16/01/2010 18:48:33] /goto God Bruno
[16/01/2010 18:48:33] /goto God Bruno
[16/01/2010 18:48:33] /goto God Bruno
[16/01/2010 18:48:33] /goto God Bruno
[16/01/2010 18:48:33] /goto God Bruno
[16/01/2010 18:48:33] /goto God Bruno
[16/01/2010 18:48:33] /goto God Bruno
[16/01/2010 18:48:33] /goto God Bruno
[16/01/2010 18:48:33] /goto God Bruno
[16/01/2010 18:48:33] /goto God Bruno
[16/01/2010 18:48:33] /goto God Bruno
[16/01/2010 18:48:33] /goto God Bruno
[16/01/2010 18:48:34] /goto God Bruno
[16/01/2010 18:48:34] /goto God Bruno
[16/01/2010 18:48:34] /goto God Bruno
[16/01/2010 18:48:34] /goto God Bruno
[16/01/2010 18:48:34] /goto God Bruno
[16/01/2010 18:48:34] /goto God Bruno
[16/01/2010 18:48:34] /goto God Bruno
[16/01/2010 18:48:34] /goto God Bruno
[16/01/2010 18:48:34] /goto God Bruno
[16/01/2010 18:48:34] /goto God Bruno
[16/01/2010 18:48:34] /goto God Bruno
[16/01/2010 18:48:34] /goto God Bruno
[16/01/2010 18:48:34] /goto God Bruno
[16/01/2010 18:48:34] /goto God Bruno
[16/01/2010 18:48:34] /goto God Bruno
[16/01/2010 18:48:34] /goto God Bruno
[16/01/2010 18:48:34] /goto God Bruno
[16/01/2010 18:48:34] /goto God Bruno
[16/01/2010 18:48:34] /goto God Bruno
[16/01/2010 18:48:34] /goto God Bruno
[16/01/2010 18:48:34] /goto God Bruno
[16/01/2010 18:48:34] /goto God Bruno
[16/01/2010 18:48:34] /goto God Bruno
[16/01/2010 18:48:34] /goto God Bruno
[16/01/2010 18:48:34] /goto God Bruno
[16/01/2010 18:48:34] /goto God Bruno
[16/01/2010 18:48:34] /goto God Bruno
[16/01/2010 18:48:34] /goto God Bruno
[16/01/2010 18:48:34] /goto God Bruno
[16/01/2010 18:48:34] /goto God Bruno
[16/01/2010 18:48:34] /goto God Bruno
[16/01/2010 18:48:34] /goto God Bruno
[16/01/2010 18:48:34] /goto God Bruno
[16/01/2010 18:48:34] /goto God Bruno
[16/01/2010 18:48:34] /goto God Bruno
[16/01/2010 18:48:34] /goto God Bruno
[16/01/2010 18:48:34] /goto God Bruno
[16/01/2010 18:48:35] /goto God Bruno
[16/01/2010 18:48:35] /goto God Bruno
[16/01/2010 18:48:35] /goto God Bruno
[16/01/2010 18:48:35] /goto God Bruno
[16/01/2010 18:48:35] /goto God Bruno
[16/01/2010 18:48:35] /goto God Bruno
[16/01/2010 18:48:35] /goto God Bruno
[16/01/2010 18:48:35] /goto God Bruno
[16/01/2010 18:48:35] /goto God Bruno
[16/01/2010 18:48:35] /goto God Bruno
[16/01/2010 18:48:35] /goto God Bruno
[16/01/2010 18:48:35] /goto God Bruno
[16/01/2010 18:48:35] /goto God Bruno
[16/01/2010 18:48:35] /goto God Bruno
[16/01/2010 18:48:35] /goto God Bruno
[16/01/2010 18:48:35] /goto God Bruno
[16/01/2010 18:48:35] /goto God Bruno
[16/01/2010 18:48:35] /goto God Bruno
[16/01/2010 18:48:35] /goto God Bruno
[16/01/2010 18:48:35] /goto God Bruno
[16/01/2010 18:48:35] /goto God Bruno
[16/01/2010 18:48:35] /goto God Bruno
[16/01/2010 18:49:18] /goto God Bruno
[16/01/2010 18:49:19] /goto God Bruno
[16/01/2010 18:49:20] /goto God Bruno
[16/01/2010 18:49:21] /goto God Bruno
[16/01/2010 18:49:44] /town 14
[16/01/2010 18:49:45] /c hariox mex
[16/01/2010 18:49:51] /town 10
[16/01/2010 18:49:54] /town 10
[16/01/2010 18:49:56] /town 9
[16/01/2010 18:49:59] /town 8
[16/01/2010 18:50:00] /c hariox mex
[16/01/2010 18:50:04] /a 3
[16/01/2010 18:50:16] /c hariox mex
[16/01/2010 18:50:23] /a 3
[16/01/2010 18:50:28] /a 3
[16/01/2010 18:50:28] /a 3
[16/01/2010 18:50:28] /a 3
[16/01/2010 18:50:28] /a 3
[16/01/2010 18:50:28] /a 3
[16/01/2010 18:50:28] /a 3
[16/01/2010 18:50:28] /a 3
[16/01/2010 18:50:28] /a 3
[16/01/2010 18:50:28] /a 3
[16/01/2010 18:50:29] /a 3
[16/01/2010 18:50:29] /a 3
[16/01/2010 18:50:29] /a 3
[16/01/2010 18:50:29] /a 3
[16/01/2010 18:50:29] /a 3
[16/01/2010 18:50:29] /a 3
[16/01/2010 18:50:29] /a 3
[16/01/2010 18:50:29] /a 3
[16/01/2010 18:50:29] /a 3
[16/01/2010 18:50:29] /a 3
[16/01/2010 18:50:29] /a 3
[16/01/2010 18:50:30] /c hariox mex
[16/01/2010 18:50:30] /a 3
[16/01/2010 18:50:31] /a 3
[16/01/2010 18:50:31] /a 3
[16/01/2010 18:50:31] /a 3
[16/01/2010 18:50:31] /a 3
[16/01/2010 18:50:31] /a 3
[16/01/2010 18:50:31] /a 3
[16/01/2010 18:50:31] /a 3
[16/01/2010 18:50:31] /a 3
[16/01/2010 18:50:31] /c hariox mex
[16/01/2010 18:50:32] /c hariox mex
[16/01/2010 18:50:32] /c hariox mex
[16/01/2010 18:50:34] /up
[16/01/2010 18:50:35] /up
[16/01/2010 18:50:35] /up
[16/01/2010 18:50:38] /goto hariox mex
[16/01/2010 18:50:39] /c hariox mex
[16/01/2010 18:50:41] /c hariox mex
[16/01/2010 18:51:12] /b alert falso
[16/01/2010 18:51:15] /a 3
[16/01/2010 18:51:15] /a 3
[16/01/2010 18:51:15] /a 3
[16/01/2010 18:51:15] /a 3
[16/01/2010 18:51:15] /a 3
[16/01/2010 18:51:16] /a 3
[16/01/2010 18:51:16] /a 3
[16/01/2010 18:51:16] /a 3
[16/01/2010 18:51:16] /a 3
[16/01/2010 18:51:16] /a 3
[16/01/2010 18:51:16] /a 3
[16/01/2010 18:51:16] /a 3
[16/01/2010 18:51:16] /a 3
[16/01/2010 18:51:16] /a 3
[16/01/2010 18:51:16] /a 3
[16/01/2010 18:51:16] /a 3
[16/01/2010 18:51:16] /a 3
[16/01/2010 18:51:16] /a 3
[16/01/2010 18:51:16] /a 3
[16/01/2010 18:51:16] /a 3
[16/01/2010 18:51:16] /a 3
[16/01/2010 18:51:16] /a 3
[16/01/2010 18:51:16] /a 3
[16/01/2010 18:51:16] /a 3
[16/01/2010 18:51:16] /a 3
[16/01/2010 18:51:16] /a 3
[16/01/2010 18:51:16] /a 3
[16/01/2010 18:51:16] /a 3
[16/01/2010 18:51:16] /a 3
[16/01/2010 18:51:16] /a 3
[16/01/2010 18:51:16] /a 3
[16/01/2010 18:51:16] /a 3
[16/01/2010 18:51:16] /a 3
[16/01/2010 18:51:16] /a 3
[16/01/2010 18:51:16] /a 3
[16/01/2010 18:51:17] /a 3
[16/01/2010 18:51:17] /a 3
[16/01/2010 18:51:17] /a 3
[16/01/2010 18:51:17] /a 3
[16/01/2010 18:51:17] /a 3
[16/01/2010 18:51:17] /a 3
[16/01/2010 18:51:17] /a 3
[16/01/2010 18:51:17] /a 3
[16/01/2010 18:51:17] /a 3
[16/01/2010 18:51:17] /a 3
[16/01/2010 18:51:17] /a 3
[16/01/2010 18:51:17] /a 3
[16/01/2010 18:51:17] /a 3
[16/01/2010 18:51:17] /a 3
[16/01/2010 18:51:17] /a 3
[16/01/2010 18:51:37] /a 3
[16/01/2010 18:51:38] /a 3
[16/01/2010 18:51:39] /c hariox mex
[16/01/2010 18:51:39] /a 3
[16/01/2010 18:51:40] /a 3
[16/01/2010 18:51:41] /a 3
[16/01/2010 18:51:41] /a 3
[16/01/2010 18:51:43] /a 3
[16/01/2010 18:51:43] /a 3
[16/01/2010 18:51:43] /a 3
[16/01/2010 18:51:43] /a 3
[16/01/2010 18:51:46] /a 3
[16/01/2010 18:51:46] /a 3
[16/01/2010 18:51:47] /a 3
[16/01/2010 18:51:48] /a 3
[16/01/2010 18:51:48] /a 3
[16/01/2010 18:51:49] /a 3
[16/01/2010 18:51:50] /a 3
[16/01/2010 18:51:50] /a 3
[16/01/2010 18:51:50] /a 3
[16/01/2010 18:51:51] /a 3
[16/01/2010 18:51:51] /a 3
[16/01/2010 18:51:51] /a 3
[16/01/2010 18:51:51] /a 3
[16/01/2010 18:51:51] /a 3
[16/01/2010 18:51:52] /a 3
[16/01/2010 18:51:52] /a 3
[16/01/2010 18:51:52] /a 3
[16/01/2010 18:51:53] /a 3
[16/01/2010 18:51:53] /a 3
[16/01/2010 18:51:53] /a 3
[16/01/2010 18:51:57] /goto hariox mex
[16/01/2010 18:52:02] /up
[16/01/2010 18:52:04] /c god bruno
[16/01/2010 18:52:22] /c hariox mex
[16/01/2010 18:52:30] /a 3
[16/01/2010 18:52:30] /a 3
[16/01/2010 18:52:30] /a 3
[16/01/2010 18:52:30] /a 3
[16/01/2010 18:52:30] /a 3
[16/01/2010 18:52:31] /a 3
[16/01/2010 18:52:31] /a 3
[16/01/2010 18:52:31] /a 3
[16/01/2010 18:52:31] /a 3
[16/01/2010 18:52:31] /a 3
[16/01/2010 18:52:31] /a 3
[16/01/2010 18:52:31] /a 3
[16/01/2010 18:52:31] /a 3
[16/01/2010 18:52:31] /a 3
[16/01/2010 18:52:31] /a 3
[16/01/2010 18:52:32] /a 3
[16/01/2010 18:52:32] /a 3
[16/01/2010 18:52:33] /a 3
[16/01/2010 18:52:33] /a 3
[16/01/2010 18:52:33] /a 3
[16/01/2010 18:52:33] /a 3
[16/01/2010 18:52:33] /a 3
[16/01/2010 18:52:33] /a 3
[16/01/2010 18:52:33] /a 3
[16/01/2010 18:52:33] /a 3
[16/01/2010 18:52:33] /a 3
[16/01/2010 18:52:33] /a 3
[16/01/2010 18:52:33] /a 3
[16/01/2010 18:52:58] /a 3
[16/01/2010 18:52:59] /a 3
[16/01/2010 18:53:00] /a 3
[16/01/2010 18:53:01] /a 3
[16/01/2010 18:53:01] /a 3
[16/01/2010 18:53:02] /a 3
[16/01/2010 18:53:02] /a 3
[16/01/2010 18:53:03] /a 3
[16/01/2010 18:53:04] /a 3
[16/01/2010 18:53:08] /a 3
[16/01/2010 18:53:09] /a 3
[16/01/2010 18:53:10] /a 3
[16/01/2010 18:53:10] /a 3
[16/01/2010 18:53:19] /town 8
[16/01/2010 18:53:21] /c hariox mex
[16/01/2010 18:53:51] /town 2
[16/01/2010 18:53:52] /c hariox mex
[16/01/2010 18:53:59] /c hariox mex
[16/01/2010 18:54:01] /c hariox mex
[16/01/2010 18:54:08] /town 5
[16/01/2010 18:54:10] /c hariox mex
[16/01/2010 18:54:32] /c hariox mex
[16/01/2010 18:54:38] /a 3
