[16/01/2010 17:13:59] /t
[16/01/2010 17:14:09] /goto capitao coruja
[16/01/2010 17:14:28] /goto god bruno
[16/01/2010 17:14:44] /goto god bruno
[16/01/2010 17:14:48] /goto god bruno
[16/01/2010 17:14:52] /goto god bruno
[16/01/2010 17:14:54] /goto god bruno
[16/01/2010 17:14:56] /goto god bruno
[16/01/2010 17:14:57] /goto god bruno
[16/01/2010 17:14:59] /goto god bruno
[16/01/2010 17:15:00] /goto god bruno
[16/01/2010 17:15:01] /goto god bruno
[16/01/2010 17:15:02] /goto god bruno
[16/01/2010 17:15:03] /goto god bruno
[16/01/2010 17:15:05] /goto god bruno
[16/01/2010 17:15:06] /goto god bruno
[16/01/2010 17:15:07] /goto god bruno
[16/01/2010 17:15:09] /goto god bruno
[16/01/2010 17:15:20] /down
[16/01/2010 17:15:33] /goto god bruno
[16/01/2010 17:15:54] /goto god bruno
[16/01/2010 17:15:56] /goto god bruno
[16/01/2010 17:15:58] /goto god bruno
[16/01/2010 17:16:00] /goto god bruno
[16/01/2010 17:16:04] /goto god bruno
[16/01/2010 17:16:07] /goto god bruno
[16/01/2010 17:16:26] /goto god bruno
[16/01/2010 17:16:31] /a 3
[16/01/2010 17:16:38] /a 3
[16/01/2010 17:16:39] /a 3
[16/01/2010 17:17:12] /t
[16/01/2010 17:17:21] /a 90
[16/01/2010 17:17:43] /goto lizard legionare
