[12/02/2010 15:03:22] /jail 100 Naxes
[12/02/2010 15:03:27] /t
[12/02/2010 15:03:33] /c Naxes
[12/02/2010 15:04:55] /c GOD Alissow
[12/02/2010 15:04:57] /c GOD Alissow
[12/02/2010 15:04:57] /c GOD Alissow
[12/02/2010 15:04:57] /c GOD Alissow
[12/02/2010 15:04:57] /c GOD Alissow
[12/02/2010 15:04:57] /c GOD Alissow
[12/02/2010 15:04:57] /c GOD Alissow
[12/02/2010 15:04:57] /c GOD Alissow
[12/02/2010 15:04:57] /c GOD Alissow
[12/02/2010 15:04:57] /c GOD Alissow
[12/02/2010 15:04:57] /c GOD Alissow
[12/02/2010 15:04:57] /c GOD Alissow
[12/02/2010 15:04:57] /c GOD Alissow
[12/02/2010 15:04:57] /c GOD Alissow
[12/02/2010 15:04:57] /c GOD Alissow
[12/02/2010 15:04:57] /c GOD Alissow
[12/02/2010 15:04:57] /c GOD Alissow
[12/02/2010 15:04:57] /c GOD Alissow
[12/02/2010 15:04:57] /c GOD Alissow
[12/02/2010 15:04:57] /c GOD Alissow
[12/02/2010 15:04:57] /c GOD Alissow
[12/02/2010 15:04:57] /c GOD Alissow
[12/02/2010 15:04:57] /c GOD Alissow
[12/02/2010 15:04:57] /c GOD Alissow
[12/02/2010 15:04:57] /c GOD Alissow
[12/02/2010 15:04:57] /c GOD Alissow
[12/02/2010 15:04:57] /c GOD Alissow
[12/02/2010 15:04:57] /c GOD Alissow
[12/02/2010 15:04:57] /c GOD Alissow
[12/02/2010 15:04:57] /c GOD Alissow
[12/02/2010 15:04:57] /c GOD Alissow
[12/02/2010 15:04:57] /c GOD Alissow
[12/02/2010 15:04:57] /c GOD Alissow
[12/02/2010 15:04:57] /c GOD Alissow
[12/02/2010 15:04:57] /c GOD Alissow
[12/02/2010 15:04:58] /c GOD Alissow
[12/02/2010 15:04:58] /c GOD Alissow
[12/02/2010 15:04:58] /c GOD Alissow
[12/02/2010 15:04:58] /c GOD Alissow
[12/02/2010 15:04:58] /c GOD Alissow
[12/02/2010 15:04:58] /c GOD Alissow
[12/02/2010 15:04:58] /c GOD Alissow
[12/02/2010 15:04:58] /c GOD Alissow
[12/02/2010 15:04:58] /c GOD Alissow
[12/02/2010 15:04:58] /c GOD Alissow
[12/02/2010 15:04:58] /c GOD Alissow
[12/02/2010 15:04:58] /c GOD Alissow
[12/02/2010 15:04:59] /c GOD Alissow
[12/02/2010 15:04:59] /c GOD Alissow
[12/02/2010 15:04:59] /c GOD Alissow
[12/02/2010 15:04:59] /c GOD Alissow
[12/02/2010 15:04:59] /c GOD Alissow
[12/02/2010 15:04:59] /c GOD Alissow
[12/02/2010 15:04:59] /c GOD Alissow
[12/02/2010 15:04:59] /c GOD Alissow
[12/02/2010 15:04:59] /c GOD Alissow
[12/02/2010 15:04:59] /c GOD Alissow
[12/02/2010 15:04:59] /c GOD Alissow
[12/02/2010 15:04:59] /c GOD Alissow
[12/02/2010 15:04:59] /c GOD Alissow
[12/02/2010 15:04:59] /c GOD Alissow
[12/02/2010 15:04:59] /c GOD Alissow
[12/02/2010 15:04:59] /c GOD Alissow
[12/02/2010 15:04:59] /c GOD Alissow
[12/02/2010 15:05:00] /c GOD Alissow
[12/02/2010 15:05:00] /c GOD Alissow
[12/02/2010 15:05:00] /c GOD Alissow
[12/02/2010 15:05:00] /c GOD Alissow
[12/02/2010 15:05:00] /c GOD Alissow
[12/02/2010 15:05:00] /c GOD Alissow
[12/02/2010 15:05:00] /c GOD Alissow
[12/02/2010 15:05:00] /c GOD Alissow
[12/02/2010 15:05:00] /c GOD Alissow
[12/02/2010 15:05:00] /c GOD Alissow
[12/02/2010 15:05:00] /c GOD Alissow
[12/02/2010 15:05:00] /c GOD Alissow
[12/02/2010 15:05:00] /c GOD Alissow
[12/02/2010 15:05:00] /c GOD Alissow
[12/02/2010 15:05:00] /c GOD Alissow
[12/02/2010 15:05:00] /c GOD Alissow
[12/02/2010 15:05:00] /c GOD Alissow
[12/02/2010 15:05:00] /c GOD Alissow
[12/02/2010 15:05:00] /c GOD Alissow
[12/02/2010 15:05:00] /c GOD Alissow
[12/02/2010 15:05:00] /c GOD Alissow
[12/02/2010 15:05:00] /c GOD Alissow
[12/02/2010 15:05:00] /c GOD Alissow
[12/02/2010 15:05:00] /c GOD Alissow
[12/02/2010 15:05:00] /c GOD Alissow
[12/02/2010 15:05:00] /c GOD Alissow
[12/02/2010 15:05:00] /c GOD Alissow
[12/02/2010 15:05:00] /c GOD Alissow
[12/02/2010 15:05:00] /c GOD Alissow
[12/02/2010 15:05:00] /c GOD Alissow
[12/02/2010 15:05:00] /c GOD Alissow
[12/02/2010 15:05:00] /c GOD Alissow
[12/02/2010 15:05:00] /c GOD Alissow
[12/02/2010 15:05:01] /c GOD Alissow
[12/02/2010 15:05:01] /c GOD Alissow
[12/02/2010 15:05:01] /c GOD Alissow
[12/02/2010 15:05:01] /c GOD Alissow
[12/02/2010 15:05:01] /c GOD Alissow
[12/02/2010 15:05:01] /c GOD Alissow
[12/02/2010 15:05:01] /c GOD Alissow
[12/02/2010 15:05:01] /c GOD Alissow
[12/02/2010 15:05:01] /c GOD Alissow
[12/02/2010 15:05:01] /c GOD Alissow
[12/02/2010 15:05:01] /c GOD Alissow
[12/02/2010 15:05:01] /c GOD Alissow
[12/02/2010 15:05:01] /c GOD Alissow
[12/02/2010 15:05:01] /c GOD Alissow
[12/02/2010 15:05:01] /c GOD Alissow
[12/02/2010 15:05:01] /c GOD Alissow
[12/02/2010 15:05:01] /c GOD Alissow
[12/02/2010 15:05:01] /c GOD Alissow
[12/02/2010 15:05:01] /c GOD Alissow
[12/02/2010 15:05:01] /c GOD Alissow
[12/02/2010 15:05:01] /c GOD Alissow
[12/02/2010 15:05:01] /c GOD Alissow
[12/02/2010 15:05:01] /c GOD Alissow
[12/02/2010 15:05:01] /c GOD Alissow
[12/02/2010 15:05:01] /c GOD Alissow
[12/02/2010 15:05:01] /c GOD Alissow
[12/02/2010 15:05:01] /c GOD Alissow
[12/02/2010 15:05:01] /c GOD Alissow
[12/02/2010 15:05:01] /c GOD Alissow
[12/02/2010 15:05:03] /c GOD Alissow
[12/02/2010 15:05:03] /c GOD Alissow
[12/02/2010 15:05:03] /c GOD Alissow
[12/02/2010 15:05:03] /c GOD Alissow
[12/02/2010 15:05:03] /c GOD Alissow
[12/02/2010 15:05:03] /c GOD Alissow
[12/02/2010 15:05:03] /c GOD Alissow
[12/02/2010 15:05:03] /c GOD Alissow
[12/02/2010 15:05:03] /c GOD Alissow
[12/02/2010 15:05:03] /c GOD Alissow
[12/02/2010 15:05:03] /c GOD Alissow
[12/02/2010 15:05:03] /c GOD Alissow
[12/02/2010 15:05:03] /c GOD Alissow
[12/02/2010 15:05:03] /c GOD Alissow
[12/02/2010 15:05:03] /c GOD Alissow
[12/02/2010 15:05:03] /c GOD Alissow
[12/02/2010 15:05:03] /c GOD Alissow
[12/02/2010 15:05:03] /c GOD Alissow
[12/02/2010 15:05:03] /c GOD Alissow
[12/02/2010 15:05:03] /c GOD Alissow
[12/02/2010 15:05:03] /c GOD Alissow
[12/02/2010 15:05:03] /c GOD Alissow
[12/02/2010 15:05:03] /c GOD Alissow
[12/02/2010 15:05:03] /c GOD Alissow
[12/02/2010 15:05:03] /c GOD Alissow
[12/02/2010 15:05:03] /c GOD Alissow
[12/02/2010 15:05:03] /c GOD Alissow
[12/02/2010 15:05:03] /c GOD Alissow
[12/02/2010 15:05:03] /c GOD Alissow
[12/02/2010 15:05:03] /c GOD Alissow
[12/02/2010 15:05:03] /c GOD Alissow
[12/02/2010 15:05:03] /c GOD Alissow
[12/02/2010 15:05:03] /c GOD Alissow
[12/02/2010 15:05:03] /c GOD Alissow
[12/02/2010 15:05:03] /c GOD Alissow
[12/02/2010 15:05:03] /c GOD Alissow
[12/02/2010 15:05:03] /c GOD Alissow
[12/02/2010 15:05:03] /c GOD Alissow
[12/02/2010 15:05:03] /c GOD Alissow
[12/02/2010 15:05:03] /c GOD Alissow
[12/02/2010 15:05:03] /c GOD Alissow
[12/02/2010 15:05:03] /c GOD Alissow
[12/02/2010 15:05:04] /c GOD Alissow
[12/02/2010 15:05:04] /c GOD Alissow
[12/02/2010 15:05:04] /c GOD Alissow
[12/02/2010 15:05:04] /c GOD Alissow
[12/02/2010 15:05:04] /c GOD Alissow
[12/02/2010 15:05:04] /c GOD Alissow
[12/02/2010 15:05:04] /c GOD Alissow
[12/02/2010 15:05:04] /c GOD Alissow
[12/02/2010 15:05:04] /c GOD Alissow
[12/02/2010 15:05:04] /c GOD Alissow
[12/02/2010 15:05:04] /c GOD Alissow
[12/02/2010 15:05:04] /c GOD Alissow
[12/02/2010 15:05:04] /c GOD Alissow
[12/02/2010 15:05:04] /c GOD Alissow
[12/02/2010 15:05:04] /c GOD Alissow
[12/02/2010 15:05:04] /c GOD Alissow
[12/02/2010 15:05:04] /c GOD Alissow
[12/02/2010 15:05:04] /c GOD Alissow
[12/02/2010 15:05:04] /c GOD Alissow
[12/02/2010 15:05:04] /c GOD Alissow
[12/02/2010 15:05:04] /c GOD Alissow
[12/02/2010 15:05:04] /c GOD Alissow
[12/02/2010 15:05:04] /c GOD Alissow
[12/02/2010 15:05:04] /c GOD Alissow
[12/02/2010 15:05:04] /c GOD Alissow
[12/02/2010 15:05:04] /c GOD Alissow
[12/02/2010 15:05:04] /c GOD Alissow
[12/02/2010 15:05:04] /c GOD Alissow
[12/02/2010 15:05:04] /c GOD Alissow
[12/02/2010 15:05:04] /c GOD Alissow
[12/02/2010 15:05:04] /c GOD Alissow
[12/02/2010 15:05:05] /c GOD Alissow
[12/02/2010 15:05:05] /c GOD Alissow
[12/02/2010 15:05:05] /c GOD Alissow
[12/02/2010 15:05:05] /c GOD Alissow
[12/02/2010 15:05:05] /c GOD Alissow
[12/02/2010 15:05:05] /c GOD Alissow
[12/02/2010 15:05:05] /c GOD Alissow
[12/02/2010 15:05:05] /c GOD Alissow
[12/02/2010 15:05:05] /c GOD Alissow
[12/02/2010 15:05:05] /c GOD Alissow
[12/02/2010 15:05:05] /c GOD Alissow
[12/02/2010 15:05:05] /c GOD Alissow
[12/02/2010 15:05:05] /c GOD Alissow
[12/02/2010 15:05:05] /c GOD Alissow
[12/02/2010 15:05:05] /c GOD Alissow
[12/02/2010 15:05:05] /c GOD Alissow
[12/02/2010 15:05:05] /c GOD Alissow
[12/02/2010 15:05:05] /c GOD Alissow
[12/02/2010 15:05:05] /c GOD Alissow
[12/02/2010 15:05:05] /c GOD Alissow
[12/02/2010 15:05:05] /c GOD Alissow
[12/02/2010 15:05:05] /c GOD Alissow
[12/02/2010 15:05:05] /c GOD Alissow
[12/02/2010 15:05:05] /c GOD Alissow
[12/02/2010 15:05:05] /c GOD Alissow
[12/02/2010 15:05:05] /c GOD Alissow
[12/02/2010 15:05:06] /c GOD Alissow
[12/02/2010 15:05:06] /c GOD Alissow
[12/02/2010 15:05:06] /c GOD Alissow
[12/02/2010 15:05:06] /c GOD Alissow
[12/02/2010 15:05:06] /c GOD Alissow
[12/02/2010 15:05:06] /c GOD Alissow
[12/02/2010 15:05:06] /c GOD Alissow
[12/02/2010 15:05:06] /c GOD Alissow
[12/02/2010 15:05:06] /c GOD Alissow
[12/02/2010 15:05:06] /c GOD Alissow
[12/02/2010 15:05:06] /c GOD Alissow
[12/02/2010 15:05:06] /c GOD Alissow
[12/02/2010 15:05:06] /c GOD Alissow
[12/02/2010 15:05:06] /c GOD Alissow
[12/02/2010 15:05:06] /c GOD Alissow
[12/02/2010 15:05:06] /c GOD Alissow
[12/02/2010 15:05:06] /c GOD Alissow
[12/02/2010 15:05:06] /c GOD Alissow
[12/02/2010 15:05:06] /c GOD Alissow
[12/02/2010 15:05:06] /c GOD Alissow
[12/02/2010 15:05:06] /c GOD Alissow
[12/02/2010 15:05:06] /c GOD Alissow
[12/02/2010 15:05:06] /c GOD Alissow
[12/02/2010 15:05:07] /c GOD Alissow
[12/02/2010 15:05:07] /c GOD Alissow
[12/02/2010 15:05:07] /c GOD Alissow
[12/02/2010 15:05:07] /c GOD Alissow
[12/02/2010 15:05:07] /c GOD Alissow
[12/02/2010 15:05:07] /c GOD Alissow
[12/02/2010 15:05:07] /c GOD Alissow
[12/02/2010 15:05:07] /c GOD Alissow
[12/02/2010 15:05:07] /c GOD Alissow
[12/02/2010 15:05:07] /c GOD Alissow
[12/02/2010 15:05:07] /c GOD Alissow
[12/02/2010 15:05:07] /c GOD Alissow
[12/02/2010 15:05:07] /c GOD Alissow
[12/02/2010 15:05:07] /c GOD Alissow
[12/02/2010 15:05:07] /c GOD Alissow
[12/02/2010 15:05:07] /c GOD Alissow
[12/02/2010 15:05:07] /c GOD Alissow
[12/02/2010 15:05:07] /c GOD Alissow
[12/02/2010 15:05:07] /c GOD Alissow
[12/02/2010 15:05:07] /c GOD Alissow
[12/02/2010 15:05:07] /c GOD Alissow
[12/02/2010 15:05:07] /c GOD Alissow
[12/02/2010 15:05:07] /c GOD Alissow
[12/02/2010 15:05:08] /c GOD Alissow
[12/02/2010 15:05:08] /c GOD Alissow
[12/02/2010 15:05:08] /c GOD Alissow
[12/02/2010 15:05:08] /c GOD Alissow
[12/02/2010 15:05:08] /c GOD Alissow
[12/02/2010 15:05:08] /c GOD Alissow
[12/02/2010 15:05:08] /c GOD Alissow
[12/02/2010 15:05:08] /c GOD Alissow
[12/02/2010 15:05:08] /c GOD Alissow
[12/02/2010 15:05:08] /c GOD Alissow
[12/02/2010 15:05:08] /c GOD Alissow
[12/02/2010 15:05:08] /c GOD Alissow
[12/02/2010 15:05:08] /c GOD Alissow
[12/02/2010 15:05:08] /c GOD Alissow
[12/02/2010 15:05:08] /c GOD Alissow
[12/02/2010 15:05:08] /c GOD Alissow
[12/02/2010 15:05:08] /c GOD Alissow
[12/02/2010 15:05:08] /c GOD Alissow
[12/02/2010 15:05:08] /c GOD Alissow
[12/02/2010 15:05:08] /c GOD Alissow
[12/02/2010 15:05:08] /c GOD Alissow
[12/02/2010 15:05:08] /c GOD Alissow
[12/02/2010 15:05:08] /c GOD Alissow
[12/02/2010 15:05:08] /c GOD Alissow
[12/02/2010 15:05:08] /c GOD Alissow
[12/02/2010 15:05:09] /c GOD Alissow
[12/02/2010 15:05:09] /c GOD Alissow
[12/02/2010 15:05:09] /c GOD Alissow
[12/02/2010 15:05:09] /c GOD Alissow
[12/02/2010 15:05:09] /c GOD Alissow
[12/02/2010 15:05:09] /c GOD Alissow
[12/02/2010 15:05:09] /c GOD Alissow
[12/02/2010 15:05:09] /c GOD Alissow
[12/02/2010 15:05:09] /c GOD Alissow
[12/02/2010 15:05:09] /c GOD Alissow
[12/02/2010 15:05:09] /c GOD Alissow
[12/02/2010 15:05:09] /c GOD Alissow
[12/02/2010 15:05:09] /c GOD Alissow
[12/02/2010 15:05:09] /c GOD Alissow
[12/02/2010 15:05:09] /c GOD Alissow
[12/02/2010 15:05:09] /c GOD Alissow
[12/02/2010 15:05:09] /c GOD Alissow
[12/02/2010 15:05:09] /c GOD Alissow
[12/02/2010 15:05:09] /c GOD Alissow
[12/02/2010 15:05:09] /c GOD Alissow
[12/02/2010 15:05:09] /c GOD Alissow
[12/02/2010 15:05:09] /c GOD Alissow
[12/02/2010 15:05:09] /c GOD Alissow
[12/02/2010 15:05:09] /c GOD Alissow
[12/02/2010 15:05:09] /c GOD Alissow
[12/02/2010 15:05:10] /c GOD Alissow
[12/02/2010 15:05:10] /c GOD Alissow
[12/02/2010 15:05:10] /c GOD Alissow
[12/02/2010 15:05:10] /c GOD Alissow
[12/02/2010 15:05:10] /c GOD Alissow
[12/02/2010 15:05:10] /c GOD Alissow
[12/02/2010 15:05:10] /c GOD Alissow
[12/02/2010 15:05:10] /c GOD Alissow
[12/02/2010 15:05:10] /c GOD Alissow
[12/02/2010 15:05:10] /c GOD Alissow
[12/02/2010 15:05:10] /c GOD Alissow
[12/02/2010 15:05:10] /c GOD Alissow
[12/02/2010 15:05:10] /c GOD Alissow
[12/02/2010 15:05:10] /c GOD Alissow
[12/02/2010 15:05:10] /c GOD Alissow
[12/02/2010 15:05:10] /c GOD Alissow
[12/02/2010 15:05:10] /c GOD Alissow
[12/02/2010 15:05:10] /c GOD Alissow
[12/02/2010 15:05:10] /c GOD Alissow
[12/02/2010 15:05:10] /c GOD Alissow
[12/02/2010 15:05:10] /c GOD Alissow
[12/02/2010 15:05:10] /c GOD Alissow
[12/02/2010 15:05:10] /c GOD Alissow
[12/02/2010 15:05:10] /c GOD Alissow
[12/02/2010 15:05:11] /c GOD Alissow
[12/02/2010 15:05:11] /c GOD Alissow
[12/02/2010 15:05:11] /c GOD Alissow
[12/02/2010 15:05:11] /c GOD Alissow
[12/02/2010 15:05:11] /c GOD Alissow
[12/02/2010 15:05:11] /c GOD Alissow
[12/02/2010 15:05:11] /c GOD Alissow
[12/02/2010 15:05:11] /c GOD Alissow
[12/02/2010 15:05:11] /c GOD Alissow
[12/02/2010 15:05:11] /c GOD Alissow
[12/02/2010 15:05:11] /c GOD Alissow
[12/02/2010 15:05:11] /c GOD Alissow
[12/02/2010 15:05:11] /c GOD Alissow
[12/02/2010 15:05:11] /c GOD Alissow
[12/02/2010 15:05:11] /c GOD Alissow
[12/02/2010 15:05:11] /c GOD Alissow
[12/02/2010 15:05:11] /c GOD Alissow
[12/02/2010 15:05:11] /c GOD Alissow
[12/02/2010 15:05:11] /c GOD Alissow
[12/02/2010 15:05:11] /c GOD Alissow
[12/02/2010 15:05:11] /c GOD Alissow
[12/02/2010 15:05:11] /c GOD Alissow
[12/02/2010 15:05:11] /c GOD Alissow
[12/02/2010 15:05:12] /c GOD Alissow
[12/02/2010 15:05:12] /c GOD Alissow
[12/02/2010 15:05:12] /c GOD Alissow
[12/02/2010 15:05:12] /c GOD Alissow
[12/02/2010 15:05:12] /c GOD Alissow
[12/02/2010 15:05:12] /c GOD Alissow
[12/02/2010 15:05:13] /c GOD Alissow
[12/02/2010 15:05:13] /c GOD Alissow
[12/02/2010 15:05:13] /c GOD Alissow
[12/02/2010 15:05:13] /c GOD Alissow
[12/02/2010 15:05:13] /c GOD Alissow
[12/02/2010 15:05:13] /c GOD Alissow
[12/02/2010 15:05:14] /c GOD Alissow
[12/02/2010 15:05:14] /c GOD Alissow
[12/02/2010 15:05:14] /c GOD Alissow
[12/02/2010 15:05:14] /c GOD Alissow
[12/02/2010 15:05:14] /c GOD Alissow
[12/02/2010 15:05:14] /c GOD Alissow
[12/02/2010 15:05:14] /c GOD Alissow
[12/02/2010 15:05:14] /c GOD Alissow
[12/02/2010 15:05:14] /c GOD Alissow
[12/02/2010 15:05:14] /c GOD Alissow
[12/02/2010 15:05:14] /c GOD Alissow
[12/02/2010 15:05:14] /c GOD Alissow
[12/02/2010 15:05:14] /c GOD Alissow
[12/02/2010 15:05:14] /c GOD Alissow
[12/02/2010 15:05:14] /c GOD Alissow
[12/02/2010 15:05:14] /c GOD Alissow
[12/02/2010 15:05:14] /c GOD Alissow
[12/02/2010 15:05:14] /c GOD Alissow
[12/02/2010 15:05:14] /c GOD Alissow
[12/02/2010 15:05:14] /c GOD Alissow
[12/02/2010 15:05:14] /c GOD Alissow
[12/02/2010 15:05:14] /c GOD Alissow
[12/02/2010 15:05:14] /c GOD Alissow
[12/02/2010 15:05:14] /c GOD Alissow
[12/02/2010 15:05:14] /c GOD Alissow
[12/02/2010 15:05:14] /c GOD Alissow
[12/02/2010 15:05:14] /c GOD Alissow
[12/02/2010 15:05:14] /c GOD Alissow
[12/02/2010 15:05:15] /c GOD Alissow
[12/02/2010 15:05:15] /c GOD Alissow
[12/02/2010 15:05:15] /c GOD Alissow
[12/02/2010 15:05:15] /c GOD Alissow
[12/02/2010 15:05:15] /c GOD Alissow
[12/02/2010 15:05:15] /c GOD Alissow
[12/02/2010 15:05:15] /c GOD Alissow
[12/02/2010 15:05:15] /c GOD Alissow
[12/02/2010 15:05:15] /c GOD Alissow
[12/02/2010 15:05:15] /c GOD Alissow
[12/02/2010 15:05:15] /c GOD Alissow
[12/02/2010 15:05:15] /c GOD Alissow
[12/02/2010 15:05:15] /c GOD Alissow
[12/02/2010 15:05:15] /c GOD Alissow
[12/02/2010 15:05:15] /c GOD Alissow
[12/02/2010 15:05:15] /c GOD Alissow
[12/02/2010 15:05:15] /c GOD Alissow
[12/02/2010 15:05:15] /c GOD Alissow
[12/02/2010 15:05:15] /c GOD Alissow
[12/02/2010 15:05:15] /c GOD Alissow
[12/02/2010 15:05:15] /c GOD Alissow
[12/02/2010 15:05:15] /c GOD Alissow
[12/02/2010 15:05:15] /c GOD Alissow
[12/02/2010 15:05:15] /c GOD Alissow
[12/02/2010 15:05:15] /c GOD Alissow
[12/02/2010 15:05:16] /c GOD Alissow
[12/02/2010 15:05:16] /c GOD Alissow
[12/02/2010 15:05:20] /c GOD Alissow
[12/02/2010 15:06:16] /c Comedinha
[12/02/2010 15:06:17] /c Comedinha
[12/02/2010 15:06:17] /c Comedinha
[12/02/2010 15:06:17] /c Comedinha
[12/02/2010 15:06:17] /c Comedinha
[12/02/2010 15:06:17] /c Comedinha
[12/02/2010 15:06:17] /c Comedinha
[12/02/2010 15:06:17] /c Comedinha
[12/02/2010 15:06:17] /c Comedinha
[12/02/2010 15:06:17] /c Comedinha
[12/02/2010 15:06:17] /c Comedinha
[12/02/2010 15:06:17] /c Comedinha
[12/02/2010 15:06:18] /c Comedinha
[12/02/2010 15:06:18] /c Comedinha
[12/02/2010 15:06:18] /c Comedinha
[12/02/2010 15:06:18] /c Comedinha
[12/02/2010 15:06:18] /c Comedinha
[12/02/2010 15:06:18] /c Comedinha
[12/02/2010 15:06:18] /c Comedinha
[12/02/2010 15:06:18] /c Comedinha
[12/02/2010 15:06:18] /c Comedinha
[12/02/2010 15:06:18] /c Comedinha
[12/02/2010 15:06:18] /c Comedinha
[12/02/2010 15:06:18] /c Comedinha
[12/02/2010 15:06:18] /c Comedinha
[12/02/2010 15:06:18] /c Comedinha
[12/02/2010 15:06:18] /c Comedinha
[12/02/2010 15:06:18] /c Comedinha
[12/02/2010 15:06:18] /c Comedinha
[12/02/2010 15:06:18] /c Comedinha
[12/02/2010 15:06:18] /c Comedinha
[12/02/2010 15:06:18] /c Comedinha
[12/02/2010 15:06:18] /c Comedinha
[12/02/2010 15:06:18] /c Comedinha
[12/02/2010 15:06:18] /c Comedinha
[12/02/2010 15:06:18] /c Comedinha
[12/02/2010 15:06:19] /c Comedinha
[12/02/2010 15:06:19] /c Comedinha
[12/02/2010 15:06:19] /c Comedinha
[12/02/2010 15:06:19] /c Comedinha
[12/02/2010 15:06:19] /c Comedinha
[12/02/2010 15:06:19] /c Comedinha
[12/02/2010 15:06:19] /c Comedinha
[12/02/2010 15:06:19] /c Comedinha
[12/02/2010 15:06:19] /c Comedinha
[12/02/2010 15:06:19] /c Comedinha
[12/02/2010 15:06:19] /c Comedinha
[12/02/2010 15:06:19] /c Comedinha
[12/02/2010 15:06:19] /c Comedinha
[12/02/2010 15:06:19] /c Comedinha
[12/02/2010 15:06:19] /c Comedinha
[12/02/2010 15:06:19] /c Comedinha
[12/02/2010 15:06:19] /c Comedinha
[12/02/2010 15:06:19] /c Comedinha
[12/02/2010 15:06:19] /c Comedinha
[12/02/2010 15:06:19] /c Comedinha
[12/02/2010 15:06:19] /c Comedinha
[12/02/2010 15:06:19] /c Comedinha
[12/02/2010 15:06:19] /c Comedinha
[12/02/2010 15:06:19] /c Comedinha
[12/02/2010 15:06:20] /c Comedinha
[12/02/2010 15:06:20] /c Comedinha
[12/02/2010 15:06:20] /c Comedinha
[12/02/2010 15:06:20] /c Comedinha
[12/02/2010 15:06:20] /c Comedinha
[12/02/2010 15:06:20] /c Comedinha
[12/02/2010 15:06:20] /c Comedinha
[12/02/2010 15:06:20] /c Comedinha
[12/02/2010 15:06:20] /c Comedinha
[12/02/2010 15:06:20] /c Comedinha
[12/02/2010 15:06:20] /c Comedinha
[12/02/2010 15:06:20] /c Comedinha
[12/02/2010 15:06:20] /c Comedinha
[12/02/2010 15:06:20] /c Comedinha
[12/02/2010 15:06:20] /c Comedinha
[12/02/2010 15:06:20] /c Comedinha
[12/02/2010 15:06:20] /c Comedinha
[12/02/2010 15:06:20] /c Comedinha
[12/02/2010 15:06:20] /c Comedinha
[12/02/2010 15:06:20] /c Comedinha
[12/02/2010 15:06:20] /c Comedinha
[12/02/2010 15:06:20] /c Comedinha
[12/02/2010 15:06:20] /c Comedinha
[12/02/2010 15:06:21] /c Comedinha
[12/02/2010 15:06:21] /c Comedinha
[12/02/2010 15:06:21] /c Comedinha
[12/02/2010 15:06:21] /c Comedinha
[12/02/2010 15:06:21] /c Comedinha
[12/02/2010 15:06:21] /c Comedinha
[12/02/2010 15:06:21] /c Comedinha
[12/02/2010 15:06:21] /c Comedinha
[12/02/2010 15:06:21] /c Comedinha
[12/02/2010 15:06:21] /c Comedinha
[12/02/2010 15:06:21] /c Comedinha
[12/02/2010 15:06:21] /c Comedinha
[12/02/2010 15:06:21] /c Comedinha
[12/02/2010 15:06:21] /c Comedinha
[12/02/2010 15:06:21] /c Comedinha
[12/02/2010 15:06:21] /c Comedinha
[12/02/2010 15:06:21] /c Comedinha
[12/02/2010 15:06:21] /c Comedinha
[12/02/2010 15:06:21] /c Comedinha
[12/02/2010 15:06:21] /c Comedinha
[12/02/2010 15:06:21] /c Comedinha
[12/02/2010 15:06:21] /c Comedinha
[12/02/2010 15:06:21] /c Comedinha
[12/02/2010 15:06:21] /c Comedinha
[12/02/2010 15:06:22] /c Comedinha
[12/02/2010 15:06:22] /c Comedinha
[12/02/2010 15:06:22] /c Comedinha
[12/02/2010 15:06:22] /c Comedinha
[12/02/2010 15:06:22] /c Comedinha
[12/02/2010 15:06:22] /c Comedinha
[12/02/2010 15:06:22] /c Comedinha
[12/02/2010 15:06:22] /c Comedinha
[12/02/2010 15:06:22] /c Comedinha
[12/02/2010 15:06:22] /c Comedinha
[12/02/2010 15:06:22] /c Comedinha
[12/02/2010 15:06:22] /c Comedinha
[12/02/2010 15:06:22] /c Comedinha
[12/02/2010 15:06:22] /c Comedinha
[12/02/2010 15:06:22] /c Comedinha
[12/02/2010 15:06:22] /c Comedinha
[12/02/2010 15:06:22] /c Comedinha
[12/02/2010 15:06:22] /c Comedinha
[12/02/2010 15:06:22] /c Comedinha
[12/02/2010 15:06:22] /c Comedinha
[12/02/2010 15:06:22] /c Comedinha
[12/02/2010 15:06:22] /c Comedinha
[12/02/2010 15:06:22] /c Comedinha
[12/02/2010 15:06:22] /c Comedinha
[12/02/2010 15:06:22] /c Comedinha
[12/02/2010 15:06:23] /c Comedinha
[12/02/2010 15:06:23] /c Comedinha
[12/02/2010 15:06:23] /c Comedinha
[12/02/2010 15:06:23] /c Comedinha
[12/02/2010 15:06:23] /c Comedinha
[12/02/2010 15:06:23] /c Comedinha
[12/02/2010 15:06:23] /c Comedinha
[12/02/2010 15:06:23] /c Comedinha
[12/02/2010 15:06:23] /c Comedinha
[12/02/2010 15:06:23] /c Comedinha
[12/02/2010 15:06:23] /c Comedinha
[12/02/2010 15:06:23] /c Comedinha
[12/02/2010 15:06:23] /c Comedinha
[12/02/2010 15:06:23] /c Comedinha
[12/02/2010 15:06:23] /c Comedinha
[12/02/2010 15:06:23] /c Comedinha
[12/02/2010 15:06:23] /c Comedinha
[12/02/2010 15:06:23] /c Comedinha
[12/02/2010 15:06:23] /c Comedinha
[12/02/2010 15:06:23] /c Comedinha
[12/02/2010 15:06:23] /c Comedinha
[12/02/2010 15:06:23] /c Comedinha
[12/02/2010 15:06:24] /c Comedinha
[12/02/2010 15:06:24] /c Comedinha
[12/02/2010 15:06:24] /c Comedinha
[12/02/2010 15:06:24] /c Comedinha
[12/02/2010 15:06:24] /c Comedinha
[12/02/2010 15:06:24] /c Comedinha
[12/02/2010 15:06:24] /c Comedinha
[12/02/2010 15:06:24] /c Comedinha
[12/02/2010 15:06:24] /c Comedinha
[12/02/2010 15:06:24] /c Comedinha
[12/02/2010 15:06:24] /c Comedinha
[12/02/2010 15:06:24] /c Comedinha
[12/02/2010 15:06:24] /c Comedinha
[12/02/2010 15:06:24] /c Comedinha
[12/02/2010 15:06:24] /c Comedinha
[12/02/2010 15:06:24] /c Comedinha
[12/02/2010 15:06:24] /c Comedinha
[12/02/2010 15:06:24] /c Comedinha
[12/02/2010 15:06:24] /c Comedinha
[12/02/2010 15:06:24] /c Comedinha
[12/02/2010 15:06:24] /c Comedinha
[12/02/2010 15:06:24] /c Comedinha
[12/02/2010 15:06:24] /c Comedinha
[12/02/2010 15:06:24] /c Comedinha
[12/02/2010 15:06:24] /c Comedinha
[12/02/2010 15:06:24] /c Comedinha
[12/02/2010 15:06:25] /c Comedinha
[12/02/2010 15:06:25] /c Comedinha
[12/02/2010 15:06:25] /c Comedinha
[12/02/2010 15:06:25] /c Comedinha
[12/02/2010 15:06:25] /c Comedinha
[12/02/2010 15:06:25] /c Comedinha
[12/02/2010 15:06:26] /c Comedinha
[12/02/2010 15:06:27] /c Comedinha
[12/02/2010 15:06:27] /c Comedinha
[12/02/2010 15:06:27] /c Comedinha
[12/02/2010 15:06:27] /c Comedinha
[12/02/2010 15:06:27] /c Comedinha
[12/02/2010 15:06:27] /c Comedinha
[12/02/2010 15:06:27] /c Comedinha
[12/02/2010 15:06:27] /c Comedinha
[12/02/2010 15:06:27] /c Comedinha
[12/02/2010 15:06:27] /c Comedinha
[12/02/2010 15:06:27] /c Comedinha
[12/02/2010 15:06:27] /c Comedinha
[12/02/2010 15:06:27] /c Comedinha
[12/02/2010 15:06:27] /c Comedinha
[12/02/2010 15:06:27] /c Comedinha
[12/02/2010 15:06:27] /c Comedinha
[12/02/2010 15:06:27] /c Comedinha
[12/02/2010 15:06:28] /c Comedinha
[12/02/2010 15:06:28] /c Comedinha
[12/02/2010 15:06:28] /c Comedinha
[12/02/2010 15:06:28] /c Comedinha
[12/02/2010 15:06:28] /c Comedinha
[12/02/2010 15:06:28] /c Comedinha
[12/02/2010 15:06:28] /c Comedinha
[12/02/2010 15:06:28] /c Comedinha
[12/02/2010 15:06:28] /c Comedinha
[12/02/2010 15:06:29] /c Comedinha
[12/02/2010 15:06:29] /c Comedinha
[12/02/2010 15:06:29] /c Comedinha
[12/02/2010 15:06:29] /c Comedinha
[12/02/2010 15:06:29] /c Comedinha
[12/02/2010 15:06:29] /c Comedinha
[12/02/2010 15:06:29] /c Comedinha
[12/02/2010 15:06:29] /c Comedinha
[12/02/2010 15:06:29] /c Comedinha
[12/02/2010 15:06:29] /c Comedinha
[12/02/2010 15:06:29] /c Comedinha
[12/02/2010 15:06:29] /c Comedinha
[12/02/2010 15:06:29] /c Comedinha
[12/02/2010 15:06:29] /c Comedinha
[12/02/2010 15:06:30] /c Comedinha
[12/02/2010 15:06:30] /c Comedinha
[12/02/2010 15:06:30] /c Comedinha
[12/02/2010 15:06:30] /c Comedinha
[12/02/2010 15:06:30] /c Comedinha
[12/02/2010 15:06:30] /c Comedinha
[12/02/2010 15:06:30] /c Comedinha
[12/02/2010 15:06:30] /c Comedinha
[12/02/2010 15:06:30] /c Comedinha
[12/02/2010 15:06:30] /c Comedinha
[12/02/2010 15:06:30] /c Comedinha
[12/02/2010 15:06:30] /c Comedinha
[12/02/2010 15:06:30] /c Comedinha
[12/02/2010 15:06:30] /c Comedinha
[12/02/2010 15:06:30] /c Comedinha
[12/02/2010 15:06:30] /c Comedinha
[12/02/2010 15:06:30] /c Comedinha
[12/02/2010 15:06:30] /c Comedinha
[12/02/2010 15:06:30] /c Comedinha
[12/02/2010 15:06:30] /c Comedinha
[12/02/2010 15:06:30] /c Comedinha
[12/02/2010 15:06:30] /c Comedinha
[12/02/2010 15:06:30] /c Comedinha
[12/02/2010 15:06:30] /c Comedinha
[12/02/2010 15:06:31] /c Comedinha
[12/02/2010 15:06:31] /c Comedinha
[12/02/2010 15:06:31] /c Comedinha
[12/02/2010 15:06:31] /c Comedinha
[12/02/2010 15:06:31] /c Comedinha
[12/02/2010 15:06:31] /c Comedinha
[12/02/2010 15:06:31] /c Comedinha
[12/02/2010 15:06:31] /c Comedinha
[12/02/2010 15:06:31] /c Comedinha
[12/02/2010 15:06:31] /c Comedinha
[12/02/2010 15:06:31] /c Comedinha
[12/02/2010 15:06:31] /c Comedinha
[12/02/2010 15:06:31] /c Comedinha
[12/02/2010 15:06:31] /c Comedinha
[12/02/2010 15:06:31] /c Comedinha
[12/02/2010 15:06:31] /c Comedinha
[12/02/2010 15:06:31] /c Comedinha
[12/02/2010 15:06:31] /c Comedinha
[12/02/2010 15:06:31] /c Comedinha
[12/02/2010 15:06:31] /c Comedinha
[12/02/2010 15:06:31] /c Comedinha
[12/02/2010 15:06:31] /c Comedinha
[12/02/2010 15:06:31] /c Comedinha
[12/02/2010 15:06:31] /c Comedinha
[12/02/2010 15:06:31] /c Comedinha
[12/02/2010 15:06:32] /c Comedinha
[12/02/2010 15:06:32] /c Comedinha
[12/02/2010 15:06:32] /c Comedinha
[12/02/2010 15:06:32] /c Comedinha
[12/02/2010 15:06:32] /c Comedinha
[12/02/2010 15:06:32] /c Comedinha
[12/02/2010 15:06:32] /c Comedinha
[12/02/2010 15:06:32] /c Comedinha
[12/02/2010 15:06:32] /c Comedinha
[12/02/2010 15:06:32] /c Comedinha
[12/02/2010 15:06:32] /c Comedinha
[12/02/2010 15:06:32] /c Comedinha
[12/02/2010 15:06:32] /c Comedinha
[12/02/2010 15:06:32] /c Comedinha
[12/02/2010 15:06:32] /c Comedinha
[12/02/2010 15:06:32] /c Comedinha
[12/02/2010 15:06:32] /c Comedinha
[12/02/2010 15:06:32] /c Comedinha
[12/02/2010 15:06:32] /c Comedinha
[12/02/2010 15:06:32] /c Comedinha
[12/02/2010 15:06:32] /c Comedinha
[12/02/2010 15:06:32] /c Comedinha
[12/02/2010 15:06:32] /c Comedinha
[12/02/2010 15:06:33] /c Comedinha
[12/02/2010 15:06:33] /c Comedinha
[12/02/2010 15:06:33] /c Comedinha
[12/02/2010 15:06:33] /c Comedinha
[12/02/2010 15:06:33] /c Comedinha
[12/02/2010 15:06:33] /c Comedinha
[12/02/2010 15:06:33] /c Comedinha
[12/02/2010 15:06:33] /c Comedinha
[12/02/2010 15:06:33] /c Comedinha
[12/02/2010 15:06:33] /c Comedinha
[12/02/2010 15:06:33] /c Comedinha
[12/02/2010 15:06:33] /c Comedinha
[12/02/2010 15:06:33] /c Comedinha
[12/02/2010 15:06:33] /c Comedinha
[12/02/2010 15:06:33] /c Comedinha
[12/02/2010 15:06:33] /c Comedinha
[12/02/2010 15:06:33] /c Comedinha
[12/02/2010 15:06:33] /c Comedinha
[12/02/2010 15:06:33] /c Comedinha
[12/02/2010 15:06:33] /c Comedinha
[12/02/2010 15:06:33] /c Comedinha
[12/02/2010 15:06:33] /c Comedinha
[12/02/2010 15:06:33] /c Comedinha
[12/02/2010 15:06:34] /c Comedinha
[12/02/2010 15:06:34] /c Comedinha
[12/02/2010 15:06:34] /c Comedinha
[12/02/2010 15:06:34] /c Comedinha
[12/02/2010 15:06:34] /c Comedinha
[12/02/2010 15:06:34] /c Comedinha
[12/02/2010 15:06:34] /c Comedinha
[12/02/2010 15:06:34] /c Comedinha
[12/02/2010 15:06:34] /c Comedinha
[12/02/2010 15:06:34] /c Comedinha
[12/02/2010 15:06:34] /c Comedinha
[12/02/2010 15:06:34] /c Comedinha
[12/02/2010 15:06:34] /c Comedinha
[12/02/2010 15:06:34] /c Comedinha
[12/02/2010 15:06:34] /c Comedinha
[12/02/2010 15:06:34] /c Comedinha
[12/02/2010 15:06:34] /c Comedinha
[12/02/2010 15:06:34] /c Comedinha
[12/02/2010 15:06:34] /c Comedinha
[12/02/2010 15:06:34] /c Comedinha
[12/02/2010 15:06:34] /c Comedinha
[12/02/2010 15:06:34] /c Comedinha
[12/02/2010 15:06:34] /c Comedinha
[12/02/2010 15:06:34] /c Comedinha
[12/02/2010 15:06:34] /c Comedinha
[12/02/2010 15:06:35] /c Comedinha
[12/02/2010 15:06:35] /c Comedinha
[12/02/2010 15:06:35] /c Comedinha
[12/02/2010 15:06:35] /c Comedinha
[12/02/2010 15:06:35] /c Comedinha
[12/02/2010 15:06:35] /c Comedinha
[12/02/2010 15:06:35] /c Comedinha
[12/02/2010 15:06:35] /c Comedinha
[12/02/2010 15:06:35] /c Comedinha
[12/02/2010 15:06:35] /c Comedinha
[12/02/2010 15:06:35] /c Comedinha
[12/02/2010 15:06:35] /c Comedinha
[12/02/2010 15:06:35] /c Comedinha
[12/02/2010 15:06:35] /c Comedinha
[12/02/2010 15:06:35] /c Comedinha
[12/02/2010 15:06:35] /c Comedinha
[12/02/2010 15:06:35] /c Comedinha
[12/02/2010 15:06:35] /c Comedinha
[12/02/2010 15:06:35] /c Comedinha
[12/02/2010 15:06:35] /c Comedinha
[12/02/2010 15:06:35] /c Comedinha
[12/02/2010 15:06:35] /c Comedinha
[12/02/2010 15:06:36] /c Comedinha
[12/02/2010 15:06:36] /c Comedinha
[12/02/2010 15:06:36] /c Comedinha
[12/02/2010 15:06:36] /c Comedinha
[12/02/2010 15:06:36] /c Comedinha
[12/02/2010 15:06:36] /c Comedinha
[12/02/2010 15:06:36] /c Comedinha
[12/02/2010 15:06:36] /c Comedinha
[12/02/2010 15:06:36] /c Comedinha
[12/02/2010 15:06:36] /c Comedinha
[12/02/2010 15:06:36] /c Comedinha
[12/02/2010 15:06:36] /c Comedinha
[12/02/2010 15:06:36] /c Comedinha
[12/02/2010 15:06:36] /c Comedinha
[12/02/2010 15:06:36] /c Comedinha
[12/02/2010 15:06:36] /c Comedinha
[12/02/2010 15:06:36] /c Comedinha
[12/02/2010 15:06:36] /c Comedinha
[12/02/2010 15:06:36] /c Comedinha
[12/02/2010 15:06:36] /c Comedinha
[12/02/2010 15:06:36] /c Comedinha
[12/02/2010 15:06:36] /c Comedinha
[12/02/2010 15:06:36] /c Comedinha
[12/02/2010 15:06:36] /c Comedinha
[12/02/2010 15:06:36] /c Comedinha
[12/02/2010 15:06:36] /c Comedinha
[12/02/2010 15:06:36] /c Comedinha
[12/02/2010 15:06:36] /c Comedinha
[12/02/2010 15:06:37] /c Comedinha
[12/02/2010 15:06:37] /c Comedinha
[12/02/2010 15:06:37] /c Comedinha
[12/02/2010 15:06:37] /c Comedinha
[12/02/2010 15:06:37] /c Comedinha
[12/02/2010 15:06:37] /c Comedinha
[12/02/2010 15:06:37] /c Comedinha
[12/02/2010 15:06:37] /c Comedinha
[12/02/2010 15:06:37] /c Comedinha
[12/02/2010 15:06:37] /c Comedinha
[12/02/2010 15:06:37] /c Comedinha
[12/02/2010 15:06:37] /c Comedinha
[12/02/2010 15:06:37] /c Comedinha
[12/02/2010 15:06:37] /c Comedinha
[12/02/2010 15:06:37] /c Comedinha
[12/02/2010 15:06:37] /c Comedinha
[12/02/2010 15:06:37] /c Comedinha
[12/02/2010 15:06:37] /c Comedinha
[12/02/2010 15:06:37] /c Comedinha
[12/02/2010 15:06:37] /c Comedinha
[12/02/2010 15:06:37] /c Comedinha
[12/02/2010 15:06:37] /c Comedinha
[12/02/2010 15:06:38] /c Comedinha
[12/02/2010 15:06:38] /c Comedinha
[12/02/2010 15:06:38] /c Comedinha
[12/02/2010 15:06:38] /c Comedinha
[12/02/2010 15:06:38] /c Comedinha
[12/02/2010 15:06:38] /c Comedinha
[12/02/2010 15:06:38] /c Comedinha
[12/02/2010 15:06:38] /c Comedinha
[12/02/2010 15:06:38] /c Comedinha
[12/02/2010 15:06:38] /c Comedinha
[12/02/2010 15:06:38] /c Comedinha
[12/02/2010 15:06:38] /c Comedinha
[12/02/2010 15:06:38] /c Comedinha
[12/02/2010 15:06:38] /c Comedinha
[12/02/2010 15:06:38] /c Comedinha
[12/02/2010 15:06:38] /c Comedinha
[12/02/2010 15:06:38] /c Comedinha
[12/02/2010 15:06:38] /c Comedinha
[12/02/2010 15:06:38] /c Comedinha
[12/02/2010 15:06:38] /c Comedinha
[12/02/2010 15:06:38] /c Comedinha
[12/02/2010 15:06:38] /c Comedinha
[12/02/2010 15:06:38] /c Comedinha
[12/02/2010 15:06:38] /c Comedinha
[12/02/2010 15:06:39] /c Comedinha
[12/02/2010 15:06:39] /c Comedinha
[12/02/2010 15:06:39] /c Comedinha
[12/02/2010 15:06:39] /c Comedinha
[12/02/2010 15:06:39] /c Comedinha
[12/02/2010 15:06:39] /c Comedinha
[12/02/2010 15:06:39] /c Comedinha
[12/02/2010 15:06:39] /c Comedinha
[12/02/2010 15:06:39] /c Comedinha
[12/02/2010 15:06:39] /c Comedinha
[12/02/2010 15:06:39] /c Comedinha
[12/02/2010 15:06:39] /c Comedinha
[12/02/2010 15:06:39] /c Comedinha
[12/02/2010 15:06:39] /c Comedinha
[12/02/2010 15:06:39] /c Comedinha
[12/02/2010 15:06:39] /c Comedinha
[12/02/2010 15:06:39] /c Comedinha
[12/02/2010 15:06:39] /c Comedinha
[12/02/2010 15:06:39] /c Comedinha
[12/02/2010 15:06:39] /c Comedinha
[12/02/2010 15:06:39] /c Comedinha
[12/02/2010 15:06:39] /c Comedinha
[12/02/2010 15:06:39] /c Comedinha
[12/02/2010 15:06:39] /c Comedinha
[12/02/2010 15:06:39] /c Comedinha
[12/02/2010 15:06:39] /c Comedinha
[12/02/2010 15:06:40] /c Comedinha
[12/02/2010 15:06:40] /c Comedinha
[12/02/2010 15:06:40] /c Comedinha
[12/02/2010 15:06:40] /c Comedinha
[12/02/2010 15:06:40] /c Comedinha
[12/02/2010 15:06:40] /c Comedinha
[12/02/2010 15:06:40] /c Comedinha
[12/02/2010 15:06:40] /c Comedinha
[12/02/2010 15:06:40] /c Comedinha
[12/02/2010 15:06:40] /c Comedinha
[12/02/2010 15:06:40] /c Comedinha
[12/02/2010 15:06:40] /c Comedinha
[12/02/2010 15:06:40] /c Comedinha
[12/02/2010 15:06:40] /c Comedinha
[12/02/2010 15:06:40] /c Comedinha
[12/02/2010 15:06:40] /c Comedinha
[12/02/2010 15:06:40] /c Comedinha
[12/02/2010 15:06:40] /c Comedinha
[12/02/2010 15:06:40] /c Comedinha
[12/02/2010 15:06:40] /c Comedinha
[12/02/2010 15:06:40] /c Comedinha
[12/02/2010 15:06:40] /c Comedinha
[12/02/2010 15:06:40] /c Comedinha
[12/02/2010 15:06:41] /c Comedinha
[12/02/2010 15:06:41] /c Comedinha
[12/02/2010 15:06:41] /c Comedinha
[12/02/2010 15:06:41] /c Comedinha
[12/02/2010 15:06:41] /c Comedinha
[12/02/2010 15:06:41] /c Comedinha
[12/02/2010 15:06:41] /c Comedinha
[12/02/2010 15:06:41] /c Comedinha
[12/02/2010 15:06:41] /c Comedinha
[12/02/2010 15:06:41] /c Comedinha
[12/02/2010 15:06:41] /c Comedinha
[12/02/2010 15:06:41] /c Comedinha
[12/02/2010 15:06:41] /c Comedinha
[12/02/2010 15:06:41] /c Comedinha
[12/02/2010 15:06:41] /c Comedinha
[12/02/2010 15:06:41] /c Comedinha
[12/02/2010 15:06:41] /c Comedinha
[12/02/2010 15:06:41] /c Comedinha
[12/02/2010 15:06:41] /c Comedinha
[12/02/2010 15:06:41] /c Comedinha
[12/02/2010 15:06:41] /c Comedinha
[12/02/2010 15:06:41] /c Comedinha
[12/02/2010 15:06:41] /c Comedinha
[12/02/2010 15:06:42] /c Comedinha
[12/02/2010 15:06:42] /c Comedinha
[12/02/2010 15:06:42] /c Comedinha
[12/02/2010 15:06:42] /c Comedinha
[12/02/2010 15:06:42] /c Comedinha
[12/02/2010 15:06:42] /c Comedinha
[12/02/2010 15:06:42] /c Comedinha
[12/02/2010 15:06:42] /c Comedinha
[12/02/2010 15:06:42] /c Comedinha
[12/02/2010 15:06:42] /c Comedinha
[12/02/2010 15:06:42] /c Comedinha
[12/02/2010 15:06:42] /c Comedinha
[12/02/2010 15:06:42] /c Comedinha
[12/02/2010 15:06:42] /c Comedinha
[12/02/2010 15:06:42] /c Comedinha
[12/02/2010 15:06:42] /c Comedinha
[12/02/2010 15:06:42] /c Comedinha
[12/02/2010 15:06:42] /c Comedinha
[12/02/2010 15:06:42] /c Comedinha
[12/02/2010 15:06:42] /c Comedinha
[12/02/2010 15:06:42] /c Comedinha
[12/02/2010 15:06:42] /c Comedinha
[12/02/2010 15:06:42] /c Comedinha
[12/02/2010 15:06:42] /c Comedinha
[12/02/2010 15:06:42] /c Comedinha
[12/02/2010 15:06:43] /c Comedinha
[12/02/2010 15:06:43] /c Comedinha
[12/02/2010 15:06:43] /c Comedinha
[12/02/2010 15:06:43] /c Comedinha
[12/02/2010 15:06:43] /c Comedinha
[12/02/2010 15:06:43] /c Comedinha
[12/02/2010 15:06:43] /c Comedinha
[12/02/2010 15:06:43] /c Comedinha
[12/02/2010 15:07:34] /m bug
[12/02/2010 15:08:15] /m bug
[12/02/2010 15:08:28] /m bug
[12/02/2010 15:08:38] /r
[12/02/2010 15:09:06] /m exp bug
[12/02/2010 15:09:18] /goto exp bug
[12/02/2010 15:09:21] /goto bug exp
[12/02/2010 15:09:35] /goto exp bug
[12/02/2010 15:09:42] /m tibia bug
[12/02/2010 15:10:13] /a  3
[12/02/2010 15:10:58] /r
[12/02/2010 15:11:03] /r
[12/02/2010 15:11:12] /r
[12/02/2010 15:11:19] /r
[12/02/2010 15:11:20] /r
[12/02/2010 15:11:20] /r
[12/02/2010 15:11:31] /r
[12/02/2010 15:11:33] /r
[12/02/2010 15:11:33] /r
[12/02/2010 15:11:35] /a 1
[12/02/2010 15:11:42] /r
[12/02/2010 15:11:43] /r
[12/02/2010 15:11:44] /r
[12/02/2010 15:11:47] /r
[12/02/2010 15:11:48] /r
[12/02/2010 15:11:50] /r
[12/02/2010 15:11:50] /r
[12/02/2010 15:11:50] /r
[12/02/2010 15:11:51] /r
[12/02/2010 15:11:51] /r
[12/02/2010 15:11:51] /r
[12/02/2010 15:11:51] /r
[12/02/2010 15:11:51] /r
[12/02/2010 15:11:52] /r
[12/02/2010 15:11:52] /r
[12/02/2010 15:11:52] /r
[12/02/2010 15:11:53] /r
[12/02/2010 15:11:54] /r
[12/02/2010 15:11:54] /r
[12/02/2010 15:11:54] /r
[12/02/2010 15:11:55] /r
[12/02/2010 15:11:55] /r
[12/02/2010 15:11:56] /r
[12/02/2010 15:11:56] /r
[12/02/2010 15:11:56] /r
[12/02/2010 15:11:56] /r
[12/02/2010 15:11:57] /r
[12/02/2010 15:11:57] /r
[12/02/2010 15:11:57] /r
[12/02/2010 15:11:57] /r
[12/02/2010 15:11:58] /r
[12/02/2010 15:11:58] /r
[12/02/2010 15:11:58] /r
[12/02/2010 15:11:58] /r
[12/02/2010 15:11:59] /r
[12/02/2010 15:11:59] /r
[12/02/2010 15:11:59] /r
[12/02/2010 15:11:59] /r
[12/02/2010 15:12:00] /r
[12/02/2010 15:12:00] /r
[12/02/2010 15:12:00] /r
[12/02/2010 15:12:00] /r
[12/02/2010 15:12:00] /r
[12/02/2010 15:12:01] /r
[12/02/2010 15:12:01] /r
[12/02/2010 15:12:01] /r
[12/02/2010 15:12:01] /r
[12/02/2010 15:12:01] /r
[12/02/2010 15:12:02] /r
[12/02/2010 15:12:02] /r
[12/02/2010 15:12:02] /r
[12/02/2010 15:12:03] /r
[12/02/2010 15:12:03] /r
[12/02/2010 15:12:03] /r
[12/02/2010 15:12:03] /r
[12/02/2010 15:12:03] /r
[12/02/2010 15:12:04] /r
[12/02/2010 15:12:04] /r
[12/02/2010 15:12:04] /r
[12/02/2010 15:12:04] /r
[12/02/2010 15:12:04] /r
[12/02/2010 15:12:05] /r
[12/02/2010 15:12:05] /r
[12/02/2010 15:12:05] /r
[12/02/2010 15:12:05] /r
[12/02/2010 15:12:05] /r
[12/02/2010 15:12:06] /r
[12/02/2010 15:12:06] /r
[12/02/2010 15:12:06] /r
[12/02/2010 15:12:06] /r
[12/02/2010 15:12:07] /r
[12/02/2010 15:12:07] /r
[12/02/2010 15:12:07] /r
[12/02/2010 15:12:07] /r
[12/02/2010 15:12:07] /r
[12/02/2010 15:12:08] /r
[12/02/2010 15:12:08] /r
[12/02/2010 15:12:08] /r
[12/02/2010 15:12:08] /r
[12/02/2010 15:12:09] /r
[12/02/2010 15:12:09] /r
[12/02/2010 15:12:09] /r
[12/02/2010 15:12:09] /r
[12/02/2010 15:12:09] /r
[12/02/2010 15:12:10] /r
[12/02/2010 15:12:10] /r
[12/02/2010 15:12:10] /r
[12/02/2010 15:12:10] /r
[12/02/2010 15:12:11] /r
[12/02/2010 15:12:11] /r
[12/02/2010 15:12:11] /r
[12/02/2010 15:12:11] /r
[12/02/2010 15:12:11] /r
[12/02/2010 15:12:12] /r
[12/02/2010 15:12:12] /r
[12/02/2010 15:12:12] /r
[12/02/2010 15:12:12] /r
[12/02/2010 15:12:13] /r
[12/02/2010 15:12:13] /r
[12/02/2010 15:12:13] /r
[12/02/2010 15:12:13] /r
[12/02/2010 15:12:15] /r
[12/02/2010 15:12:15] /r
[12/02/2010 15:12:20] /r
[12/02/2010 15:12:21] /r
[12/02/2010 15:12:21] /r
[12/02/2010 15:12:23] /r
[12/02/2010 15:12:23] /r
[12/02/2010 15:12:23] /r
[12/02/2010 15:12:23] /r
[12/02/2010 15:12:23] /r
[12/02/2010 15:12:24] /r
[12/02/2010 15:12:25] /r
[12/02/2010 15:12:25] /r
[12/02/2010 15:12:25] /r
[12/02/2010 15:12:25] /r
[12/02/2010 15:12:26] /r
[12/02/2010 15:12:26] /r
[12/02/2010 15:12:27] /r
[12/02/2010 15:12:27] /r
[12/02/2010 15:12:27] /r
[12/02/2010 15:12:28] /r
[12/02/2010 15:12:28] /r
[12/02/2010 15:12:28] /r
[12/02/2010 15:12:28] /r
[12/02/2010 15:12:29] /r
[12/02/2010 15:12:29] /r
[12/02/2010 15:12:29] /r
[12/02/2010 15:12:30] /r
[12/02/2010 15:12:30] /r
[12/02/2010 15:12:30] /r
[12/02/2010 15:12:30] /r
[12/02/2010 15:12:31] /r
[12/02/2010 15:12:31] /r
[12/02/2010 15:13:02] /kick Comedinha
[12/02/2010 15:13:03] /kick Comedinha
[12/02/2010 15:13:03] /kick Comedinha
[12/02/2010 15:13:03] /kick Comedinha
[12/02/2010 15:13:03] /kick Comedinha
[12/02/2010 15:13:03] /kick Comedinha
[12/02/2010 15:13:06] /r
[12/02/2010 15:13:16] /kick Comedinha
[12/02/2010 15:13:17] /kick Comedinha
[12/02/2010 15:13:17] /r
[12/02/2010 15:13:17] /r
[12/02/2010 15:13:18] /r
[12/02/2010 15:13:18] /r
[12/02/2010 15:13:18] /r
[12/02/2010 15:13:18] /r
[12/02/2010 15:13:18] /r
[12/02/2010 15:13:19] /r
[12/02/2010 15:13:19] /r
[12/02/2010 15:13:19] /r
[12/02/2010 15:13:20] /r
[12/02/2010 15:13:20] /r
[12/02/2010 15:13:20] /r
[12/02/2010 15:13:20] /r
[12/02/2010 15:13:20] /r
[12/02/2010 15:13:21] /r
[12/02/2010 15:13:21] /r
[12/02/2010 15:13:21] /r
[12/02/2010 15:13:21] /r
[12/02/2010 15:13:21] /r
[12/02/2010 15:13:22] /r
[12/02/2010 15:13:22] /r
[12/02/2010 15:13:24] /r
[12/02/2010 15:13:24] /r
[12/02/2010 15:13:24] /r
[12/02/2010 15:13:24] /r
[12/02/2010 15:13:24] /r
[12/02/2010 15:13:25] /r
[12/02/2010 15:13:25] /r
[12/02/2010 15:13:25] /r
[12/02/2010 15:13:25] /r
[12/02/2010 15:13:25] /r
[12/02/2010 15:13:25] /r
[12/02/2010 15:13:25] /r
[12/02/2010 15:13:25] /r
[12/02/2010 15:13:26] /r
[12/02/2010 15:13:26] /r
[12/02/2010 15:13:26] /r
[12/02/2010 15:13:26] /r
[12/02/2010 15:13:26] /r
[12/02/2010 15:13:26] /r
[12/02/2010 15:13:26] /r
[12/02/2010 15:13:26] /r
[12/02/2010 15:13:27] /r
[12/02/2010 15:13:27] /r
[12/02/2010 15:13:28] /r
[12/02/2010 15:13:28] /r
[12/02/2010 15:13:29] /r
[12/02/2010 15:13:30] /r
[12/02/2010 15:13:30] /r
[12/02/2010 15:13:30] /r
[12/02/2010 15:13:34] /r
[12/02/2010 15:13:34] /r
[12/02/2010 15:13:41] /r
[12/02/2010 15:13:51] /r
[12/02/2010 15:13:52] /r
[12/02/2010 15:13:56] /r
[12/02/2010 15:13:56] /kick Comedinha
[12/02/2010 15:14:46] /kick Comedinha
[12/02/2010 15:14:46] /kick Comedinha
[12/02/2010 15:14:46] /kick Comedinha
[12/02/2010 15:14:50] /t
[12/02/2010 15:14:54] /r
[12/02/2010 15:14:57] /r
[12/02/2010 15:14:57] /r
[12/02/2010 15:14:57] /r
[12/02/2010 15:14:57] /r
[12/02/2010 15:14:58] /kick Comedinha
[12/02/2010 15:15:01] /r
[12/02/2010 15:15:02] /r
[12/02/2010 15:15:04] /r
[12/02/2010 15:15:06] /r
[12/02/2010 15:15:07] /r
[12/02/2010 15:15:08] /r
[12/02/2010 15:15:08] /r
[12/02/2010 15:15:08] /r
[12/02/2010 15:15:08] /r
[12/02/2010 15:15:08] /r
[12/02/2010 15:15:08] /r
[12/02/2010 15:15:08] /r
[12/02/2010 15:15:08] /r
[12/02/2010 15:15:08] /r
[12/02/2010 15:15:08] /r
[12/02/2010 15:15:08] /r
[12/02/2010 15:15:08] /r
[12/02/2010 15:15:09] /r
[12/02/2010 15:15:09] /r
[12/02/2010 15:15:10] /r
[12/02/2010 15:15:10] /r
[12/02/2010 15:15:10] /r
[12/02/2010 15:15:11] /r
[12/02/2010 15:15:11] /r
[12/02/2010 15:15:11] /r
[12/02/2010 15:15:27] /kick Comedinha
[12/02/2010 15:15:28] /kick Comedinha
[12/02/2010 15:15:28] /r
[12/02/2010 15:15:30] /r
[12/02/2010 15:15:30] /r
[12/02/2010 15:15:30] /r
[12/02/2010 15:15:30] /r
[12/02/2010 15:15:31] /r
[12/02/2010 15:15:31] /r
[12/02/2010 15:15:31] /r
[12/02/2010 15:15:33] /r
[12/02/2010 15:15:33] /r
[12/02/2010 15:15:33] /r
[12/02/2010 15:15:34] /r
[12/02/2010 15:15:34] /r
[12/02/2010 15:15:34] /r
[12/02/2010 15:15:34] /r
[12/02/2010 15:15:35] /r
[12/02/2010 15:15:35] /r
[12/02/2010 15:15:35] /r
[12/02/2010 15:15:35] /r
[12/02/2010 15:15:36] /r
[12/02/2010 15:15:36] /r
[12/02/2010 15:15:36] /r
[12/02/2010 15:15:36] /r
[12/02/2010 15:15:36] /r
[12/02/2010 15:15:37] /r
[12/02/2010 15:15:38] /r
[12/02/2010 15:15:38] /r
[12/02/2010 15:15:38] /r
[12/02/2010 15:15:39] /r
[12/02/2010 15:15:40] /r
[12/02/2010 15:15:40] /r
[12/02/2010 15:15:40] /r
[12/02/2010 15:15:40] /r
[12/02/2010 15:15:40] /r
[12/02/2010 15:15:40] /r
[12/02/2010 15:15:40] /r
[12/02/2010 15:15:40] /r
[12/02/2010 15:15:40] /r
[12/02/2010 15:15:40] /r
[12/02/2010 15:15:40] /r
[12/02/2010 15:15:40] /r
[12/02/2010 15:15:40] /r
[12/02/2010 15:15:40] /r
[12/02/2010 15:15:40] /r
[12/02/2010 15:15:40] /r
[12/02/2010 15:15:40] /r
[12/02/2010 15:15:40] /r
[12/02/2010 15:15:40] /r
[12/02/2010 15:15:40] /r
[12/02/2010 15:15:40] /r
[12/02/2010 15:15:40] /r
[12/02/2010 15:15:40] /r
[12/02/2010 15:15:40] /r
[12/02/2010 15:15:40] /r
[12/02/2010 15:15:40] /r
[12/02/2010 15:15:40] /r
[12/02/2010 15:15:40] /r
[12/02/2010 15:15:40] /r
[12/02/2010 15:15:40] /r
[12/02/2010 15:15:40] /r
[12/02/2010 15:15:40] /r
[12/02/2010 15:15:41] /r
[12/02/2010 15:15:41] /r
[12/02/2010 15:15:41] /r
[12/02/2010 15:15:41] /r
[12/02/2010 15:15:41] /r
[12/02/2010 15:15:41] /r
[12/02/2010 15:15:41] /r
[12/02/2010 15:15:41] /r
[12/02/2010 15:15:41] /r
[12/02/2010 15:15:41] /r
[12/02/2010 15:15:41] /r
[12/02/2010 15:15:41] /r
[12/02/2010 15:15:41] /r
[12/02/2010 15:15:41] /r
[12/02/2010 15:15:41] /r
[12/02/2010 15:15:41] /r
[12/02/2010 15:15:41] /r
[12/02/2010 15:15:41] /r
[12/02/2010 15:15:41] /r
[12/02/2010 15:15:41] /r
[12/02/2010 15:15:41] /r
[12/02/2010 15:15:41] /r
[12/02/2010 15:15:41] /r
[12/02/2010 15:15:41] /r
[12/02/2010 15:15:41] /r
[12/02/2010 15:15:42] /r
[12/02/2010 15:15:42] /r
[12/02/2010 15:15:42] /r
[12/02/2010 15:15:42] /r
[12/02/2010 15:15:42] /r
[12/02/2010 15:15:42] /r
[12/02/2010 15:15:42] /r
[12/02/2010 15:15:42] /r
[12/02/2010 15:15:42] /r
[12/02/2010 15:15:42] /r
[12/02/2010 15:15:42] /r
[12/02/2010 15:15:42] /r
[12/02/2010 15:15:42] /r
[12/02/2010 15:15:42] /r
[12/02/2010 15:15:42] /r
[12/02/2010 15:15:42] /r
[12/02/2010 15:15:42] /r
[12/02/2010 15:15:42] /r
[12/02/2010 15:15:42] /r
[12/02/2010 15:15:42] /r
[12/02/2010 15:15:42] /r
[12/02/2010 15:15:43] /r
[12/02/2010 15:15:43] /r
[12/02/2010 15:15:43] /r
[12/02/2010 15:15:43] /r
[12/02/2010 15:15:43] /r
[12/02/2010 15:15:43] /r
[12/02/2010 15:15:43] /r
[12/02/2010 15:15:43] /r
[12/02/2010 15:15:43] /r
[12/02/2010 15:15:43] /r
[12/02/2010 15:15:43] /r
[12/02/2010 15:15:43] /r
[12/02/2010 15:15:43] /r
[12/02/2010 15:15:43] /r
[12/02/2010 15:15:43] /r
[12/02/2010 15:15:43] /r
[12/02/2010 15:15:43] /r
[12/02/2010 15:15:43] /r
[12/02/2010 15:15:43] /r
[12/02/2010 15:15:43] /r
[12/02/2010 15:15:43] /r
[12/02/2010 15:15:43] /r
[12/02/2010 15:15:43] /r
[12/02/2010 15:15:43] /r
[12/02/2010 15:15:43] /r
[12/02/2010 15:15:43] /r
[12/02/2010 15:15:43] /r
[12/02/2010 15:15:44] /r
[12/02/2010 15:15:44] /r
[12/02/2010 15:15:44] /r
[12/02/2010 15:15:44] /r
[12/02/2010 15:15:44] /r
[12/02/2010 15:15:44] /r
[12/02/2010 15:15:44] /r
[12/02/2010 15:15:44] /r
[12/02/2010 15:15:44] /r
[12/02/2010 15:15:44] /r
[12/02/2010 15:15:44] /r
[12/02/2010 15:15:44] /r
[12/02/2010 15:15:44] /r
[12/02/2010 15:15:44] /r
[12/02/2010 15:15:44] /r
[12/02/2010 15:15:44] /r
[12/02/2010 15:15:44] /r
[12/02/2010 15:15:44] /r
[12/02/2010 15:15:44] /r
[12/02/2010 15:15:44] /r
[12/02/2010 15:15:44] /r
[12/02/2010 15:15:44] /r
[12/02/2010 15:15:44] /r
[12/02/2010 15:15:44] /r
[12/02/2010 15:15:44] /r
[12/02/2010 15:15:45] /r
[12/02/2010 15:15:45] /r
[12/02/2010 15:15:45] /r
[12/02/2010 15:15:45] /r
[12/02/2010 15:15:45] /r
[12/02/2010 15:15:45] /r
[12/02/2010 15:15:45] /r
[12/02/2010 15:15:45] /r
[12/02/2010 15:15:45] /r
[12/02/2010 15:15:45] /r
[12/02/2010 15:15:45] /r
[12/02/2010 15:15:45] /r
[12/02/2010 15:15:45] /r
[12/02/2010 15:15:45] /r
[12/02/2010 15:15:45] /r
[12/02/2010 15:15:45] /r
[12/02/2010 15:15:45] /r
[12/02/2010 15:15:45] /r
[12/02/2010 15:15:45] /r
[12/02/2010 15:15:45] /r
[12/02/2010 15:15:45] /r
[12/02/2010 15:15:45] /r
[12/02/2010 15:15:46] /r
[12/02/2010 15:15:46] /r
[12/02/2010 15:15:46] /r
[12/02/2010 15:15:46] /r
[12/02/2010 15:15:46] /r
[12/02/2010 15:15:46] /r
[12/02/2010 15:15:46] /r
[12/02/2010 15:15:46] /r
[12/02/2010 15:15:46] /r
[12/02/2010 15:15:46] /r
[12/02/2010 15:15:46] /r
[12/02/2010 15:15:46] /r
[12/02/2010 15:15:46] /r
[12/02/2010 15:15:46] /r
[12/02/2010 15:15:46] /r
[12/02/2010 15:15:46] /r
[12/02/2010 15:15:46] /r
[12/02/2010 15:15:46] /r
[12/02/2010 15:15:46] /r
[12/02/2010 15:15:46] /r
[12/02/2010 15:15:46] /r
[12/02/2010 15:15:46] /r
[12/02/2010 15:15:46] /r
[12/02/2010 15:15:46] /r
[12/02/2010 15:15:46] /r
[12/02/2010 15:15:47] /r
[12/02/2010 15:15:47] /r
[12/02/2010 15:15:47] /r
[12/02/2010 15:15:47] /r
[12/02/2010 15:15:47] /r
[12/02/2010 15:15:47] /r
[12/02/2010 15:15:47] /r
[12/02/2010 15:15:47] /r
[12/02/2010 15:15:47] /r
[12/02/2010 15:15:47] /r
[12/02/2010 15:15:47] /r
[12/02/2010 15:15:47] /r
[12/02/2010 15:15:47] /r
[12/02/2010 15:15:47] /r
[12/02/2010 15:15:47] /r
[12/02/2010 15:15:47] /r
[12/02/2010 15:15:47] /r
[12/02/2010 15:15:47] /r
[12/02/2010 15:15:47] /r
[12/02/2010 15:15:47] /r
[12/02/2010 15:15:47] /r
[12/02/2010 15:15:47] /r
[12/02/2010 15:15:47] /r
[12/02/2010 15:15:47] /r
[12/02/2010 15:15:48] /r
[12/02/2010 15:15:48] /r
[12/02/2010 15:15:48] /r
[12/02/2010 15:15:48] /r
[12/02/2010 15:15:48] /r
[12/02/2010 15:15:48] /r
[12/02/2010 15:15:48] /r
[12/02/2010 15:15:48] /r
[12/02/2010 15:15:48] /r
[12/02/2010 15:15:48] /r
[12/02/2010 15:15:48] /r
[12/02/2010 15:15:48] /r
[12/02/2010 15:15:48] /r
[12/02/2010 15:15:48] /r
[12/02/2010 15:15:48] /r
[12/02/2010 15:15:48] /r
[12/02/2010 15:15:48] /r
[12/02/2010 15:15:48] /r
[12/02/2010 15:15:48] /r
[12/02/2010 15:15:48] /r
[12/02/2010 15:15:48] /r
[12/02/2010 15:15:48] /r
[12/02/2010 15:15:49] /r
[12/02/2010 15:15:49] /r
[12/02/2010 15:15:49] /r
[12/02/2010 15:15:49] /r
[12/02/2010 15:15:49] /r
[12/02/2010 15:15:49] /r
[12/02/2010 15:15:49] /r
[12/02/2010 15:15:49] /r
[12/02/2010 15:15:49] /r
[12/02/2010 15:15:49] /r
[12/02/2010 15:15:49] /r
[12/02/2010 15:15:49] /r
[12/02/2010 15:15:49] /r
[12/02/2010 15:15:50] /r
[12/02/2010 15:15:50] /r
[12/02/2010 15:15:50] /r
[12/02/2010 15:15:50] /r
[12/02/2010 15:15:50] /r
[12/02/2010 15:15:50] /r
[12/02/2010 15:15:50] /r
[12/02/2010 15:15:50] /r
[12/02/2010 15:15:50] /r
[12/02/2010 15:15:50] /r
[12/02/2010 15:15:50] /r
[12/02/2010 15:15:50] /r
[12/02/2010 15:15:50] /r
[12/02/2010 15:15:50] /r
[12/02/2010 15:15:50] /r
[12/02/2010 15:15:50] /r
[12/02/2010 15:15:50] /r
[12/02/2010 15:15:50] /r
[12/02/2010 15:15:50] /r
[12/02/2010 15:15:50] /r
[12/02/2010 15:15:50] /r
[12/02/2010 15:15:50] /r
[12/02/2010 15:15:50] /r
[12/02/2010 15:15:50] /r
[12/02/2010 15:15:50] /r
[12/02/2010 15:15:50] /r
[12/02/2010 15:15:50] /r
[12/02/2010 15:15:50] /r
[12/02/2010 15:15:50] /r
[12/02/2010 15:15:50] /r
[12/02/2010 15:15:50] /r
[12/02/2010 15:15:50] /r
[12/02/2010 15:15:50] /r
[12/02/2010 15:15:50] /r
[12/02/2010 15:15:50] /r
[12/02/2010 15:15:50] /r
[12/02/2010 15:15:51] /r
[12/02/2010 15:15:51] /r
[12/02/2010 15:15:51] /r
[12/02/2010 15:15:51] /r
[12/02/2010 15:15:51] /r
[12/02/2010 15:15:51] /r
[12/02/2010 15:15:51] /r
[12/02/2010 15:15:51] /r
[12/02/2010 15:15:51] /r
[12/02/2010 15:15:51] /r
[12/02/2010 15:15:51] /r
[12/02/2010 15:15:51] /r
[12/02/2010 15:15:51] /r
[12/02/2010 15:15:51] /r
[12/02/2010 15:15:51] /r
[12/02/2010 15:15:51] /r
[12/02/2010 15:15:51] /r
[12/02/2010 15:15:51] /r
[12/02/2010 15:15:51] /r
[12/02/2010 15:15:51] /r
[12/02/2010 15:15:51] /r
[12/02/2010 15:15:51] /r
[12/02/2010 15:15:51] /r
[12/02/2010 15:15:51] /r
[12/02/2010 15:15:51] /r
[12/02/2010 15:15:52] /r
[12/02/2010 15:15:52] /r
[12/02/2010 15:15:52] /r
[12/02/2010 15:15:52] /r
[12/02/2010 15:15:52] /r
[12/02/2010 15:15:52] /r
[12/02/2010 15:15:52] /r
[12/02/2010 15:15:52] /r
[12/02/2010 15:15:52] /r
[12/02/2010 15:15:52] /r
[12/02/2010 15:15:53] /r
[12/02/2010 15:15:53] /r
[12/02/2010 15:15:53] /r
[12/02/2010 15:15:53] /r
[12/02/2010 15:15:53] /r
[12/02/2010 15:15:53] /r
[12/02/2010 15:15:53] /r
[12/02/2010 15:15:53] /r
[12/02/2010 15:15:53] /r
[12/02/2010 15:15:53] /r
[12/02/2010 15:15:53] /r
[12/02/2010 15:15:53] /r
[12/02/2010 15:15:53] /r
[12/02/2010 15:15:53] /r
[12/02/2010 15:15:53] /r
[12/02/2010 15:15:53] /r
[12/02/2010 15:15:53] /r
[12/02/2010 15:15:53] /r
[12/02/2010 15:15:53] /r
[12/02/2010 15:15:53] /r
[12/02/2010 15:15:53] /r
[12/02/2010 15:15:53] /r
[12/02/2010 15:15:53] /r
[12/02/2010 15:15:53] /r
[12/02/2010 15:15:53] /r
[12/02/2010 15:15:53] /r
[12/02/2010 15:15:53] /r
[12/02/2010 15:15:53] /r
[12/02/2010 15:15:54] /r
[12/02/2010 15:15:54] /r
[12/02/2010 15:15:54] /r
[12/02/2010 15:15:54] /r
[12/02/2010 15:15:54] /r
[12/02/2010 15:15:54] /r
[12/02/2010 15:15:54] /r
[12/02/2010 15:15:54] /r
[12/02/2010 15:15:54] /r
[12/02/2010 15:15:54] /r
[12/02/2010 15:15:54] /r
[12/02/2010 15:15:54] /r
[12/02/2010 15:15:54] /r
[12/02/2010 15:15:54] /r
[12/02/2010 15:15:54] /r
[12/02/2010 15:15:54] /r
[12/02/2010 15:15:54] /r
[12/02/2010 15:15:54] /r
[12/02/2010 15:15:54] /r
[12/02/2010 15:15:54] /r
[12/02/2010 15:15:54] /r
[12/02/2010 15:15:54] /r
[12/02/2010 15:15:54] /r
[12/02/2010 15:15:55] /r
[12/02/2010 15:15:55] /r
[12/02/2010 15:15:55] /r
[12/02/2010 15:15:55] /r
[12/02/2010 15:15:55] /r
[12/02/2010 15:15:55] /r
[12/02/2010 15:15:55] /r
[12/02/2010 15:15:55] /r
[12/02/2010 15:15:55] /r
[12/02/2010 15:15:55] /r
[12/02/2010 15:15:55] /r
[12/02/2010 15:15:55] /r
[12/02/2010 15:15:55] /r
[12/02/2010 15:15:55] /r
[12/02/2010 15:15:55] /r
[12/02/2010 15:15:55] /r
[12/02/2010 15:15:55] /r
[12/02/2010 15:15:55] /r
[12/02/2010 15:15:55] /r
[12/02/2010 15:15:55] /r
[12/02/2010 15:15:55] /r
[12/02/2010 15:15:55] /r
[12/02/2010 15:15:55] /r
[12/02/2010 15:15:55] /r
[12/02/2010 15:15:55] /r
[12/02/2010 15:15:55] /r
[12/02/2010 15:15:55] /r
[12/02/2010 15:15:55] /r
[12/02/2010 15:15:55] /r
[12/02/2010 15:15:55] /r
[12/02/2010 15:15:55] /r
[12/02/2010 15:15:55] /r
[12/02/2010 15:15:55] /r
[12/02/2010 15:15:56] /r
[12/02/2010 15:15:56] /r
[12/02/2010 15:15:56] /r
[12/02/2010 15:15:56] /r
[12/02/2010 15:15:56] /r
[12/02/2010 15:15:56] /r
[12/02/2010 15:15:56] /r
[12/02/2010 15:15:56] /r
[12/02/2010 15:15:56] /r
[12/02/2010 15:15:56] /r
[12/02/2010 15:15:56] /r
[12/02/2010 15:15:56] /r
[12/02/2010 15:15:56] /r
[12/02/2010 15:15:56] /r
[12/02/2010 15:15:56] /r
[12/02/2010 15:15:56] /r
[12/02/2010 15:15:56] /r
[12/02/2010 15:15:56] /r
[12/02/2010 15:15:56] /r
[12/02/2010 15:15:56] /r
[12/02/2010 15:15:56] /r
[12/02/2010 15:15:56] /r
[12/02/2010 15:15:56] /r
[12/02/2010 15:15:56] /r
[12/02/2010 15:15:56] /r
[12/02/2010 15:15:56] /r
[12/02/2010 15:15:57] /r
[12/02/2010 15:15:57] /r
[12/02/2010 15:15:57] /r
[12/02/2010 15:15:57] /r
[12/02/2010 15:15:57] /r
[12/02/2010 15:15:57] /r
[12/02/2010 15:15:57] /r
[12/02/2010 15:15:57] /r
[12/02/2010 15:15:57] /r
[12/02/2010 15:15:57] /r
[12/02/2010 15:15:57] /r
[12/02/2010 15:15:57] /r
[12/02/2010 15:15:57] /r
[12/02/2010 15:15:57] /r
[12/02/2010 15:15:57] /r
[12/02/2010 15:15:57] /r
[12/02/2010 15:15:57] /r
[12/02/2010 15:15:57] /r
[12/02/2010 15:15:57] /r
[12/02/2010 15:15:57] /r
[12/02/2010 15:15:57] /r
[12/02/2010 15:15:57] /r
[12/02/2010 15:15:58] /r
[12/02/2010 15:15:58] /r
[12/02/2010 15:15:58] /r
[12/02/2010 15:15:58] /r
[12/02/2010 15:15:58] /r
[12/02/2010 15:15:58] /r
[12/02/2010 15:15:58] /r
[12/02/2010 15:15:58] /r
[12/02/2010 15:15:58] /r
[12/02/2010 15:15:58] /r
[12/02/2010 15:15:58] /r
[12/02/2010 15:15:58] /r
[12/02/2010 15:15:58] /r
[12/02/2010 15:15:58] /r
[12/02/2010 15:15:58] /r
[12/02/2010 15:15:58] /r
[12/02/2010 15:15:58] /r
[12/02/2010 15:15:58] /r
[12/02/2010 15:15:58] /r
[12/02/2010 15:15:58] /r
[12/02/2010 15:15:58] /r
[12/02/2010 15:15:58] /r
[12/02/2010 15:15:58] /r
[12/02/2010 15:15:58] /r
[12/02/2010 15:15:58] /r
[12/02/2010 15:15:58] /r
[12/02/2010 15:15:58] /r
[12/02/2010 15:15:59] /r
[12/02/2010 15:15:59] /r
[12/02/2010 15:15:59] /r
[12/02/2010 15:15:59] /r
[12/02/2010 15:15:59] /r
[12/02/2010 15:15:59] /r
[12/02/2010 15:15:59] /r
[12/02/2010 15:15:59] /r
[12/02/2010 15:15:59] /r
[12/02/2010 15:15:59] /r
[12/02/2010 15:15:59] /r
[12/02/2010 15:15:59] /r
[12/02/2010 15:15:59] /r
[12/02/2010 15:15:59] /r
[12/02/2010 15:15:59] /r
[12/02/2010 15:15:59] /r
[12/02/2010 15:15:59] /r
[12/02/2010 15:15:59] /r
[12/02/2010 15:15:59] /r
[12/02/2010 15:15:59] /r
[12/02/2010 15:15:59] /r
[12/02/2010 15:15:59] /r
[12/02/2010 15:15:59] /r
[12/02/2010 15:15:59] /r
[12/02/2010 15:16:00] /r
[12/02/2010 15:16:03] /r
[12/02/2010 15:16:04] /r
[12/02/2010 15:16:04] /r
[12/02/2010 15:16:05] /r
[12/02/2010 15:16:05] /r
[12/02/2010 15:16:05] /r
[12/02/2010 15:16:05] /r
[12/02/2010 15:16:05] /r
[12/02/2010 15:16:06] /r
[12/02/2010 15:16:06] /r
[12/02/2010 15:16:06] /r
[12/02/2010 15:16:06] /r
[12/02/2010 15:16:06] /r
[12/02/2010 15:16:07] /r
[12/02/2010 15:16:07] /r
[12/02/2010 15:16:07] /r
[12/02/2010 15:16:07] /r
[12/02/2010 15:16:08] /kick Comedinha
[12/02/2010 15:16:08] /kick Comedinha
[12/02/2010 15:16:08] /r
[12/02/2010 15:16:08] /r
[12/02/2010 15:16:10] /r
[12/02/2010 15:16:10] /r
[12/02/2010 15:16:11] /r
[12/02/2010 15:16:11] /r
[12/02/2010 15:16:11] /r
[12/02/2010 15:16:11] /r
[12/02/2010 15:16:11] /r
[12/02/2010 15:16:11] /r
[12/02/2010 15:16:11] /r
[12/02/2010 15:16:12] /r
[12/02/2010 15:16:12] /r
[12/02/2010 15:16:12] /r
[12/02/2010 15:16:12] /r
[12/02/2010 15:16:13] /r
[12/02/2010 15:16:13] /r
[12/02/2010 15:16:13] /r
[12/02/2010 15:16:13] /r
[12/02/2010 15:16:13] /r
[12/02/2010 15:16:14] /r
[12/02/2010 15:16:14] /r
[12/02/2010 15:16:14] /r
[12/02/2010 15:16:14] /r
[12/02/2010 15:16:14] /r
[12/02/2010 15:16:15] /r
[12/02/2010 15:16:15] /r
[12/02/2010 15:16:15] /r
[12/02/2010 15:16:15] /r
[12/02/2010 15:16:15] /r
[12/02/2010 15:16:16] /r
[12/02/2010 15:16:16] /r
[12/02/2010 15:16:16] /r
[12/02/2010 15:16:17] /r
[12/02/2010 15:16:17] /r
[12/02/2010 15:16:17] /r
[12/02/2010 15:16:17] /r
[12/02/2010 15:16:17] /r
[12/02/2010 15:16:17] /r
[12/02/2010 15:16:17] /r
[12/02/2010 15:16:17] /r
[12/02/2010 15:16:17] /r
[12/02/2010 15:16:17] /r
[12/02/2010 15:16:17] /r
[12/02/2010 15:16:17] /r
[12/02/2010 15:16:17] /r
[12/02/2010 15:16:17] /r
[12/02/2010 15:16:17] /r
[12/02/2010 15:16:17] /r
[12/02/2010 15:16:17] /r
[12/02/2010 15:16:17] /r
[12/02/2010 15:16:18] /r
[12/02/2010 15:16:18] /r
[12/02/2010 15:16:18] /r
[12/02/2010 15:16:18] /r
[12/02/2010 15:16:18] /r
[12/02/2010 15:16:18] /r
[12/02/2010 15:16:18] /r
[12/02/2010 15:16:18] /r
[12/02/2010 15:16:19] /r
[12/02/2010 15:16:19] /r
[12/02/2010 15:16:19] /r
[12/02/2010 15:16:19] /r
[12/02/2010 15:16:19] /r
[12/02/2010 15:16:19] /r
[12/02/2010 15:16:19] /r
[12/02/2010 15:16:19] /r
[12/02/2010 15:16:19] /r
[12/02/2010 15:16:19] /r
[12/02/2010 15:16:19] /r
[12/02/2010 15:16:19] /r
[12/02/2010 15:16:19] /r
[12/02/2010 15:16:19] /r
[12/02/2010 15:16:20] /r
[12/02/2010 15:16:20] /r
[12/02/2010 15:16:20] /r
[12/02/2010 15:16:20] /r
[12/02/2010 15:16:20] /r
[12/02/2010 15:16:20] /r
[12/02/2010 15:16:20] /r
[12/02/2010 15:16:20] /r
[12/02/2010 15:16:20] /r
[12/02/2010 15:16:20] /r
[12/02/2010 15:16:20] /r
[12/02/2010 15:16:20] /r
[12/02/2010 15:16:20] /r
[12/02/2010 15:16:20] /r
[12/02/2010 15:16:20] /r
[12/02/2010 15:16:20] /r
[12/02/2010 15:16:20] /r
[12/02/2010 15:16:20] /r
[12/02/2010 15:16:20] /r
[12/02/2010 15:16:20] /r
[12/02/2010 15:16:20] /r
[12/02/2010 15:16:20] /r
[12/02/2010 15:16:20] /r
[12/02/2010 15:16:20] /r
[12/02/2010 15:16:23] /r
[12/02/2010 15:16:23] /r
[12/02/2010 15:16:23] /r
[12/02/2010 15:16:23] /r
[12/02/2010 15:16:23] /r
[12/02/2010 15:16:23] /r
[12/02/2010 15:16:23] /r
[12/02/2010 15:16:23] /r
[12/02/2010 15:16:23] /r
[12/02/2010 15:16:23] /r
[12/02/2010 15:16:23] /r
[12/02/2010 15:16:23] /r
[12/02/2010 15:16:23] /r
[12/02/2010 15:16:23] /r
[12/02/2010 15:16:23] /r
[12/02/2010 15:16:23] /r
[12/02/2010 15:16:23] /r
[12/02/2010 15:16:23] /r
[12/02/2010 15:16:23] /r
[12/02/2010 15:16:23] /r
[12/02/2010 15:16:23] /r
[12/02/2010 15:16:23] /r
[12/02/2010 15:16:23] /r
[12/02/2010 15:16:23] /r
[12/02/2010 15:16:23] /r
[12/02/2010 15:16:23] /r
[12/02/2010 15:16:23] /r
[12/02/2010 15:16:23] /r
[12/02/2010 15:16:23] /r
[12/02/2010 15:16:23] /r
[12/02/2010 15:16:23] /r
[12/02/2010 15:16:23] /r
[12/02/2010 15:16:23] /r
[12/02/2010 15:16:23] /r
[12/02/2010 15:16:23] /r
[12/02/2010 15:16:23] /r
[12/02/2010 15:16:23] /r
[12/02/2010 15:16:23] /r
[12/02/2010 15:16:23] /r
[12/02/2010 15:16:23] /r
[12/02/2010 15:16:23] /r
[12/02/2010 15:16:23] /r
[12/02/2010 15:16:23] /r
[12/02/2010 15:16:23] /r
[12/02/2010 15:16:23] /r
[12/02/2010 15:16:23] /r
[12/02/2010 15:16:23] /r
[12/02/2010 15:16:23] /r
[12/02/2010 15:16:23] /r
[12/02/2010 15:16:23] /r
[12/02/2010 15:16:23] /r
[12/02/2010 15:16:23] /r
[12/02/2010 15:16:23] /r
[12/02/2010 15:16:23] /r
[12/02/2010 15:16:23] /r
[12/02/2010 15:16:23] /r
[12/02/2010 15:16:24] /r
[12/02/2010 15:16:24] /r
[12/02/2010 15:16:24] /r
[12/02/2010 15:16:24] /r
[12/02/2010 15:16:24] /r
[12/02/2010 15:16:24] /r
[12/02/2010 15:16:24] /r
[12/02/2010 15:16:24] /r
[12/02/2010 15:16:24] /r
[12/02/2010 15:16:24] /r
[12/02/2010 15:16:24] /r
[12/02/2010 15:16:24] /r
[12/02/2010 15:16:24] /r
[12/02/2010 15:16:24] /r
[12/02/2010 15:16:24] /r
[12/02/2010 15:16:24] /r
[12/02/2010 15:16:24] /r
[12/02/2010 15:16:24] /r
[12/02/2010 15:16:24] /r
[12/02/2010 15:16:24] /r
[12/02/2010 15:16:24] /r
[12/02/2010 15:16:24] /r
[12/02/2010 15:16:24] /r
[12/02/2010 15:16:24] /r
[12/02/2010 15:16:24] /r
[12/02/2010 15:16:25] /r
[12/02/2010 15:16:25] /r
[12/02/2010 15:16:25] /r
[12/02/2010 15:16:25] /r
[12/02/2010 15:16:25] /r
[12/02/2010 15:16:25] /r
[12/02/2010 15:16:25] /r
[12/02/2010 15:16:25] /r
[12/02/2010 15:16:25] /r
[12/02/2010 15:16:25] /r
[12/02/2010 15:16:25] /r
[12/02/2010 15:16:25] /r
[12/02/2010 15:16:25] /r
[12/02/2010 15:16:25] /r
[12/02/2010 15:16:25] /r
[12/02/2010 15:16:25] /r
[12/02/2010 15:16:25] /r
[12/02/2010 15:16:25] /r
[12/02/2010 15:16:25] /r
[12/02/2010 15:16:25] /r
[12/02/2010 15:16:25] /r
[12/02/2010 15:16:25] /r
[12/02/2010 15:16:25] /r
[12/02/2010 15:16:26] /r
[12/02/2010 15:16:26] /r
[12/02/2010 15:16:26] /r
[12/02/2010 15:16:26] /r
[12/02/2010 15:16:26] /r
[12/02/2010 15:16:26] /r
[12/02/2010 15:16:26] /r
[12/02/2010 15:16:26] /r
[12/02/2010 15:16:26] /r
[12/02/2010 15:16:26] /r
[12/02/2010 15:16:26] /r
[12/02/2010 15:16:26] /r
[12/02/2010 15:16:26] /r
[12/02/2010 15:16:26] /r
[12/02/2010 15:16:26] /r
[12/02/2010 15:16:26] /r
[12/02/2010 15:16:26] /r
[12/02/2010 15:16:26] /r
[12/02/2010 15:16:26] /r
[12/02/2010 15:16:26] /r
[12/02/2010 15:16:26] /r
[12/02/2010 15:16:27] /r
[12/02/2010 15:16:27] /r
[12/02/2010 15:16:27] /r
[12/02/2010 15:16:27] /r
[12/02/2010 15:16:27] /r
[12/02/2010 15:16:27] /r
[12/02/2010 15:16:27] /r
[12/02/2010 15:16:27] /r
[12/02/2010 15:16:27] /r
[12/02/2010 15:16:27] /r
[12/02/2010 15:16:27] /r
[12/02/2010 15:16:27] /r
[12/02/2010 15:16:27] /r
[12/02/2010 15:16:27] /r
[12/02/2010 15:16:27] /r
[12/02/2010 15:16:27] /r
[12/02/2010 15:16:27] /r
[12/02/2010 15:16:27] /r
[12/02/2010 15:16:27] /r
[12/02/2010 15:16:27] /r
[12/02/2010 15:16:27] /r
[12/02/2010 15:16:27] /r
[12/02/2010 15:16:27] /r
[12/02/2010 15:16:27] /r
[12/02/2010 15:16:27] /r
[12/02/2010 15:16:27] /r
[12/02/2010 15:16:27] /r
[12/02/2010 15:16:28] /r
[12/02/2010 15:16:28] /r
[12/02/2010 15:16:31] /r
[12/02/2010 15:16:32] /r
[12/02/2010 15:16:32] /r
[12/02/2010 15:16:32] /r
[12/02/2010 15:16:32] /r
[12/02/2010 15:16:32] /r
[12/02/2010 15:16:32] /r
[12/02/2010 15:16:32] /r
[12/02/2010 15:16:32] /r
[12/02/2010 15:16:32] /r
[12/02/2010 15:16:32] /r
[12/02/2010 15:16:32] /r
[12/02/2010 15:16:32] /r
[12/02/2010 15:16:32] /r
[12/02/2010 15:16:32] /r
[12/02/2010 15:16:32] /r
[12/02/2010 15:16:32] /r
[12/02/2010 15:16:32] /r
[12/02/2010 15:16:32] /r
[12/02/2010 15:16:34] /r
[12/02/2010 15:16:35] /r
[12/02/2010 15:16:35] /r
[12/02/2010 15:16:35] /r
[12/02/2010 15:17:08] /r
[12/02/2010 15:17:09] /r
[12/02/2010 15:17:09] /r
[12/02/2010 15:17:09] /r
[12/02/2010 15:17:09] /r
[12/02/2010 15:17:10] /r
[12/02/2010 15:17:10] /r
[12/02/2010 15:17:10] /r
[12/02/2010 15:17:11] /r
[12/02/2010 15:17:12] /r
[12/02/2010 15:17:12] /r
[12/02/2010 15:17:13] /r
[12/02/2010 15:17:14] /r
[12/02/2010 15:17:14] /r
[12/02/2010 15:17:20] /r
[12/02/2010 15:17:20] /r
[12/02/2010 15:17:20] /r
[12/02/2010 15:17:20] /r
[12/02/2010 15:17:20] /r
[12/02/2010 15:17:21] /r
[12/02/2010 15:17:21] /r
[12/02/2010 15:17:21] /r
[12/02/2010 15:17:21] /r
[12/02/2010 15:17:21] /r
[12/02/2010 15:17:22] /r
[12/02/2010 15:17:22] /r
[12/02/2010 15:17:22] /r
[12/02/2010 15:17:23] /r
[12/02/2010 15:17:23] /r
[12/02/2010 15:17:23] /r
[12/02/2010 15:17:24] /r
[12/02/2010 15:17:24] /r
[12/02/2010 15:17:24] /r
[12/02/2010 15:17:24] /r
[12/02/2010 15:17:24] /r
[12/02/2010 15:17:24] /r
[12/02/2010 15:17:24] /r
[12/02/2010 15:17:24] /r
[12/02/2010 15:17:24] /r
[12/02/2010 15:17:24] /r
[12/02/2010 15:17:24] /r
[12/02/2010 15:17:24] /r
[12/02/2010 15:17:24] /r
[12/02/2010 15:17:24] /r
[12/02/2010 15:17:25] /r
[12/02/2010 15:17:25] /r
[12/02/2010 15:17:28] /r
[12/02/2010 15:17:29] /r
[12/02/2010 15:17:29] /r
[12/02/2010 15:17:29] /r
[12/02/2010 15:17:29] /r
[12/02/2010 15:17:29] /r
[12/02/2010 15:17:29] /r
[12/02/2010 15:17:29] /r
[12/02/2010 15:17:30] /r
[12/02/2010 15:17:30] /r
[12/02/2010 15:17:30] /r
[12/02/2010 15:17:31] /r
[12/02/2010 15:17:31] /r
[12/02/2010 15:17:31] /r
[12/02/2010 15:17:31] /r
[12/02/2010 15:17:31] /r
[12/02/2010 15:17:31] /r
[12/02/2010 15:17:31] /r
[12/02/2010 15:17:32] /r
[12/02/2010 15:17:32] /r
[12/02/2010 15:17:32] /r
[12/02/2010 15:17:34] /r
[12/02/2010 15:17:35] /r
[12/02/2010 15:17:35] /r
[12/02/2010 15:17:35] /r
[12/02/2010 15:17:35] /r
[12/02/2010 15:17:35] /r
[12/02/2010 15:17:35] /r
[12/02/2010 15:17:35] /r
[12/02/2010 15:17:35] /r
[12/02/2010 15:17:35] /r
[12/02/2010 15:17:35] /r
[12/02/2010 15:17:35] /r
[12/02/2010 15:17:36] /r
[12/02/2010 15:17:36] /r
[12/02/2010 15:17:36] /r
[12/02/2010 15:17:36] /r
[12/02/2010 15:17:36] /r
[12/02/2010 15:17:37] /r
[12/02/2010 15:17:37] /r
[12/02/2010 15:17:38] /r
[12/02/2010 15:17:38] /r
[12/02/2010 15:17:38] /r
[12/02/2010 15:17:39] /r
[12/02/2010 15:17:39] /r
[12/02/2010 15:17:39] /r
[12/02/2010 15:17:40] /r
[12/02/2010 15:17:40] /r
[12/02/2010 15:17:40] /r
[12/02/2010 15:17:41] /r
[12/02/2010 15:17:41] /r
[12/02/2010 15:17:41] /r
[12/02/2010 15:17:41] /r
[12/02/2010 15:17:42] /r
[12/02/2010 15:17:43] /r
[12/02/2010 15:17:46] /r
[12/02/2010 15:17:46] /r
[12/02/2010 15:17:47] /r
[12/02/2010 15:17:47] /r
[12/02/2010 15:17:48] /r
[12/02/2010 15:17:48] /r
[12/02/2010 15:17:48] /r
[12/02/2010 15:17:49] /r
[12/02/2010 15:17:50] /r
[12/02/2010 15:17:50] /r
[12/02/2010 15:17:50] /r
[12/02/2010 15:17:50] /r
[12/02/2010 15:17:50] /r
[12/02/2010 15:18:04] /kick Comedinha
[12/02/2010 15:18:04] /r
[12/02/2010 15:18:05] /r
[12/02/2010 15:18:05] /r
[12/02/2010 15:18:05] /r
[12/02/2010 15:18:06] /r
[12/02/2010 15:18:06] /r
[12/02/2010 15:18:06] /r
[12/02/2010 15:18:06] /r
[12/02/2010 15:18:06] /r
[12/02/2010 15:18:06] /r
[12/02/2010 15:18:07] /r
[12/02/2010 15:18:07] /r
[12/02/2010 15:18:08] /r
[12/02/2010 15:18:09] /r
[12/02/2010 15:18:09] /r
[12/02/2010 15:18:09] /r
[12/02/2010 15:18:09] /r
[12/02/2010 15:18:09] /r
[12/02/2010 15:18:13] /r
[12/02/2010 15:18:16] /r
[12/02/2010 15:18:23] /t
[12/02/2010 15:18:34] /kick Comedinha
[12/02/2010 15:18:34] /kick Comedinha
[12/02/2010 15:18:35] /r
[12/02/2010 15:18:41] /r
[12/02/2010 15:18:41] /r
[12/02/2010 15:18:42] /r
[12/02/2010 15:18:42] /r
[12/02/2010 15:18:42] /r
[12/02/2010 15:18:42] /r
[12/02/2010 15:18:42] /r
[12/02/2010 15:18:42] /r
[12/02/2010 15:18:42] /r
[12/02/2010 15:18:42] /r
[12/02/2010 15:18:42] /r
[12/02/2010 15:18:42] /r
[12/02/2010 15:18:43] /r
[12/02/2010 15:18:45] /r
[12/02/2010 15:18:45] /r
[12/02/2010 15:18:46] /r
[12/02/2010 15:18:48] /r
[12/02/2010 15:18:48] /r
[12/02/2010 15:18:48] /r
[12/02/2010 15:18:49] /r
[12/02/2010 15:18:49] /r
[12/02/2010 15:18:49] /r
[12/02/2010 15:18:50] /r
[12/02/2010 15:18:51] /r
[12/02/2010 15:18:51] /r
[12/02/2010 15:18:51] /r
[12/02/2010 15:18:51] /r
[12/02/2010 15:18:54] /r
[12/02/2010 15:18:54] /r
[12/02/2010 15:19:00] /r
[12/02/2010 15:19:01] /r
[12/02/2010 15:19:01] /r
[12/02/2010 15:19:01] /r
[12/02/2010 15:19:01] /r
[12/02/2010 15:19:06] /r
[12/02/2010 15:19:06] /r
[12/02/2010 15:19:06] /r
[12/02/2010 15:19:06] /r
[12/02/2010 15:19:06] /r
[12/02/2010 15:19:06] /r
[12/02/2010 15:19:06] /r
[12/02/2010 15:19:06] /r
[12/02/2010 15:19:06] /r
[12/02/2010 15:19:06] /r
[12/02/2010 15:19:06] /r
[12/02/2010 15:19:06] /r
[12/02/2010 15:19:06] /r
[12/02/2010 15:19:06] /r
[12/02/2010 15:19:06] /r
[12/02/2010 15:19:07] /r
[12/02/2010 15:19:07] /r
[12/02/2010 15:19:07] /r
[12/02/2010 15:19:07] /r
[12/02/2010 15:19:07] /r
[12/02/2010 15:19:07] /r
[12/02/2010 15:19:19] /r
[12/02/2010 15:19:20] /r
[12/02/2010 15:19:24] /r
[12/02/2010 15:19:24] /r
[12/02/2010 15:19:24] /r
[12/02/2010 15:19:24] /r
[12/02/2010 15:19:24] /r
[12/02/2010 15:19:27] /r
[12/02/2010 15:19:27] /r
[12/02/2010 15:19:28] /r
[12/02/2010 15:19:28] /r
[12/02/2010 15:19:28] /r
[12/02/2010 15:19:28] /r
[12/02/2010 15:19:28] /r
[12/02/2010 15:19:28] /r
[12/02/2010 15:19:28] /r
[12/02/2010 15:19:29] /r
[12/02/2010 15:19:29] /r
[12/02/2010 15:19:29] /r
[12/02/2010 15:19:29] /r
[12/02/2010 15:19:29] /r
[12/02/2010 15:19:29] /r
[12/02/2010 15:19:29] /r
[12/02/2010 15:19:29] /r
[12/02/2010 15:19:29] /r
[12/02/2010 15:19:29] /r
[12/02/2010 15:19:29] /r
[12/02/2010 15:19:29] /r
[12/02/2010 15:19:29] /r
[12/02/2010 15:19:29] /r
[12/02/2010 15:19:29] /r
[12/02/2010 15:19:29] /r
[12/02/2010 15:19:29] /r
[12/02/2010 15:19:29] /r
[12/02/2010 15:19:29] /r
[12/02/2010 15:19:29] /r
[12/02/2010 15:19:29] /r
[12/02/2010 15:19:29] /r
[12/02/2010 15:19:29] /r
[12/02/2010 15:19:29] /r
[12/02/2010 15:19:29] /r
[12/02/2010 15:19:29] /r
[12/02/2010 15:19:29] /r
[12/02/2010 15:19:29] /r
[12/02/2010 15:19:30] /r
[12/02/2010 15:19:30] /r
[12/02/2010 15:19:30] /r
[12/02/2010 15:19:30] /r
[12/02/2010 15:19:30] /r
[12/02/2010 15:19:30] /r
[12/02/2010 15:19:30] /r
[12/02/2010 15:19:30] /r
[12/02/2010 15:19:30] /r
[12/02/2010 15:19:30] /r
[12/02/2010 15:19:30] /r
[12/02/2010 15:19:30] /r
[12/02/2010 15:19:30] /r
[12/02/2010 15:19:30] /r
[12/02/2010 15:19:30] /r
[12/02/2010 15:19:30] /r
[12/02/2010 15:19:30] /r
[12/02/2010 15:19:30] /r
[12/02/2010 15:19:30] /r
[12/02/2010 15:19:30] /r
[12/02/2010 15:19:30] /r
[12/02/2010 15:19:30] /r
[12/02/2010 15:19:30] /r
[12/02/2010 15:19:31] /r
[12/02/2010 15:19:31] /r
[12/02/2010 15:19:31] /r
[12/02/2010 15:19:31] /r
[12/02/2010 15:19:31] /r
[12/02/2010 15:19:31] /r
[12/02/2010 15:19:31] /r
[12/02/2010 15:19:31] /r
[12/02/2010 15:19:31] /r
[12/02/2010 15:19:31] /r
[12/02/2010 15:19:31] /r
[12/02/2010 15:19:31] /r
[12/02/2010 15:19:31] /r
[12/02/2010 15:19:31] /r
[12/02/2010 15:19:31] /r
[12/02/2010 15:19:31] /r
[12/02/2010 15:19:31] /r
[12/02/2010 15:19:31] /r
[12/02/2010 15:19:31] /r
[12/02/2010 15:19:37] /r
[12/02/2010 15:19:37] /r
[12/02/2010 15:19:37] /r
[12/02/2010 15:19:37] /r
[12/02/2010 15:19:37] /r
[12/02/2010 15:19:37] /r
[12/02/2010 15:19:38] /r
[12/02/2010 15:19:40] /r
[12/02/2010 15:19:41] /r
[12/02/2010 15:19:45] /r
[12/02/2010 15:19:45] /r
[12/02/2010 15:19:45] /r
[12/02/2010 15:19:46] /r
[12/02/2010 15:19:48] /r
[12/02/2010 15:19:48] /r
[12/02/2010 15:19:48] /r
[12/02/2010 15:19:49] /r
[12/02/2010 15:19:49] /r
[12/02/2010 15:19:50] /r
[12/02/2010 15:19:50] /r
[12/02/2010 15:19:50] /r
[12/02/2010 15:19:51] /r
[12/02/2010 15:19:51] /r
[12/02/2010 15:19:51] /r
[12/02/2010 15:19:51] /r
[12/02/2010 15:19:51] /r
[12/02/2010 15:19:52] /r
[12/02/2010 15:19:52] /r
[12/02/2010 15:19:52] /r
[12/02/2010 15:19:52] /r
[12/02/2010 15:19:52] /r
[12/02/2010 15:19:53] /r
[12/02/2010 15:19:53] /r
[12/02/2010 15:19:53] /r
[12/02/2010 15:19:53] /r
[12/02/2010 15:19:53] /r
[12/02/2010 15:19:54] /r
[12/02/2010 15:19:54] /r
[12/02/2010 15:19:54] /r
[12/02/2010 15:19:54] /r
[12/02/2010 15:19:54] /r
[12/02/2010 15:19:55] /r
[12/02/2010 15:19:55] /r
[12/02/2010 15:19:55] /r
[12/02/2010 15:19:55] /r
[12/02/2010 15:19:56] /r
[12/02/2010 15:19:56] /r
[12/02/2010 15:19:56] /r
[12/02/2010 15:19:56] /r
[12/02/2010 15:19:56] /r
[12/02/2010 15:19:56] /r
[12/02/2010 15:19:57] /r
[12/02/2010 15:19:57] /r
[12/02/2010 15:19:57] /r
[12/02/2010 15:19:57] /r
[12/02/2010 15:19:57] /r
[12/02/2010 15:19:58] /r
[12/02/2010 15:19:58] /r
[12/02/2010 15:19:58] /r
[12/02/2010 15:19:58] /r
[12/02/2010 15:19:59] /r
[12/02/2010 15:19:59] /r
[12/02/2010 15:19:59] /r
[12/02/2010 15:19:59] /r
[12/02/2010 15:20:00] /r
[12/02/2010 15:20:00] /r
[12/02/2010 15:20:00] /r
[12/02/2010 15:20:00] /r
[12/02/2010 15:20:00] /r
[12/02/2010 15:20:00] /r
[12/02/2010 15:20:00] /r
[12/02/2010 15:20:00] /r
[12/02/2010 15:20:00] /r
[12/02/2010 15:20:00] /r
[12/02/2010 15:20:01] /r
[12/02/2010 15:20:01] /r
[12/02/2010 15:20:01] /r
[12/02/2010 15:20:01] /r
[12/02/2010 15:20:01] /r
[12/02/2010 15:20:01] /r
[12/02/2010 15:20:01] /r
[12/02/2010 15:20:01] /r
[12/02/2010 15:20:01] /r
[12/02/2010 15:20:01] /r
[12/02/2010 15:20:01] /r
[12/02/2010 15:20:01] /r
[12/02/2010 15:20:02] /r
[12/02/2010 15:20:02] /r
[12/02/2010 15:20:02] /r
[12/02/2010 15:20:02] /r
[12/02/2010 15:20:02] /r
[12/02/2010 15:20:02] /r
[12/02/2010 15:20:02] /r
[12/02/2010 15:20:02] /r
[12/02/2010 15:20:02] /r
[12/02/2010 15:20:02] /r
[12/02/2010 15:20:02] /r
[12/02/2010 15:20:02] /r
[12/02/2010 15:20:02] /r
[12/02/2010 15:20:02] /r
[12/02/2010 15:20:02] /r
[12/02/2010 15:20:02] /r
[12/02/2010 15:20:03] /r
[12/02/2010 15:20:03] /r
[12/02/2010 15:20:03] /r
[12/02/2010 15:20:03] /r
[12/02/2010 15:20:03] /r
[12/02/2010 15:20:03] /r
[12/02/2010 15:20:03] /r
[12/02/2010 15:20:03] /r
[12/02/2010 15:20:03] /r
[12/02/2010 15:20:03] /r
[12/02/2010 15:20:03] /r
[12/02/2010 15:20:03] /r
[12/02/2010 15:20:03] /r
[12/02/2010 15:20:03] /r
[12/02/2010 15:20:03] /r
[12/02/2010 15:20:03] /r
[12/02/2010 15:20:03] /r
[12/02/2010 15:20:03] /r
[12/02/2010 15:20:03] /r
[12/02/2010 15:20:03] /r
[12/02/2010 15:20:03] /r
[12/02/2010 15:20:03] /r
[12/02/2010 15:20:03] /r
[12/02/2010 15:20:03] /r
[12/02/2010 15:20:03] /r
[12/02/2010 15:20:03] /r
[12/02/2010 15:20:03] /r
[12/02/2010 15:20:03] /r
[12/02/2010 15:20:03] /r
[12/02/2010 15:20:03] /r
[12/02/2010 15:20:03] /r
[12/02/2010 15:20:03] /r
[12/02/2010 15:20:03] /r
[12/02/2010 15:20:04] /r
[12/02/2010 15:20:04] /r
[12/02/2010 15:20:04] /r
[12/02/2010 15:20:04] /r
[12/02/2010 15:20:04] /r
[12/02/2010 15:20:04] /r
[12/02/2010 15:20:04] /r
[12/02/2010 15:20:04] /r
[12/02/2010 15:20:04] /r
[12/02/2010 15:20:04] /r
[12/02/2010 15:20:04] /r
[12/02/2010 15:20:04] /r
[12/02/2010 15:20:04] /r
[12/02/2010 15:20:04] /r
[12/02/2010 15:20:04] /r
[12/02/2010 15:20:04] /r
[12/02/2010 15:20:05] /r
[12/02/2010 15:20:05] /r
[12/02/2010 15:20:05] /r
[12/02/2010 15:20:05] /r
[12/02/2010 15:20:05] /r
[12/02/2010 15:20:05] /r
[12/02/2010 15:20:05] /r
[12/02/2010 15:20:05] /r
[12/02/2010 15:20:05] /r
[12/02/2010 15:20:05] /r
[12/02/2010 15:20:05] /r
[12/02/2010 15:20:05] /r
[12/02/2010 15:20:05] /r
[12/02/2010 15:20:05] /r
[12/02/2010 15:20:05] /r
[12/02/2010 15:20:05] /r
[12/02/2010 15:20:05] /r
[12/02/2010 15:20:05] /r
[12/02/2010 15:20:05] /r
[12/02/2010 15:20:05] /r
[12/02/2010 15:20:05] /r
[12/02/2010 15:20:05] /r
[12/02/2010 15:20:05] /r
[12/02/2010 15:20:05] /r
[12/02/2010 15:20:05] /r
[12/02/2010 15:20:05] /r
[12/02/2010 15:20:05] /r
[12/02/2010 15:20:05] /r
[12/02/2010 15:20:05] /r
[12/02/2010 15:20:06] /r
[12/02/2010 15:20:06] /r
[12/02/2010 15:20:06] /r
[12/02/2010 15:20:06] /r
[12/02/2010 15:20:06] /r
[12/02/2010 15:20:06] /r
[12/02/2010 15:20:06] /r
[12/02/2010 15:20:06] /r
[12/02/2010 15:20:06] /r
[12/02/2010 15:20:06] /r
[12/02/2010 15:20:06] /r
[12/02/2010 15:20:06] /r
[12/02/2010 15:20:06] /r
[12/02/2010 15:20:06] /r
[12/02/2010 15:20:06] /r
[12/02/2010 15:20:06] /r
[12/02/2010 15:20:06] /r
[12/02/2010 15:20:06] /r
[12/02/2010 15:20:06] /r
[12/02/2010 15:20:06] /r
[12/02/2010 15:20:07] /r
[12/02/2010 15:20:07] /r
[12/02/2010 15:20:07] /r
[12/02/2010 15:20:07] /r
[12/02/2010 15:20:07] /r
[12/02/2010 15:20:07] /r
[12/02/2010 15:20:07] /r
[12/02/2010 15:20:07] /r
[12/02/2010 15:20:07] /r
[12/02/2010 15:20:07] /r
[12/02/2010 15:20:07] /r
[12/02/2010 15:20:07] /r
[12/02/2010 15:20:07] /r
[12/02/2010 15:20:07] /r
[12/02/2010 15:20:07] /r
[12/02/2010 15:20:07] /r
[12/02/2010 15:20:07] /r
[12/02/2010 15:20:07] /r
[12/02/2010 15:20:08] /r
[12/02/2010 15:20:08] /r
[12/02/2010 15:20:08] /r
[12/02/2010 15:20:08] /r
[12/02/2010 15:20:08] /r
[12/02/2010 15:20:08] /r
[12/02/2010 15:20:08] /r
[12/02/2010 15:20:08] /r
[12/02/2010 15:20:08] /r
[12/02/2010 15:20:08] /r
[12/02/2010 15:20:08] /r
[12/02/2010 15:20:08] /r
[12/02/2010 15:20:08] /r
[12/02/2010 15:20:08] /r
[12/02/2010 15:20:08] /r
[12/02/2010 15:20:08] /r
[12/02/2010 15:20:08] /r
[12/02/2010 15:20:08] /r
[12/02/2010 15:20:08] /r
[12/02/2010 15:20:08] /r
[12/02/2010 15:20:08] /r
[12/02/2010 15:20:08] /r
[12/02/2010 15:20:08] /r
[12/02/2010 15:20:08] /r
[12/02/2010 15:20:08] /r
[12/02/2010 15:20:08] /r
[12/02/2010 15:20:08] /r
[12/02/2010 15:20:08] /r
[12/02/2010 15:20:09] /r
[12/02/2010 15:20:09] /r
[12/02/2010 15:20:09] /r
[12/02/2010 15:20:09] /r
[12/02/2010 15:20:09] /r
[12/02/2010 15:20:09] /r
[12/02/2010 15:20:09] /r
[12/02/2010 15:20:09] /r
[12/02/2010 15:20:09] /r
[12/02/2010 15:20:09] /r
[12/02/2010 15:20:09] /r
[12/02/2010 15:20:09] /r
[12/02/2010 15:20:09] /r
[12/02/2010 15:20:09] /r
[12/02/2010 15:20:09] /r
[12/02/2010 15:20:09] /r
[12/02/2010 15:20:09] /r
[12/02/2010 15:20:09] /r
[12/02/2010 15:20:09] /r
[12/02/2010 15:20:09] /r
[12/02/2010 15:20:09] /r
[12/02/2010 15:20:09] /r
[12/02/2010 15:20:09] /r
[12/02/2010 15:20:09] /r
[12/02/2010 15:20:09] /r
[12/02/2010 15:20:09] /r
[12/02/2010 15:20:10] /r
[12/02/2010 15:20:10] /r
[12/02/2010 15:20:10] /r
[12/02/2010 15:20:10] /r
[12/02/2010 15:20:10] /r
[12/02/2010 15:20:10] /r
[12/02/2010 15:20:10] /r
[12/02/2010 15:20:10] /r
[12/02/2010 15:20:10] /r
[12/02/2010 15:20:10] /r
[12/02/2010 15:20:10] /r
[12/02/2010 15:20:10] /r
[12/02/2010 15:20:10] /r
[12/02/2010 15:20:10] /r
[12/02/2010 15:20:10] /r
[12/02/2010 15:20:10] /r
[12/02/2010 15:20:10] /r
[12/02/2010 15:20:10] /r
[12/02/2010 15:20:10] /r
[12/02/2010 15:20:10] /r
[12/02/2010 15:20:10] /r
[12/02/2010 15:20:10] /r
[12/02/2010 15:20:10] /r
[12/02/2010 15:20:10] /r
[12/02/2010 15:20:10] /r
[12/02/2010 15:20:10] /r
[12/02/2010 15:20:10] /r
[12/02/2010 15:20:10] /r
[12/02/2010 15:20:10] /r
[12/02/2010 15:20:10] /r
[12/02/2010 15:20:11] /r
[12/02/2010 15:20:11] /r
[12/02/2010 15:20:11] /r
[12/02/2010 15:20:11] /r
[12/02/2010 15:20:11] /r
[12/02/2010 15:20:11] /r
[12/02/2010 15:20:11] /r
[12/02/2010 15:20:11] /r
[12/02/2010 15:20:11] /r
[12/02/2010 15:20:11] /r
[12/02/2010 15:20:11] /r
[12/02/2010 15:20:11] /r
[12/02/2010 15:20:11] /r
[12/02/2010 15:20:11] /r
[12/02/2010 15:20:11] /r
[12/02/2010 15:20:11] /r
[12/02/2010 15:20:11] /r
[12/02/2010 15:20:11] /r
[12/02/2010 15:20:11] /r
[12/02/2010 15:20:11] /r
[12/02/2010 15:20:11] /r
[12/02/2010 15:20:11] /r
[12/02/2010 15:20:11] /r
[12/02/2010 15:20:11] /r
[12/02/2010 15:20:11] /r
[12/02/2010 15:20:11] /r
[12/02/2010 15:20:12] /r
[12/02/2010 15:20:12] /r
[12/02/2010 15:20:12] /r
[12/02/2010 15:20:12] /r
[12/02/2010 15:20:12] /r
[12/02/2010 15:20:12] /r
[12/02/2010 15:20:12] /r
[12/02/2010 15:20:12] /r
[12/02/2010 15:20:12] /r
[12/02/2010 15:20:12] /r
[12/02/2010 15:20:12] /r
[12/02/2010 15:20:12] /r
[12/02/2010 15:20:12] /r
[12/02/2010 15:20:12] /r
[12/02/2010 15:20:12] /r
[12/02/2010 15:20:12] /r
[12/02/2010 15:20:12] /r
[12/02/2010 15:20:12] /r
[12/02/2010 15:20:12] /r
[12/02/2010 15:20:12] /r
[12/02/2010 15:20:12] /r
[12/02/2010 15:20:12] /r
[12/02/2010 15:20:12] /r
[12/02/2010 15:20:12] /r
[12/02/2010 15:20:13] /r
[12/02/2010 15:20:13] /r
[12/02/2010 15:20:13] /r
[12/02/2010 15:20:13] /r
[12/02/2010 15:20:13] /r
[12/02/2010 15:20:13] /r
[12/02/2010 15:20:13] /r
[12/02/2010 15:20:13] /r
[12/02/2010 15:20:13] /r
[12/02/2010 15:20:13] /r
[12/02/2010 15:20:13] /r
[12/02/2010 15:20:13] /r
[12/02/2010 15:20:13] /r
[12/02/2010 15:20:13] /r
[12/02/2010 15:20:13] /r
[12/02/2010 15:20:13] /r
[12/02/2010 15:20:13] /r
[12/02/2010 15:20:13] /r
[12/02/2010 15:20:13] /r
[12/02/2010 15:20:13] /r
[12/02/2010 15:20:13] /r
[12/02/2010 15:20:13] /r
[12/02/2010 15:20:13] /r
[12/02/2010 15:20:14] /r
[12/02/2010 15:20:14] /r
[12/02/2010 15:20:14] /r
[12/02/2010 15:20:14] /r
[12/02/2010 15:20:14] /r
[12/02/2010 15:20:14] /r
[12/02/2010 15:20:14] /r
[12/02/2010 15:20:14] /r
[12/02/2010 15:20:14] /r
[12/02/2010 15:20:14] /r
[12/02/2010 15:20:14] /r
[12/02/2010 15:20:14] /r
[12/02/2010 15:20:14] /r
[12/02/2010 15:20:14] /r
[12/02/2010 15:20:14] /r
[12/02/2010 15:20:14] /r
[12/02/2010 15:20:14] /r
[12/02/2010 15:20:14] /r
[12/02/2010 15:20:14] /r
[12/02/2010 15:20:14] /r
[12/02/2010 15:20:14] /r
[12/02/2010 15:20:14] /r
[12/02/2010 15:20:14] /r
[12/02/2010 15:20:14] /r
[12/02/2010 15:20:15] /r
[12/02/2010 15:20:15] /r
[12/02/2010 15:20:15] /r
[12/02/2010 15:20:15] /r
[12/02/2010 15:20:15] /r
[12/02/2010 15:20:15] /r
[12/02/2010 15:20:15] /r
[12/02/2010 15:20:15] /r
[12/02/2010 15:20:15] /r
[12/02/2010 15:20:15] /r
[12/02/2010 15:20:15] /r
[12/02/2010 15:20:15] /r
[12/02/2010 15:20:15] /r
[12/02/2010 15:20:15] /r
[12/02/2010 15:20:15] /r
[12/02/2010 15:20:15] /r
[12/02/2010 15:20:15] /r
[12/02/2010 15:20:15] /r
[12/02/2010 15:20:15] /r
[12/02/2010 15:20:15] /r
[12/02/2010 15:20:15] /r
[12/02/2010 15:20:15] /r
[12/02/2010 15:20:15] /r
[12/02/2010 15:20:15] /r
[12/02/2010 15:20:16] /r
[12/02/2010 15:20:16] /r
[12/02/2010 15:20:16] /r
[12/02/2010 15:20:16] /r
[12/02/2010 15:20:16] /r
[12/02/2010 15:20:16] /r
[12/02/2010 15:20:16] /r
[12/02/2010 15:20:16] /r
[12/02/2010 15:20:16] /r
[12/02/2010 15:20:16] /r
[12/02/2010 15:20:16] /r
[12/02/2010 15:20:16] /r
[12/02/2010 15:20:16] /r
[12/02/2010 15:20:16] /r
[12/02/2010 15:20:16] /r
[12/02/2010 15:20:16] /r
[12/02/2010 15:20:16] /r
[12/02/2010 15:20:16] /r
[12/02/2010 15:20:16] /r
[12/02/2010 15:20:16] /r
[12/02/2010 15:20:16] /r
[12/02/2010 15:20:16] /r
[12/02/2010 15:20:16] /r
[12/02/2010 15:20:17] /r
[12/02/2010 15:20:17] /r
[12/02/2010 15:20:17] /r
[12/02/2010 15:20:17] /r
[12/02/2010 15:20:17] /r
[12/02/2010 15:20:17] /r
[12/02/2010 15:20:17] /r
[12/02/2010 15:20:17] /r
[12/02/2010 15:20:17] /r
[12/02/2010 15:20:17] /r
[12/02/2010 15:20:17] /r
[12/02/2010 15:20:17] /r
[12/02/2010 15:20:17] /r
[12/02/2010 15:20:17] /r
[12/02/2010 15:20:17] /r
[12/02/2010 15:20:17] /r
[12/02/2010 15:20:17] /r
[12/02/2010 15:20:17] /r
[12/02/2010 15:20:17] /r
[12/02/2010 15:20:17] /r
[12/02/2010 15:20:17] /r
[12/02/2010 15:20:17] /r
[12/02/2010 15:20:17] /r
[12/02/2010 15:20:17] /r
[12/02/2010 15:20:18] /r
[12/02/2010 15:20:18] /r
[12/02/2010 15:20:18] /r
[12/02/2010 15:20:18] /r
[12/02/2010 15:20:18] /r
[12/02/2010 15:20:18] /r
[12/02/2010 15:20:18] /r
[12/02/2010 15:20:18] /r
[12/02/2010 15:20:18] /r
[12/02/2010 15:20:18] /r
[12/02/2010 15:20:18] /r
[12/02/2010 15:20:18] /r
[12/02/2010 15:20:18] /r
[12/02/2010 15:20:18] /r
[12/02/2010 15:20:18] /r
[12/02/2010 15:20:18] /r
[12/02/2010 15:20:18] /r
[12/02/2010 15:20:19] /r
[12/02/2010 15:20:19] /r
[12/02/2010 15:20:19] /r
[12/02/2010 15:20:19] /r
[12/02/2010 15:20:19] /r
[12/02/2010 15:20:19] /r
[12/02/2010 15:20:19] /r
[12/02/2010 15:20:19] /r
[12/02/2010 15:20:19] /r
[12/02/2010 15:20:20] /r
[12/02/2010 15:20:20] /r
[12/02/2010 15:20:20] /r
[12/02/2010 15:20:20] /r
[12/02/2010 15:20:20] /r
[12/02/2010 15:20:20] /r
[12/02/2010 15:20:20] /r
[12/02/2010 15:20:20] /r
[12/02/2010 15:20:20] /r
[12/02/2010 15:20:20] /r
[12/02/2010 15:20:20] /r
[12/02/2010 15:20:20] /r
[12/02/2010 15:20:20] /r
[12/02/2010 15:20:20] /r
[12/02/2010 15:20:20] /r
[12/02/2010 15:20:20] /r
[12/02/2010 15:20:20] /r
[12/02/2010 15:20:20] /r
[12/02/2010 15:20:20] /r
[12/02/2010 15:20:20] /r
[12/02/2010 15:20:20] /r
[12/02/2010 15:20:20] /r
[12/02/2010 15:20:20] /r
[12/02/2010 15:20:20] /r
[12/02/2010 15:20:20] /r
[12/02/2010 15:20:21] /r
[12/02/2010 15:20:21] /r
[12/02/2010 15:20:21] /r
[12/02/2010 15:20:21] /r
[12/02/2010 15:20:21] /r
[12/02/2010 15:20:21] /r
[12/02/2010 15:20:21] /r
[12/02/2010 15:20:21] /r
[12/02/2010 15:20:21] /r
[12/02/2010 15:20:21] /r
[12/02/2010 15:20:21] /r
[12/02/2010 15:20:21] /r
[12/02/2010 15:20:21] /r
[12/02/2010 15:20:21] /r
[12/02/2010 15:20:21] /r
[12/02/2010 15:20:21] /r
[12/02/2010 15:20:21] /r
[12/02/2010 15:20:21] /r
[12/02/2010 15:20:21] /r
[12/02/2010 15:20:21] /r
[12/02/2010 15:20:21] /r
[12/02/2010 15:20:21] /r
[12/02/2010 15:20:22] /r
[12/02/2010 15:20:22] /r
[12/02/2010 15:20:22] /r
[12/02/2010 15:20:22] /r
[12/02/2010 15:20:22] /r
[12/02/2010 15:20:22] /r
[12/02/2010 15:20:22] /r
[12/02/2010 15:20:22] /r
[12/02/2010 15:20:22] /r
[12/02/2010 15:20:22] /r
[12/02/2010 15:20:22] /r
[12/02/2010 15:20:22] /r
[12/02/2010 15:20:22] /r
[12/02/2010 15:20:22] /r
[12/02/2010 15:20:22] /r
[12/02/2010 15:20:22] /r
[12/02/2010 15:20:22] /r
[12/02/2010 15:20:22] /r
[12/02/2010 15:20:22] /r
[12/02/2010 15:20:22] /r
[12/02/2010 15:20:22] /r
[12/02/2010 15:20:22] /r
[12/02/2010 15:20:22] /r
[12/02/2010 15:20:22] /r
[12/02/2010 15:20:22] /r
[12/02/2010 15:20:22] /r
[12/02/2010 15:20:22] /r
[12/02/2010 15:20:23] /r
[12/02/2010 15:20:23] /r
[12/02/2010 15:20:23] /r
[12/02/2010 15:20:23] /r
[12/02/2010 15:20:23] /r
[12/02/2010 15:20:23] /r
[12/02/2010 15:20:23] /r
[12/02/2010 15:20:23] /r
[12/02/2010 15:20:23] /r
[12/02/2010 15:20:23] /r
[12/02/2010 15:20:23] /r
[12/02/2010 15:20:23] /r
[12/02/2010 15:20:23] /r
[12/02/2010 15:20:23] /r
[12/02/2010 15:20:23] /r
[12/02/2010 15:20:23] /r
[12/02/2010 15:20:23] /r
[12/02/2010 15:20:23] /r
[12/02/2010 15:20:23] /r
[12/02/2010 15:20:23] /r
[12/02/2010 15:20:23] /r
[12/02/2010 15:20:24] /r
[12/02/2010 15:20:24] /r
[12/02/2010 15:20:24] /r
[12/02/2010 15:20:24] /r
[12/02/2010 15:20:24] /r
[12/02/2010 15:20:24] /r
[12/02/2010 15:20:24] /r
[12/02/2010 15:20:24] /r
[12/02/2010 15:20:24] /r
[12/02/2010 15:20:24] /r
[12/02/2010 15:20:24] /r
[12/02/2010 15:20:24] /r
[12/02/2010 15:20:24] /r
[12/02/2010 15:20:24] /r
[12/02/2010 15:20:24] /r
[12/02/2010 15:20:24] /r
[12/02/2010 15:20:24] /r
[12/02/2010 15:20:24] /r
[12/02/2010 15:20:24] /r
[12/02/2010 15:20:24] /r
[12/02/2010 15:20:24] /r
[12/02/2010 15:20:24] /r
[12/02/2010 15:20:24] /r
[12/02/2010 15:20:24] /r
[12/02/2010 15:20:24] /r
[12/02/2010 15:20:24] /r
[12/02/2010 15:20:24] /r
[12/02/2010 15:20:25] /r
[12/02/2010 15:20:25] /r
[12/02/2010 15:20:25] /r
[12/02/2010 15:20:25] /r
[12/02/2010 15:20:25] /r
[12/02/2010 15:20:25] /r
[12/02/2010 15:20:25] /r
[12/02/2010 15:20:25] /r
[12/02/2010 15:20:25] /r
[12/02/2010 15:20:25] /r
[12/02/2010 15:20:25] /r
[12/02/2010 15:20:25] /r
[12/02/2010 15:20:25] /r
[12/02/2010 15:20:25] /r
[12/02/2010 15:20:25] /r
[12/02/2010 15:20:25] /r
[12/02/2010 15:20:25] /r
[12/02/2010 15:20:25] /r
[12/02/2010 15:20:25] /r
[12/02/2010 15:20:25] /r
[12/02/2010 15:20:25] /r
[12/02/2010 15:20:26] /r
[12/02/2010 15:20:26] /r
[12/02/2010 15:20:26] /r
[12/02/2010 15:20:26] /r
[12/02/2010 15:20:26] /r
[12/02/2010 15:20:26] /r
[12/02/2010 15:20:26] /r
[12/02/2010 15:20:26] /r
[12/02/2010 15:20:26] /r
[12/02/2010 15:20:26] /r
[12/02/2010 15:20:26] /r
[12/02/2010 15:20:26] /r
[12/02/2010 15:20:26] /r
[12/02/2010 15:20:26] /r
[12/02/2010 15:20:26] /r
[12/02/2010 15:20:26] /r
[12/02/2010 15:20:26] /r
[12/02/2010 15:20:26] /r
[12/02/2010 15:20:26] /r
[12/02/2010 15:20:26] /r
[12/02/2010 15:20:26] /r
[12/02/2010 15:20:26] /r
[12/02/2010 15:20:26] /r
[12/02/2010 15:20:26] /r
[12/02/2010 15:20:26] /r
[12/02/2010 15:20:27] /r
[12/02/2010 15:20:27] /r
[12/02/2010 15:20:27] /r
[12/02/2010 15:20:27] /r
[12/02/2010 15:20:27] /r
[12/02/2010 15:20:27] /r
[12/02/2010 15:20:27] /r
[12/02/2010 15:20:27] /r
[12/02/2010 15:20:27] /r
[12/02/2010 15:20:27] /r
[12/02/2010 15:20:27] /r
[12/02/2010 15:20:27] /r
[12/02/2010 15:20:27] /r
[12/02/2010 15:20:27] /r
[12/02/2010 15:20:27] /r
[12/02/2010 15:20:27] /r
[12/02/2010 15:20:27] /r
[12/02/2010 15:20:27] /r
[12/02/2010 15:20:27] /r
[12/02/2010 15:20:27] /r
[12/02/2010 15:20:27] /r
[12/02/2010 15:20:27] /r
[12/02/2010 15:20:27] /r
[12/02/2010 15:20:27] /r
[12/02/2010 15:20:27] /r
[12/02/2010 15:20:27] /r
[12/02/2010 15:20:28] /r
[12/02/2010 15:20:28] /r
[12/02/2010 15:20:28] /r
[12/02/2010 15:20:28] /r
[12/02/2010 15:20:28] /r
[12/02/2010 15:20:28] /r
[12/02/2010 15:20:28] /r
[12/02/2010 15:20:28] /r
[12/02/2010 15:20:28] /r
[12/02/2010 15:20:28] /r
[12/02/2010 15:20:28] /r
[12/02/2010 15:20:28] /r
[12/02/2010 15:20:28] /r
[12/02/2010 15:20:28] /r
[12/02/2010 15:20:28] /r
[12/02/2010 15:20:28] /r
[12/02/2010 15:20:28] /r
[12/02/2010 15:20:28] /r
[12/02/2010 15:20:28] /r
[12/02/2010 15:20:28] /r
[12/02/2010 15:20:28] /r
[12/02/2010 15:20:28] /r
[12/02/2010 15:20:28] /r
[12/02/2010 15:20:29] /r
[12/02/2010 15:20:29] /r
[12/02/2010 15:20:29] /r
[12/02/2010 15:20:29] /r
[12/02/2010 15:20:29] /r
[12/02/2010 15:20:29] /r
[12/02/2010 15:20:29] /r
[12/02/2010 15:20:29] /r
[12/02/2010 15:20:29] /r
[12/02/2010 15:20:29] /r
[12/02/2010 15:20:29] /r
[12/02/2010 15:20:29] /r
[12/02/2010 15:20:29] /r
[12/02/2010 15:20:29] /r
[12/02/2010 15:20:29] /r
[12/02/2010 15:20:29] /r
[12/02/2010 15:20:29] /r
[12/02/2010 15:20:29] /r
[12/02/2010 15:20:29] /r
[12/02/2010 15:20:29] /r
[12/02/2010 15:20:29] /r
[12/02/2010 15:20:29] /r
[12/02/2010 15:20:29] /r
[12/02/2010 15:20:29] /r
[12/02/2010 15:20:30] /r
[12/02/2010 15:20:30] /r
[12/02/2010 15:20:30] /r
[12/02/2010 15:20:30] /r
[12/02/2010 15:20:30] /r
[12/02/2010 15:20:30] /r
[12/02/2010 15:20:30] /r
[12/02/2010 15:20:30] /r
[12/02/2010 15:20:30] /r
[12/02/2010 15:20:30] /r
[12/02/2010 15:20:30] /r
[12/02/2010 15:20:30] /r
[12/02/2010 15:20:30] /r
[12/02/2010 15:20:30] /r
[12/02/2010 15:20:30] /r
[12/02/2010 15:20:30] /r
[12/02/2010 15:20:30] /r
[12/02/2010 15:20:30] /r
[12/02/2010 15:20:30] /r
[12/02/2010 15:20:30] /r
[12/02/2010 15:20:30] /r
[12/02/2010 15:20:30] /r
[12/02/2010 15:20:31] /r
[12/02/2010 15:20:31] /r
[12/02/2010 15:20:31] /r
[12/02/2010 15:20:31] /r
[12/02/2010 15:20:31] /r
[12/02/2010 15:20:31] /r
[12/02/2010 15:20:31] /r
[12/02/2010 15:20:31] /r
[12/02/2010 15:20:31] /r
[12/02/2010 15:20:31] /r
[12/02/2010 15:20:31] /r
[12/02/2010 15:20:31] /r
[12/02/2010 15:20:31] /r
[12/02/2010 15:20:31] /r
[12/02/2010 15:20:31] /r
[12/02/2010 15:20:31] /r
[12/02/2010 15:20:31] /r
[12/02/2010 15:20:31] /r
[12/02/2010 15:20:31] /r
[12/02/2010 15:20:31] /r
[12/02/2010 15:20:31] /r
[12/02/2010 15:20:31] /r
[12/02/2010 15:20:31] /r
[12/02/2010 15:20:31] /r
[12/02/2010 15:20:32] /r
[12/02/2010 15:20:32] /r
[12/02/2010 15:20:32] /r
[12/02/2010 15:20:32] /r
[12/02/2010 15:20:32] /r
[12/02/2010 15:20:32] /r
[12/02/2010 15:20:32] /r
[12/02/2010 15:20:32] /r
[12/02/2010 15:20:32] /r
[12/02/2010 15:20:32] /r
[12/02/2010 15:20:32] /r
[12/02/2010 15:20:32] /r
[12/02/2010 15:20:32] /r
[12/02/2010 15:20:32] /r
[12/02/2010 15:20:32] /r
[12/02/2010 15:20:32] /r
[12/02/2010 15:20:32] /r
[12/02/2010 15:20:32] /r
[12/02/2010 15:20:32] /r
[12/02/2010 15:20:32] /r
[12/02/2010 15:20:32] /r
[12/02/2010 15:20:32] /r
[12/02/2010 15:20:32] /r
[12/02/2010 15:20:32] /r
[12/02/2010 15:20:32] /r
[12/02/2010 15:20:32] /r
[12/02/2010 15:20:33] /r
[12/02/2010 15:20:33] /r
[12/02/2010 15:20:33] /r
[12/02/2010 15:20:33] /r
[12/02/2010 15:20:33] /r
[12/02/2010 15:20:33] /r
[12/02/2010 15:20:33] /r
[12/02/2010 15:20:33] /r
[12/02/2010 15:20:33] /r
[12/02/2010 15:20:33] /r
[12/02/2010 15:20:33] /r
[12/02/2010 15:20:33] /r
[12/02/2010 15:20:33] /r
[12/02/2010 15:20:33] /r
[12/02/2010 15:20:33] /r
[12/02/2010 15:20:33] /r
[12/02/2010 15:20:33] /r
[12/02/2010 15:20:33] /r
[12/02/2010 15:20:33] /r
[12/02/2010 15:20:33] /r
[12/02/2010 15:20:33] /r
[12/02/2010 15:20:33] /r
[12/02/2010 15:20:35] /r
[12/02/2010 15:20:35] /r
[12/02/2010 15:20:35] /r
[12/02/2010 15:20:35] /r
[12/02/2010 15:20:35] /r
[12/02/2010 15:20:35] /r
[12/02/2010 15:20:35] /r
[12/02/2010 15:20:35] /r
[12/02/2010 15:20:35] /r
[12/02/2010 15:20:35] /r
[12/02/2010 15:20:35] /r
[12/02/2010 15:20:35] /r
[12/02/2010 15:20:35] /r
[12/02/2010 15:20:35] /r
[12/02/2010 15:20:35] /r
[12/02/2010 15:20:35] /r
[12/02/2010 15:20:35] /r
[12/02/2010 15:20:35] /r
[12/02/2010 15:20:35] /r
[12/02/2010 15:20:35] /r
[12/02/2010 15:20:35] /r
[12/02/2010 15:20:37] /c naxes
[12/02/2010 15:20:37] /kick Comedinha
[12/02/2010 15:20:38] /kick Comedinha
[12/02/2010 15:20:38] /kick Comedinha
[12/02/2010 15:20:38] /kick Comedinha
[12/02/2010 15:20:38] /kick Comedinha
[12/02/2010 15:20:38] /kick Comedinha
[12/02/2010 15:20:38] /kick Comedinha
[12/02/2010 15:20:38] /kick Comedinha
[12/02/2010 15:20:38] /kick Comedinha
[12/02/2010 15:20:38] /kick Comedinha
[12/02/2010 15:20:38] /kick Comedinha
[12/02/2010 15:20:38] /kick Comedinha
[12/02/2010 15:20:38] /kick Comedinha
[12/02/2010 15:20:38] /kick Comedinha
[12/02/2010 15:20:38] /kick Comedinha
[12/02/2010 15:20:38] /kick Comedinha
[12/02/2010 15:20:38] /kick Comedinha
[12/02/2010 15:20:39] /kick Comedinha
[12/02/2010 15:20:39] /kick Comedinha
[12/02/2010 15:20:39] /kick Comedinha
[12/02/2010 15:20:39] /kick Comedinha
[12/02/2010 15:20:39] /kick Comedinha
[12/02/2010 15:20:39] /kick Comedinha
[12/02/2010 15:20:39] /kick Comedinha
[12/02/2010 15:20:39] /kick Comedinha
[12/02/2010 15:20:39] /kick Comedinha
[12/02/2010 15:20:39] /kick Comedinha
[12/02/2010 15:20:39] /kick Comedinha
[12/02/2010 15:20:39] /kick Comedinha
[12/02/2010 15:20:39] /r
[12/02/2010 15:20:40] /r
[12/02/2010 15:20:40] /r
[12/02/2010 15:20:40] /r
[12/02/2010 15:20:40] /r
[12/02/2010 15:20:40] /r
[12/02/2010 15:20:40] /r
[12/02/2010 15:20:40] /r
[12/02/2010 15:20:40] /r
[12/02/2010 15:20:40] /r
[12/02/2010 15:20:40] /r
[12/02/2010 15:20:40] /r
[12/02/2010 15:20:40] /r
[12/02/2010 15:20:40] /r
[12/02/2010 15:20:40] /r
[12/02/2010 15:20:40] /r
[12/02/2010 15:20:40] /r
[12/02/2010 15:20:40] /r
[12/02/2010 15:20:40] /r
[12/02/2010 15:20:41] /r
[12/02/2010 15:20:41] /r
[12/02/2010 15:20:41] /r
[12/02/2010 15:20:41] /r
[12/02/2010 15:20:41] /r
[12/02/2010 15:20:41] /r
[12/02/2010 15:20:41] /r
[12/02/2010 15:20:41] /r
[12/02/2010 15:20:41] /r
[12/02/2010 15:20:41] /r
[12/02/2010 15:20:41] /r
[12/02/2010 15:20:41] /r
[12/02/2010 15:20:41] /r
[12/02/2010 15:20:41] /r
[12/02/2010 15:20:41] /r
[12/02/2010 15:20:42] /r
[12/02/2010 15:20:42] /r
[12/02/2010 15:20:42] /r
[12/02/2010 15:20:42] /r
[12/02/2010 15:20:42] /r
[12/02/2010 15:20:42] /r
[12/02/2010 15:20:42] /r
[12/02/2010 15:20:42] /r
[12/02/2010 15:20:42] /r
[12/02/2010 15:20:42] /r
[12/02/2010 15:20:42] /r
[12/02/2010 15:20:42] /r
[12/02/2010 15:20:42] /r
[12/02/2010 15:20:42] /r
[12/02/2010 15:20:42] /r
[12/02/2010 15:20:42] /r
[12/02/2010 15:20:42] /r
[12/02/2010 15:20:42] /r
[12/02/2010 15:20:42] /r
[12/02/2010 15:20:42] /r
[12/02/2010 15:20:42] /r
[12/02/2010 15:20:42] /r
[12/02/2010 15:20:42] /r
[12/02/2010 15:20:42] /r
[12/02/2010 15:20:42] /r
[12/02/2010 15:20:42] /r
[12/02/2010 15:20:42] /r
[12/02/2010 15:20:42] /r
[12/02/2010 15:20:42] /r
[12/02/2010 15:20:42] /r
[12/02/2010 15:20:42] /r
[12/02/2010 15:20:42] /r
[12/02/2010 15:20:42] /r
[12/02/2010 15:20:43] /r
[12/02/2010 15:20:43] /r
[12/02/2010 15:20:43] /r
[12/02/2010 15:20:43] /r
[12/02/2010 15:20:43] /r
[12/02/2010 15:20:43] /r
[12/02/2010 15:20:43] /r
[12/02/2010 15:20:43] /r
[12/02/2010 15:20:43] /r
[12/02/2010 15:20:43] /r
[12/02/2010 15:20:43] /r
[12/02/2010 15:20:43] /r
[12/02/2010 15:20:43] /r
[12/02/2010 15:20:43] /r
[12/02/2010 15:20:43] /r
[12/02/2010 15:20:43] /r
[12/02/2010 15:20:43] /r
[12/02/2010 15:20:43] /r
[12/02/2010 15:20:43] /r
[12/02/2010 15:20:43] /r
[12/02/2010 15:20:43] /r
[12/02/2010 15:20:43] /r
[12/02/2010 15:20:43] /r
[12/02/2010 15:20:43] /r
[12/02/2010 15:20:43] /r
[12/02/2010 15:20:44] /r
[12/02/2010 15:20:44] /r
[12/02/2010 15:20:44] /r
[12/02/2010 15:20:44] /r
[12/02/2010 15:20:44] /r
[12/02/2010 15:20:44] /r
[12/02/2010 15:20:44] /r
[12/02/2010 15:20:44] /r
[12/02/2010 15:20:44] /r
[12/02/2010 15:20:44] /r
[12/02/2010 15:20:44] /r
[12/02/2010 15:20:44] /r
[12/02/2010 15:20:44] /r
[12/02/2010 15:20:44] /r
[12/02/2010 15:20:44] /r
[12/02/2010 15:20:44] /r
[12/02/2010 15:20:44] /r
[12/02/2010 15:20:44] /r
[12/02/2010 15:20:44] /r
[12/02/2010 15:20:44] /r
[12/02/2010 15:20:44] /r
[12/02/2010 15:20:44] /r
[12/02/2010 15:20:45] /r
[12/02/2010 15:20:45] /r
[12/02/2010 15:20:45] /r
[12/02/2010 15:20:45] /r
[12/02/2010 15:20:45] /r
[12/02/2010 15:20:45] /r
[12/02/2010 15:20:45] /r
[12/02/2010 15:20:45] /r
[12/02/2010 15:20:45] /r
[12/02/2010 15:20:45] /r
[12/02/2010 15:20:45] /r
[12/02/2010 15:20:45] /r
[12/02/2010 15:20:45] /r
[12/02/2010 15:20:45] /r
[12/02/2010 15:20:45] /r
[12/02/2010 15:20:45] /r
[12/02/2010 15:20:45] /r
[12/02/2010 15:20:45] /r
[12/02/2010 15:20:45] /r
[12/02/2010 15:20:45] /r
[12/02/2010 15:20:45] /r
[12/02/2010 15:20:46] /r
[12/02/2010 15:20:46] /r
[12/02/2010 15:20:46] /r
[12/02/2010 15:20:46] /r
[12/02/2010 15:20:46] /r
[12/02/2010 15:20:46] /r
[12/02/2010 15:20:50] /kick Comedinha
