[08/02/2010 17:11:34] /i backpack
[08/02/2010 17:16:08] /r
[08/02/2010 17:16:08] /r
[08/02/2010 17:16:09] /r
[08/02/2010 17:16:10] /r
[08/02/2010 17:16:10] /r
[08/02/2010 17:16:11] /r
[08/02/2010 17:16:15] /r
[08/02/2010 17:16:15] /r
[08/02/2010 17:16:30] /goto god comedinha
[08/02/2010 17:17:23] /goto god comedinha
[08/02/2010 17:18:03] /r
[08/02/2010 17:18:13] /c alissow
[08/02/2010 17:18:16] /c alissow
[08/02/2010 17:18:17] /c alissow
[08/02/2010 17:18:19] /c alissow
[08/02/2010 17:18:20] /c alissow
[08/02/2010 17:18:20] /c alissow
[08/02/2010 17:18:21] /c alissow
[08/02/2010 17:18:21] /c alissow
[08/02/2010 17:18:21] /c alissow
[08/02/2010 17:18:22] /c alissow
[08/02/2010 17:18:22] /c alissow
[08/02/2010 17:18:23] /c alissow
[08/02/2010 17:18:24] /c alissow
[08/02/2010 17:18:25] /c alissow
[08/02/2010 17:18:25] /c alissow
[08/02/2010 17:18:25] /c alissow
[08/02/2010 17:18:25] /c alissow
[08/02/2010 17:18:26] /c alissow
[08/02/2010 17:18:27] /c alissow
[08/02/2010 17:18:28] /c alissow
[08/02/2010 17:18:29] /c alissow
[08/02/2010 17:18:30] /c alissow
[08/02/2010 17:18:32] /c alissow
[08/02/2010 17:18:33] /c alissow
[08/02/2010 17:22:02] /c god comedinha
[08/02/2010 17:23:00] /up
[08/02/2010 18:02:19] /i 6574
[08/02/2010 18:02:21] /i 6574
[08/02/2010 18:02:22] /i 6574
