[07/02/2010 16:14:03] /a 3
[07/02/2010 16:14:06] /a 3
[07/02/2010 16:14:08] /a 3
[07/02/2010 16:14:08] /a 3
[07/02/2010 16:14:08] /a 3
[07/02/2010 16:14:08] /a 3
[07/02/2010 16:14:09] /a 3
[07/02/2010 16:14:09] /a 3
[07/02/2010 16:14:10] /a 3
[07/02/2010 16:14:11] /a 3
[07/02/2010 16:14:11] /a 3
[07/02/2010 16:14:11] /a 3
[07/02/2010 16:14:12] /a 3
[07/02/2010 16:14:12] /a 3
[07/02/2010 16:14:13] /a 3
[07/02/2010 16:14:13] /a 3
[07/02/2010 16:14:13] /a 3
[07/02/2010 16:14:15] /a 3
[07/02/2010 16:14:15] /a 3
[07/02/2010 16:14:15] /a 3
[07/02/2010 16:14:15] /a 3
[07/02/2010 16:14:15] /a 3
[07/02/2010 16:14:20] /goto ojani
[07/02/2010 16:14:28] /goto ojanixd
[07/02/2010 16:14:29] /goto ojanix
[07/02/2010 16:14:51] /m Zullaza The Corruptor
[07/02/2010 16:18:29] /a 1
[07/02/2010 16:19:20] /goto orshabaal
[07/02/2010 16:20:15] /ghost
[07/02/2010 16:20:27] /a 2
[07/02/2010 16:20:29] /up
