[11/02/2010 16:39:30] /b Oi para todos ^^
[11/02/2010 16:39:32] /r
[11/02/2010 16:39:33] /r
[11/02/2010 16:39:37] /r
[11/02/2010 16:39:38] /r
[11/02/2010 16:39:42] /r
[11/02/2010 16:39:43] /r
[11/02/2010 16:39:46] /r
[11/02/2010 16:39:47] /r
[11/02/2010 16:39:48] /r
[11/02/2010 16:39:50] /r
[11/02/2010 16:39:54] /r
[11/02/2010 16:39:56] /r
[11/02/2010 16:39:58] /r
[11/02/2010 16:39:59] /r
[11/02/2010 16:40:00] /r
[11/02/2010 16:40:11] /r
[11/02/2010 16:40:12] /r
[11/02/2010 16:40:12] /r
[11/02/2010 16:40:13] /r
[11/02/2010 16:40:14] /r
[11/02/2010 16:40:16] /r
[11/02/2010 16:40:16] /r
[11/02/2010 16:40:16] /r
[11/02/2010 16:40:16] /r
[11/02/2010 16:40:16] /r
[11/02/2010 16:40:17] /r
[11/02/2010 16:40:17] /r
[11/02/2010 16:40:17] /r
[11/02/2010 16:40:17] /r
[11/02/2010 16:40:18] /r
[11/02/2010 16:40:18] /r
[11/02/2010 16:40:20] /r
[11/02/2010 16:40:21] /r
[11/02/2010 16:40:23] /r
[11/02/2010 16:40:24] /r
[11/02/2010 16:40:25] /r
[11/02/2010 16:40:26] /r
[11/02/2010 16:40:26] /r
[11/02/2010 16:40:27] /r
[11/02/2010 16:40:28] /a 1
[11/02/2010 16:40:28] /a 1
[11/02/2010 16:40:28] /a 1
[11/02/2010 16:40:29] /r
[11/02/2010 16:40:30] /r
[11/02/2010 16:40:31] /r
[11/02/2010 16:40:32] /r
[11/02/2010 16:40:35] /m demon
[11/02/2010 16:40:36] /m demon
[11/02/2010 16:40:38] /m demon
[11/02/2010 16:40:40] /m demon
[11/02/2010 16:40:45] /r
[11/02/2010 16:40:48] /r
[11/02/2010 16:40:50] /r
[11/02/2010 16:40:51] /r
[11/02/2010 16:40:54] /c comedinha
[11/02/2010 16:41:00] /r
[11/02/2010 16:41:02] /r
[11/02/2010 16:41:02] /r
[11/02/2010 16:41:03] /r
[11/02/2010 16:41:03] /r
[11/02/2010 16:41:04] /r
[11/02/2010 16:41:05] /r
[11/02/2010 16:41:05] /r
[11/02/2010 16:41:05] /r
[11/02/2010 16:41:06] /r
[11/02/2010 16:41:09] /r
[11/02/2010 16:41:10] /r
[11/02/2010 16:41:10] /r
[11/02/2010 16:41:11] /r
[11/02/2010 16:41:11] /r
[11/02/2010 16:41:11] /r
[11/02/2010 16:41:11] /r
[11/02/2010 16:41:12] /r
[11/02/2010 16:41:12] /r
[11/02/2010 16:41:13] /r
[11/02/2010 16:41:13] /r
[11/02/2010 16:41:13] /r
[11/02/2010 16:41:13] /r
[11/02/2010 16:41:14] /r
[11/02/2010 16:41:15] /r
[11/02/2010 16:41:17] /r
[11/02/2010 16:41:24] /a 1
[11/02/2010 16:41:24] /a 1
[11/02/2010 16:41:25] /a 1
[11/02/2010 16:41:25] /a 1
[11/02/2010 16:41:25] /a 1
[11/02/2010 16:41:26] /a 1
[11/02/2010 16:41:26] /a 1
[11/02/2010 16:41:26] /a 1
[11/02/2010 16:41:26] /a 1
[11/02/2010 16:41:26] /a 1
[11/02/2010 16:41:27] /a 1
[11/02/2010 16:41:27] /a 1
[11/02/2010 16:41:27] /a 1
[11/02/2010 16:41:27] /a 1
[11/02/2010 16:41:27] /a 1
[11/02/2010 16:41:28] /a 1
[11/02/2010 16:41:28] /a 1
[11/02/2010 16:41:28] /a 1
[11/02/2010 16:41:28] /a 1
[11/02/2010 16:41:28] /a 1
[11/02/2010 16:41:29] /a 1
[11/02/2010 16:41:29] /a 1
[11/02/2010 16:41:30] /a 1
[11/02/2010 16:41:30] /a 1
[11/02/2010 16:41:30] /a 1
[11/02/2010 16:41:30] /a 1
[11/02/2010 16:41:31] /a 1
[11/02/2010 16:41:32] /a 1
[11/02/2010 16:41:32] /a 1
[11/02/2010 16:41:32] /a 1
[11/02/2010 16:41:32] /a 1
[11/02/2010 16:41:32] /a 1
[11/02/2010 16:41:33] /a 1
[11/02/2010 16:41:33] /a 1
[11/02/2010 16:41:33] /a 1
[11/02/2010 16:41:34] /a 1
[11/02/2010 16:41:34] /a 1
[11/02/2010 16:41:34] /a 1
[11/02/2010 16:41:34] /a 1
[11/02/2010 16:41:34] /a 1
[11/02/2010 16:41:42] /r
[11/02/2010 16:41:43] /r
[11/02/2010 16:41:45] /a 1
[11/02/2010 16:41:45] /a 1
[11/02/2010 16:41:45] /a 1
[11/02/2010 16:41:46] /a 1
[11/02/2010 16:41:46] /a 1
[11/02/2010 16:41:47] /a 1
[11/02/2010 16:41:47] /a 1
[11/02/2010 16:41:47] /a 1
[11/02/2010 16:41:48] /a 1
[11/02/2010 16:41:49] /a 30
[11/02/2010 16:41:50] /a 30
[11/02/2010 16:41:51] /a 30
[11/02/2010 16:41:52] /a 30
[11/02/2010 16:41:53] /a 30
[11/02/2010 16:41:54] /a 30
[11/02/2010 16:41:55] /a 30
[11/02/2010 16:41:58] /a 90
[11/02/2010 16:42:23] /a 1
[11/02/2010 16:42:24] /a 1
[11/02/2010 16:42:24] /a 1
[11/02/2010 16:42:24] /a 1
[11/02/2010 16:42:24] /a 1
[11/02/2010 16:42:24] /a 1
[11/02/2010 16:42:25] /a 1
[11/02/2010 16:42:25] /a 1
[11/02/2010 16:42:25] /a 1
[11/02/2010 16:42:25] /a 1
[11/02/2010 16:42:25] /a 1
[11/02/2010 16:42:25] /a 1
[11/02/2010 16:42:26] /a 1
[11/02/2010 16:42:26] /a 1
[11/02/2010 16:42:26] /a 1
[11/02/2010 16:42:26] /a 1
[11/02/2010 16:42:26] /a 1
[11/02/2010 16:42:27] /a 1
[11/02/2010 16:42:27] /a 1
[11/02/2010 16:42:27] /a 1
[11/02/2010 16:42:27] /a 1
[11/02/2010 16:42:27] /a 1
[11/02/2010 16:42:27] /a 1
[11/02/2010 16:42:27] /a 1
[11/02/2010 16:42:27] /a 1
[11/02/2010 16:42:28] /a 1
[11/02/2010 16:42:28] /a 1
[11/02/2010 16:42:29] /a 1
[11/02/2010 16:42:30] /a 1
[11/02/2010 16:42:30] /a 1
[11/02/2010 16:42:30] /a 1
[11/02/2010 16:42:31] /a 1
[11/02/2010 16:42:32] /a 3
[11/02/2010 16:42:33] /a 3
[11/02/2010 16:42:33] /a 3
[11/02/2010 16:42:33] /a 3
[11/02/2010 16:42:36] /a 50
[11/02/2010 16:42:37] /a 50
[11/02/2010 16:42:41] /a 1
[11/02/2010 16:42:41] /a 1
[11/02/2010 16:42:42] /a 1
[11/02/2010 16:42:42] /a 1
[11/02/2010 16:42:42] /a 1
[11/02/2010 16:42:42] /a 1
[11/02/2010 16:42:42] /a 1
[11/02/2010 16:42:43] /a 1
[11/02/2010 16:42:43] /a 1
[11/02/2010 16:42:43] /a 1
[11/02/2010 16:42:43] /a 1
[11/02/2010 16:42:43] /a 1
[11/02/2010 16:42:43] /a 1
[11/02/2010 16:42:43] /a 1
[11/02/2010 16:42:44] /a 1
[11/02/2010 16:42:44] /a 1
[11/02/2010 16:42:44] /a 1
[11/02/2010 16:42:44] /a 1
[11/02/2010 16:42:44] /a 1
[11/02/2010 16:42:44] /a 1
[11/02/2010 16:42:44] /a 1
[11/02/2010 16:42:45] /a 1
[11/02/2010 16:42:45] /a 1
[11/02/2010 16:42:47] /a 1
[11/02/2010 16:42:48] /a 1
[11/02/2010 16:42:48] /a 1
[11/02/2010 16:42:48] /a 1
[11/02/2010 16:42:48] /a 1
[11/02/2010 16:42:48] /a 1
[11/02/2010 16:42:49] /a 1
[11/02/2010 16:42:49] /a 1
[11/02/2010 16:42:49] /a 1
[11/02/2010 16:42:49] /a 1
[11/02/2010 16:42:49] /a 1
[11/02/2010 16:42:49] /a 1
[11/02/2010 16:42:49] /a 1
[11/02/2010 16:42:50] /a 1
[11/02/2010 16:42:50] /a 1
[11/02/2010 16:42:50] /a 1
[11/02/2010 16:42:50] /a 1
[11/02/2010 16:42:51] /a 1
[11/02/2010 16:42:52] /a 1
[11/02/2010 16:42:53] /a 1
[11/02/2010 16:42:53] /a 1
[11/02/2010 16:42:53] /a 1
[11/02/2010 16:42:53] /a 1
[11/02/2010 16:42:53] /a 1
[11/02/2010 16:42:53] /a 1
[11/02/2010 16:42:53] /a 1
[11/02/2010 16:42:54] /a 1
[11/02/2010 16:42:54] /a 1
[11/02/2010 16:42:54] /a 1
[11/02/2010 16:42:54] /a 1
[11/02/2010 16:42:54] /a 1
[11/02/2010 16:42:54] /a 1
[11/02/2010 16:42:54] /a 1
[11/02/2010 16:42:54] /a 1
[11/02/2010 16:42:55] /a 1
[11/02/2010 16:42:55] /a 1
[11/02/2010 16:42:55] /a 1
[11/02/2010 16:42:55] /a 1
[11/02/2010 16:42:55] /a 1
[11/02/2010 16:42:55] /a 1
[11/02/2010 16:42:56] /a 1
[11/02/2010 16:42:56] /a 1
[11/02/2010 16:42:57] /a 1
[11/02/2010 16:42:57] /a 1
[11/02/2010 16:42:58] /a 1
[11/02/2010 16:42:58] /a 1
[11/02/2010 16:42:58] /a 1
[11/02/2010 16:42:58] /a 1
[11/02/2010 16:42:58] /a 1
[11/02/2010 16:42:58] /a 1
[11/02/2010 16:42:59] /a 1
[11/02/2010 16:42:59] /a 1
[11/02/2010 16:42:59] /a 1
[11/02/2010 16:42:59] /a 1
[11/02/2010 16:43:32] /i 2160
[11/02/2010 16:43:37] /i 2160
[11/02/2010 16:43:38] /i 2160
[11/02/2010 16:43:39] /i 2160
[11/02/2010 16:43:49] /a 1
[11/02/2010 16:43:50] /a 1
[11/02/2010 16:43:50] /a 1
[11/02/2010 16:43:50] /a 1
[11/02/2010 16:43:50] /a 1
[11/02/2010 16:43:50] /a 1
[11/02/2010 16:43:50] /a 1
[11/02/2010 16:43:51] /a 1
[11/02/2010 16:43:51] /a 1
[11/02/2010 16:43:51] /a 1
[11/02/2010 16:43:51] /a 1
[11/02/2010 16:43:51] /a 1
[11/02/2010 16:43:56] /goto comedinha
[11/02/2010 16:43:59] /a 1
[11/02/2010 16:44:08] /b rotworm
[11/02/2010 16:44:09] /b rotworm
[11/02/2010 16:44:09] /b rotworm
[11/02/2010 16:44:14] /b kk
[11/02/2010 16:44:18] /m rotworm
[11/02/2010 16:44:19] /m rotworm
[11/02/2010 16:44:20] /m rotworm
[11/02/2010 16:44:21] /m rotworm
[11/02/2010 16:44:22] /m rotworm
[11/02/2010 16:44:23] /m rotworm
[11/02/2010 16:44:24] /m rotworm
[11/02/2010 16:44:26] /m rotworm
[11/02/2010 16:45:14] /i 7813
[11/02/2010 16:45:18] /r
[11/02/2010 16:45:19] /r
[11/02/2010 16:45:21] /r
[11/02/2010 16:45:21] /r
[11/02/2010 16:45:22] /r
[11/02/2010 16:45:22] /r
[11/02/2010 16:45:23] /r
[11/02/2010 16:45:25] /r
[11/02/2010 16:45:27] /r
[11/02/2010 16:45:28] /r
[11/02/2010 16:45:29] /r
[11/02/2010 16:45:30] /r
[11/02/2010 16:45:32] /r
[11/02/2010 16:45:34] /r
[11/02/2010 16:45:37] /a 1
[11/02/2010 16:45:37] /r
[11/02/2010 16:45:37] /a 1
[11/02/2010 16:45:37] /r
[11/02/2010 16:45:37] /a 1
[11/02/2010 16:45:37] /r
[11/02/2010 16:45:37] /a 1
[11/02/2010 16:45:37] /r
[11/02/2010 16:45:37] /a 1
[11/02/2010 16:45:37] /r
[11/02/2010 16:45:38] /a 1
[11/02/2010 16:45:38] /r
[11/02/2010 16:45:38] /a 1
[11/02/2010 16:45:38] /r
[11/02/2010 16:45:38] /a 1
[11/02/2010 16:45:38] /r
[11/02/2010 16:45:38] /a 1
[11/02/2010 16:45:38] /a 1
[11/02/2010 16:45:38] /r
[11/02/2010 16:45:38] /a 1
[11/02/2010 16:45:38] /r
[11/02/2010 16:45:39] /a 1
[11/02/2010 16:45:39] /r
[11/02/2010 16:45:39] /a 1
[11/02/2010 16:45:39] /r
[11/02/2010 16:45:39] /a 1
[11/02/2010 16:45:39] /r
[11/02/2010 16:45:39] /a 1
[11/02/2010 16:45:39] /r
[11/02/2010 16:45:39] /a 1
[11/02/2010 16:45:39] /r
[11/02/2010 16:45:40] /a 1
[11/02/2010 16:45:40] /a 1
[11/02/2010 16:45:40] /r
[11/02/2010 16:45:40] /a 1
[11/02/2010 16:45:40] /r
[11/02/2010 16:45:40] /a 1
[11/02/2010 16:45:40] /r
[11/02/2010 16:45:40] /a 1
[11/02/2010 16:45:40] /r
[11/02/2010 16:45:40] /a 1
[11/02/2010 16:45:40] /r
[11/02/2010 16:45:41] /a 1
[11/02/2010 16:45:41] /r
[11/02/2010 16:45:41] /a 1
[11/02/2010 16:45:41] /r
[11/02/2010 16:45:41] /a 1
[11/02/2010 16:45:41] /a 1
[11/02/2010 16:45:41] /r
[11/02/2010 16:45:41] /a 1
[11/02/2010 16:45:41] /r
[11/02/2010 16:45:41] /a 1
[11/02/2010 16:45:41] /r
[11/02/2010 16:45:41] /a 1
[11/02/2010 16:45:42] /r
[11/02/2010 16:45:42] /a 1
[11/02/2010 16:45:42] /r
[11/02/2010 16:45:42] /a 1
[11/02/2010 16:45:42] /r
[11/02/2010 16:45:42] /a 1
[11/02/2010 16:45:42] /r
[11/02/2010 16:45:42] /a 1
[11/02/2010 16:45:42] /a 1
[11/02/2010 16:45:42] /r
[11/02/2010 16:45:43] /a 1
[11/02/2010 16:45:43] /r
[11/02/2010 16:45:43] /a 1
[11/02/2010 16:45:43] /r
[11/02/2010 16:45:43] /a 1
[11/02/2010 16:45:43] /r
[11/02/2010 16:45:43] /a 1
[11/02/2010 16:45:43] /r
[11/02/2010 16:45:43] /a 1
[11/02/2010 16:45:43] /r
[11/02/2010 16:45:44] /a 1
[11/02/2010 16:45:44] /r
[11/02/2010 16:45:44] /a 1
[11/02/2010 16:45:44] /r
[11/02/2010 16:45:44] /a 1
[11/02/2010 16:45:44] /r
[11/02/2010 16:45:44] /a 1
[11/02/2010 16:45:44] /r
[11/02/2010 16:45:44] /a 1
[11/02/2010 16:45:44] /r
[11/02/2010 16:45:44] /a 1
[11/02/2010 16:45:45] /r
[11/02/2010 16:45:45] /a 1
[11/02/2010 16:45:45] /r
[11/02/2010 16:45:45] /a 1
[11/02/2010 16:45:45] /a 1
[11/02/2010 16:45:45] /r
[11/02/2010 16:45:45] /a 1
[11/02/2010 16:45:49] /a 2
[11/02/2010 16:45:50] /a 2
[11/02/2010 16:45:52] /a 50
[11/02/2010 16:45:53] /a 50
[11/02/2010 16:45:57] /a 120
[11/02/2010 16:45:58] /a 120
[11/02/2010 16:46:06] /goto hydra
[11/02/2010 16:46:10] /a
[11/02/2010 16:46:11] /a
[11/02/2010 16:46:45] /a 1
[11/02/2010 16:46:46] /r
[11/02/2010 16:46:50] /a 1
[11/02/2010 16:46:52] /r
[11/02/2010 16:46:54] /r
[11/02/2010 16:46:58] /r
[11/02/2010 16:46:59] /r
[11/02/2010 16:47:05] /r
[11/02/2010 16:47:09] /goto comedinha
[11/02/2010 16:47:18] /m demon
[11/02/2010 16:47:20] /r
[11/02/2010 16:47:30] /r
[11/02/2010 16:48:08] /i 210
[11/02/2010 16:48:12] /i 120
[11/02/2010 16:48:15] /i 1200
[11/02/2010 16:48:18] /r
[11/02/2010 16:48:23] /i 800
[11/02/2010 16:48:27] /i 1900
[11/02/2010 16:48:30] /r
[11/02/2010 16:48:32] /a 1
[11/02/2010 16:48:33] /a 1
[11/02/2010 16:48:33] /a 1
[11/02/2010 16:48:33] /a 1
[11/02/2010 16:48:33] /a 1
[11/02/2010 16:48:34] /a 1
[11/02/2010 16:48:34] /a 1
[11/02/2010 16:48:34] /a 1
[11/02/2010 16:48:34] /a 1
[11/02/2010 16:48:34] /a 1
[11/02/2010 16:48:34] /a 1
[11/02/2010 16:48:34] /a 1
[11/02/2010 16:48:34] /a 1
[11/02/2010 16:48:35] /a 1
[11/02/2010 16:48:35] /a 1
[11/02/2010 16:48:35] /a 1
[11/02/2010 16:48:35] /a 1
[11/02/2010 16:48:35] /a 1
[11/02/2010 16:48:35] /a 1
[11/02/2010 16:48:36] /a 1
[11/02/2010 16:48:36] /a 1
[11/02/2010 16:48:36] /a 1
[11/02/2010 16:48:36] /a 1
[11/02/2010 16:48:36] /a 1
[11/02/2010 16:48:36] /a 1
[11/02/2010 16:48:36] /a 1
[11/02/2010 16:48:36] /a 1
[11/02/2010 16:48:37] /a 1
[11/02/2010 16:48:37] /a 1
[11/02/2010 16:48:37] /a 1
[11/02/2010 16:48:37] /a 1
[11/02/2010 16:48:37] /a 1
[11/02/2010 16:48:37] /a 1
[11/02/2010 16:48:37] /a 1
[11/02/2010 16:48:38] /a 1
[11/02/2010 16:48:38] /a 1
[11/02/2010 16:48:38] /a 1
[11/02/2010 16:48:38] /a 1
[11/02/2010 16:48:38] /a 1
[11/02/2010 16:48:38] /a 1
[11/02/2010 16:48:39] /a 1
[11/02/2010 16:48:39] /a 1
[11/02/2010 16:48:39] /a 1
[11/02/2010 16:48:39] /a 1
[11/02/2010 16:48:39] /a 1
[11/02/2010 16:48:39] /a 1
[11/02/2010 16:48:39] /a 1
[11/02/2010 16:48:40] /a 1
[11/02/2010 16:48:40] /a 1
[11/02/2010 16:48:40] /a 1
[11/02/2010 16:48:40] /a 1
[11/02/2010 16:48:40] /a 1
[11/02/2010 16:48:40] /a 1
[11/02/2010 16:48:41] /a 1
[11/02/2010 16:48:41] /a 1
[11/02/2010 16:48:41] /a 1
[11/02/2010 16:48:41] /a 1
[11/02/2010 16:48:41] /a 1
[11/02/2010 16:48:41] /a 1
[11/02/2010 16:48:42] /a 1
[11/02/2010 16:48:42] /a 1
[11/02/2010 16:48:42] /a 1
[11/02/2010 16:48:42] /a 1
[11/02/2010 16:48:42] /a 1
[11/02/2010 16:48:42] /a 1
[11/02/2010 16:48:42] /a 1
[11/02/2010 16:48:43] /a 1
[11/02/2010 16:48:43] /r
[11/02/2010 16:48:43] /a 1
[11/02/2010 16:48:43] /r
[11/02/2010 16:48:44] /a 1
[11/02/2010 16:48:44] /r
[11/02/2010 16:48:44] /a 1
[11/02/2010 16:48:44] /r
[11/02/2010 16:48:44] /a 1
[11/02/2010 16:48:45] /r
[11/02/2010 16:48:45] /a 1
[11/02/2010 16:48:45] /a 1
[11/02/2010 16:48:45] /r
[11/02/2010 16:48:45] /a 1
[11/02/2010 16:48:45] /r
[11/02/2010 16:48:46] /a 1
[11/02/2010 16:48:46] /r
[11/02/2010 16:48:46] /a 1
[11/02/2010 16:48:46] /r
[11/02/2010 16:48:46] /a 1
[11/02/2010 16:48:46] /r
[11/02/2010 16:48:46] /a 1
[11/02/2010 16:48:47] /a 1
[11/02/2010 16:48:47] /a 1
[11/02/2010 16:48:47] /a 1
[11/02/2010 16:48:48] /a 1
[11/02/2010 16:48:48] /a 1
[11/02/2010 16:48:48] /a 1
[11/02/2010 16:48:48] /a 1
[11/02/2010 16:48:48] /a 1
[11/02/2010 16:48:48] /r
[11/02/2010 16:48:48] /a 1
[11/02/2010 16:48:48] /r
[11/02/2010 16:48:48] /a 1
[11/02/2010 16:48:49] /r
[11/02/2010 16:48:49] /a 1
[11/02/2010 16:48:49] /r
[11/02/2010 16:48:49] /a 1
[11/02/2010 16:48:49] /r
[11/02/2010 16:48:49] /a 1
[11/02/2010 16:48:49] /r
[11/02/2010 16:48:49] /a 1
[11/02/2010 16:48:49] /r
[11/02/2010 16:48:49] /a 1
[11/02/2010 16:48:50] /r
[11/02/2010 16:48:50] /a 1
[11/02/2010 16:48:50] /r
[11/02/2010 16:48:50] /a 1
[11/02/2010 16:48:50] /r
[11/02/2010 16:48:50] /a 1
[11/02/2010 16:48:50] /r
[11/02/2010 16:48:50] /a 1
[11/02/2010 16:48:50] /r
[11/02/2010 16:48:50] /a 1
[11/02/2010 16:48:51] /r
[11/02/2010 16:48:51] /a 1
[11/02/2010 16:48:51] /r
[11/02/2010 16:48:51] /a 1
[11/02/2010 16:48:51] /r
[11/02/2010 16:48:51] /a 1
[11/02/2010 16:48:51] /r
[11/02/2010 16:48:51] /a 1
[11/02/2010 16:48:51] /r
[11/02/2010 16:48:51] /a 1
[11/02/2010 16:48:51] /r
[11/02/2010 16:48:52] /a 1
[11/02/2010 16:48:52] /r
[11/02/2010 16:48:52] /a 1
[11/02/2010 16:48:52] /r
[11/02/2010 16:48:52] /a 1
[11/02/2010 16:48:52] /r
[11/02/2010 16:48:52] /a 1
[11/02/2010 16:48:52] /r
[11/02/2010 16:48:52] /a 1
[11/02/2010 16:48:52] /r
[11/02/2010 16:48:53] /a 1
[11/02/2010 16:48:53] /r
[11/02/2010 16:48:53] /a 1
[11/02/2010 16:48:53] /r
[11/02/2010 16:48:53] /r
[11/02/2010 16:48:53] /a 1
[11/02/2010 16:48:53] /r
[11/02/2010 16:48:53] /a 1
[11/02/2010 16:48:53] /r
[11/02/2010 16:48:54] /a 1
[11/02/2010 16:48:54] /r
[11/02/2010 16:48:54] /a 1
[11/02/2010 16:48:54] /a 1
[11/02/2010 16:48:54] /r
[11/02/2010 16:48:54] /a 1
[11/02/2010 16:48:54] /r
[11/02/2010 16:48:54] /a 1
[11/02/2010 16:48:54] /r
[11/02/2010 16:48:54] /a 1
[11/02/2010 16:48:55] /r
[11/02/2010 16:48:55] /a 1
[11/02/2010 16:48:55] /r
[11/02/2010 16:48:55] /a 1
[11/02/2010 16:48:55] /r
[11/02/2010 16:48:55] /a 1
[11/02/2010 16:48:55] /r
[11/02/2010 16:48:55] /a 1
[11/02/2010 16:48:55] /r
[11/02/2010 16:48:56] /a 1
[11/02/2010 16:48:56] /r
[11/02/2010 16:48:56] /a 1
[11/02/2010 16:48:56] /r
[11/02/2010 16:48:56] /a 1
[11/02/2010 16:48:56] /r
[11/02/2010 16:48:56] /a 1
[11/02/2010 16:48:56] /r
[11/02/2010 16:48:56] /a 1
[11/02/2010 16:48:57] /r
[11/02/2010 16:48:57] /r
[11/02/2010 16:48:57] /a 1
[11/02/2010 16:48:57] /a 1
[11/02/2010 16:48:57] /r
[11/02/2010 16:48:57] /r
[11/02/2010 16:48:57] /a 1
[11/02/2010 16:48:57] /a 1
[11/02/2010 16:48:57] /r
[11/02/2010 16:48:58] /a 1
[11/02/2010 16:48:58] /r
[11/02/2010 16:48:58] /r
[11/02/2010 16:48:58] /a 1
[11/02/2010 16:48:58] /r
[11/02/2010 16:48:58] /a 1
[11/02/2010 16:48:58] /r
[11/02/2010 16:48:58] /a 1
[11/02/2010 16:48:58] /r
[11/02/2010 16:48:58] /a 1
[11/02/2010 16:48:59] /r
[11/02/2010 16:48:59] /a 1
[11/02/2010 16:48:59] /r
[11/02/2010 16:48:59] /a 1
[11/02/2010 16:48:59] /r
[11/02/2010 16:48:59] /r
