[11/02/2010 14:31:48] /a 2
[11/02/2010 14:31:50] /a -1
[11/02/2010 14:31:53] /a -1
[11/02/2010 14:31:54] /a -1
[11/02/2010 14:31:55] /a -1
[11/02/2010 14:31:56] /a -1
[11/02/2010 14:31:56] /a -1
[11/02/2010 14:31:57] /a -1
[11/02/2010 14:32:03] /goto comedinha
[11/02/2010 14:32:14] /n time ring 
[11/02/2010 14:32:17] /n time ring 1
[11/02/2010 14:32:19] /i time ring 
[11/02/2010 14:32:24] /i boots of haste 
[11/02/2010 14:32:32] /kick master mage
[11/02/2010 14:32:51] /t
[11/02/2010 14:33:38] /t
[11/02/2010 14:33:42] /a 4
[11/02/2010 14:33:43] /a 4
[11/02/2010 14:33:44] /a 4
[11/02/2010 14:34:05] /a 3
[11/02/2010 14:36:17] /goto training monk
[11/02/2010 14:36:21] /goto elite trainer
[11/02/2010 14:36:32] /t
[11/02/2010 14:37:37] /t
[11/02/2010 14:38:24] /t
[11/02/2010 14:44:45] /goto guilerme
[11/02/2010 14:45:02] /goto guilherme
[11/02/2010 14:45:25] /a 4
[11/02/2010 14:47:02] /b Só um minuto
[11/02/2010 14:48:42] /t
[11/02/2010 14:48:48] /goto jhugmanta
[11/02/2010 14:48:54] /t
[11/02/2010 14:49:15] /t
[11/02/2010 14:50:04] /b Vcs podem ver as magias olhando no spellbook
[11/02/2010 14:50:09] /goto comedinha
[11/02/2010 14:50:17] /a 2
[11/02/2010 14:51:14] /goto comedinha
[11/02/2010 14:51:16] /goto comedinha
[11/02/2010 14:51:17] /goto comedinha
[11/02/2010 14:51:18] /goto comedinha
[11/02/2010 14:51:19] /goto comedinha
[11/02/2010 14:51:20] /goto comedinha
[11/02/2010 14:51:21] /goto comedinha
[11/02/2010 14:51:51] /b Sim ot xp 350
[11/02/2010 14:52:32] /t
[11/02/2010 15:13:56] /goto comedinha
[11/02/2010 15:14:03] /down
[11/02/2010 15:14:06] /a 3
[11/02/2010 15:15:54] /s banker
