[11/02/2010 14:30:09] /t demon
[11/02/2010 14:30:13] /t demon
[11/02/2010 14:30:49] /t demon
[11/02/2010 14:31:00] /ghost
[11/02/2010 14:31:19] /t
[11/02/2010 14:31:25] /ghost
[11/02/2010 14:31:32] /a 2
[11/02/2010 14:31:33] /a 2
[11/02/2010 14:31:33] /a 2
[11/02/2010 14:31:34] /ghost
[11/02/2010 14:31:35] /ghost
[11/02/2010 14:31:38] /a 9
[11/02/2010 14:41:08] /goto demon
[11/02/2010 14:44:59] /t
[11/02/2010 14:45:10] /goto master mage
[11/02/2010 14:45:29] /goto comedinha
[11/02/2010 14:47:02] /b gay
[11/02/2010 14:47:05] /b gay
[11/02/2010 14:47:10] /b gay
[11/02/2010 14:49:03] /b oi
[11/02/2010 14:49:08] /b oi
[11/02/2010 14:49:55] /goto comedinha
[11/02/2010 14:50:40] /goto comedinha
[11/02/2010 14:50:58] /goto comedinha
[11/02/2010 14:50:59] /goto comedinha
[11/02/2010 14:51:00] /goto comedinha
[11/02/2010 14:51:00] /goto comedinha
[11/02/2010 14:51:01] /goto comedinha
[11/02/2010 14:51:01] /goto comedinha
[11/02/2010 14:51:09] /goto master mage
[11/02/2010 14:51:13] /goto comedinha
[11/02/2010 14:51:18] /goto comedinha
[11/02/2010 14:51:21] /goto comedinha
[11/02/2010 14:51:22] /goto comedinha
[11/02/2010 14:51:28] /goto comedinha
[11/02/2010 14:51:32] /a 2
[11/02/2010 14:51:36] /a 2
[11/02/2010 14:51:38] /a 2
[11/02/2010 14:51:43] /a 2
[11/02/2010 14:51:46] /goto comedinha
[11/02/2010 14:51:51] /goto comedinha
[11/02/2010 14:51:56] /goto comedinha
[11/02/2010 14:52:26] /goto comedinha
[11/02/2010 14:54:51] /clean
[11/02/2010 14:55:32] /c comedinha
[11/02/2010 14:55:41] /c sir esperma
[11/02/2010 14:56:38] /goto demon legs
[11/02/2010 14:57:30] /a
[11/02/2010 14:57:34] /a
[11/02/2010 14:57:35] /a
[11/02/2010 14:57:35] /a
[11/02/2010 14:57:37] /a
[11/02/2010 14:57:37] /a
[11/02/2010 14:57:37] /a
[11/02/2010 14:57:39] /a
[11/02/2010 14:57:39] /a
[11/02/2010 14:57:40] /a
[11/02/2010 14:57:40] /a
[11/02/2010 14:57:41] /a
[11/02/2010 14:57:42] /a
[11/02/2010 14:57:53] /a
[11/02/2010 14:57:54] /a
[11/02/2010 14:57:54] /a
[11/02/2010 14:57:55] /a
[11/02/2010 14:57:55] /a
[11/02/2010 14:57:56] /a
[11/02/2010 14:57:56] /a
[11/02/2010 14:57:56] /a
[11/02/2010 14:58:04] /c 2160
[11/02/2010 14:58:09] /a
[11/02/2010 14:58:27] /goto demon
[11/02/2010 14:58:50] /c sir esper
[11/02/2010 14:58:52] /c sir esperma
[11/02/2010 14:59:53] /goto orchaball
[11/02/2010 15:00:21] /c orshabaal
[11/02/2010 15:00:22] /c orshabaal
[11/02/2010 15:00:25] /c orshabaal
[11/02/2010 15:00:27] /c orshabaal
[11/02/2010 15:00:29] /c orshabaal
[11/02/2010 15:00:35] /c orshabaal
[11/02/2010 15:00:37] /c orshabaal
[11/02/2010 15:00:40] /c orshabaal
[11/02/2010 15:00:49] /goto demon
[11/02/2010 15:01:09] /c sir esperma
[11/02/2010 15:02:29] /goto sir esperma
[11/02/2010 15:03:19] /t
[11/02/2010 15:04:55] /c sir esperm
[11/02/2010 15:04:58] /c sir esperma
[11/02/2010 15:05:56] /t
[11/02/2010 15:06:03] /goto hero
[11/02/2010 15:06:09] /t
[11/02/2010 15:06:51] /c sir esperma
[11/02/2010 15:07:06] /c sir esperma
[11/02/2010 15:08:44] /i 5878
[11/02/2010 15:08:59] /i 2470
[11/02/2010 15:08:59] /i 2470
[11/02/2010 15:09:00] /i 2470
[11/02/2010 15:09:00] /i 2470
[11/02/2010 15:09:01] /i 2470
[11/02/2010 15:09:01] /i 2470
[11/02/2010 15:09:01] /i 2470
[11/02/2010 15:09:02] /i 2470
[11/02/2010 15:09:02] /i 2470
[11/02/2010 15:09:20] /i 2470
[11/02/2010 15:09:21] /i 2470
[11/02/2010 15:09:21] /i 2470
[11/02/2010 15:09:22] /i 2470
[11/02/2010 15:09:31] /t
[11/02/2010 15:09:39] /a
[11/02/2010 15:09:48] /i 2352
[11/02/2010 15:09:55] /i 5803
[11/02/2010 15:10:00] /a
[11/02/2010 15:10:18] /c sir esperama
[11/02/2010 15:10:20] /c sir esperma
[11/02/2010 15:11:46] /i 5878
[11/02/2010 15:12:11] /ghost
[11/02/2010 15:12:50] /i 2160
[11/02/2010 15:13:14] /goto comedinha
[11/02/2010 15:13:18] /a
[11/02/2010 15:13:21] /a
[11/02/2010 15:13:22] /a
[11/02/2010 15:13:23] /a
[11/02/2010 15:13:26] /a 9
[11/02/2010 15:13:28] /a 9
[11/02/2010 15:13:31] /t
[11/02/2010 15:13:58] /c sir esperma
[11/02/2010 15:14:12] /i 5803
[11/02/2010 15:14:20] /i 2352
[11/02/2010 15:15:04] /goto demon
[11/02/2010 15:15:38] /c sir esperma
[11/02/2010 15:16:24] /t exp bug
[11/02/2010 15:18:31] /c sir esperma
[11/02/2010 15:19:44] /i 8888
[11/02/2010 15:20:13] /i 1026
[11/02/2010 15:20:27] /i 8851
[11/02/2010 15:21:11] /goto demon
[11/02/2010 15:21:35] /c sir esperma
[11/02/2010 15:23:25] /goto hellgroak
[11/02/2010 15:23:30] /goto hellgroak
[11/02/2010 15:23:35] /t
[11/02/2010 15:24:41] /c sir esperma
[11/02/2010 15:26:15] /b oi
[11/02/2010 15:26:24] /t
[11/02/2010 15:28:40] /ghost
[11/02/2010 15:28:42] /ghost
[11/02/2010 15:28:45] /ghost
[11/02/2010 15:30:53] /a 1
[11/02/2010 15:30:54] /a 1
[11/02/2010 15:30:54] /a 1
[11/02/2010 15:30:55] /a 1
[11/02/2010 15:33:35] /a 2
[11/02/2010 15:33:35] /a 2
[11/02/2010 15:33:36] /a 2
[11/02/2010 15:33:36] /a 2
[11/02/2010 15:33:36] /a 2
[11/02/2010 15:33:37] /a 2
[11/02/2010 15:33:39] /a 6
[11/02/2010 15:33:40] /a 6
[11/02/2010 15:33:42] /a 6
[11/02/2010 15:33:43] /a 6
[11/02/2010 15:33:47] /a 6
[11/02/2010 15:34:09] /a 2
[11/02/2010 15:34:37] /c sir esperma
[11/02/2010 15:35:33] /a 2
[11/02/2010 15:35:45] /a 2
[11/02/2010 15:36:21] /a 2
[11/02/2010 15:36:32] /a 2
[11/02/2010 15:37:26] /a 2
[11/02/2010 15:37:34] /c sir esperam
[11/02/2010 15:37:39] /c sir esperma
[11/02/2010 15:37:49] /a 2
[11/02/2010 15:37:51] /c sir esperma
[11/02/2010 15:38:43] /a 2
[11/02/2010 15:39:09] /a 2
[11/02/2010 15:39:24] /i 6529
[11/02/2010 15:39:24] /i 6529
[11/02/2010 15:39:25] /i 6529
[11/02/2010 15:39:25] /i 6529
[11/02/2010 15:39:26] /i 6529
[11/02/2010 15:39:26] /i 6529
[11/02/2010 15:39:27] /i 6529
[11/02/2010 15:39:27] /i 6529
[11/02/2010 15:39:27] /i 6529
[11/02/2010 15:39:28] /i 6529
[11/02/2010 15:39:28] /i 6529
[11/02/2010 15:39:29] /i 6529
[11/02/2010 15:39:29] /i 6529
[11/02/2010 15:39:30] /i 6529
[11/02/2010 15:39:56] /a 2
[11/02/2010 15:40:13] /c sir esperam
[11/02/2010 15:40:15] /c sir esperma
[11/02/2010 15:40:26] /c sir esperma
[11/02/2010 15:41:12] /i 2195
[11/02/2010 15:41:43] /t
[11/02/2010 15:41:50] /c sir esperma
[11/02/2010 15:42:14] /c sir esperma
[11/02/2010 15:42:26] /i 2160
[11/02/2010 15:42:26] /i 2160
[11/02/2010 15:42:27] /i 2160
[11/02/2010 15:42:27] /i 2160
[11/02/2010 15:42:59] /c sir esperma
[11/02/2010 15:43:43] /i 2160
[11/02/2010 15:43:43] /i 2160
[11/02/2010 15:43:44] /i 2160
[11/02/2010 15:43:44] /i 2160
[11/02/2010 15:43:44] /i 2160
[11/02/2010 15:43:44] /i 2160
[11/02/2010 15:43:45] /i 2160
[11/02/2010 15:43:45] /i 2160
[11/02/2010 15:44:06] /i 2160
[11/02/2010 15:44:29] /i 2160
[11/02/2010 15:44:30] /i 2160
[11/02/2010 15:44:30] /i 2160
[11/02/2010 15:44:36] /i 2160
[11/02/2010 15:44:49] /i 2160
[11/02/2010 15:44:49] /i 2160
[11/02/2010 15:44:49] /i 2160
[11/02/2010 15:44:50] /i 2160
[11/02/2010 15:44:50] /i 2160
[11/02/2010 15:44:50] /i 2160
[11/02/2010 15:44:50] /i 2160
[11/02/2010 15:44:50] /i 2160
[11/02/2010 15:44:50] /i 2160
[11/02/2010 15:44:50] /i 2160
[11/02/2010 15:44:50] /i 2160
[11/02/2010 15:44:50] /i 2160
[11/02/2010 15:44:50] /i 2160
[11/02/2010 15:44:50] /i 2160
[11/02/2010 15:44:50] /i 2160
[11/02/2010 15:44:50] /i 2160
[11/02/2010 15:44:50] /i 2160
[11/02/2010 15:44:50] /i 2160
[11/02/2010 15:44:50] /i 2160
[11/02/2010 15:44:50] /i 2160
[11/02/2010 15:44:50] /i 2160
[11/02/2010 15:44:50] /i 2160
[11/02/2010 15:44:50] /i 2160
[11/02/2010 15:44:50] /i 2160
[11/02/2010 15:44:50] /i 2160
[11/02/2010 15:44:50] /i 2160
[11/02/2010 15:44:50] /i 2160
[11/02/2010 15:44:50] /i 2160
[11/02/2010 15:44:50] /i 2160
[11/02/2010 15:44:51] /i 2160
[11/02/2010 15:44:51] /i 2160
[11/02/2010 15:44:52] /i 2160
[11/02/2010 15:44:53] /i 2160
[11/02/2010 15:44:53] /i 2160
[11/02/2010 15:44:54] /i 2160
[11/02/2010 15:44:57] /i 2160
[11/02/2010 15:44:57] /i 2160
[11/02/2010 15:44:58] /i 2160
[11/02/2010 15:44:59] /i 2160
[11/02/2010 15:45:00] /i 2160
[11/02/2010 15:45:01] /i 2160
[11/02/2010 15:45:01] /i 2160
[11/02/2010 15:45:03] /i 2160
[11/02/2010 15:45:04] /i 2160
[11/02/2010 15:45:05] /i 2160
[11/02/2010 15:45:05] /i 2160
[11/02/2010 15:45:06] /i 2160
[11/02/2010 15:45:06] /i 2160
[11/02/2010 15:45:07] /i 2160
[11/02/2010 15:45:08] /i 2160
[11/02/2010 15:45:10] /i 2160
[11/02/2010 15:45:11] /i 2160
[11/02/2010 15:45:11] /i 2160
[11/02/2010 15:45:12] /i 2160
[11/02/2010 15:45:13] /i 2160
[11/02/2010 15:45:13] /i 2160
[11/02/2010 15:45:14] /i 2160
[11/02/2010 15:45:14] /i 2160
[11/02/2010 15:45:14] /i 2160
[11/02/2010 15:45:15] /i 2160
[11/02/2010 15:45:15] /i 2160
[11/02/2010 15:45:16] /i 2160
[11/02/2010 15:45:16] /i 2160
[11/02/2010 15:45:16] /i 2160
[11/02/2010 15:45:17] /i 2160
[11/02/2010 15:45:17] /i 2160
[11/02/2010 15:45:17] /i 2160
[11/02/2010 15:45:17] /i 2160
[11/02/2010 15:45:18] /i 2160
[11/02/2010 15:45:18] /i 2160
[11/02/2010 15:45:18] /i 2160
[11/02/2010 15:45:18] /i 2160
[11/02/2010 15:45:19] /i 2160
[11/02/2010 15:45:19] /i 2160
[11/02/2010 15:45:20] /i 2160
[11/02/2010 15:45:21] /i 2160
[11/02/2010 15:45:21] /i 2160
[11/02/2010 15:45:22] /i 2160
[11/02/2010 15:45:23] /i 2160
[11/02/2010 15:45:24] /i 2160
[11/02/2010 15:45:24] /i 2160
[11/02/2010 15:45:25] /i 2160
[11/02/2010 15:45:25] /i 2160
[11/02/2010 15:45:26] /i 2160
[11/02/2010 15:45:27] /i 2160
[11/02/2010 15:45:27] /i 2160
[11/02/2010 15:45:28] /i 2160
[11/02/2010 15:45:29] /i 2160
[11/02/2010 15:45:29] /i 2160
[11/02/2010 15:45:30] /i 2160
[11/02/2010 15:45:30] /i 2160
[11/02/2010 15:45:31] /i 2160
[11/02/2010 15:45:32] /i 2160
[11/02/2010 15:45:33] /i 2160
[11/02/2010 15:45:34] /i 2160
[11/02/2010 15:45:34] /i 2160
[11/02/2010 15:45:35] /i 2160
[11/02/2010 15:45:35] /i 2160
[11/02/2010 15:45:36] /i 2160
[11/02/2010 15:45:37] /i 2160
[11/02/2010 15:45:37] /i 2160
[11/02/2010 15:45:38] /i 2160
[11/02/2010 15:45:38] /i 2160
[11/02/2010 15:45:39] /i 2160
[11/02/2010 15:45:39] /i 2160
[11/02/2010 15:45:40] /i 2160
[11/02/2010 15:45:41] /i 2160
[11/02/2010 15:45:41] /i 2160
[11/02/2010 15:45:42] /i 2160
[11/02/2010 15:45:43] /i 2160
[11/02/2010 15:45:43] /i 2160
[11/02/2010 15:45:44] /i 2160
[11/02/2010 15:45:45] /i 2160
[11/02/2010 15:45:45] /i 2160
[11/02/2010 15:45:46] /i 2160
[11/02/2010 15:45:46] /i 2160
[11/02/2010 15:45:47] /i 2160
[11/02/2010 15:45:48] /i 2160
[11/02/2010 15:45:49] /i 2160
[11/02/2010 15:45:50] /i 2160
[11/02/2010 15:45:51] /i 2160
[11/02/2010 15:45:51] /i 2160
[11/02/2010 15:45:52] /i 2160
[11/02/2010 15:45:53] /i 2160
[11/02/2010 15:45:53] /i 2160
[11/02/2010 15:45:54] /i 2160
[11/02/2010 15:45:54] /i 2160
[11/02/2010 15:45:55] /i 2160
[11/02/2010 15:45:56] /i 2160
[11/02/2010 15:45:57] /i 2160
[11/02/2010 15:45:57] /i 2160
[11/02/2010 15:45:59] /i 2160
[11/02/2010 15:45:59] /i 2160
[11/02/2010 15:46:00] /i 2160
[11/02/2010 15:46:00] /i 2160
[11/02/2010 15:46:02] /i 2160
[11/02/2010 15:46:03] /i 2160
[11/02/2010 15:46:05] /i 2160
[11/02/2010 15:46:05] /i 2160
[11/02/2010 15:46:06] /i 2160
[11/02/2010 15:46:06] /i 2160
[11/02/2010 15:46:07] /i 2160
[11/02/2010 15:46:08] /i 2160
[11/02/2010 15:46:08] /i 2160
[11/02/2010 15:46:09] /i 2160
[11/02/2010 15:46:10] /i 2160
[11/02/2010 15:46:11] /i 2160
[11/02/2010 15:46:11] /i 2160
[11/02/2010 15:46:12] /i 2160
[11/02/2010 15:46:13] /i 2160
[11/02/2010 15:46:14] /i 2160
[11/02/2010 15:46:14] /i 2160
[11/02/2010 15:46:15] /i 2160
[11/02/2010 15:46:16] /i 2160
[11/02/2010 15:46:16] /i 2160
[11/02/2010 15:46:17] /i 2160
[11/02/2010 15:46:19] /i 2160
[11/02/2010 15:46:21] /i 2160
[11/02/2010 15:46:21] /i 2160
[11/02/2010 15:46:22] /i 2160
[11/02/2010 15:46:22] /i 2160
[11/02/2010 15:46:23] /i 2160
[11/02/2010 15:46:24] /i 2160
[11/02/2010 15:46:25] /i 2160
[11/02/2010 15:46:25] /i 2160
[11/02/2010 15:46:26] /i 2160
[11/02/2010 15:46:27] /i 2160
[11/02/2010 15:46:28] /i 2160
[11/02/2010 15:46:28] /i 2160
[11/02/2010 15:46:30] /i 2160
[11/02/2010 15:46:45] /i 6132
[11/02/2010 15:46:46] /i 6132
[11/02/2010 15:46:46] /i 6132
[11/02/2010 15:46:46] /i 6132
[11/02/2010 15:46:47] /i 6132
[11/02/2010 15:46:47] /i 6132
[11/02/2010 15:46:48] /i 6132
[11/02/2010 15:46:48] /i 6132
[11/02/2010 15:46:49] /i 6132
[11/02/2010 15:46:49] /i 6132
[11/02/2010 15:46:50] /i 6132
[11/02/2010 15:46:50] /i 6132
[11/02/2010 15:46:51] /i 6132
[11/02/2010 15:46:51] /i 6132
[11/02/2010 15:46:52] /i 6132
[11/02/2010 15:46:53] /i 6132
[11/02/2010 15:46:53] /i 6132
[11/02/2010 15:46:54] /i 6132
[11/02/2010 15:46:54] /i 6132
[11/02/2010 15:46:55] /i 6132
[11/02/2010 15:46:55] /i 6132
[11/02/2010 15:46:56] /i 6132
[11/02/2010 15:46:57] /i 6132
[11/02/2010 15:46:58] /i 6132
[11/02/2010 15:46:59] /i 6132
[11/02/2010 15:46:59] /i 6132
[11/02/2010 15:47:00] /i 6132
[11/02/2010 15:47:01] /i 6132
[11/02/2010 15:47:01] /i 6132
[11/02/2010 15:47:02] /i 6132
[11/02/2010 15:47:03] /i 6132
[11/02/2010 15:47:03] /i 6132
[11/02/2010 15:47:04] /i 6132
[11/02/2010 15:47:05] /i 6132
[11/02/2010 15:47:05] /i 6132
[11/02/2010 15:47:06] /i 6132
[11/02/2010 15:47:07] /i 6132
[11/02/2010 15:47:07] /i 6132
[11/02/2010 15:47:08] /i 6132
[11/02/2010 15:47:08] /i 6132
[11/02/2010 15:47:09] /i 6132
[11/02/2010 15:47:09] /i 6132
[11/02/2010 15:47:24] /i 6433
[11/02/2010 15:47:25] /i 6433
[11/02/2010 15:47:25] /i 6433
[11/02/2010 15:47:26] /i 6433
[11/02/2010 15:47:28] /i 6433
[11/02/2010 15:47:28] /i 6433
[11/02/2010 15:47:29] /i 6433
[11/02/2010 15:47:30] /i 6433
[11/02/2010 15:47:31] /i 6433
[11/02/2010 15:47:32] /i 6433
[11/02/2010 15:47:32] /i 6433
[11/02/2010 15:47:33] /i 6433
[11/02/2010 15:47:34] /i 6433
[11/02/2010 15:47:35] /i 6433
[11/02/2010 15:47:35] /i 6433
[11/02/2010 15:47:36] /i 6433
[11/02/2010 15:47:37] /i 6433
[11/02/2010 15:47:37] /i 6433
[11/02/2010 15:47:38] /i 6433
[11/02/2010 15:47:38] /i 6433
[11/02/2010 15:47:39] /i 6433
[11/02/2010 15:47:40] /i 6433
[11/02/2010 15:47:40] /i 6433
[11/02/2010 15:47:41] /i 6433
[11/02/2010 15:47:42] /i 6433
[11/02/2010 15:47:43] /i 6433
[11/02/2010 15:47:44] /i 6433
[11/02/2010 15:47:45] /i 6433
[11/02/2010 15:47:45] /i 6433
[11/02/2010 15:47:46] /i 6433
[11/02/2010 15:47:46] /i 6433
[11/02/2010 15:47:47] /i 6433
[11/02/2010 15:48:00] /i 6433
[11/02/2010 15:48:01] /i 6433
[11/02/2010 15:48:02] /i 6433
[11/02/2010 15:48:02] /i 6433
[11/02/2010 15:48:03] /i 6433
[11/02/2010 15:48:05] /i 6433
[11/02/2010 15:48:06] /i 6433
[11/02/2010 15:48:07] /i 6433
[11/02/2010 15:48:07] /i 6433
[11/02/2010 15:48:09] /i 6433
[11/02/2010 15:48:09] /i 6433
[11/02/2010 15:48:10] /i 6433
[11/02/2010 15:48:10] /i 6433
[11/02/2010 15:48:11] /i 6433
[11/02/2010 15:48:13] /i 6433
[11/02/2010 15:48:14] /i 6433
[11/02/2010 15:48:14] /i 6433
[11/02/2010 15:48:32] /i 2640
[11/02/2010 15:48:32] /i 2640
[11/02/2010 15:48:32] /i 2640
[11/02/2010 15:48:33] /i 2640
[11/02/2010 15:48:33] /i 2640
[11/02/2010 15:48:35] /i 2640
[11/02/2010 15:48:35] /i 2640
[11/02/2010 15:48:36] /i 2640
[11/02/2010 15:48:37] /i 2640
[11/02/2010 15:48:38] /i 2640
[11/02/2010 15:48:38] /i 2640
[11/02/2010 15:48:39] /i 2640
[11/02/2010 15:48:40] /i 2640
[11/02/2010 15:48:40] /i 2640
[11/02/2010 15:48:41] /i 2640
[11/02/2010 15:48:41] /i 2640
[11/02/2010 15:48:42] /i 2640
[11/02/2010 15:48:42] /i 2640
[11/02/2010 15:48:43] /i 2640
[11/02/2010 15:48:44] /i 2640
[11/02/2010 15:48:45] /i 2640
[11/02/2010 15:48:45] /i 2640
[11/02/2010 15:48:47] /i 2640
[11/02/2010 15:48:48] /i 2640
[11/02/2010 15:48:50] /i 2640
[11/02/2010 15:48:50] /i 2640
[11/02/2010 15:48:51] /i 2640
[11/02/2010 15:48:52] /i 2640
[11/02/2010 15:48:52] /i 2640
[11/02/2010 15:48:53] /i 2640
[11/02/2010 15:48:54] /i 2640
[11/02/2010 15:48:54] /i 2640
[11/02/2010 15:48:55] /i 2640
[11/02/2010 15:48:55] /i 2640
[11/02/2010 15:48:56] /i 2640
[11/02/2010 15:48:57] /i 2640
[11/02/2010 15:48:58] /i 2640
[11/02/2010 15:48:59] /i 2640
[11/02/2010 15:48:59] /i 2640
[11/02/2010 15:49:03] /i 2640
[11/02/2010 15:49:06] /i 2640
[11/02/2010 15:49:06] /i 2640
[11/02/2010 15:49:07] /i 2640
[11/02/2010 15:49:08] /i 2640
[11/02/2010 15:49:08] /i 2640
[11/02/2010 15:49:09] /i 2640
[11/02/2010 15:49:10] /i 2640
[11/02/2010 15:49:11] /i 2640
[11/02/2010 15:49:12] /i 2640
[11/02/2010 15:49:12] /i 2640
[11/02/2010 15:49:13] /i 2640
[11/02/2010 15:49:14] /i 2640
[11/02/2010 15:49:14] /i 2640
[11/02/2010 15:50:53] /i 2640
[11/02/2010 15:50:55] /i 2640
[11/02/2010 15:52:14] /a 2
[11/02/2010 15:52:21] /a 2
[11/02/2010 15:56:33] /c ze da pikadura
[11/02/2010 15:56:35] /c ze da pikadura
[11/02/2010 15:56:37] /c ze da pikadura
[11/02/2010 15:56:39] /c ze da pikadura
[11/02/2010 16:09:15] /goto god aliwwrosd
[11/02/2010 16:09:21] /goto comedinha
[11/02/2010 16:10:25] /ghost
[11/02/2010 16:13:10] /a 2
[11/02/2010 16:13:11] /a 2
[11/02/2010 16:13:34] /c master healer mage
[11/02/2010 16:13:50] /goto master healer mage
[11/02/2010 16:14:48] /t
[11/02/2010 16:15:00] /ghost
[11/02/2010 16:15:04] /a 2
[11/02/2010 16:15:23] /goto comedinha
[11/02/2010 16:15:27] /goto comedinha
[11/02/2010 16:15:34] /goto comedinha
[11/02/2010 16:15:38] /goto comedinha
[11/02/2010 16:15:39] /goto comedinha
[11/02/2010 16:15:40] /goto comedinha
[11/02/2010 16:15:40] /goto comedinha
[11/02/2010 16:15:41] /goto comedinha
[11/02/2010 16:15:41] /goto comedinha
[11/02/2010 16:15:42] /goto comedinha
[11/02/2010 16:15:42] /goto comedinha
[11/02/2010 16:15:45] /c demon
[11/02/2010 16:15:51] /c demon
[11/02/2010 16:16:00] /c demon
[11/02/2010 16:16:02] /c demon
[11/02/2010 16:16:02] /c demon
[11/02/2010 16:16:03] /c demon
[11/02/2010 16:16:03] /c demon
[11/02/2010 16:16:04] /c demon
[11/02/2010 16:16:05] /c demon
[11/02/2010 16:16:05] /c demon
[11/02/2010 16:16:05] /c demon
[11/02/2010 16:16:06] /c demon
[12/02/2010 14:53:06] /b oi
[12/02/2010 14:58:11] /b daeeeeeee
[12/02/2010 14:58:44] /c kreuus
[12/02/2010 14:58:45] /c kreuus
[12/02/2010 14:58:46] /c kreuus
[12/02/2010 14:58:46] /c kreuus
[12/02/2010 14:58:46] /c kreuus
[12/02/2010 14:58:47] /c kreuus
[12/02/2010 14:58:47] /c kreuus
[12/02/2010 14:58:48] /c kreuus
[12/02/2010 14:58:48] /c kreuus
[12/02/2010 14:58:53] /c kreuus
[12/02/2010 14:58:56] /c kreuus
[12/02/2010 14:59:05] /c kreuus
[12/02/2010 14:59:10] /c kreuus
[12/02/2010 14:59:19] /c kreuus
[12/02/2010 14:59:36] /c kreuus
[12/02/2010 14:59:41] /c kreuus
[12/02/2010 14:59:55] /c kreuus
[12/02/2010 14:59:56] /c kreuus
[12/02/2010 15:00:14] /c kreuus
[12/02/2010 15:00:15] /c kreuus
[12/02/2010 15:00:15] /c kreuus
[12/02/2010 15:00:16] /c kreuus
[12/02/2010 15:00:16] /c kreuus
[12/02/2010 15:00:17] /c kreuus
[12/02/2010 15:00:17] /c kreuus
[12/02/2010 15:00:18] /c kreuus
[12/02/2010 15:00:18] /c kreuus
[12/02/2010 15:00:19] /c kreuus
[12/02/2010 15:00:19] /c kreuus
[12/02/2010 15:00:20] /c kreuus
[12/02/2010 15:00:20] /c kreuus
[12/02/2010 15:00:21] /c kreuus
[12/02/2010 15:00:21] /c kreuus
[12/02/2010 15:00:22] /c kreuus
[12/02/2010 15:00:22] /c kreuus
[12/02/2010 15:00:23] /c kreuus
[12/02/2010 15:00:23] /c kreuus
[12/02/2010 15:00:27] /c kreuus
[12/02/2010 15:00:32] /c kreuus
[12/02/2010 15:00:35] /c kreuus
[12/02/2010 15:01:17] /c kreuus
[12/02/2010 15:01:33] /c kreuus
[12/02/2010 15:01:38] /c kreuus
[12/02/2010 15:02:18] /c kreuus
[12/02/2010 15:02:21] /c kreuus
[12/02/2010 15:02:22] /c kreuus
[12/02/2010 15:02:22] /c kreuus
[12/02/2010 15:02:25] /c kreuus
[12/02/2010 15:02:28] /c kreuus
[12/02/2010 15:02:29] /c kreuus
[12/02/2010 15:02:30] /c kreuus
[12/02/2010 15:02:30] /c kreuus
[12/02/2010 15:02:31] /c kreuus
[12/02/2010 15:02:31] /c kreuus
[12/02/2010 15:02:32] /c kreuus
[12/02/2010 15:02:32] /c kreuus
[12/02/2010 15:02:33] /c kreuus
[12/02/2010 15:02:33] /c kreuus
[12/02/2010 15:02:33] /c kreuus
[12/02/2010 15:02:35] /c kreuus
[12/02/2010 15:02:36] /c kreuus
[12/02/2010 15:02:40] /c kreuus
[12/02/2010 15:02:58] /c kreuus
[12/02/2010 15:03:00] /c kreuus
[12/02/2010 15:03:04] /c kreuus
[12/02/2010 15:03:04] /c kreuus
[12/02/2010 15:03:05] /c kreuus
[12/02/2010 15:03:05] /c kreuus
[12/02/2010 15:03:06] /c kreuus
[12/02/2010 15:03:06] /c kreuus
[12/02/2010 15:03:07] /c kreuus
[12/02/2010 15:03:07] /c kreuus
[12/02/2010 15:03:08] /c kreuus
[12/02/2010 15:03:08] /c kreuus
[12/02/2010 15:03:09] /c kreuus
[12/02/2010 15:03:09] /c kreuus
[12/02/2010 15:03:10] /c kreuus
[12/02/2010 15:03:10] /c kreuus
[12/02/2010 15:03:11] /c kreuus
[12/02/2010 15:03:13] /c kreuus
[12/02/2010 15:03:13] /c kreuus
[12/02/2010 15:03:14] /c kreuus
[12/02/2010 15:03:15] /c kreuus
[12/02/2010 15:03:15] /c kreuus
[12/02/2010 15:03:15] /c kreuus
[12/02/2010 15:03:16] /c kreuus
[12/02/2010 15:03:16] /c kreuus
[12/02/2010 15:03:17] /c kreuus
[12/02/2010 15:03:18] /c kreuus
[12/02/2010 15:03:19] /c kreuus
[12/02/2010 15:03:20] /c kreuus
[12/02/2010 15:03:22] /goto demon
[12/02/2010 15:03:24] /c kreuus
[12/02/2010 15:03:29] /t
[12/02/2010 15:15:08] /t exp bug
[12/02/2010 15:16:47] /c kreuus
[12/02/2010 15:16:48] /c kreuus
[12/02/2010 15:17:04] /r
[12/02/2010 15:17:06] /r
[12/02/2010 15:17:18] /c kreuuus
[12/02/2010 15:17:20] /c kreuus
[12/02/2010 15:17:20] /c kreuus
[12/02/2010 15:17:21] /c kreuus
[12/02/2010 15:17:21] /c kreuus
[12/02/2010 15:17:22] /c kreuus
[12/02/2010 15:17:22] /c kreuus
[12/02/2010 15:18:48] /c kreuus
[12/02/2010 15:19:13] /c drak rodo
[12/02/2010 15:19:22] /t
[12/02/2010 15:19:23] /t
[12/02/2010 15:19:24] /t
[12/02/2010 15:19:40] /t demon
[12/02/2010 15:19:45] /c demon
[12/02/2010 15:19:49] /c demon
[12/02/2010 15:19:50] /c demon
[12/02/2010 15:19:53] /c demon
[12/02/2010 15:19:53] /c demon
[12/02/2010 15:19:54] /c demon
[12/02/2010 15:19:54] /c demon
[12/02/2010 15:19:57] /c demon
[12/02/2010 15:19:59] /c demon
[12/02/2010 15:20:01] /c demon
[12/02/2010 15:20:11] /goto demon
[12/02/2010 15:20:17] /ghost
[12/02/2010 15:20:19] /ghost
[12/02/2010 15:20:26] /c comedinha
[12/02/2010 15:20:27] /t
