[07/02/2010 15:58:27] /goto god come~
[07/02/2010 15:58:47] /m zullaza the corruptor
[07/02/2010 15:58:54] /m zullaza
[07/02/2010 15:59:00] /m knight
[07/02/2010 15:59:01] /m druid
[07/02/2010 15:59:04] /m druid
[07/02/2010 15:59:36] /attr group "-1
[07/02/2010 16:02:01] /m ghazbaran
[07/02/2010 16:02:57] /addskill lord death, magic, 9999999
[07/02/2010 16:03:24] /addskill lord death, magic, 9999999
[07/02/2010 16:03:25] /addskill lord death, magic, 9999999
[07/02/2010 16:03:25] /addskill lord death, magic, 9999999
[07/02/2010 16:03:25] /addskill lord death, magic, 9999999
[07/02/2010 16:03:25] /addskill lord death, magic, 9999999
[07/02/2010 16:03:28] /addskill lord death, magic, 150
[07/02/2010 16:03:33] /addskill lord death, magic
[07/02/2010 16:03:34] /addskill lord death, magic
[07/02/2010 16:03:34] /addskill lord death, magic
[07/02/2010 16:03:34] /addskill lord death, magic
[07/02/2010 16:03:35] /addskill lord death, magic
[07/02/2010 16:03:35] /addskill lord death, magic
[07/02/2010 16:03:35] /addskill lord death, magic
[07/02/2010 16:03:35] /addskill lord death, magic
[07/02/2010 16:03:43] /m ghazbaran
[07/02/2010 16:03:52] /m tha exp carrier
[07/02/2010 16:05:33] /attr group "1
[07/02/2010 16:05:57] /addskill lord death, level, 9999999999999999999999999
[07/02/2010 16:05:57] /addskill lord death, level, 9999999999999999999999999
[07/02/2010 16:05:58] /addskill lord death, level, 9999999999999999999999999
[07/02/2010 16:05:58] /addskill lord death, level, 9999999999999999999999999
[07/02/2010 16:05:58] /addskill lord death, level, 9999999999999999999999999
[07/02/2010 16:05:58] /addskill lord death, level, 9999999999999999999999999
[07/02/2010 16:05:58] /addskill lord death, level, 9999999999999999999999999
[07/02/2010 16:06:02] /addskill lord death, level, 9999999999999999999999999
[07/02/2010 16:06:02] /addskill lord death, level, 9999999999999999999999999
[07/02/2010 16:06:14] /addskill lord death, level, 99999999999999999999
[07/02/2010 16:06:16] /addskill lord death, level, 9999
[07/02/2010 16:06:33] /i crystal coin
[07/02/2010 16:06:34] /i crystal coin
[07/02/2010 16:06:34] /i crystal coin
[07/02/2010 16:06:35] /i crystal coin
[07/02/2010 16:06:35] /i crystal coin
[07/02/2010 16:06:35] /i crystal coin
[07/02/2010 16:06:35] /i crystal coin
[07/02/2010 16:06:35] /i crystal coin
[07/02/2010 16:06:35] /i crystal coin
[07/02/2010 16:06:35] /i crystal coin
[07/02/2010 16:06:35] /i crystal coin
[07/02/2010 16:06:35] /i crystal coin
[07/02/2010 16:06:35] /i crystal coin
[07/02/2010 16:06:35] /i crystal coin
[07/02/2010 16:06:36] /i crystal coin
[07/02/2010 16:06:36] /i crystal coin
[07/02/2010 16:06:36] /i crystal coin
[07/02/2010 16:06:36] /i crystal coin
[07/02/2010 16:06:36] /i crystal coin
[07/02/2010 16:06:36] /i crystal coin
[07/02/2010 16:06:36] /i crystal coin
[07/02/2010 16:06:37] /i crystal coin
[07/02/2010 16:06:37] /i crystal coin
[07/02/2010 16:06:37] /i crystal coin
[07/02/2010 16:06:37] /i crystal coin
[07/02/2010 16:06:37] /i crystal coin
[07/02/2010 16:06:37] /i crystal coin
[07/02/2010 16:06:37] /i crystal coin
[07/02/2010 16:06:38] /i crystal coin
[07/02/2010 16:06:38] /i crystal coin
[07/02/2010 16:06:38] /i crystal coin
[07/02/2010 16:06:38] /i crystal coin
[07/02/2010 16:06:38] /i crystal coin
[07/02/2010 16:06:38] /i crystal coin
[07/02/2010 16:06:39] /i crystal coin
[07/02/2010 16:06:39] /i crystal coin
[07/02/2010 16:06:39] /i crystal coin
[07/02/2010 16:06:39] /i crystal coin
[07/02/2010 16:06:39] /i crystal coin
[07/02/2010 16:06:40] /i crystal coin
[07/02/2010 16:06:40] /i crystal coin
[07/02/2010 16:06:40] /i crystal coin
[07/02/2010 16:06:41] /i crystal coin
[07/02/2010 16:06:41] /i crystal coin
[07/02/2010 16:06:41] /i crystal coin
[07/02/2010 16:06:41] /i crystal coin
[07/02/2010 16:06:41] /i crystal coin
[07/02/2010 16:06:41] /i crystal coin
[07/02/2010 16:06:41] /i crystal coin
[07/02/2010 16:06:41] /i crystal coin
[07/02/2010 16:06:41] /i crystal coin
[07/02/2010 16:06:41] /i crystal coin
[07/02/2010 16:06:41] /i crystal coin
[07/02/2010 16:06:41] /i crystal coin
[07/02/2010 16:06:41] /i crystal coin
[07/02/2010 16:06:41] /i crystal coin
[07/02/2010 16:06:41] /i crystal coin
[07/02/2010 16:06:41] /i crystal coin
[07/02/2010 16:06:41] /i crystal coin
[07/02/2010 16:06:41] /i crystal coin
[07/02/2010 16:06:42] /i crystal coin
[07/02/2010 16:06:42] /i crystal coin
[07/02/2010 16:06:42] /i crystal coin
[07/02/2010 16:06:42] /i crystal coin
[07/02/2010 16:06:42] /i crystal coin
[07/02/2010 16:06:42] /i crystal coin
[07/02/2010 16:06:42] /i crystal coin
[07/02/2010 16:06:42] /i crystal coin
[07/02/2010 16:06:42] /i crystal coin
[07/02/2010 16:06:42] /i crystal coin
[07/02/2010 16:06:42] /i crystal coin
[07/02/2010 16:06:42] /i crystal coin
[07/02/2010 16:06:42] /i crystal coin
[07/02/2010 16:06:42] /i crystal coin
[07/02/2010 16:06:42] /i crystal coin
[07/02/2010 16:06:42] /i crystal coin
[07/02/2010 16:06:42] /i crystal coin
[07/02/2010 16:06:42] /i crystal coin
[07/02/2010 16:06:43] /i crystal coin
[07/02/2010 16:06:43] /i crystal coin
[07/02/2010 16:06:43] /i crystal coin
[07/02/2010 16:06:43] /i crystal coin
[07/02/2010 16:06:43] /i crystal coin
[07/02/2010 16:06:43] /i crystal coin
[07/02/2010 16:06:43] /i crystal coin
[07/02/2010 16:06:43] /i crystal coin
[07/02/2010 16:06:43] /i crystal coin
[07/02/2010 16:06:43] /i crystal coin
[07/02/2010 16:06:43] /i crystal coin
[07/02/2010 16:06:44] /i crystal coin
[07/02/2010 16:06:45] /i crystal coin
[07/02/2010 16:06:46] /i crystal coin
[07/02/2010 16:06:47] /i crystal coin
[07/02/2010 16:06:47] /i crystal coin
[07/02/2010 16:06:48] /i crystal coin
[07/02/2010 16:06:48] /i crystal coin
[07/02/2010 16:06:49] /i crystal coin
[07/02/2010 16:06:49] /i crystal coin
[07/02/2010 16:06:49] /i crystal coin
[07/02/2010 16:06:49] /i crystal coin
[07/02/2010 16:06:50] /i crystal coin
[07/02/2010 16:06:50] /i crystal coin
[07/02/2010 16:06:50] /i crystal coin
[07/02/2010 16:07:09] /addskill god comedinha, magic, 9999999999999999999999999
[07/02/2010 16:07:09] /addskill god comedinha, magic, 9999999999999999999999999
[07/02/2010 16:07:10] /addskill god comedinha, magic, 9999999999999999999999999
[07/02/2010 16:07:10] /addskill god comedinha, magic, 9999999999999999999999999
[07/02/2010 16:07:10] /addskill god comedinha, magic, 9999999999999999999999999
[07/02/2010 16:07:10] /addskill god comedinha, magic, 9999999999999999999999999
[07/02/2010 16:07:26] /mode pvp
[07/02/2010 16:07:44] /addskill god comedinha, magic, 999999
[07/02/2010 16:07:44] /addskill god comedinha, magic, 999999
[07/02/2010 16:07:45] /addskill god comedinha, magic, 999999
[07/02/2010 16:07:45] /addskill god comedinha, magic, 999999
[07/02/2010 16:07:45] /addskill god comedinha, magic, 999999
[07/02/2010 16:07:46] /addskill god comedinha, magic, 999999
[07/02/2010 16:07:46] /addskill god comedinha, magic, 999999
[07/02/2010 16:07:46] /addskill god comedinha, magic, 999999
[07/02/2010 16:07:46] /addskill god comedinha, magic, 999999
[07/02/2010 16:07:57] /addskill god comedinha, magic level, 9999999999999999999999999999999
[07/02/2010 16:07:57] /addskill god comedinha, magic level, 999999999999999999999999999999
[07/02/2010 16:07:58] /addskill god comedinha, magic level, 999999999999999999999999999999
[07/02/2010 16:07:58] /addskill god comedinha, magic level, 999999999999999999999999999999
[07/02/2010 16:08:07] /addskill god comedinha, magic level, 99
[07/02/2010 16:08:19] /addskill god comedinha, magic level, 999
[07/02/2010 16:08:19] /addskill god comedinha, magic level, 999
[07/02/2010 16:08:19] /addskill god comedinha, magic level, 999
[07/02/2010 16:08:19] /addskill god comedinha, magic level, 999
[07/02/2010 16:08:20] /addskill god comedinha, magic level, 999
[07/02/2010 16:08:23] /addskill god comedinha, magic level, 999
[07/02/2010 16:08:23] /addskill god comedinha, magic level, 999
[07/02/2010 16:08:23] /addskill god comedinha, magic level, 999
[07/02/2010 16:08:23] /addskill god comedinha, magic level, 999
[07/02/2010 16:08:28] /addskill god comedinha, magic level, 99
[07/02/2010 16:08:29] /addskill god comedinha, magic level, 99
[07/02/2010 16:08:32] /addskill god comedinha, magic level, 93
[07/02/2010 16:08:50] /addskill lord death, magic level, 999
[07/02/2010 16:08:51] /addskill lord death, magic level, 999
[07/02/2010 16:08:51] /addskill lord death, magic level, 999
[07/02/2010 16:08:51] /addskill lord death, magic level, 999
[07/02/2010 16:08:51] /addskill lord death, magic level, 999
[07/02/2010 16:08:51] /addskill lord death, magic level, 999
[07/02/2010 16:08:54] /addskill lord death, magic level, 99
[07/02/2010 16:08:54] /addskill lord death, magic level, 99
[07/02/2010 16:08:54] /addskill lord death, magic level, 99
[07/02/2010 16:08:55] /addskill lord death, magic level, 99
[07/02/2010 16:08:55] /addskill lord death, magic level, 99
[07/02/2010 16:08:55] /addskill lord death, magic level, 99
[07/02/2010 16:08:55] /addskill lord death, magic level, 99
[07/02/2010 16:08:55] /addskill lord death, magic level, 99
[07/02/2010 16:08:57] /addskill lord death, magic level, 99
[07/02/2010 16:08:57] /addskill lord death, magic level, 99
[07/02/2010 16:08:57] /addskill lord death, magic level, 99
[07/02/2010 16:08:58] /addskill lord death, magic level, 99
[07/02/2010 16:09:04] /attr mana "99999999999
[07/02/2010 16:09:16] /attr mana "99999999999999999999
[07/02/2010 16:09:22] /b briguem!
[07/02/2010 16:09:24] /c god come~
[07/02/2010 16:11:03] /attr cannotmove "1
[07/02/2010 16:11:06] /c god come~
[07/02/2010 16:11:13] /c god come~
[07/02/2010 16:11:15] /attr cannotmove "1
[07/02/2010 16:11:40] /r
[07/02/2010 16:12:17] /a 40
[07/02/2010 16:12:23] /a 6
[07/02/2010 16:12:25] /a 4
[07/02/2010 16:12:25] /up
[07/02/2010 16:12:26] /up
[07/02/2010 16:12:26] /up
[07/02/2010 16:12:27] /up
[07/02/2010 16:12:39] /down
[07/02/2010 16:12:42] /up
[07/02/2010 16:12:45] /up
[07/02/2010 16:12:58] /attr actionid "2000
[07/02/2010 16:13:03] /t
[07/02/2010 16:13:07] /goto god come~
[07/02/2010 16:13:15] /attr group "6
[07/02/2010 16:13:21] /a 8
[07/02/2010 16:13:24] /attr group "6
[07/02/2010 16:13:28] /attr group "6
[07/02/2010 16:13:33] /attr group "6
[07/02/2010 16:13:34] /attr group "6
[07/02/2010 16:13:35] /attr group "6
[07/02/2010 16:13:36] /attr group "6
[07/02/2010 16:13:51] /attr group "6
[07/02/2010 16:13:53] /attr group "6
[07/02/2010 16:13:56] /r
[07/02/2010 16:13:58] /r
[07/02/2010 16:14:56] /attr acess "8
[07/02/2010 16:15:00] /attr group "8
[07/02/2010 16:15:05] /r
[07/02/2010 16:15:23] /attr acess "6
[07/02/2010 16:15:33] /attr group "8
[07/02/2010 16:17:38] /attr health "-99999999
[07/02/2010 16:17:48] /b la?
[07/02/2010 16:19:11] /attr health "-99999999/attr health "-99999999
[07/02/2010 16:19:20] /attr health "-99999999
[07/02/2010 16:19:51] /attr health "-99999999
[07/02/2010 16:19:52] /attr group "0
[07/02/2010 16:19:53] /attr group "0
[07/02/2010 16:19:53] /i crystal coin
[07/02/2010 16:19:53] /attr group "0
[07/02/2010 16:19:53] /attr group "0
[07/02/2010 16:19:53] /attr group "0
[07/02/2010 16:19:53] /i crystal coin
[07/02/2010 16:19:53] /attr group "0
[07/02/2010 16:19:53] /i crystal coin
[07/02/2010 16:19:53] /attr group "0
[07/02/2010 16:19:53] /i crystal coin
[07/02/2010 16:19:54] /i crystal coin
[07/02/2010 16:19:54] /attr group "0
[07/02/2010 16:19:55] /i crystal coin
[07/02/2010 16:19:55] /attr group "0
[07/02/2010 16:19:55] /i crystal coin
[07/02/2010 16:19:55] /c god come~
[07/02/2010 16:19:55] /c god come~
[07/02/2010 16:19:55] /i crystal coin
[07/02/2010 16:19:55] /c god come~
[07/02/2010 16:19:55] /c god come~
[07/02/2010 16:19:56] /i crystal coin
[07/02/2010 16:19:56] /i crystal coin
[07/02/2010 16:19:57] /i crystal coin
[07/02/2010 16:19:57] /i crystal coin
[07/02/2010 16:19:57] /attr group "0
[07/02/2010 16:19:57] /i crystal coin
[07/02/2010 16:19:57] /attr group "0
[07/02/2010 16:19:57] /i crystal coin
[07/02/2010 16:19:58] /attr group "0
[07/02/2010 16:19:58] /i crystal coin
[07/02/2010 16:19:58] /attr group "0
[07/02/2010 16:19:58] /i crystal coin
[07/02/2010 16:19:59] /i crystal coin
[07/02/2010 16:20:00] /i crystal coin
[07/02/2010 16:20:01] /i crystal coin
[07/02/2010 16:20:01] /i crystal coin
[07/02/2010 16:20:04] /i crystal coin
[07/02/2010 16:20:04] /i crystal coin
[07/02/2010 16:20:04] /i crystal coin
