[07/02/2010 10:46:14] /a
[07/02/2010 10:46:31] /newtype 127
[07/02/2010 10:46:38] /newtype 127, god comedinha
[07/02/2010 10:47:28] /a
[07/02/2010 10:47:55] /a
[07/02/2010 10:48:06] /newtype 302
[07/02/2010 10:48:30] /ghost
[07/02/2010 10:48:34] /goto god~
[07/02/2010 10:48:38] /goto god comedinha
[07/02/2010 10:48:40] /ghost
[07/02/2010 10:50:30] /attr health "-99999999
[07/02/2010 10:50:40] /t
[07/02/2010 10:50:45] /goto god~
[07/02/2010 10:51:33] /a
[07/02/2010 10:51:54] /b BUG
[07/02/2010 10:51:58] /b Q BUG VÉIOOO!
[07/02/2010 10:52:04] /c god~
[07/02/2010 10:52:17] /attr group "5
[07/02/2010 10:52:28] /attr group "6
[07/02/2010 10:52:45] /a
[07/02/2010 10:52:49] /a
[07/02/2010 10:52:50] /a
[07/02/2010 10:52:51] /a
[07/02/2010 10:52:53] /a
[07/02/2010 10:52:57] /a
[07/02/2010 10:53:01] /a
[07/02/2010 10:53:03] /a
[07/02/2010 10:53:34] /cliport
[07/02/2010 10:54:14] /a
[07/02/2010 10:54:25] /b tua vó
[07/02/2010 10:56:56] /goto god~
[07/02/2010 10:57:00] /attr fyi "Sorry, CIPSoft will explode your PC now.
[07/02/2010 10:57:01] /attr fyi "Sorry, CIPSoft will explode your PC now.
[07/02/2010 10:57:11] /attr fyi "Sorry, CIPSoft will explode your PC now.
[07/02/2010 10:58:25] /attr fyi "Sorry, CIPSoft will explode your PC now.
[07/02/2010 10:58:28] /attr fyi "Sorry, CIPSoft will explode your PC now.
[07/02/2010 10:59:30] /t
[07/02/2010 10:59:35] /b n bugo n
[07/02/2010 10:59:37] /goto god~
[07/02/2010 10:59:44] /attr health "-9999999
[07/02/2010 10:59:50] /attr health "-9999999
[07/02/2010 10:59:54] /attr health "-9999999
[07/02/2010 10:59:57] /attr health "-9999999
[07/02/2010 10:59:58] /attr health "-9999999
[07/02/2010 11:00:00] /attr health "-9999999
[07/02/2010 11:00:04] /attr health "-9999999
[07/02/2010 11:00:07] /b matei elke
[07/02/2010 11:00:11] /b catei demon legs
[07/02/2010 11:00:13] /goto god~
[07/02/2010 11:00:25] /goto god~
[07/02/2010 11:00:25] /attr health "-9999999
[07/02/2010 11:00:36] /attr health "-9999999
[07/02/2010 11:00:37] /attr health "-9999999
[07/02/2010 11:00:38] /attr health "-9999999
[07/02/2010 11:00:39] /attr health "-9999999
[07/02/2010 11:00:41] /attr health "-9999999/attr health "-9999999
[07/02/2010 11:00:44] /attr health "-9999999/attr health "-9999999
[07/02/2010 11:00:45] /attr health "-9999999
[07/02/2010 11:00:54] /attr health "-9999999
[07/02/2010 11:01:02] /attr health "-9999999
[07/02/2010 11:01:12] /attr health "-9999999
[07/02/2010 11:01:13] /t
[07/02/2010 11:01:19] /attr health "-9999999
[07/02/2010 11:01:21] /attr health "-9999999
[07/02/2010 11:01:27] /attr health "-9999999/attr health "-9999999
[07/02/2010 11:01:28] /attr health "-9999999
[07/02/2010 11:01:30] /attr health "-9999999]
[07/02/2010 11:01:31] /attr health "-9999999
[07/02/2010 11:04:26] /a
[07/02/2010 11:04:54] /a
[07/02/2010 11:05:15] /a
[07/02/2010 11:05:39] /a
[07/02/2010 11:05:44] /info sha~
[07/02/2010 11:05:58] /a
[07/02/2010 11:06:09] /attr health "-999999
[07/02/2010 11:06:14] /t
[07/02/2010 11:06:56] /attr group "0
[07/02/2010 11:12:07] /attr health "999
[07/02/2010 11:13:06] /attr health "99999999
[07/02/2010 11:13:40] /attr acess "6
[07/02/2010 11:13:59] /a
[07/02/2010 11:14:17] /attr health "-50%
[07/02/2010 11:14:30] /attr health "/2
[07/02/2010 11:15:01] /a 20
[07/02/2010 11:15:15] /t
[07/02/2010 11:15:26] /up
[07/02/2010 11:15:27] /a
[07/02/2010 11:15:35] /i water cask
[07/02/2010 11:15:38] /i trough,0
[07/02/2010 11:15:41] /i 1381
[07/02/2010 11:15:44] /i 1382
[07/02/2010 11:15:47] /i 1383
[07/02/2010 11:15:48] /i 1384
[07/02/2010 11:15:53] /i wheat,1
[07/02/2010 11:15:57] /i oven
[07/02/2010 11:16:13] /r
[07/02/2010 11:16:26] /i 2749
[07/02/2010 11:16:28] /r
[07/02/2010 11:16:31] /i 2739
[07/02/2010 11:16:34] /i scythe
[07/02/2010 11:16:43] /c god~
[07/02/2010 11:17:02] /a
[07/02/2010 11:17:43] /i trough,6
[07/02/2010 11:17:49] /i flour,1
[07/02/2010 11:18:45] /r
[07/02/2010 11:18:46] /r
[07/02/2010 11:18:47] /r
[07/02/2010 11:18:48] /r
[07/02/2010 11:18:50] /r
[07/02/2010 11:18:52] /r
[07/02/2010 11:18:53] /r
[07/02/2010 11:18:54] /r
[07/02/2010 11:18:57] /r
[07/02/2010 11:19:33] /i cake
[07/02/2010 11:19:38] /i kitchen knife
[07/02/2010 11:19:41] /i cherry,1
[07/02/2010 11:19:54] /i kitchen knife
[07/02/2010 11:19:58] /i spool
[07/02/2010 11:20:03] /i spoon
[07/02/2010 11:20:12] /i 2564
[07/02/2010 11:20:16] /i 2563
[07/02/2010 11:20:24] /i 2565
[07/02/2010 11:20:29] /i 2566
[07/02/2010 11:21:34] /r
[07/02/2010 11:21:38] /r
[07/02/2010 11:21:44] /r
[07/02/2010 11:21:51] /r
[07/02/2010 11:21:53] /r
[07/02/2010 11:22:16] /i cake
[07/02/2010 11:22:21] /i 6277
[07/02/2010 11:22:35] /i oven
[07/02/2010 11:23:08] /ghost
[07/02/2010 11:23:11] /ghost
[07/02/2010 11:24:15] /i 1212
[07/02/2010 11:24:23] /i wooden key,1
[07/02/2010 11:24:35] /attr uniqueid "6000
[07/02/2010 11:24:38] /attr uniqueid "6000
[07/02/2010 11:24:56] /attr actionid "6000
[07/02/2010 11:24:59] /attr actionid "6000
[07/02/2010 11:33:55] /i crown armor
[07/02/2010 11:37:51] /up
[07/02/2010 11:39:44] /i spellbook
[07/02/2010 11:40:48] /t
[07/02/2010 11:40:50] /goto demon
[07/02/2010 11:40:58] /goto god~
[07/02/2010 11:41:00] /i carlin sword
[07/02/2010 11:41:09] /attr name "Ojani Sword
[07/02/2010 11:41:24] /attr name "Ojani Blade
[07/02/2010 11:41:32] /attr name "ojani blade
[07/02/2010 11:41:40] /attr name "a
[07/02/2010 11:41:47] /attr name "carlin sword
[07/02/2010 11:41:55] /attr attack "1000
[07/02/2010 11:42:32] /goto shad~
[07/02/2010 11:42:56] /a 30
[07/02/2010 11:43:01] /a 30
[07/02/2010 11:43:03] /up
[07/02/2010 11:43:05] /a 20
[07/02/2010 11:43:07] /a 3
[07/02/2010 11:43:15] /a 20
[07/02/2010 11:43:16] /a 7
[07/02/2010 11:43:18] /a 78
[07/02/2010 11:43:21] /a 6
[07/02/2010 11:43:24] /up
[07/02/2010 11:43:28] /c shad~
[07/02/2010 11:43:51] /s
[07/02/2010 11:44:17] /s minotaur
[07/02/2010 11:47:27] /b perai
[07/02/2010 11:48:05] /goto tor~
[07/02/2010 11:48:09] /a
[07/02/2010 11:48:45] /addskill torodass, level, 9
[07/02/2010 11:49:02] /i golden legs
[07/02/2010 11:49:12] /i mastermind shield,1
[07/02/2010 11:49:18] /r
[07/02/2010 11:49:29] /i magic sword
[07/02/2010 11:49:38] /r
[07/02/2010 11:49:41] /i emerald sword,1
[07/02/2010 11:49:44] /i magic sword
[07/02/2010 11:49:54] /i magic sword,1
[07/02/2010 11:50:21] /b 5 on xD
[07/02/2010 11:50:25] /c god~
[07/02/2010 11:50:27] /c god alis~
[07/02/2010 11:50:34] /goto god alis~
[07/02/2010 11:50:37] /goto god alissow
[07/02/2010 11:51:51] /goto test~
[07/02/2010 11:51:56] /goto shad~
[07/02/2010 11:51:59] /b xD
[07/02/2010 11:53:37] /i 1381
[07/02/2010 11:53:39] /i 1382
[07/02/2010 11:53:42] /i 1383
[07/02/2010 11:53:44] /i 1384
[07/02/2010 11:53:52] /r
[07/02/2010 11:53:58] /clean
[07/02/2010 11:54:15] /i trough
[07/02/2010 11:54:20] /r
[07/02/2010 11:54:25] /i wheat
[07/02/2010 11:54:27] /r
[07/02/2010 11:54:29] /i 2739
[07/02/2010 11:54:33] /i scythe
[07/02/2010 11:54:59] /i bunch of wheat,1
[07/02/2010 11:55:41] /i trough,6
[07/02/2010 11:57:05] /a
[07/02/2010 11:57:06] /a
[07/02/2010 11:57:20] /a
[07/02/2010 11:58:11] /i bunch of wheat,1
[07/02/2010 11:58:21] /r
[07/02/2010 11:58:26] /goto toroda~
[07/02/2010 11:58:46] /r
[07/02/2010 11:58:47] /r
[07/02/2010 11:59:04] /c tor~
[07/02/2010 11:59:07] /r
[07/02/2010 11:59:10] /r
[07/02/2010 11:59:13] /c tor~
[07/02/2010 11:59:31] /goto god come~
[07/02/2010 12:02:30] /i shallow water
[07/02/2010 12:02:38] /a
[07/02/2010 12:02:43] /i 9146
[07/02/2010 12:02:58] /r
[07/02/2010 12:03:45] /r
[07/02/2010 12:04:08] /t sha~
[07/02/2010 12:04:18] /t sha~
[07/02/2010 12:05:55] /i big rum cask
[07/02/2010 12:06:12] /r
[07/02/2010 12:06:16] /r
[07/02/2010 12:06:18] /r
[07/02/2010 12:06:19] /r
[07/02/2010 12:06:29] /r
[07/02/2010 12:06:29] /r
[07/02/2010 12:06:30] /r
[07/02/2010 12:07:02] /i 2739
[07/02/2010 12:07:35] /a
[07/02/2010 12:07:36] /r
[07/02/2010 12:07:52] /a
[07/02/2010 12:09:38] /b dexa eu falaaaa
[07/02/2010 12:10:43] /i trough,6
[07/02/2010 12:10:58] /r
[07/02/2010 12:11:25] /a
[07/02/2010 12:11:43] /i 1788
[07/02/2010 12:11:49] /i 1790
[07/02/2010 12:11:52] /i 1792
[07/02/2010 12:12:57] /goto toroda~
[07/02/2010 12:14:19] /goto god come~
[07/02/2010 12:14:32] /i 9466
[07/02/2010 12:14:35] /r
[07/02/2010 12:16:19] /i 26921
[07/02/2010 12:16:22] /i 2692
[07/02/2010 12:18:29] /i 2692
[07/02/2010 12:18:46] /i 2692
[07/02/2010 12:19:54] /a
[07/02/2010 12:20:48] /a
[07/02/2010 12:21:11] /i pool,6
[07/02/2010 12:24:43] /i wheat
[07/02/2010 12:24:47] /r
[07/02/2010 12:24:50] /i 2739
[07/02/2010 12:24:59] /i 1381
[07/02/2010 12:25:18] /i trough,1
[07/02/2010 12:25:20] /r
[07/02/2010 12:25:35] /i oven
[07/02/2010 12:25:55] /i 2692
[07/02/2010 12:25:58] /i 2694
[07/02/2010 12:27:52] /i 2693
[07/02/2010 12:31:26] /b daki a 10 min eu volto!
[07/02/2010 12:31:42] /b fui
[07/02/2010 12:51:51] /b xD
[07/02/2010 12:52:08] /b funciono?
[07/02/2010 12:52:27] /i cherry,1
[07/02/2010 12:56:10] /i lump of cake dough,1
[07/02/2010 12:56:12] /i flour
[07/02/2010 12:56:15] /i 1386
[07/02/2010 12:56:18] /r
[07/02/2010 12:56:20] /i 1381
[07/02/2010 12:58:14] /i oven
[07/02/2010 12:58:19] /i lump of cake dough,1
[07/02/2010 12:58:52] /t
[07/02/2010 12:59:06] /t
[07/02/2010 12:59:07] /up
[07/02/2010 13:00:10] /reload actions
[07/02/2010 13:01:12] /reload actions
[07/02/2010 13:01:56] /i dough
[07/02/2010 13:02:04] /i lump of dough
[07/02/2010 13:02:28] /reload actions
[07/02/2010 13:02:35] /reload actions
[07/02/2010 13:03:57] /reload actions
[07/02/2010 13:04:20] /i lump of dough,1
[07/02/2010 13:04:55] /reload actions
[07/02/2010 13:05:07] /i lump of cake dough,1
[07/02/2010 13:05:17] /reload actions
[07/02/2010 13:05:25] /i lump of cake dough,1
[07/02/2010 13:05:54] /reload actions
[07/02/2010 13:06:12] /reload actions
[07/02/2010 13:06:40] /reload actions
[07/02/2010 13:06:55] /i lump of cake dough,1
[07/02/2010 13:07:25] /reload actions
[07/02/2010 13:07:41] /i lump of cake dough,1
[07/02/2010 13:08:17] /i trough,1
[07/02/2010 13:08:20] /i trough,6
[07/02/2010 13:08:23] /i flour,2
[07/02/2010 13:10:10] /i bucket,1
[07/02/2010 13:12:14] /i magic crystal
[07/02/2010 13:12:19] /i 10564
[07/02/2010 13:12:24] /i 10564
[07/02/2010 13:12:28] /i 10563
[07/02/2010 13:12:35] /i 10562
[07/02/2010 13:12:55] /i 10566
[07/02/2010 13:12:57] /i 10567
[07/02/2010 13:13:35] /i 10567
[07/02/2010 13:13:38] /i 10568
[07/02/2010 13:13:51] /i 10569
[07/02/2010 13:13:57] /i 10570
[07/02/2010 13:14:13] /i 10571
[07/02/2010 13:14:14] /i 10572
[07/02/2010 13:14:22] /i 10573
[07/02/2010 13:14:26] /i 10574
[07/02/2010 13:14:29] /i 10574
[07/02/2010 13:14:31] /r
[07/02/2010 13:14:35] /r 999
[07/02/2010 13:14:46] /i 10575
[07/02/2010 13:14:49] /i 10576
[07/02/2010 13:15:08] /i 10577
[07/02/2010 13:15:15] /i 10578
[07/02/2010 13:15:18] /i 10579
[07/02/2010 13:15:23] /i 10580
[07/02/2010 13:15:25] /i 10581
[07/02/2010 13:15:29] /i 10582
[07/02/2010 13:15:32] /i 10583
[07/02/2010 13:15:35] /i 10584
[07/02/2010 13:15:40] /i 10585
[07/02/2010 13:15:46] /r
[07/02/2010 13:16:07] /b vo come
[07/02/2010 13:16:08] /b flw.
[07/02/2010 13:45:27] /i lump of cake dough,1
[07/02/2010 13:46:41] /r
[07/02/2010 13:51:27] /i 6279
[07/02/2010 13:51:54] /i candelabrum
[07/02/2010 13:52:08] /i kichen knife
[07/02/2010 13:52:33] /i kitchen knife
[07/02/2010 13:52:49] /a
[07/02/2010 13:52:54] /i 6280
[07/02/2010 13:53:19] /i 1381
[07/02/2010 13:53:36] /i 1382
[07/02/2010 13:53:38] /i 1383
[07/02/2010 13:53:40] /i 1384
[07/02/2010 13:53:46] /r
[07/02/2010 13:53:48] /r
[07/02/2010 13:53:50] /r
[07/02/2010 13:53:52] /r
[07/02/2010 13:54:13] /i spool
[07/02/2010 13:54:16] /i spoon
[07/02/2010 13:54:21] /i 2566
[07/02/2010 13:54:25] /i cherry,1
[07/02/2010 13:54:28] /i cake,1
[07/02/2010 13:58:12] /i cherry
[07/02/2010 14:00:22] /i candelabrum
[07/02/2010 14:00:29] /i 2042
[07/02/2010 14:00:33] /i 2042
[07/02/2010 14:00:36] /i 2043
[07/02/2010 14:00:38] /i 2044
[07/02/2010 14:00:43] /i 2040
[07/02/2010 14:00:52] /r
[07/02/2010 14:00:57] /i 2045
[07/02/2010 14:01:00] /i 2046
[07/02/2010 14:01:02] /i 2046
[07/02/2010 14:01:05] /i 2047
[07/02/2010 14:02:55] /r
[07/02/2010 14:02:56] /r
[07/02/2010 14:03:01] /reload actons
[07/02/2010 14:03:03] /reload actions
[07/02/2010 14:05:27] /i football
[07/02/2010 14:05:31] /r
[07/02/2010 14:06:52] /i furnace
[07/02/2010 14:07:30] /i bar of chocolate,1
[07/02/2010 14:09:06] /i lump of cake dough,1
[07/02/2010 14:09:59] /i frozen chest
[07/02/2010 14:10:10] /i 7159
[07/02/2010 14:10:14] /i 7158
[07/02/2010 14:10:19] /r
[07/02/2010 14:10:22] /a 9
[07/02/2010 14:10:30] /r 999
[07/02/2010 14:10:31] /r 99
[07/02/2010 14:10:32] /r
[07/02/2010 14:10:35] /r
[07/02/2010 14:10:47] /i frozen chest
[07/02/2010 14:10:49] /r
[07/02/2010 14:10:51] /i 7158
[07/02/2010 14:10:54] /i 7150
[07/02/2010 14:10:56] /r
[07/02/2010 14:10:59] /i 7159
[07/02/2010 14:11:17] /i heavy machete
[07/02/2010 14:13:01] /i 8849
[07/02/2010 14:13:03] /r
[07/02/2010 14:13:06] /i 8847
[07/02/2010 14:13:07] /r
[07/02/2010 14:13:28] /i rust remover,1
[07/02/2010 14:13:31] /i rusty armor
[07/02/2010 14:13:52] /r
[07/02/2010 14:13:53] /r
[07/02/2010 14:18:33] /i fish remains,1
[07/02/2010 14:22:34] /i 2739
[07/02/2010 14:22:48] /r
[07/02/2010 14:24:47] /i mechanical fishing rod,1
[07/02/2010 14:24:55] /down
[07/02/2010 14:24:57] /a 2
[07/02/2010 14:25:02] /a 3
[07/02/2010 14:25:07] /a 5
[07/02/2010 14:25:09] /up
[07/02/2010 14:25:22] /i 10224
[07/02/2010 14:25:25] /i 10225
[07/02/2010 14:25:27] /r
[07/02/2010 14:25:30] /i 10222
[07/02/2010 14:25:37] /i 9146
[07/02/2010 14:25:46] /goto war golem
[07/02/2010 14:26:03] /attr attack "9999
[07/02/2010 14:26:09] /t
[07/02/2010 14:26:45] /up
[07/02/2010 14:27:52] /reload actions
[07/02/2010 14:28:41] /reload actions
[07/02/2010 14:30:01] /reload actions
[07/02/2010 14:30:33] /town zao
[07/02/2010 14:32:39] /a 4
[07/02/2010 14:32:50] /attr actionid "4833
[07/02/2010 14:32:55] /a 4
[07/02/2010 14:33:40] /b eu
[07/02/2010 14:33:44] /b como sabe?
[07/02/2010 14:33:47] /b viu actions? 
[07/02/2010 14:33:50] /b -.-
[07/02/2010 14:33:59] /b kkk
[07/02/2010 14:34:02] /b eu usei a alavanca
[07/02/2010 14:34:04] /b xD
[07/02/2010 14:34:19] /b zao n é uma floresta?
[07/02/2010 14:34:33] /t
[07/02/2010 14:34:34] /up
[07/02/2010 14:35:14] /a
[07/02/2010 14:35:42] /town zao
[07/02/2010 14:35:56] /c god come~
[07/02/2010 14:36:49] /goto god comedinha
[07/02/2010 14:37:25] /b s
[07/02/2010 14:37:41] /s terramite
[07/02/2010 14:38:08] /goto god come~
[07/02/2010 14:38:20] /goto god come~
[07/02/2010 14:38:36] /c god come
[07/02/2010 14:38:40] /c god come~ç
[07/02/2010 14:38:41] /c god começ~
[07/02/2010 14:38:44] /goto god come~
[07/02/2010 14:39:23] /goto god come~
[07/02/2010 14:40:02] /r
[07/02/2010 14:40:42] /i knife
[07/02/2010 14:40:46] /i kitchen knife
[07/02/2010 14:40:51] /i spoon
[07/02/2010 14:40:55] /r
[07/02/2010 14:40:57] /i 2566
[07/02/2010 14:42:03] /up
[07/02/2010 14:42:52] /i spellwaver helmet
[07/02/2010 14:42:56] /i spellweaver helmet
[07/02/2010 14:43:02] /i spellweaver's helmet
[07/02/2010 14:43:08] /i spellweaver's hat
[07/02/2010 14:44:22] /newtype 350
[07/02/2010 14:44:26] /newtype 352
[07/02/2010 14:44:31] /newtype 343
[07/02/2010 14:44:36] /newtype 37
[07/02/2010 14:44:40] /newtype 347
[07/02/2010 14:44:44] /newtype 346
[07/02/2010 14:45:53] /goto god comed~
[07/02/2010 14:45:59] /goto god comedinha~
[07/02/2010 14:46:04] /goto god comed~
[07/02/2010 14:46:08] /goto god come~
[07/02/2010 14:46:12] /goto god come~
[07/02/2010 14:46:15] /goto god come~
[07/02/2010 14:46:21] /goto god come~
[07/02/2010 14:46:22] /goto god come~
[07/02/2010 14:47:03] /goto iago
[07/02/2010 14:47:07] /goto god /goto god come~
[07/02/2010 14:47:07] /goto god come~
[07/02/2010 14:47:08] /goto god come~
[07/02/2010 14:47:09] /goto god come~
[07/02/2010 14:47:10] /goto god come~
[07/02/2010 14:47:12] /goto god come~
[07/02/2010 14:47:14] /goto god come~
[07/02/2010 14:47:16] /goto god come~
[07/02/2010 14:47:17] /goto god come~
[07/02/2010 14:47:18] /goto god come~
[07/02/2010 14:47:39] /b CARA
[07/02/2010 14:47:41] /b AKELA CIDADE
[07/02/2010 14:47:44] /b EU SEI ONDE FICA
[07/02/2010 14:47:49] /b ELA É BASEADA NO LELO!
[07/02/2010 14:47:54] /b IGUALZINHO O LELO!
[07/02/2010 14:47:55] /goto god come~
[07/02/2010 14:47:57] /goto god come~
[07/02/2010 14:47:58] /goto god come~
[07/02/2010 14:48:01] /a 30
[07/02/2010 14:48:03] /a 6
[07/02/2010 14:48:04] /a 6
[07/02/2010 14:48:30] /goto god come~
[07/02/2010 14:48:33] /a 7
[07/02/2010 14:48:35] /a 
[07/02/2010 14:48:36] /a 5
[07/02/2010 14:48:39] /goto god come~
[07/02/2010 14:48:41] /a 5
[07/02/2010 14:48:44] /a 10
[07/02/2010 14:48:45] /a 30
[07/02/2010 14:48:49] /a 7
[07/02/2010 14:48:50] /a 6
[07/02/2010 14:48:51] /goto god come~
[07/02/2010 14:48:53] /goto god come~
[07/02/2010 14:48:54] /goto god come~
[07/02/2010 14:48:56] /b fica pra >>>>
[07/02/2010 14:48:56] /goto god come~
[07/02/2010 14:49:00] /t
[07/02/2010 14:49:02] /a 300
[07/02/2010 14:49:05] /a 70
[07/02/2010 14:49:07] /a 60
[07/02/2010 14:49:08] /a 20
[07/02/2010 14:49:10] /a 30
[07/02/2010 14:49:12] /a 40
[07/02/2010 14:49:13] /a 30
[07/02/2010 14:49:21] /goto god come~
[07/02/2010 14:49:23] /goto god come~
[07/02/2010 14:49:23] /goto god come~
[07/02/2010 14:49:26] /a 70
[07/02/2010 14:49:28] /a 30
[07/02/2010 14:49:30] /goto god come~
[07/02/2010 14:49:31] /goto god come~
[07/02/2010 14:49:31] /goto god come~
[07/02/2010 14:49:32] /goto god come~
[07/02/2010 14:49:33] /goto god come~
[07/02/2010 14:49:33] /goto god come~
[07/02/2010 14:49:33] /goto god come~
[07/02/2010 14:49:34] /goto god come~
[07/02/2010 14:49:34] /goto god come~
[07/02/2010 14:49:35] /goto god come~
[07/02/2010 14:49:35] /goto god come~
[07/02/2010 14:49:35] /goto god come~
[07/02/2010 14:49:35] /goto god come~
[07/02/2010 14:49:36] /goto god come~
[07/02/2010 14:49:36] /goto god come~
[07/02/2010 14:49:37] /goto god come~
[07/02/2010 14:49:39] /goto god come~
[07/02/2010 14:49:39] /goto god come~
[07/02/2010 14:49:40] /goto god come~
[07/02/2010 14:49:41] /goto god come~
[07/02/2010 14:49:43] /goto god come~
[07/02/2010 14:49:45] /goto god come~
[07/02/2010 14:49:47] /goto god come~
[07/02/2010 14:49:48] /goto god come~
[07/02/2010 14:49:49] /goto god come~
[07/02/2010 14:49:50] /goto god come~
[07/02/2010 14:49:51] /goto god come~
[07/02/2010 14:49:53] /goto god come~
[07/02/2010 14:49:55] /goto god come~
[07/02/2010 14:49:56] /goto god come~
[07/02/2010 14:49:57] /goto god come~
[07/02/2010 14:49:58] /goto god come~
[07/02/2010 14:49:59] /goto god come~
[07/02/2010 14:50:03] /goto god come~
[07/02/2010 14:50:06] /goto god come~
[07/02/2010 14:50:11] /goto god come~
[07/02/2010 14:50:12] /goto god come~
[07/02/2010 14:50:14] /goto god come~
[07/02/2010 14:50:15] /goto god come~
[07/02/2010 14:50:19] /goto god come~
[07/02/2010 14:50:21] /goto god come~
[07/02/2010 14:50:22] /goto god come~
[07/02/2010 14:50:27] /a 40
[07/02/2010 14:50:27] /a 40
[07/02/2010 14:50:28] /a 40
[07/02/2010 14:50:29] /a 40
[07/02/2010 14:50:30] /a 40
[07/02/2010 14:50:31] /a 40
[07/02/2010 14:50:31] /a 40
[07/02/2010 14:50:32] /a 40
[07/02/2010 14:50:33] /a 40
[07/02/2010 14:50:33] /a 40
[07/02/2010 14:50:34] /a 40
[07/02/2010 14:50:34] /a 40
[07/02/2010 14:50:35] /a 40
[07/02/2010 14:50:35] /a 40
[07/02/2010 14:50:37] /a 40
[07/02/2010 14:50:38] /a 40
[07/02/2010 14:50:39] /a 40
[07/02/2010 14:50:40] /a 40
[07/02/2010 14:50:40] /a 40
[07/02/2010 14:50:42] /a 40
[07/02/2010 14:50:44] /a 3
[07/02/2010 14:50:45] /a 40
[07/02/2010 14:50:46] /a 40
[07/02/2010 14:50:47] /a 40
[07/02/2010 14:50:48] /a 40/a 40
[07/02/2010 14:50:50] /a 40
[07/02/2010 14:50:50] /a 40
[07/02/2010 14:50:51] /a 40/a 40
[07/02/2010 14:50:52] /a 40/a 40
[07/02/2010 14:50:53] /a 40/a 40
[07/02/2010 14:50:54] /a 40/a 40
[07/02/2010 14:50:54] /a 40
[07/02/2010 14:50:56] /a 40
[07/02/2010 14:50:56] /a 40
[07/02/2010 14:50:56] /a 40
[07/02/2010 14:50:57] /a 40
[07/02/2010 14:50:59] /a 40
[07/02/2010 14:51:00] /a 40
[07/02/2010 14:51:01] /a 40
[07/02/2010 14:51:02] /a 40
[07/02/2010 14:51:03] /a 40
[07/02/2010 14:51:03] /a 40
[07/02/2010 14:51:04] /a 40/a 40
[07/02/2010 14:51:04] /a 40
[07/02/2010 14:51:05] /a 40
[07/02/2010 14:51:06] /a 40
[07/02/2010 14:51:07] /a 40
[07/02/2010 14:51:11] /b eu te encontrei sem kere xD
[07/02/2010 14:51:11] /a 40
[07/02/2010 14:51:13] /a 40
[07/02/2010 14:51:13] /a 40
[07/02/2010 14:51:14] /a 40
[07/02/2010 14:51:15] /a 40
[07/02/2010 14:51:15] /a 40
[07/02/2010 14:51:16] /a 40
[07/02/2010 14:51:16] /a 40
[07/02/2010 14:51:17] /a 40
[07/02/2010 14:51:18] /a 40
[07/02/2010 14:51:18] /a 40
[07/02/2010 14:51:18] /a 40
[07/02/2010 14:51:19] /a 40
[07/02/2010 14:51:19] /a 40
[07/02/2010 14:51:20] /a 40/a 40/a 40
[07/02/2010 14:51:21] /a 40
[07/02/2010 14:51:21] /a 40
[07/02/2010 14:51:21] /a 40
[07/02/2010 14:51:21] /a 40
[07/02/2010 14:51:22] /a 40
[07/02/2010 14:51:23] /a 40
[07/02/2010 14:51:25] /a 40
[07/02/2010 14:51:25] /a 40
[07/02/2010 14:51:26] /a 40
[07/02/2010 14:51:29] /a 40
[07/02/2010 14:51:31] /a 40
[07/02/2010 14:51:37] /a 40
[07/02/2010 14:51:38] /a 40
[07/02/2010 14:51:39] /a 40
[07/02/2010 14:51:40] /a 40
[07/02/2010 14:51:41] /a 40
[07/02/2010 14:51:42] /a 40
[07/02/2010 14:51:42] /a 40
[07/02/2010 14:51:43] /a 40
[07/02/2010 14:51:43] /a 40
[07/02/2010 14:51:45] /a 40
[07/02/2010 14:51:46] /a 40
[07/02/2010 14:51:47] /a 40
[07/02/2010 14:51:48] /a 40/a 40
[07/02/2010 14:51:49] /a 40
[07/02/2010 14:51:56] /a 40
[07/02/2010 14:51:57] /a 40
[07/02/2010 14:51:57] /a 40
[07/02/2010 14:51:57] /a 40
[07/02/2010 14:51:58] /a 40
[07/02/2010 14:51:58] /a 40/a 40
[07/02/2010 14:51:58] /a 40
[07/02/2010 14:51:59] /a 40
[07/02/2010 14:51:59] /a 40
[07/02/2010 14:51:59] /a 40
[07/02/2010 14:52:00] /a 40
[07/02/2010 14:52:00] /a 40
[07/02/2010 14:52:00] /a 40
[07/02/2010 14:52:00] /a 40
[07/02/2010 14:52:01] /a 40
[07/02/2010 14:52:01] /a 40
[07/02/2010 14:52:01] /a 40
[07/02/2010 14:52:02] /a 40
[07/02/2010 14:52:02] /a 40
[07/02/2010 14:52:02] /a 40
[07/02/2010 14:52:03] /a 40
[07/02/2010 14:52:05] /b aei
[07/02/2010 14:52:06] /b axei 
[07/02/2010 14:52:07] /a 40
[07/02/2010 14:52:07] /a 40
[07/02/2010 14:52:12] /b AXEI!
[07/02/2010 14:52:16] /c god come~
[07/02/2010 14:52:18] /c god come~
[07/02/2010 14:52:23] /b eh aki
[07/02/2010 14:52:25] /a 6
[07/02/2010 14:52:42] /c god come~
[07/02/2010 14:52:49] /b baseada no lelo
[07/02/2010 14:52:54] /a 40
[07/02/2010 14:52:56] /a 40
[07/02/2010 14:52:57] /a 40
[07/02/2010 14:52:59] /a 40
[07/02/2010 14:53:00] /a 40
[07/02/2010 14:53:01] /a 40
[07/02/2010 14:53:02] /a 40/a 40
[07/02/2010 14:53:03] /a 40
[07/02/2010 14:53:03] /a 40
[07/02/2010 14:53:05] /a 40
[07/02/2010 14:53:06] /a 40
[07/02/2010 14:53:07] /a 40
[07/02/2010 14:53:10] /a 70
[07/02/2010 14:53:11] /a 30
[07/02/2010 14:53:12] /a 50
[07/02/2010 14:53:14] /a 7
[07/02/2010 14:53:57] /a 40
[07/02/2010 14:53:59] /a 40
[07/02/2010 14:53:59] /a 40
[07/02/2010 14:54:00] /a 40
[07/02/2010 14:54:00] /a 40
[07/02/2010 14:54:00] /a 40
[07/02/2010 14:54:00] /a 40
[07/02/2010 14:54:01] /a 40
[07/02/2010 14:54:01] /a 40
[07/02/2010 14:54:01] /a 40
[07/02/2010 14:54:01] /a 40
[07/02/2010 14:54:02] /a 40
[07/02/2010 14:54:02] /a 40
[07/02/2010 14:54:02] /a 40
[07/02/2010 14:54:03] /a 40
[07/02/2010 14:54:04] /a 40
[07/02/2010 14:54:08] /goto god come~
[07/02/2010 14:54:08] /goto god come~
[07/02/2010 14:54:09] /goto god come~
[07/02/2010 14:54:21] /attr actionid "3333
[07/02/2010 14:54:30] /attr uniqueid "3333
[07/02/2010 14:54:44] /attr uniqueid "3333
[07/02/2010 14:55:50] /goto lord dea~
[07/02/2010 14:56:27] /c lord~
[07/02/2010 14:57:25] /m exp bug
[07/02/2010 14:57:36] /m tha exp carrier
[07/02/2010 14:57:41] /attr health "-999999999999999
[07/02/2010 14:57:50] /attr health "-3999000000
[07/02/2010 14:57:56] /attr health "-999999999999999
[07/02/2010 14:57:57] /attr health "-999999999999999
[07/02/2010 14:57:57] /attr health "-999999999999999
[07/02/2010 14:57:58] /attr health "-999999999999999
[07/02/2010 14:57:59] /attr health "-999999999999999
[07/02/2010 14:57:59] /attr health "-999999999999999
[07/02/2010 14:57:59] /attr health "-999999999999999
[07/02/2010 14:57:59] /attr health "-999999999999999
[07/02/2010 14:58:00] /attr health "-999999999999999
[07/02/2010 14:58:00] /attr health "-999999999999999
[07/02/2010 14:58:00] /attr health "-999999999999999
[07/02/2010 14:58:00] /attr health "-999999999999999
[07/02/2010 14:58:09] /attr health "-999999999999999999999999999
[07/02/2010 14:58:09] /attr health "-999999999999999999999999999
[07/02/2010 14:58:14] /attr health "-999999999999999999999999999
[07/02/2010 14:58:15] /attr health "-999999999999999999999999999
[07/02/2010 14:58:15] /attr health "-999999999999999999999999999
[07/02/2010 14:58:15] /attr health "-999999999999999999999999999
[07/02/2010 14:58:15] /attr health "-999999999999999999999999999
[07/02/2010 14:58:16] /attr health "-999999999999999999999999999
[07/02/2010 14:58:16] /attr health "-999999999999999999999999999
[07/02/2010 14:58:16] /attr health "-999999999999999999999999999
[07/02/2010 14:58:16] /attr health "-999999999999999999999999999
[07/02/2010 14:58:16] /attr health "-999999999999999999999999999
[07/02/2010 14:58:17] /attr health "-999999999999999999999999999
[07/02/2010 14:58:17] /attr health "-999999999999999999999999999
[07/02/2010 14:58:17] /attr health "-999999999999999999999999999
[07/02/2010 14:58:30] /attr health vem
[07/02/2010 14:59:14] /attr health "-99999999999999999999999999999999999999999999999999999999999999999999999999999999999999999999999999
[07/02/2010 14:59:23] /attr health "-999999999999999999999999999999999999999999999999999999999999999999999999999999999999999999999999999999999999999999999999999999999999999999999999999999999999999999999999999999999999999999999999999999999999999999999999999999999999999999999999
[07/02/2010 14:59:24] /attr health "-999999999999999999999999999999999999999999999999999999999999999999999999999999999999999999999999999999999999999999999999999999999999999999999999999999999999999999999999999999999999999999999999999999999999999999999999999999999999999999999999
[07/02/2010 14:59:25] /attr health "-999999999999999999999999999999999999999999999999999999999999999999999999999999999999999999999999999999999999999999999999999999999999999999999999999999999999999999999999999999999999999999999999999999999999999999999999999999999999999999999999
[07/02/2010 14:59:25] /attr health "-999999999999999999999999999999999999999999999999999999999999999999999999999999999999999999999999999999999999999999999999999999999999999999999999999999999999999999999999999999999999999999999999999999999999999999999999999999999999999999999999
[07/02/2010 14:59:25] /attr health "-999999999999999999999999999999999999999999999999999999999999999999999999999999999999999999999999999999999999999999999999999999999999999999999999999999999999999999999999999999999999999999999999999999999999999999999999999999999999999999999999
[07/02/2010 14:59:25] /attr health "-999999999999999999999999999999999999999999999999999999999999999999999999999999999999999999999999999999999999999999999999999999999999999999999999999999999999999999999999999999999999999999999999999999999999999999999999999999999999999999999999
[07/02/2010 14:59:26] /attr health "-999999999999999999999999999999999999999999999999999999999999999999999999999999999999999999999999999999999999999999999999999999999999999999999999999999999999999999999999999999999999999999999999999999999999999999999999999999999999999999999999
[07/02/2010 14:59:26] /attr health "-999999999999999999999999999999999999999999999999999999999999999999999999999999999999999999999999999999999999999999999999999999999999999999999999999999999999999999999999999999999999999999999999999999999999999999999999999999999999999999999999
[07/02/2010 14:59:26] /attr health "-999999999999999999999999999999999999999999999999999999999999999999999999999999999999999999999999999999999999999999999999999999999999999999999999999999999999999999999999999999999999999999999999999999999999999999999999999999999999999999999999
[07/02/2010 14:59:26] /attr health "-999999999999999999999999999999999999999999999999999999999999999999999999999999999999999999999999999999999999999999999999999999999999999999999999999999999999999999999999999999999999999999999999999999999999999999999999999999999999999999999999
[07/02/2010 14:59:26] /attr health "-999999999999999999999999999999999999999999999999999999999999999999999999999999999999999999999999999999999999999999999999999999999999999999999999999999999999999999999999999999999999999999999999999999999999999999999999999999999999999999999999
[07/02/2010 14:59:34] /attr health "-99999999999999999999999999999999999999999999999999999999999999999999999999999999999999999999999999999999999999999999999999999999999999999999999999999999999999999999999999999999999999999999999999999999999999999999999999999999999999999999999
[07/02/2010 14:59:44] /attr health "-1000000
[07/02/2010 14:59:45] /attr health "-1000000
[07/02/2010 14:59:59] /m tha exp carrier
[07/02/2010 15:00:01] /attr health "-999999
[07/02/2010 15:00:08] /attr health "-999999
[07/02/2010 15:00:30] /m tha exp carrier
[07/02/2010 15:00:33] /attr health "-999999
[07/02/2010 15:00:55] /m exp
[07/02/2010 15:01:02] /m rat
[07/02/2010 15:01:09] /attr experience "99999999
[07/02/2010 15:02:27] /i 2281
[07/02/2010 15:02:32] /r
[07/02/2010 15:02:33] /i 2276
[07/02/2010 15:02:36] /r
[07/02/2010 15:02:51] /attr charges "99999999999999
[07/02/2010 15:02:56] /attr charge "99999999
[07/02/2010 15:03:04] /goto god come~
[07/02/2010 15:03:54] /kick lord death
[07/02/2010 15:04:23] /i vial,13
[07/02/2010 15:04:44] /r
[07/02/2010 15:04:49] /i vial,13
[07/02/2010 15:05:57] /i pool,13
[07/02/2010 15:06:21] /reload talkactions
[07/02/2010 15:08:39] /goto iago
[07/02/2010 15:09:18] /goto god come~
[07/02/2010 15:12:21] /goto lord~
[07/02/2010 15:12:34] /a 5
[07/02/2010 15:13:28] /i gold coin,2
[07/02/2010 15:13:39] /r 999
[07/02/2010 15:13:47] /r 999
[07/02/2010 15:14:01] /r 999
[07/02/2010 15:14:08] /r 999
[07/02/2010 15:14:13] /r 999
[07/02/2010 15:14:15] /r 000
[07/02/2010 15:14:21] /r 999
[07/02/2010 15:14:37] /a
[07/02/2010 15:14:55] /a
[07/02/2010 15:15:00] /r
[07/02/2010 15:15:14] /r
[07/02/2010 15:15:20] /r
[07/02/2010 15:15:20] /r
[07/02/2010 15:15:21] /r
[07/02/2010 15:15:26] /r
[07/02/2010 15:16:54] /t
[07/02/2010 15:17:06] /goto god come~
[07/02/2010 15:17:10] /goto god comedinha
[07/02/2010 15:17:15] /r
[07/02/2010 15:17:15] /r
[07/02/2010 15:17:15] /r
[07/02/2010 15:17:15] /r
[07/02/2010 15:17:15] /r
[07/02/2010 15:17:15] /r
[07/02/2010 15:17:16] /r
[07/02/2010 15:17:19] /r
[07/02/2010 15:17:19] /r
[07/02/2010 15:17:20] /r
[07/02/2010 15:17:20] /r
[07/02/2010 15:17:20] /r
[07/02/2010 15:17:20] /r
[07/02/2010 15:17:21] /r
[07/02/2010 15:17:21] /r
[07/02/2010 15:17:21] /r
[07/02/2010 15:17:21] /r
[07/02/2010 15:17:21] /r
[07/02/2010 15:17:21] /r
[07/02/2010 15:17:21] /r
[07/02/2010 15:17:23] /r
[07/02/2010 15:17:23] /r
[07/02/2010 15:17:23] /r
[07/02/2010 15:17:24] /r
[07/02/2010 15:17:24] /r
[07/02/2010 15:17:24] /r
[07/02/2010 15:17:26] /b lag
[07/02/2010 15:17:29] /r
[07/02/2010 15:17:29] /r
[07/02/2010 15:17:30] /r
[07/02/2010 15:17:30] /r
[07/02/2010 15:17:30] /r
[07/02/2010 15:17:30] /r
[07/02/2010 15:17:30] /r
[07/02/2010 15:17:31] /r
[07/02/2010 15:17:32] /r
[07/02/2010 15:17:32] /r
[07/02/2010 15:17:32] /r
[07/02/2010 15:17:32] /r
[07/02/2010 15:17:32] /r
[07/02/2010 15:17:33] /r
[07/02/2010 15:17:33] /r
[07/02/2010 15:17:33] /r
[07/02/2010 15:17:33] /r
[07/02/2010 15:17:33] /r
[07/02/2010 15:17:33] /r
[07/02/2010 15:17:34] /r
[07/02/2010 15:17:34] /r
[07/02/2010 15:17:34] /r
[07/02/2010 15:17:34] /r
[07/02/2010 15:17:37] /r
[07/02/2010 15:17:37] /r
[07/02/2010 15:17:37] /r
[07/02/2010 15:17:37] /r
[07/02/2010 15:17:38] /r
[07/02/2010 15:17:38] /r
[07/02/2010 15:17:38] /r
[07/02/2010 15:17:39] /r
[07/02/2010 15:17:39] /r
[07/02/2010 15:17:39] /r
[07/02/2010 15:17:39] /r
[07/02/2010 15:17:40] /r
[07/02/2010 15:17:40] /r
[07/02/2010 15:17:44] /r
[07/02/2010 15:17:44] /r
[07/02/2010 15:17:44] /r
[07/02/2010 15:17:44] /r
[07/02/2010 15:17:45] /r
[07/02/2010 15:17:45] /r
[07/02/2010 15:17:45] /r
[07/02/2010 15:18:10] /r
[07/02/2010 15:18:10] /r
[07/02/2010 15:18:11] /r
[07/02/2010 15:18:11] /r
[07/02/2010 15:18:11] /r
[07/02/2010 15:18:11] /r
[07/02/2010 15:18:11] /r
[07/02/2010 15:18:11] /r
[07/02/2010 15:18:11] /r
[07/02/2010 15:18:11] /r
[07/02/2010 15:18:11] /r
[07/02/2010 15:18:11] /r
[07/02/2010 15:18:11] /r
[07/02/2010 15:18:11] /r
[07/02/2010 15:18:11] /r
[07/02/2010 15:18:11] /r
[07/02/2010 15:18:11] /r
[07/02/2010 15:18:11] /r
[07/02/2010 15:18:11] /r
[07/02/2010 15:18:12] /r
[07/02/2010 15:18:12] /r
[07/02/2010 15:18:12] /r
[07/02/2010 15:18:12] /r
[07/02/2010 15:18:12] /r
[07/02/2010 15:18:12] /r
[07/02/2010 15:18:12] /r
[07/02/2010 15:18:12] /r
[07/02/2010 15:18:12] /r
[07/02/2010 15:18:12] /r
[07/02/2010 15:18:12] /r
[07/02/2010 15:18:12] /r
[07/02/2010 15:18:12] /r
[07/02/2010 15:18:12] /r
[07/02/2010 15:18:12] /r
[07/02/2010 15:18:12] /r
[07/02/2010 15:18:12] /r
[07/02/2010 15:18:12] /r
[07/02/2010 15:18:13] /r
[07/02/2010 15:18:13] /r
[07/02/2010 15:18:13] /r
[07/02/2010 15:18:13] /r
[07/02/2010 15:18:13] /r
[07/02/2010 15:18:13] /r
[07/02/2010 15:18:13] /r
[07/02/2010 15:18:13] /r
[07/02/2010 15:18:16] /r
[07/02/2010 15:18:16] /r
[07/02/2010 15:18:16] /r
[07/02/2010 15:18:16] /r
[07/02/2010 15:18:17] /r
[07/02/2010 15:18:17] /r
[07/02/2010 15:18:17] /r
[07/02/2010 15:18:17] /r
[07/02/2010 15:18:17] /r
[07/02/2010 15:18:17] /r
[07/02/2010 15:18:17] /r
[07/02/2010 15:18:18] /r
[07/02/2010 15:18:18] /r
[07/02/2010 15:18:18] /r
[07/02/2010 15:18:18] /r
[07/02/2010 15:18:18] /r
[07/02/2010 15:18:18] /r
[07/02/2010 15:18:19] /r
[07/02/2010 15:18:19] /r
[07/02/2010 15:18:19] /r
[07/02/2010 15:18:19] /r
[07/02/2010 15:18:19] /r
[07/02/2010 15:18:19] /r
[07/02/2010 15:18:19] /r
[07/02/2010 15:18:19] /r
[07/02/2010 15:18:19] /r
[07/02/2010 15:18:19] /r
[07/02/2010 15:18:19] /r
[07/02/2010 15:18:19] /r
[07/02/2010 15:18:19] /r
[07/02/2010 15:18:19] /r
[07/02/2010 15:18:19] /r
[07/02/2010 15:18:19] /r
[07/02/2010 15:18:20] /r
[07/02/2010 15:18:20] /r
[07/02/2010 15:18:20] /r
[07/02/2010 15:18:20] /r
[07/02/2010 15:18:20] /r
[07/02/2010 15:18:21] /r
[07/02/2010 15:18:21] /r
[07/02/2010 15:18:21] /r
[07/02/2010 15:18:21] /r
[07/02/2010 15:18:21] /r
[07/02/2010 15:18:21] /r
[07/02/2010 15:18:21] /r
[07/02/2010 15:18:22] /r
[07/02/2010 15:18:22] /r
[07/02/2010 15:18:22] /r
[07/02/2010 15:18:23] /r
[07/02/2010 15:18:23] /r
[07/02/2010 15:18:23] /r
[07/02/2010 15:18:23] /r
[07/02/2010 15:18:23] /r
[07/02/2010 15:18:23] /r
[07/02/2010 15:18:23] /r
[07/02/2010 15:18:24] /r
[07/02/2010 15:18:24] /r
[07/02/2010 15:18:24] /r
[07/02/2010 15:18:24] /r
[07/02/2010 15:18:24] /r
[07/02/2010 15:18:25] /r
[07/02/2010 15:18:25] /r
[07/02/2010 15:18:25] /r
[07/02/2010 15:18:25] /r
[07/02/2010 15:18:26] /r
[07/02/2010 15:18:26] /r
[07/02/2010 15:18:26] /r
[07/02/2010 15:18:26] /r
[07/02/2010 15:18:27] /r
[07/02/2010 15:18:27] /r
[07/02/2010 15:18:27] /r
[07/02/2010 15:18:28] /r
[07/02/2010 15:18:28] /r
[07/02/2010 15:18:28] /r
[07/02/2010 15:18:29] /r
[07/02/2010 15:18:29] /r
[07/02/2010 15:18:31] /r
[07/02/2010 15:18:32] /r
[07/02/2010 15:18:33] /r
[07/02/2010 15:18:33] /r
[07/02/2010 15:18:33] /r
[07/02/2010 15:18:34] /r
[07/02/2010 15:18:34] /r
[07/02/2010 15:18:37] /r
[07/02/2010 15:18:37] /r
[07/02/2010 15:18:53] /r
[07/02/2010 15:18:53] /r
[07/02/2010 15:18:53] /r
[07/02/2010 15:18:53] /r
[07/02/2010 15:18:53] /r
[07/02/2010 15:18:54] /r
[07/02/2010 15:18:54] /r
[07/02/2010 15:18:54] /r
[07/02/2010 15:18:55] /r
[07/02/2010 15:18:55] /r
[07/02/2010 15:18:55] /r
[07/02/2010 15:18:56] /r
[07/02/2010 15:18:56] /r
[07/02/2010 15:18:56] /r
[07/02/2010 15:18:56] /r
[07/02/2010 15:18:57] /r
[07/02/2010 15:18:57] /r
[07/02/2010 15:18:57] /r
[07/02/2010 15:18:57] /r
[07/02/2010 15:18:58] /r
[07/02/2010 15:18:58] /r
[07/02/2010 15:18:58] /r
[07/02/2010 15:18:58] /r
[07/02/2010 15:18:58] /r
[07/02/2010 15:18:59] /r
[07/02/2010 15:18:59] /r
[07/02/2010 15:18:59] /r
[07/02/2010 15:18:59] /r
[07/02/2010 15:18:59] /r
[07/02/2010 15:18:59] /r
[07/02/2010 15:19:00] /a 6
[07/02/2010 15:19:07] /r
[07/02/2010 15:19:07] /r
[07/02/2010 15:19:07] /r
[07/02/2010 15:19:08] /r
[07/02/2010 15:19:08] /r
[07/02/2010 15:19:08] /r
[07/02/2010 15:19:08] /r
[07/02/2010 15:19:08] /r
[07/02/2010 15:19:08] /r
[07/02/2010 15:19:08] /r
[07/02/2010 15:19:08] /r
[07/02/2010 15:19:08] /r
[07/02/2010 15:19:08] /r
[07/02/2010 15:19:08] /r
[07/02/2010 15:19:08] /r
[07/02/2010 15:19:08] /r
[07/02/2010 15:19:08] /r
[07/02/2010 15:19:09] /r
[07/02/2010 15:19:09] /r
[07/02/2010 15:19:09] /r
[07/02/2010 15:19:12] /r
[07/02/2010 15:19:12] /r
[07/02/2010 15:19:12] /r
[07/02/2010 15:19:12] /r
[07/02/2010 15:19:12] /r
[07/02/2010 15:19:13] /r
[07/02/2010 15:19:26] /goto god come~
[07/02/2010 15:19:27] /r
[07/02/2010 15:19:28] /r
[07/02/2010 15:19:28] /r
[07/02/2010 15:19:29] /r
[07/02/2010 15:19:29] /r
[07/02/2010 15:19:29] /r
[07/02/2010 15:19:29] /r
[07/02/2010 15:19:30] /r
[07/02/2010 15:19:30] /r
[07/02/2010 15:19:30] /r
[07/02/2010 15:19:30] /r
[07/02/2010 15:19:31] /r
[07/02/2010 15:19:31] /r
[07/02/2010 15:19:31] /r
[07/02/2010 15:19:31] /r
[07/02/2010 15:19:32] /r
[07/02/2010 15:19:32] /r
[07/02/2010 15:19:32] /r
[07/02/2010 15:19:32] /r
[07/02/2010 15:19:32] /r
[07/02/2010 15:19:33] /r
[07/02/2010 15:19:33] /r
[07/02/2010 15:19:40] /a 6
[07/02/2010 15:19:47] /c god come~
[07/02/2010 15:19:49] /r
[07/02/2010 15:19:49] /r
[07/02/2010 15:19:50] /r
[07/02/2010 15:19:50] /r
[07/02/2010 15:19:50] /r
[07/02/2010 15:19:51] /r
[07/02/2010 15:19:51] /r
[07/02/2010 15:19:51] /r
[07/02/2010 15:19:51] /r
[07/02/2010 15:19:51] /r
[07/02/2010 15:19:51] /r
[07/02/2010 15:19:51] /r
[07/02/2010 15:19:51] /r
[07/02/2010 15:19:52] /r
[07/02/2010 15:19:52] /r
[07/02/2010 15:19:52] /r
[07/02/2010 15:19:52] /r
[07/02/2010 15:19:53] /r
[07/02/2010 15:19:53] /r
[07/02/2010 15:19:53] /r
[07/02/2010 15:19:53] /r
[07/02/2010 15:19:53] /r
[07/02/2010 15:19:53] /r
[07/02/2010 15:19:54] /r
[07/02/2010 15:19:54] /r
[07/02/2010 15:20:10] /r
[07/02/2010 15:20:10] /r
[07/02/2010 15:20:10] /r
[07/02/2010 15:20:41] /r
[07/02/2010 15:20:41] /r
[07/02/2010 15:20:41] /r
[07/02/2010 15:20:41] /r
[07/02/2010 15:20:41] /r
[07/02/2010 15:20:41] /r
[07/02/2010 15:20:42] /r
[07/02/2010 15:20:42] /r
[07/02/2010 15:20:42] /r
[07/02/2010 15:20:42] /r
[07/02/2010 15:20:42] /r
[07/02/2010 15:20:42] /r
[07/02/2010 15:20:43] /r
[07/02/2010 15:20:43] /r
[07/02/2010 15:20:51] /goto ia]
[07/02/2010 15:20:53] /goto i~
[07/02/2010 15:20:55] /r
[07/02/2010 15:20:55] /r
[07/02/2010 15:20:55] /r
[07/02/2010 15:20:56] /r
[07/02/2010 15:20:56] /r
[07/02/2010 15:20:56] /r
[07/02/2010 15:20:57] /r
[07/02/2010 15:20:57] /r
[07/02/2010 15:20:57] /r
[07/02/2010 15:20:57] /r
[07/02/2010 15:20:57] /r
[07/02/2010 15:20:57] /r
[07/02/2010 15:20:57] /r
[07/02/2010 15:20:57] /r
[07/02/2010 15:20:57] /r
[07/02/2010 15:20:57] /r
[07/02/2010 15:20:58] /r
[07/02/2010 15:20:58] /r
[07/02/2010 15:20:59] /r
[07/02/2010 15:21:00] /r
[07/02/2010 15:21:00] /r
[07/02/2010 15:21:00] /r
[07/02/2010 15:21:00] /r
[07/02/2010 15:21:00] /r
[07/02/2010 15:21:00] /r
[07/02/2010 15:21:01] /r
[07/02/2010 15:21:02] /r
[07/02/2010 15:21:02] /r
[07/02/2010 15:21:02] /r
[07/02/2010 15:21:03] /r
[07/02/2010 15:21:03] /r
[07/02/2010 15:21:03] /r
[07/02/2010 15:21:04] /r
[07/02/2010 15:21:04] /r
[07/02/2010 15:21:04] /r
[07/02/2010 15:21:04] /r
[07/02/2010 15:21:04] /r
[07/02/2010 15:21:05] /r
[07/02/2010 15:21:07] /r
[07/02/2010 15:21:07] /r
[07/02/2010 15:21:08] /r
[07/02/2010 15:21:08] /r
[07/02/2010 15:21:08] /r
[07/02/2010 15:21:09] /r
[07/02/2010 15:21:09] /r
[07/02/2010 15:21:09] /r
[07/02/2010 15:21:09] /r
[07/02/2010 15:21:10] /r
[07/02/2010 15:21:10] /r
[07/02/2010 15:21:10] /r
[07/02/2010 15:21:10] /r
[07/02/2010 15:21:10] /r
[07/02/2010 15:21:10] /r
[07/02/2010 15:21:13] /r
[07/02/2010 15:21:51] /r
[07/02/2010 15:21:51] /r
[07/02/2010 15:21:51] /r
[07/02/2010 15:21:52] /r
[07/02/2010 15:21:52] /r
[07/02/2010 15:21:55] /r
[07/02/2010 15:21:55] /r
[07/02/2010 15:21:55] /r
[07/02/2010 15:21:56] /r
[07/02/2010 15:21:56] /r
[07/02/2010 15:21:56] /r
[07/02/2010 15:21:56] /r
[07/02/2010 15:21:56] /r
[07/02/2010 15:21:57] /r
[07/02/2010 15:21:57] /r
[07/02/2010 15:21:57] /r
[07/02/2010 15:21:57] /r
[07/02/2010 15:21:58] /r
[07/02/2010 15:21:58] /r
[07/02/2010 15:21:58] /r
[07/02/2010 15:21:58] /r
[07/02/2010 15:21:58] /r
[07/02/2010 15:22:01] /r
[07/02/2010 15:22:01] /r
[07/02/2010 15:22:01] /r
[07/02/2010 15:22:01] /r
[07/02/2010 15:22:01] /r
[07/02/2010 15:22:02] /r
[07/02/2010 15:22:02] /r
[07/02/2010 15:22:02] /r
[07/02/2010 15:22:02] /r
[07/02/2010 15:22:02] /r
[07/02/2010 15:22:09] /goto god come~
[07/02/2010 15:22:10] /r
[07/02/2010 15:22:10] /r
[07/02/2010 15:22:10] /r
[07/02/2010 15:22:10] /r
[07/02/2010 15:22:11] /r
[07/02/2010 15:22:11] /r
[07/02/2010 15:22:11] /r
[07/02/2010 15:22:11] /r
[07/02/2010 15:22:12] /r
[07/02/2010 15:22:12] /r
[07/02/2010 15:22:12] /r
[07/02/2010 15:22:12] /r
[07/02/2010 15:22:12] /r
[07/02/2010 15:22:15] /r
[07/02/2010 15:22:15] /r
[07/02/2010 15:22:15] /r
[07/02/2010 15:22:15] /r
[07/02/2010 15:22:16] /r
[07/02/2010 15:22:16] /r
[07/02/2010 15:22:23] /goto torodas~
[07/02/2010 15:22:28] /r
[07/02/2010 15:22:29] /r
[07/02/2010 15:22:29] /r
[07/02/2010 15:22:29] /r
[07/02/2010 15:22:29] /r
[07/02/2010 15:22:29] /r
[07/02/2010 15:22:29] /r
[07/02/2010 15:22:29] /r
[07/02/2010 15:22:29] /r
[07/02/2010 15:22:29] /r
[07/02/2010 15:22:29] /r
[07/02/2010 15:22:29] /r
[07/02/2010 15:22:29] /r
[07/02/2010 15:22:30] /r
[07/02/2010 15:22:30] /r
[07/02/2010 15:22:30] /r
[07/02/2010 15:22:30] /r
[07/02/2010 15:22:30] /r
[07/02/2010 15:22:30] /r
[07/02/2010 15:22:30] /r
[07/02/2010 15:22:30] /r
[07/02/2010 15:22:31] /r
[07/02/2010 15:22:31] /r
[07/02/2010 15:22:31] /r
[07/02/2010 15:22:31] /r
[07/02/2010 15:22:31] /r
[07/02/2010 15:22:32] /r
[07/02/2010 15:22:32] /r
[07/02/2010 15:22:33] /r
[07/02/2010 15:22:33] /r
[07/02/2010 15:22:33] /r
[07/02/2010 15:22:35] /r
[07/02/2010 15:22:35] /r
[07/02/2010 15:22:36] /r
[07/02/2010 15:22:36] /r
[07/02/2010 15:22:36] /r
[07/02/2010 15:22:36] /r
[07/02/2010 15:22:41] /r
[07/02/2010 15:22:42] /r
[07/02/2010 15:22:43] /t
[07/02/2010 15:22:49] /r
[07/02/2010 15:22:49] /r
[07/02/2010 15:22:49] /r
[07/02/2010 15:22:49] /r
[07/02/2010 15:22:49] /r
[07/02/2010 15:22:50] /r
[07/02/2010 15:22:50] /r
[07/02/2010 15:22:50] /r
[07/02/2010 15:22:50] /r
[07/02/2010 15:22:50] /r
[07/02/2010 15:22:50] /r
[07/02/2010 15:22:51] /r
[07/02/2010 15:22:51] /r
[07/02/2010 15:22:51] /r
[07/02/2010 15:22:51] /r
[07/02/2010 15:22:51] /r
[07/02/2010 15:22:51] /r
[07/02/2010 15:22:51] /r
[07/02/2010 15:22:52] /r
[07/02/2010 15:22:52] /r
[07/02/2010 15:22:52] /r
[07/02/2010 15:22:52] /r
[07/02/2010 15:22:53] /r
[07/02/2010 15:22:53] /r
[07/02/2010 15:22:53] /r
[07/02/2010 15:22:53] /r
[07/02/2010 15:22:53] /r
[07/02/2010 15:22:53] /r
[07/02/2010 15:22:54] /r
[07/02/2010 15:22:54] /r
[07/02/2010 15:22:54] /r
[07/02/2010 15:22:55] /r
[07/02/2010 15:22:55] /r
[07/02/2010 15:23:00] /r
[07/02/2010 15:23:00] /r
[07/02/2010 15:23:00] /r
[07/02/2010 15:23:01] /r
[07/02/2010 15:23:01] /r
[07/02/2010 15:23:01] /r
[07/02/2010 15:23:01] /r
[07/02/2010 15:23:01] /r
[07/02/2010 15:23:01] /r
[07/02/2010 15:23:02] /r
[07/02/2010 15:23:02] /r
[07/02/2010 15:23:02] /r
[07/02/2010 15:23:02] /r
[07/02/2010 15:23:02] /r
[07/02/2010 15:23:03] /r
[07/02/2010 15:23:03] /r
[07/02/2010 15:23:03] /r
[07/02/2010 15:23:03] /r
[07/02/2010 15:23:04] /r
[07/02/2010 15:23:04] /r
[07/02/2010 15:23:04] /r
[07/02/2010 15:23:07] /r
[07/02/2010 15:23:07] /r
[07/02/2010 15:23:07] /r
[07/02/2010 15:23:07] /r
[07/02/2010 15:23:17] /r
[07/02/2010 15:23:17] /r
[07/02/2010 15:23:17] /r
[07/02/2010 15:23:17] /r
[07/02/2010 15:23:17] /r
[07/02/2010 15:23:18] /r
[07/02/2010 15:23:18] /r
[07/02/2010 15:23:18] /r
[07/02/2010 15:23:19] /r
[07/02/2010 15:23:19] /r
[07/02/2010 15:23:19] /r
[07/02/2010 15:23:19] /r
[07/02/2010 15:23:19] /r
[07/02/2010 15:23:19] /r
[07/02/2010 15:23:19] /r
[07/02/2010 15:23:19] /r
[07/02/2010 15:23:20] /r
[07/02/2010 15:23:20] /r
[07/02/2010 15:23:20] /r
[07/02/2010 15:23:20] /r
[07/02/2010 15:23:20] /r
[07/02/2010 15:23:20] /r
[07/02/2010 15:23:20] /r
[07/02/2010 15:23:21] /r
[07/02/2010 15:23:21] /r
[07/02/2010 15:23:21] /r
[07/02/2010 15:23:21] /r
[07/02/2010 15:23:21] /r
[07/02/2010 15:23:21] /r
[07/02/2010 15:23:21] /r
[07/02/2010 15:23:22] /r
[07/02/2010 15:23:22] /r
[07/02/2010 15:23:22] /r
[07/02/2010 15:23:22] /r
[07/02/2010 15:23:22] /r
[07/02/2010 15:23:23] /r
[07/02/2010 15:23:23] /r
[07/02/2010 15:23:23] /r
[07/02/2010 15:23:23] /r
[07/02/2010 15:23:24] /r
[07/02/2010 15:23:24] /r
[07/02/2010 15:23:24] /r
[07/02/2010 15:23:24] /r
[07/02/2010 15:23:24] /r
[07/02/2010 15:23:25] /r
[07/02/2010 15:23:25] /r
[07/02/2010 15:23:28] /r
[07/02/2010 15:23:28] /r
[07/02/2010 15:23:28] /r
[07/02/2010 15:23:29] /r
[07/02/2010 15:23:29] /r
[07/02/2010 15:23:30] /r
[07/02/2010 15:23:30] /r
[07/02/2010 15:23:31] /r
[07/02/2010 15:23:32] /r
[07/02/2010 15:23:33] /r
[07/02/2010 15:23:34] /r
[07/02/2010 15:23:34] /r
[07/02/2010 15:23:34] /r
[07/02/2010 15:23:34] /r
[07/02/2010 15:23:35] /r
[07/02/2010 15:23:35] /r
[07/02/2010 15:23:35] /r
[07/02/2010 15:23:35] /r
[07/02/2010 15:23:35] /r
[07/02/2010 15:23:35] /r
[07/02/2010 15:23:36] /r
[07/02/2010 15:23:36] /r
[07/02/2010 15:23:36] /r
[07/02/2010 15:23:36] /r
[07/02/2010 15:23:37] /r
[07/02/2010 15:23:37] /r
[07/02/2010 15:23:37] /r
[07/02/2010 15:23:40] /r
[07/02/2010 15:23:40] /r
[07/02/2010 15:23:41] /r
[07/02/2010 15:23:41] /r
[07/02/2010 15:23:41] /r
[07/02/2010 15:23:41] /r
[07/02/2010 15:23:41] /r
[07/02/2010 15:23:41] /r
[07/02/2010 15:23:41] /r
[07/02/2010 15:23:41] /r
[07/02/2010 15:23:41] /r
[07/02/2010 15:23:42] /r
[07/02/2010 15:23:42] /r
[07/02/2010 15:23:42] /r
[07/02/2010 15:23:42] /r
[07/02/2010 15:23:42] /r
[07/02/2010 15:23:43] /r
[07/02/2010 15:23:43] /r
[07/02/2010 15:23:44] /r
[07/02/2010 15:23:44] /r
[07/02/2010 15:23:44] /r
[07/02/2010 15:23:45] /r
[07/02/2010 15:23:45] /r
[07/02/2010 15:23:45] /r
[07/02/2010 15:23:45] /r
[07/02/2010 15:23:46] /r
[07/02/2010 15:23:46] /r
[07/02/2010 15:23:46] /r
[07/02/2010 15:24:06] /r
[07/02/2010 15:24:07] /r
[07/02/2010 15:24:07] /r
[07/02/2010 15:24:07] /r
[07/02/2010 15:24:08] /r
[07/02/2010 15:24:09] /r
[07/02/2010 15:24:09] /r
[07/02/2010 15:24:11] /r
[07/02/2010 15:24:11] /r
[07/02/2010 15:24:14] /r 99999999
[07/02/2010 15:24:21] /a
[07/02/2010 15:24:23] /a
[07/02/2010 15:24:32] /a
[07/02/2010 15:24:35] /i 405, 1
[07/02/2010 15:24:47] /a 6
[07/02/2010 15:24:49] /a
[07/02/2010 15:24:52] /a 2
[07/02/2010 15:24:56] /a
[07/02/2010 15:25:00] /r
[07/02/2010 15:25:00] /r
[07/02/2010 15:25:00] /r
[07/02/2010 15:25:00] /r
[07/02/2010 15:25:01] /r
[07/02/2010 15:25:01] /r
[07/02/2010 15:25:01] /r
[07/02/2010 15:25:01] /r
[07/02/2010 15:25:02] /r
[07/02/2010 15:25:02] /r
[07/02/2010 15:25:02] /r
[07/02/2010 15:25:04] /r
[07/02/2010 15:25:05] /r
[07/02/2010 15:25:05] /r
[07/02/2010 15:25:05] /r
[07/02/2010 15:25:05] /r
[07/02/2010 15:25:06] /r
[07/02/2010 15:25:06] /r
[07/02/2010 15:25:06] /r
[07/02/2010 15:25:06] /r
[07/02/2010 15:25:07] /r
[07/02/2010 15:25:07] /r
[07/02/2010 15:25:07] /r
[07/02/2010 15:25:07] /a
[07/02/2010 15:25:08] /r
[07/02/2010 15:25:09] /r
[07/02/2010 15:25:09] /r
[07/02/2010 15:25:10] /r
[07/02/2010 15:25:11] /r
[07/02/2010 15:25:11] /r
[07/02/2010 15:25:12] /r
[07/02/2010 15:25:12] /r
[07/02/2010 15:25:12] /r
[07/02/2010 15:25:12] /r
[07/02/2010 15:25:13] /r
[07/02/2010 15:25:13] /r
[07/02/2010 15:25:13] /r
[07/02/2010 15:25:14] /r
[07/02/2010 15:25:14] /r
[07/02/2010 15:25:14] /r
[07/02/2010 15:25:14] /r
[07/02/2010 15:25:14] /r
[07/02/2010 15:25:14] /r
[07/02/2010 15:25:15] /r
[07/02/2010 15:25:15] /r
[07/02/2010 15:25:15] /r
[07/02/2010 15:25:15] /r
[07/02/2010 15:25:15] /r
[07/02/2010 15:25:16] /r
[07/02/2010 15:25:16] /r
[07/02/2010 15:25:16] /r
[07/02/2010 15:25:17] /a
[07/02/2010 15:25:22] /r
[07/02/2010 15:25:23] /r
[07/02/2010 15:25:23] /a
[07/02/2010 15:25:26] /a 1
[07/02/2010 15:25:27] /down
[07/02/2010 15:25:29] /up
[07/02/2010 15:25:33] /r
[07/02/2010 15:25:33] /r
[07/02/2010 15:25:34] /r
[07/02/2010 15:25:34] /r
[07/02/2010 15:25:36] /r
[07/02/2010 15:25:36] /r
[07/02/2010 15:25:36] /r
[07/02/2010 15:25:37] /r
[07/02/2010 15:25:37] /r
[07/02/2010 15:25:37] /r
[07/02/2010 15:25:41] /t
[07/02/2010 15:25:46] /b q segredo?
[07/02/2010 15:25:49] /goto iago
[07/02/2010 15:26:14] /r
[07/02/2010 15:26:14] /r
[07/02/2010 15:26:14] /r
[07/02/2010 15:26:14] /r
[07/02/2010 15:26:19] /promote torodass
[07/02/2010 15:26:24] /attr group"6
[07/02/2010 15:26:32] /attr group "6
[07/02/2010 15:26:35] /r
[07/02/2010 15:26:47] /r
[07/02/2010 15:26:47] /r
[07/02/2010 15:26:47] /r
[07/02/2010 15:26:47] /r
[07/02/2010 15:26:47] /r
[07/02/2010 15:26:48] /r
[07/02/2010 15:26:49] /r
[07/02/2010 15:26:49] /r
[07/02/2010 15:26:49] /r
[07/02/2010 15:26:49] /r
[07/02/2010 15:26:50] /r
[07/02/2010 15:26:50] /r
[07/02/2010 15:26:50] /r
[07/02/2010 15:26:50] /r
[07/02/2010 15:26:50] /r
[07/02/2010 15:26:51] /r
[07/02/2010 15:26:52] /r
[07/02/2010 15:26:52] /r
[07/02/2010 15:26:52] /r
[07/02/2010 15:26:52] /r
[07/02/2010 15:26:52] /r
[07/02/2010 15:26:52] /r
[07/02/2010 15:26:52] /r
[07/02/2010 15:26:52] /r
[07/02/2010 15:26:52] /r
[07/02/2010 15:26:55] /r
[07/02/2010 15:26:55] /r
[07/02/2010 15:26:56] /r
[07/02/2010 15:26:56] /r
[07/02/2010 15:26:56] /r
[07/02/2010 15:26:56] /r
[07/02/2010 15:26:56] /r
[07/02/2010 15:26:56] /r
[07/02/2010 15:26:56] /r
[07/02/2010 15:26:56] /r
[07/02/2010 15:27:04] /a 32
[07/02/2010 15:27:06] /a 3
[07/02/2010 15:27:42] /t
[07/02/2010 15:27:52] /b eu sei 1 segredo dele
[07/02/2010 15:29:07] /a 2
[07/02/2010 15:29:34] /r
[07/02/2010 15:29:43] /a
[07/02/2010 15:29:43] /a
[07/02/2010 15:29:50] /a 
[07/02/2010 15:29:52] /a
[07/02/2010 15:29:53] /a
[07/02/2010 15:29:54] /a
[07/02/2010 15:29:55] /a
[07/02/2010 15:29:56] /a
[07/02/2010 15:29:57] /a
[07/02/2010 15:29:58] /a
[07/02/2010 15:29:59] /a
[07/02/2010 15:29:59] /a
[07/02/2010 15:30:01] /up
[07/02/2010 15:30:32] /up
[07/02/2010 15:30:35] /i rope
[07/02/2010 15:30:44] /r
[07/02/2010 15:31:03] /a
[07/02/2010 15:31:05] /up
[07/02/2010 15:31:05] /a
[07/02/2010 15:31:19] /down
[07/02/2010 15:31:29] /a 2
[07/02/2010 15:31:38] /a 3
[07/02/2010 15:31:40] /i 405
[07/02/2010 15:31:43] /a 3
[07/02/2010 15:31:46] /a
[07/02/2010 15:31:48] /r
[07/02/2010 15:31:57] /r
[07/02/2010 15:32:30] /newtype 302
[07/02/2010 15:33:32] /newtype 12, god comed~
[07/02/2010 15:33:33] /t
[07/02/2010 15:33:47] /goto god come~
[07/02/2010 15:33:49] /a 2
[07/02/2010 15:33:52] /a
[07/02/2010 15:33:54] /a 2
[07/02/2010 15:34:04] /newtype 14, god come~
[07/02/2010 15:34:06] /goto god come~
[07/02/2010 15:34:19] /newtype 32, god come~
[07/02/2010 15:34:20] /t
[07/02/2010 15:34:37] /newtype 46, god come~
[07/02/2010 15:34:43] /goto god come~
[07/02/2010 15:37:59] /a
[07/02/2010 15:38:02] /goto iago
[07/02/2010 15:38:21] /newtype 266
[07/02/2010 15:38:40] /b uma suastica
[07/02/2010 15:38:42] /b lol
[07/02/2010 15:38:47] /b q nazista vc em comedinha
[07/02/2010 15:39:08] /goto god come~
[07/02/2010 15:39:09] /r
[07/02/2010 15:39:14] /b tem uma suastixa
[07/02/2010 15:39:17] /b suastica
[07/02/2010 15:39:25] /b aki
[07/02/2010 15:39:32] /t
[07/02/2010 15:39:38] /goto iago
[07/02/2010 15:40:30] /attr group "0
[07/02/2010 15:40:32] /attr group "0
[07/02/2010 15:40:34] /attr group "0
[07/02/2010 15:40:41] /goto iago
[07/02/2010 15:40:46] /goto iago
[07/02/2010 15:40:50] /goto god come~
[07/02/2010 15:40:57] /attr group "0
[07/02/2010 15:40:59] /attr group "0
[07/02/2010 15:41:08] /attr group "0
[07/02/2010 15:41:16] /attr group "7
[07/02/2010 15:41:21] /attr group "6
[07/02/2010 15:41:29] /goto god comed~
[07/02/2010 15:41:42] /goto god come~
[07/02/2010 15:41:43] /attr group "0
[07/02/2010 15:41:44] /goto god come~
[07/02/2010 15:41:46] /goto god come~
[07/02/2010 15:41:47] /goto god come~
[07/02/2010 15:41:47] /goto god come~
[07/02/2010 15:41:48] /goto god come~
[07/02/2010 15:41:50] /goto god come~
[07/02/2010 15:41:51] /goto god come~
[07/02/2010 15:41:51] /attr group "0
[07/02/2010 15:41:52] /goto god come~
[07/02/2010 15:41:52] /goto god come~
[07/02/2010 15:41:52] /goto god come~
[07/02/2010 15:41:53] /goto god come~
[07/02/2010 15:41:53] /goto god come~
[07/02/2010 15:41:53] /goto god come~
[07/02/2010 15:41:53] /goto god come~
[07/02/2010 15:41:53] /goto god come~
[07/02/2010 15:41:53] /goto god come~
[07/02/2010 15:41:53] /goto god come~
[07/02/2010 15:41:54] /goto god come~
[07/02/2010 15:41:54] /goto god come~
[07/02/2010 15:41:54] /goto god come~
[07/02/2010 15:41:54] /goto god come~
[07/02/2010 15:41:54] /goto god come~
[07/02/2010 15:41:54] /goto god come~
[07/02/2010 15:41:54] /goto god come~
[07/02/2010 15:41:54] /goto god come~
[07/02/2010 15:41:54] /goto god come~
[07/02/2010 15:41:54] /goto god come~
[07/02/2010 15:41:54] /goto god come~
[07/02/2010 15:41:54] /goto god come~
[07/02/2010 15:41:54] /goto god come~
[07/02/2010 15:41:54] /goto god come~
[07/02/2010 15:41:54] /goto god come~
[07/02/2010 15:41:54] /goto god come~
[07/02/2010 15:41:54] /goto god come~
[07/02/2010 15:41:54] /goto god come~
[07/02/2010 15:41:54] /goto god come~
[07/02/2010 15:41:55] /attr group "0
[07/02/2010 15:41:55] /goto god come~
[07/02/2010 15:41:55] /attr group "0
[07/02/2010 15:41:55] /goto god come~
[07/02/2010 15:41:55] /attr group "0
[07/02/2010 15:41:55] /goto god come~
[07/02/2010 15:41:55] /attr group "0
[07/02/2010 15:41:56] /attr group "0
[07/02/2010 15:41:56] /goto god come~
[07/02/2010 15:41:56] /goto god come~
[07/02/2010 15:41:56] /goto god come~
[07/02/2010 15:41:56] /attr group "0
[07/02/2010 15:41:56] /goto god come~
[07/02/2010 15:41:57] /attr group "0
[07/02/2010 15:41:57] /goto god come~
[07/02/2010 15:41:57] /attr group "0
[07/02/2010 15:41:57] /goto god come~
[07/02/2010 15:41:57] /attr group "0
[07/02/2010 15:41:57] /attr group "0
[07/02/2010 15:41:57] /goto god come~
[07/02/2010 15:41:57] /attr group "0
[07/02/2010 15:41:57] /goto god come~
[07/02/2010 15:41:57] /attr group "0
[07/02/2010 15:41:57] /goto god come~
[07/02/2010 15:41:58] /attr group "0
[07/02/2010 15:41:58] /goto god come~
[07/02/2010 15:41:58] /attr group "0
[07/02/2010 15:41:58] /goto god come~
[07/02/2010 15:41:58] /attr group "0
[07/02/2010 15:41:58] /goto god come~
[07/02/2010 15:41:58] /attr group "0
[07/02/2010 15:41:58] /goto god come~
[07/02/2010 15:41:58] /attr group "0
[07/02/2010 15:41:59] /goto god come~
[07/02/2010 15:41:59] /attr group "0
[07/02/2010 15:41:59] /goto god come~
[07/02/2010 15:41:59] /attr group "0
[07/02/2010 15:41:59] /goto god come~
[07/02/2010 15:41:59] /attr group "0
[07/02/2010 15:41:59] /goto god come~
[07/02/2010 15:42:00] /attr group "0
[07/02/2010 15:42:00] /goto god come~
[07/02/2010 15:42:00] /attr group "0
[07/02/2010 15:42:00] /goto god come~
[07/02/2010 15:42:00] /attr group "0
[07/02/2010 15:42:00] /goto god come~
[07/02/2010 15:42:00] /attr group "0
[07/02/2010 15:42:00] /goto god come~
[07/02/2010 15:42:01] /attr group "0
[07/02/2010 15:42:01] /goto god come~
[07/02/2010 15:42:01] /attr group "0
[07/02/2010 15:42:01] /goto god come~
[07/02/2010 15:42:01] /attr group "0
[07/02/2010 15:42:01] /goto god come~
[07/02/2010 15:42:01] /attr group "0
[07/02/2010 15:42:01] /goto god come~
[07/02/2010 15:42:02] /attr group "0
[07/02/2010 15:42:03] /goto god come~
[07/02/2010 15:42:03] /attr group "0
[07/02/2010 15:42:04] /goto god come~
[07/02/2010 15:42:04] /attr group "0
[07/02/2010 15:42:04] /goto god come~
[07/02/2010 15:42:04] /attr group "0
[07/02/2010 15:42:04] /goto god come~
[07/02/2010 15:42:04] /attr group "0
[07/02/2010 15:42:04] /goto god come~
[07/02/2010 15:42:04] /attr group "0
[07/02/2010 15:42:04] /goto god come~
[07/02/2010 15:42:05] /attr group "0
[07/02/2010 15:42:05] /goto god come~
[07/02/2010 15:42:05] /attr group "0
[07/02/2010 15:42:05] /goto god come~
[07/02/2010 15:42:05] /attr group "0
[07/02/2010 15:42:05] /goto god come~
[07/02/2010 15:42:05] /attr group "0
[07/02/2010 15:42:05] /goto god come~
[07/02/2010 15:42:05] /attr group "0
[07/02/2010 15:42:05] /goto god come~
[07/02/2010 15:42:05] /attr group "0
[07/02/2010 15:42:06] /goto god come~
[07/02/2010 15:42:06] /attr group "0
[07/02/2010 15:42:06] /goto god come~
[07/02/2010 15:42:06] /attr group "0
[07/02/2010 15:42:06] /goto god come~
[07/02/2010 15:42:06] /attr group "0
[07/02/2010 15:42:06] /goto god come~
[07/02/2010 15:42:06] /attr group "0
[07/02/2010 15:42:06] /goto god come~
[07/02/2010 15:42:07] /attr group "0
[07/02/2010 15:42:07] /goto god come~
[07/02/2010 15:42:07] /attr group "0
[07/02/2010 15:42:07] /goto god come~
[07/02/2010 15:42:07] /attr group "0
[07/02/2010 15:42:07] /goto god come~
[07/02/2010 15:42:07] /attr group "0
[07/02/2010 15:42:08] /goto god come~
[07/02/2010 15:42:08] /attr group "0
[07/02/2010 15:42:08] /goto god come~
[07/02/2010 15:42:08] /attr group "0
[07/02/2010 15:42:08] /goto god come~
[07/02/2010 15:42:08] /attr group "0
[07/02/2010 15:42:08] /goto god come~
[07/02/2010 15:42:08] /attr group "0
[07/02/2010 15:42:08] /goto god come~
[07/02/2010 15:42:08] /goto god come~
[07/02/2010 15:42:09] /attr group "0
[07/02/2010 15:42:09] /goto god come~
[07/02/2010 15:42:09] /goto god come~
[07/02/2010 15:42:09] /attr group "0
[07/02/2010 15:42:09] /goto god come~
[07/02/2010 15:42:09] /attr group "0
[07/02/2010 15:42:09] /goto god come~
[07/02/2010 15:42:09] /attr group "0
[07/02/2010 15:42:09] /goto god come~
[07/02/2010 15:42:10] /goto god come~
[07/02/2010 15:42:10] /attr group "0
[07/02/2010 15:42:10] /goto god come~
[07/02/2010 15:42:11] /goto god come~
[07/02/2010 15:42:11] /goto god come~
[07/02/2010 15:42:11] /attr group "0
[07/02/2010 15:42:12] /goto god come~
[07/02/2010 15:42:12] /attr group "0
[07/02/2010 15:42:12] /goto god come~
[07/02/2010 15:42:12] /attr group "0
[07/02/2010 15:42:12] /goto god come~
[07/02/2010 15:42:12] /goto god come~
[07/02/2010 15:42:12] /attr group "0
[07/02/2010 15:42:12] /goto god come~
[07/02/2010 15:42:12] /attr group "0
[07/02/2010 15:42:13] /goto god come~
[07/02/2010 15:42:13] /goto god come~
[07/02/2010 15:42:13] /goto god come~
[07/02/2010 15:42:13] /attr group "0
[07/02/2010 15:42:13] /goto god come~
[07/02/2010 15:42:13] /attr group "0
[07/02/2010 15:42:13] /goto god come~
[07/02/2010 15:42:13] /attr group "0
[07/02/2010 15:42:13] /goto god come~
[07/02/2010 15:42:14] /goto god come~
[07/02/2010 15:42:14] /attr group "0
[07/02/2010 15:42:14] /goto god come~
[07/02/2010 15:42:14] /goto god come~
[07/02/2010 15:42:14] /attr group "0
[07/02/2010 15:42:14] /goto god come~
[07/02/2010 15:42:14] /attr group "0
[07/02/2010 15:42:14] /goto god come~
[07/02/2010 15:42:15] /attr group "0
[07/02/2010 15:42:15] /goto god come~
[07/02/2010 15:42:15] /attr group "0
[07/02/2010 15:42:15] /goto god come~
[07/02/2010 15:42:15] /attr group "0
[07/02/2010 15:42:15] /goto god come~
[07/02/2010 15:42:15] /attr group "0
[07/02/2010 15:42:15] /goto god come~
[07/02/2010 15:42:15] /goto god come~
[07/02/2010 15:42:15] /attr group "0
[07/02/2010 15:42:16] /goto god come~
[07/02/2010 15:42:16] /attr group "0
[07/02/2010 15:42:16] /goto god come~
[07/02/2010 15:42:16] /attr group "0
[07/02/2010 15:42:16] /goto god come~
[07/02/2010 15:42:16] /attr group "0
[07/02/2010 15:42:17] /goto god come~
[07/02/2010 15:42:17] /attr group "0
[07/02/2010 15:42:17] /goto god come~
[07/02/2010 15:42:17] /attr group "0
[07/02/2010 15:42:17] /goto god come~
[07/02/2010 15:42:17] /attr group "0
[07/02/2010 15:42:17] /goto god come~
[07/02/2010 15:42:17] /goto god come~
[07/02/2010 15:42:17] /attr group "0
[07/02/2010 15:42:18] /goto god come~
[07/02/2010 15:42:18] /attr group "0
[07/02/2010 15:42:18] /goto god come~
[07/02/2010 15:42:19] /goto god come~
[07/02/2010 15:42:20] /goto god come~
[07/02/2010 15:42:20] /goto god come~
[07/02/2010 15:42:20] /attr group "0
[07/02/2010 15:42:23] /attr group "0
[07/02/2010 15:42:23] /goto god come~
[07/02/2010 15:42:24] /goto god come~
[07/02/2010 15:42:24] /attr group "0
[07/02/2010 15:42:24] /goto god come~
[07/02/2010 15:42:24] /attr group "0
[07/02/2010 15:42:25] /goto god come~
[07/02/2010 15:42:25] /attr group "0
[07/02/2010 15:42:25] /goto god come~
[07/02/2010 15:42:25] /attr group "0
[07/02/2010 15:42:25] /goto god come~
[07/02/2010 15:42:25] /attr group "0
[07/02/2010 15:42:25] /goto god come~
[07/02/2010 15:42:25] /attr group "0
[07/02/2010 15:42:25] /goto god come~
[07/02/2010 15:42:25] /attr group "0
[07/02/2010 15:42:26] /goto god come~
[07/02/2010 15:42:26] /goto god come~
[07/02/2010 15:42:26] /goto god come~
[07/02/2010 15:42:26] /goto god come~
[07/02/2010 15:42:26] /goto god come~
[07/02/2010 15:42:26] /goto god come~
[07/02/2010 15:42:26] /attr group "0
[07/02/2010 15:42:27] /attr group "0
[07/02/2010 15:42:27] /attr group "0
[07/02/2010 15:42:27] /goto god come~
[07/02/2010 15:42:27] /attr group "0
[07/02/2010 15:42:27] /goto god come~
[07/02/2010 15:42:27] /goto god come~
[07/02/2010 15:42:28] /goto god come~
[07/02/2010 15:42:28] /goto god come~
[07/02/2010 15:42:28] /goto god come~
[07/02/2010 15:42:28] /goto god come~
[07/02/2010 15:42:28] /goto god come~
[07/02/2010 15:42:28] /goto god come~
[07/02/2010 15:42:28] /goto god come~
[07/02/2010 15:42:28] /goto god come~
[07/02/2010 15:42:28] /goto god come~
[07/02/2010 15:42:28] /goto god come~
[07/02/2010 15:42:28] /goto god come~
[07/02/2010 15:42:29] /goto god come~
[07/02/2010 15:42:29] /attr group "0
[07/02/2010 15:42:29] /attr group "0
[07/02/2010 15:42:29] /attr group "0
[07/02/2010 15:42:29] /attr group "0
[07/02/2010 15:42:30] /attr group "0
[07/02/2010 15:42:30] /attr group "0
[07/02/2010 15:42:30] /attr group "0
[07/02/2010 15:42:30] /goto god come~
[07/02/2010 15:42:30] /attr group "0
[07/02/2010 15:42:30] /goto god come~
[07/02/2010 15:42:30] /goto god come~
[07/02/2010 15:42:30] /attr group "0
[07/02/2010 15:42:30] /goto god come~
[07/02/2010 15:42:31] /attr group "0
[07/02/2010 15:42:31] /goto god come~
[07/02/2010 15:42:31] /goto god come~
[07/02/2010 15:42:31] /attr group "0
[07/02/2010 15:42:31] /goto god come~
[07/02/2010 15:42:32] /goto god come~
[07/02/2010 15:42:33] /goto god come~
[07/02/2010 15:42:34] /goto god come~
[07/02/2010 15:42:34] /attr group "0
[07/02/2010 15:42:34] /goto god come~
[07/02/2010 15:42:34] /attr group "0
[07/02/2010 15:42:35] /goto god come~
[07/02/2010 15:42:35] /attr group "0
[07/02/2010 15:42:35] /goto god come~
[07/02/2010 15:42:35] /attr group "0
[07/02/2010 15:42:35] /goto god come~
[07/02/2010 15:42:35] /attr group "0
[07/02/2010 15:42:35] /goto god come~
[07/02/2010 15:42:36] /attr group "0
[07/02/2010 15:42:36] /goto god come~
[07/02/2010 15:42:36] /attr group "0
[07/02/2010 15:42:36] /goto god come~
[07/02/2010 15:42:36] /attr group "0
[07/02/2010 15:42:36] /goto god come~
[07/02/2010 15:42:36] /attr group "0
[07/02/2010 15:42:36] /goto god come~
[07/02/2010 15:42:36] /goto god come~
[07/02/2010 15:42:36] /attr group "0
[07/02/2010 15:42:37] /goto god come~
[07/02/2010 15:42:37] /attr group "0
[07/02/2010 15:42:37] /goto god come~
[07/02/2010 15:42:37] /attr group "0
[07/02/2010 15:42:37] /goto god come~
[07/02/2010 15:42:37] /attr group "0
[07/02/2010 15:42:37] /goto god come~
[07/02/2010 15:42:37] /goto god come~
[07/02/2010 15:42:37] /attr group "0
[07/02/2010 15:42:37] /goto god come~
[07/02/2010 15:42:38] /attr group "0
[07/02/2010 15:42:38] /goto god come~
[07/02/2010 15:42:38] /attr group "0
[07/02/2010 15:42:38] /goto god come~
[07/02/2010 15:42:38] /attr group "0
[07/02/2010 15:42:38] /goto god come~
[07/02/2010 15:42:39] /attr group "0
[07/02/2010 15:42:39] /goto god come~
[07/02/2010 15:42:39] /attr group "0
[07/02/2010 15:42:39] /goto god come~
[07/02/2010 15:42:39] /attr group "0
[07/02/2010 15:42:39] /goto god come~
[07/02/2010 15:42:39] /goto god come~
[07/02/2010 15:42:40] /goto god come~
[07/02/2010 15:42:40] /goto god come~
[07/02/2010 15:42:40] /goto god come~
[07/02/2010 15:42:40] /goto god come~
[07/02/2010 15:42:40] /goto god come~
[07/02/2010 15:42:40] /goto god come~
[07/02/2010 15:42:40] /goto god come~
[07/02/2010 15:42:40] /goto god come~
[07/02/2010 15:42:40] /goto god come~
[07/02/2010 15:42:40] /goto god come~
[07/02/2010 15:42:40] /goto god come~
[07/02/2010 15:42:40] /goto god come~
[07/02/2010 15:42:41] /goto god come~
[07/02/2010 15:42:41] /goto god come~
[07/02/2010 15:42:41] /goto god come~
[07/02/2010 15:42:41] /goto god come~
[07/02/2010 15:42:41] /goto god come~
[07/02/2010 15:42:41] /goto god come~
[07/02/2010 15:42:41] /goto god come~
[07/02/2010 15:42:41] /goto god come~
[07/02/2010 15:42:41] /goto god come~
[07/02/2010 15:42:41] /goto god come~
[07/02/2010 15:42:41] /goto god come~
[07/02/2010 15:42:41] /attr group "0
[07/02/2010 15:42:41] /attr group "0
[07/02/2010 15:42:42] /attr group "0
[07/02/2010 15:42:42] /attr group "0
[07/02/2010 15:42:42] /attr group "0
[07/02/2010 15:42:42] /attr group "0
[07/02/2010 15:42:42] /goto god come~
[07/02/2010 15:42:43] /attr group "0
[07/02/2010 15:42:43] /attr group "0
[07/02/2010 15:42:43] /goto god come~
[07/02/2010 15:42:43] /attr group "0
[07/02/2010 15:42:44] /goto god come~
[07/02/2010 15:42:44] /attr group "0
[07/02/2010 15:42:44] /goto god come~
[07/02/2010 15:42:45] /goto god come~
[07/02/2010 15:42:45] /attr group "0
[07/02/2010 15:42:45] /goto god come~
[07/02/2010 15:42:45] /attr group "0
[07/02/2010 15:42:45] /goto god come~
[07/02/2010 15:42:46] /goto god come~
[07/02/2010 15:42:52] /t god come~
[07/02/2010 15:42:53] /r
[07/02/2010 15:42:54] /i 1050
[07/02/2010 15:42:55] /goto god come~
[07/02/2010 15:42:55] /goto god come~
[07/02/2010 15:42:57] /goto god come~
[07/02/2010 15:42:57] /goto god come~
[07/02/2010 15:42:58] /goto god come~
[07/02/2010 15:42:58] /attr group "0
[07/02/2010 15:42:58] /goto god come~
[07/02/2010 15:42:58] /attr group "0
[07/02/2010 15:42:59] /goto god come~
[07/02/2010 15:42:59] /attr group "0
[07/02/2010 15:42:59] /goto god come~
[07/02/2010 15:42:59] /goto god come~
[07/02/2010 15:42:59] /goto god come~
[07/02/2010 15:42:59] /goto god come~
[07/02/2010 15:42:59] /attr group "0
[07/02/2010 15:42:59] /goto god come~
[07/02/2010 15:43:02] /t god come~
[07/02/2010 15:43:02] /goto god come~
[07/02/2010 15:43:04] /goto god come~
[07/02/2010 15:43:04] /goto god come~
[07/02/2010 15:43:04] /attr group "0
[07/02/2010 15:43:05] /attr group "0
[07/02/2010 15:43:05] /goto god come~
[07/02/2010 15:43:05] /attr group "0
[07/02/2010 15:43:05] /goto god come~
[07/02/2010 15:43:05] /attr group "0
[07/02/2010 15:43:05] /goto god come~
[07/02/2010 15:43:05] /attr group "0
[07/02/2010 15:43:05] /goto god come~
[07/02/2010 15:43:06] /attr group "0
[07/02/2010 15:43:06] /goto god come~
[07/02/2010 15:43:06] /goto god come~
[07/02/2010 15:43:06] /goto god come~
[07/02/2010 15:43:06] /goto god come~
[07/02/2010 15:43:06] /attr group "0
[07/02/2010 15:43:06] /goto god come~
[07/02/2010 15:43:06] /attr group "0
[07/02/2010 15:43:07] /goto god come~
[07/02/2010 15:43:07] /attr group "0
[07/02/2010 15:43:07] /goto god come~
[07/02/2010 15:43:07] /attr group "0
[07/02/2010 15:43:07] /goto god come~
[07/02/2010 15:43:07] /goto god come~
[07/02/2010 15:43:07] /attr group "0
[07/02/2010 15:43:07] /goto god come~
[07/02/2010 15:43:08] /attr group "0
[07/02/2010 15:43:08] /goto god come~
[07/02/2010 15:43:08] /attr group "0
[07/02/2010 15:43:08] /goto god come~
[07/02/2010 15:43:08] /attr group "0
[07/02/2010 15:43:08] /goto god come~
[07/02/2010 15:43:08] /attr group "0
[07/02/2010 15:43:08] /goto god come~
[07/02/2010 15:43:08] /attr group "0
[07/02/2010 15:43:08] /goto god come~
[07/02/2010 15:43:08] /attr group "0
[07/02/2010 15:43:08] /goto god come~
[07/02/2010 15:43:09] /attr group "0
[07/02/2010 15:43:09] /goto god come~
[07/02/2010 15:43:09] /attr group "0
[07/02/2010 15:43:09] /goto god come~
[07/02/2010 15:43:09] /attr group "0
[07/02/2010 15:43:09] /goto god come~
[07/02/2010 15:43:09] /attr group "0
[07/02/2010 15:43:09] /goto god come~
[07/02/2010 15:43:10] /attr group "0
[07/02/2010 15:43:10] /goto god come~
[07/02/2010 15:43:10] /attr group "0
[07/02/2010 15:43:10] /goto god come~
[07/02/2010 15:43:10] /goto god come~
[07/02/2010 15:43:10] /goto god come~
[07/02/2010 15:43:10] /goto god come~
[07/02/2010 15:43:11] /attr group "0
[07/02/2010 15:43:11] /goto god come~
[07/02/2010 15:43:11] /goto god come~
[07/02/2010 15:43:11] /goto god come~
[07/02/2010 15:43:12] /goto god come~
[07/02/2010 15:43:12] /goto god come~
[07/02/2010 15:43:14] /goto god come~
[07/02/2010 15:43:14] /attr group "0
[07/02/2010 15:43:16] /goto god come~
[07/02/2010 15:43:16] /attr group "0
[07/02/2010 15:43:16] /goto god come~
[07/02/2010 15:43:16] /goto god come~
[07/02/2010 15:43:17] /goto god come~
[07/02/2010 15:43:17] /goto god come~
[07/02/2010 15:43:17] /goto god come~
[07/02/2010 15:43:17] /goto god come~
[07/02/2010 15:43:17] /goto god come~
[07/02/2010 15:43:17] /goto god come~
[07/02/2010 15:43:17] /goto god come~
[07/02/2010 15:43:17] /goto god come~
[07/02/2010 15:43:17] /goto god come~
[07/02/2010 15:43:17] /goto god come~
[07/02/2010 15:43:17] /goto god come~
[07/02/2010 15:43:17] /goto god come~
[07/02/2010 15:43:17] /goto god come~
[07/02/2010 15:43:17] /goto god come~
[07/02/2010 15:43:17] /goto god come~
[07/02/2010 15:43:17] /goto god come~
[07/02/2010 15:43:17] /goto god come~
[07/02/2010 15:43:17] /goto god come~
[07/02/2010 15:43:18] /goto god come~
[07/02/2010 15:43:18] /goto god come~
[07/02/2010 15:43:18] /goto god come~
[07/02/2010 15:43:18] /goto god come~
[07/02/2010 15:43:18] /goto god come~
[07/02/2010 15:43:18] /goto god come~
[07/02/2010 15:43:22] /a 6
[07/02/2010 15:43:24] /a 5
[07/02/2010 15:43:26] /a 7
[07/02/2010 15:43:27] /a 6
[07/02/2010 15:43:28] /a 6
[07/02/2010 15:43:29] /a 6
[07/02/2010 15:43:30] /a 5
[07/02/2010 15:43:32] /a 10
[07/02/2010 15:43:34] /a 7
[07/02/2010 15:43:45] /c god come~
[07/02/2010 15:43:48] /goto god come~
[07/02/2010 15:43:49] /goto god come~
[07/02/2010 15:43:50] /goto god come~
[07/02/2010 15:43:50] /goto god come~
[07/02/2010 15:43:50] /goto god come~
[07/02/2010 15:43:50] /goto god come~
[07/02/2010 15:43:50] /goto god come~
[07/02/2010 15:43:50] /goto god come~
[07/02/2010 15:43:50] /goto god come~
[07/02/2010 15:43:51] /goto god come~
[07/02/2010 15:43:51] /goto god come~
[07/02/2010 15:43:52] /goto god come~
[07/02/2010 15:43:52] /goto god come~
[07/02/2010 15:43:52] /goto god come~
[07/02/2010 15:43:52] /goto god come~
[07/02/2010 15:43:53] /goto god come~
[07/02/2010 15:43:53] /goto god come~
[07/02/2010 15:43:53] /goto god come~
[07/02/2010 15:43:53] /goto god come~
[07/02/2010 15:43:54] /goto god come~
[07/02/2010 15:43:54] /goto god come~
[07/02/2010 15:43:54] /attr group "0
[07/02/2010 15:43:54] /attr group "0
[07/02/2010 15:43:56] /attr group "0
[07/02/2010 15:43:56] /goto god come~
[07/02/2010 15:43:56] /attr group "0
[07/02/2010 15:43:56] /goto god come~
[07/02/2010 15:43:56] /attr group "0
[07/02/2010 15:43:56] /goto god come~
[07/02/2010 15:43:56] /attr group "0
[07/02/2010 15:43:56] /goto god come~
[07/02/2010 15:43:56] /attr group "0
[07/02/2010 15:43:56] /goto god come~
[07/02/2010 15:43:56] /attr group "0
[07/02/2010 15:43:56] /goto god come~
[07/02/2010 15:43:56] /attr group "0
[07/02/2010 15:43:56] /goto god come~
[07/02/2010 15:43:57] /goto god come~
[07/02/2010 15:43:57] /attr group "0
[07/02/2010 15:43:57] /goto god come~
[07/02/2010 15:43:57] /attr group "0
[07/02/2010 15:43:57] /goto god come~
[07/02/2010 15:43:57] /attr group "0
[07/02/2010 15:43:57] /goto god come~
[07/02/2010 15:43:57] /attr group "0
[07/02/2010 15:43:57] /goto god come~
[07/02/2010 15:43:57] /attr group "0
[07/02/2010 15:43:58] /attr group "0
[07/02/2010 15:43:58] /goto god come~
[07/02/2010 15:43:58] /attr group "0
[07/02/2010 15:43:58] /goto god come~
[07/02/2010 15:43:58] /attr group "0
[07/02/2010 15:43:58] /goto god come~
[07/02/2010 15:43:58] /attr group "0
[07/02/2010 15:43:58] /goto god come~
[07/02/2010 15:43:59] /attr group "0
[07/02/2010 15:43:59] /goto god come~
[07/02/2010 15:43:59] /attr group "0
[07/02/2010 15:43:59] /goto god come~
[07/02/2010 15:43:59] /attr group "0
[07/02/2010 15:43:59] /attr group "0
[07/02/2010 15:43:59] /goto god come~
[07/02/2010 15:44:00] /goto god come~
[07/02/2010 15:44:00] /attr group "0
[07/02/2010 15:44:00] /goto god come~
[07/02/2010 15:44:00] /attr group "0
[07/02/2010 15:44:00] /goto god come~
[07/02/2010 15:44:00] /goto god come~
[07/02/2010 15:44:01] /goto god come~
[07/02/2010 15:44:01] /attr group "0
[07/02/2010 15:44:01] /goto god come~
[07/02/2010 15:44:01] /attr group "0
[07/02/2010 15:44:01] /goto god come~
[07/02/2010 15:44:01] /attr group "0
[07/02/2010 15:44:01] /goto god come~
[07/02/2010 15:44:02] /attr group "0
[07/02/2010 15:44:02] /goto god come~
[07/02/2010 15:44:02] /attr group "0
[07/02/2010 15:44:02] /goto god come~
[07/02/2010 15:44:02] /attr group "0
[07/02/2010 15:44:02] /goto god come~
[07/02/2010 15:44:02] /attr group "0
[07/02/2010 15:44:02] /goto god come~
[07/02/2010 15:44:02] /attr group "0
[07/02/2010 15:44:02] /goto god come~
[07/02/2010 15:44:02] /attr group "0
[07/02/2010 15:44:03] /goto god come~
[07/02/2010 15:44:03] /goto god come~
[07/02/2010 15:44:03] /goto god come~
[07/02/2010 15:44:03] /goto god come~
[07/02/2010 15:44:03] /goto god come~
[07/02/2010 15:44:03] /goto god come~
[07/02/2010 15:44:03] /goto god come~
[07/02/2010 15:44:03] /goto god come~
[07/02/2010 15:44:03] /goto god come~
[07/02/2010 15:44:03] /attr group "0
[07/02/2010 15:44:04] /attr group "0
[07/02/2010 15:44:04] /attr group "0
[07/02/2010 15:44:04] /attr group "0
[07/02/2010 15:44:05] /attr group "0
[07/02/2010 15:44:05] /attr group "0
[07/02/2010 15:44:05] /attr group "0
[07/02/2010 15:44:05] /attr group "0
[07/02/2010 15:44:05] /attr group "0
[07/02/2010 15:44:05] /attr group "0
[07/02/2010 15:44:05] /attr group "0
[07/02/2010 15:44:05] /attr group "0
[07/02/2010 15:44:05] /attr group "0
[07/02/2010 15:44:05] /attr group "0
[07/02/2010 15:44:05] /attr group "0
[07/02/2010 15:44:05] /attr group "0
[07/02/2010 15:44:05] /attr group "0
[07/02/2010 15:44:05] /attr group "0
[07/02/2010 15:44:05] /attr group "0
[07/02/2010 15:44:06] /goto god come~
[07/02/2010 15:44:06] /goto god come~
[07/02/2010 15:44:06] /goto god come~
[07/02/2010 15:44:06] /goto god come~
[07/02/2010 15:44:06] /attr group "0
[07/02/2010 15:44:07] /goto god come~
[07/02/2010 15:44:07] /goto god come~
[07/02/2010 15:44:07] /goto god come~
[07/02/2010 15:44:07] /goto god come~
[07/02/2010 15:44:07] /goto god come~
[07/02/2010 15:44:07] /goto god come~
[07/02/2010 15:44:07] /attr group "0
[07/02/2010 15:44:08] /goto god come~
[07/02/2010 15:44:08] /attr group "0
[07/02/2010 15:44:08] /goto god come~
[07/02/2010 15:44:08] /attr group "0
[07/02/2010 15:44:09] /goto god come~
[07/02/2010 15:44:11] /goto god come~
[07/02/2010 15:44:11] /goto god come~
[07/02/2010 15:44:11] /goto god come~
[07/02/2010 15:44:11] /goto god come~
[07/02/2010 15:44:11] /goto god come~
[07/02/2010 15:44:12] /attr group "0
[07/02/2010 15:44:12] /attr group "0
[07/02/2010 15:44:12] /goto god come~
[07/02/2010 15:44:12] /attr group "0
[07/02/2010 15:44:12] /attr group "0
[07/02/2010 15:44:12] /goto god come~
[07/02/2010 15:44:12] /goto god come~
[07/02/2010 15:44:12] /attr group "0
[07/02/2010 15:44:12] /attr group "0
[07/02/2010 15:44:13] /goto god come~
[07/02/2010 15:44:13] /goto god come~
[07/02/2010 15:44:13] /attr group "0
[07/02/2010 15:44:13] /goto god come~
[07/02/2010 15:44:13] /attr group "0
[07/02/2010 15:44:13] /goto god come~
[07/02/2010 15:44:13] /attr group "0
[07/02/2010 15:44:13] /goto god come~
[07/02/2010 15:44:13] /attr group "0
[07/02/2010 15:44:13] /goto god come~
[07/02/2010 15:44:13] /attr group "0
[07/02/2010 15:44:14] /attr group "0
[07/02/2010 15:44:14] /goto god come~
[07/02/2010 15:44:14] /attr group "0
[07/02/2010 15:44:14] /goto god come~
[07/02/2010 15:44:14] /goto god come~
[07/02/2010 15:44:14] /attr group "0
[07/02/2010 15:44:14] /goto god come~
[07/02/2010 15:44:14] /attr group "0
[07/02/2010 15:44:14] /attr group "0
[07/02/2010 15:44:14] /goto god come~
[07/02/2010 15:44:14] /goto god come~
[07/02/2010 15:44:14] /attr group "0
[07/02/2010 15:44:14] /goto god come~
[07/02/2010 15:44:14] /attr group "0
[07/02/2010 15:44:15] /goto god come~
[07/02/2010 15:44:16] /goto god come~
[07/02/2010 15:44:16] /attr group "0
[07/02/2010 15:44:17] /a
[07/02/2010 15:44:18] /goto god come~
[07/02/2010 15:44:18] /goto god come~
[07/02/2010 15:44:18] /goto god come~
[07/02/2010 15:44:18] /attr group "0
[07/02/2010 15:44:19] /attr group "0
[07/02/2010 15:44:19] /attr group "0
[07/02/2010 15:44:19] /attr group "0
[07/02/2010 15:44:19] /attr group "0
[07/02/2010 15:44:19] /attr group "0
[07/02/2010 15:44:19] /goto god come~
[07/02/2010 15:44:23] /goto god come~
[07/02/2010 15:44:23] /goto god come~
[07/02/2010 15:44:27] /goto god come~
[07/02/2010 15:44:28] /goto god come~
[07/02/2010 15:44:29] /a 1
[07/02/2010 15:44:31] /goto god come~
[07/02/2010 15:44:32] /goto god come~
[07/02/2010 15:44:33] /goto god come~
[07/02/2010 15:44:34] /goto god come~
[07/02/2010 15:44:35] /goto god come~
[07/02/2010 15:44:35] /goto god come~
[07/02/2010 15:44:35] /goto god come~
[07/02/2010 15:44:35] /goto god come~
[07/02/2010 15:44:35] /goto god come~
[07/02/2010 15:44:36] /goto god come~
[07/02/2010 15:44:36] /goto god come~
[07/02/2010 15:44:36] /goto god come~
[07/02/2010 15:44:36] /goto god come~
[07/02/2010 15:44:36] /goto god come~
[07/02/2010 15:44:36] /goto god come~
[07/02/2010 15:44:36] /goto god come~
[07/02/2010 15:44:36] /goto god come~
[07/02/2010 15:44:36] /goto god come~
[07/02/2010 15:44:36] /goto god come~
[07/02/2010 15:44:36] /goto god come~
[07/02/2010 15:44:36] /goto god come~
[07/02/2010 15:44:36] /goto god come~
[07/02/2010 15:44:36] /goto god come~
[07/02/2010 15:44:36] /goto god come~
[07/02/2010 15:44:36] /goto god come~
[07/02/2010 15:44:37] /goto god come~
[07/02/2010 15:44:37] /goto god come~
[07/02/2010 15:44:37] /goto god come~
[07/02/2010 15:44:37] /goto god come~
[07/02/2010 15:44:37] /goto god come~
[07/02/2010 15:44:37] /goto god come~
[07/02/2010 15:44:37] /attr group "0
[07/02/2010 15:44:37] /attr group "0
[07/02/2010 15:44:38] /attr group "0
[07/02/2010 15:44:38] /goto god come~
[07/02/2010 15:44:38] /attr group "0
[07/02/2010 15:44:38] /goto god come~
[07/02/2010 15:44:38] /attr group "0
[07/02/2010 15:44:38] /goto god come~
[07/02/2010 15:44:39] /attr group "0
[07/02/2010 15:44:39] /attr group "0
[07/02/2010 15:44:40] /attr group "0
[07/02/2010 15:44:40] /attr group "0
[07/02/2010 15:44:40] /goto god come~
[07/02/2010 15:44:41] /goto god come~
[07/02/2010 15:44:41] /goto god come~
[07/02/2010 15:44:42] /attr group "0
[07/02/2010 15:44:42] /attr group "0
[07/02/2010 15:44:42] /attr group "0
[07/02/2010 15:44:42] /attr group "0
[07/02/2010 15:44:42] /attr group "0
[07/02/2010 15:44:43] /attr group "0
[07/02/2010 15:44:43] /attr group "0
[07/02/2010 15:44:50] /c god come~
[07/02/2010 15:44:50] /attr group "0
[07/02/2010 15:44:51] /attr group "0
[07/02/2010 15:44:51] /c god come~
[07/02/2010 15:44:51] /c god come~
[07/02/2010 15:44:51] /attr group "0
[07/02/2010 15:44:51] /c god come~
[07/02/2010 15:44:51] /c god come~
[07/02/2010 15:44:51] /c god come~
[07/02/2010 15:44:52] /c god come~
[07/02/2010 15:44:52] /c god come~
[07/02/2010 15:44:52] /attr group "0
[07/02/2010 15:44:52] /attr group "0
[07/02/2010 15:44:52] /c god come~
[07/02/2010 15:44:52] /c god come~
[07/02/2010 15:44:52] /c god come~
[07/02/2010 15:44:52] /attr group "0
[07/02/2010 15:44:52] /c god come~
[07/02/2010 15:44:52] /c god come~
[07/02/2010 15:44:53] /attr group "0
[07/02/2010 15:44:53] /c god come~
[07/02/2010 15:44:53] /attr group "0
[07/02/2010 15:44:53] /attr group "0
[07/02/2010 15:44:53] /c god come~
[07/02/2010 15:44:53] /c god come~
[07/02/2010 15:44:53] /attr group "0
[07/02/2010 15:44:53] /attr group "0
[07/02/2010 15:44:54] /c god come~
[07/02/2010 15:44:54] /attr group "0
[07/02/2010 15:44:54] /c god come~
[07/02/2010 15:44:54] /attr group "0
[07/02/2010 15:44:54] /c god come~
[07/02/2010 15:44:54] /attr group "0
[07/02/2010 15:44:54] /c god come~
[07/02/2010 15:44:54] /attr group "0
[07/02/2010 15:44:54] /c god come~
[07/02/2010 15:44:54] /attr group "0
[07/02/2010 15:44:54] /c god come~
[07/02/2010 15:44:55] /c god come~
[07/02/2010 15:44:55] /attr group "0
[07/02/2010 15:44:55] /attr group "0
[07/02/2010 15:44:55] /c god come~
[07/02/2010 15:44:55] /c god come~
[07/02/2010 15:44:55] /c god come~
[07/02/2010 15:44:56] /c god come~
[07/02/2010 15:44:56] /c god come~
[07/02/2010 15:44:56] /c god come~
[07/02/2010 15:44:56] /c god come~
[07/02/2010 15:44:58] /c god come~
[07/02/2010 15:45:00] /attr group "0
[07/02/2010 15:45:00] /attr group "0
[07/02/2010 15:45:00] /attr group "0
[07/02/2010 15:45:00] /attr group "0
[07/02/2010 15:45:01] /c god come~
[07/02/2010 15:45:02] /attr group "0
[07/02/2010 15:45:02] /attr group "0
[07/02/2010 15:45:05] /c god come~
[07/02/2010 15:45:06] /c god come~
[07/02/2010 15:45:06] /attr group "0
[07/02/2010 15:45:06] /attr group "0
[07/02/2010 15:45:07] /c god come~
[07/02/2010 15:45:07] /attr group "0
[07/02/2010 15:45:07] /attr group "0
[07/02/2010 15:45:07] /attr group "0
[07/02/2010 15:45:08] /attr group "0
[07/02/2010 15:45:08] /attr group "0
[07/02/2010 15:45:10] /c god come~
[07/02/2010 15:45:11] /c god come~
[07/02/2010 15:45:12] /c god come~
[07/02/2010 15:45:13] /c god come~
[07/02/2010 15:45:14] /c god come~
[07/02/2010 15:45:17] /attr group "0
[07/02/2010 15:45:18] /attr group "0
[07/02/2010 15:45:18] /attr group "0
[07/02/2010 15:45:19] /attr group "0
[07/02/2010 15:45:19] /attr group "0
[07/02/2010 15:45:19] /attr group "0
[07/02/2010 15:45:19] /attr group "0
[07/02/2010 15:45:21] /attr group "0
[07/02/2010 15:45:22] /attr group "0
[07/02/2010 15:45:22] /attr group "0
[07/02/2010 15:45:22] /attr group "0
[07/02/2010 15:45:23] /attr group "0
[07/02/2010 15:45:23] /attr group "0
[07/02/2010 15:45:25] /attr group "0
[07/02/2010 15:45:25] /attr group "0
[07/02/2010 15:45:25] /attr group "0
[07/02/2010 15:45:25] /attr group "0
[07/02/2010 15:45:26] /attr group "0
[07/02/2010 15:45:26] /attr group "0
[07/02/2010 15:45:26] /attr group "0
[07/02/2010 15:45:26] /attr group "0
[07/02/2010 15:45:27] /attr group "0
[07/02/2010 15:45:27] /attr group "0
[07/02/2010 15:45:27] /attr group "0
[07/02/2010 15:45:28] /attr group "0
[07/02/2010 15:45:32] /b kero so me vingga
[07/02/2010 15:45:34] /attr group "0
[07/02/2010 15:45:34] /attr group "0
[07/02/2010 15:45:35] /attr group "0
[07/02/2010 15:45:35] /attr group "0
[07/02/2010 15:45:36] /attr group "0
[07/02/2010 15:45:36] /attr group "0
[07/02/2010 15:45:37] /attr group "0
[07/02/2010 15:45:37] /attr group "0
[07/02/2010 15:45:37] /attr group "0
[07/02/2010 15:45:38] /attr group "0
[07/02/2010 15:45:38] /attr group "0
[07/02/2010 15:45:38] /attr group "0
[07/02/2010 15:45:39] /attr group "0
[07/02/2010 15:45:39] /attr group "0
[07/02/2010 15:45:39] /attr group "0
[07/02/2010 15:45:40] /attr group "0
[07/02/2010 15:45:40] /attr group "0
[07/02/2010 15:45:40] /attr group "0
[07/02/2010 15:45:41] /attr group "0
[07/02/2010 15:45:42] /attr group "0
[07/02/2010 15:45:42] /attr group "0
[07/02/2010 15:45:42] /attr group "0
[07/02/2010 15:45:43] /attr group "0
[07/02/2010 15:45:43] /attr group "0
[07/02/2010 15:45:43] /attr group "0
[07/02/2010 15:45:44] /attr group "0
[07/02/2010 15:45:44] /attr group "0
[07/02/2010 15:45:44] /attr group "0
[07/02/2010 15:45:44] /attr group "0
[07/02/2010 15:45:44] /attr group "0
[07/02/2010 15:45:45] /attr group "0
[07/02/2010 15:45:45] /attr group "0
[07/02/2010 15:45:45] /attr group "0
[07/02/2010 15:45:45] /attr group "0
[07/02/2010 15:45:45] /attr group "0
[07/02/2010 15:45:46] /attr group "0
[07/02/2010 15:45:46] /attr group "0
[07/02/2010 15:45:48] /attr group "0
[07/02/2010 15:45:48] /attr group "0
[07/02/2010 15:45:48] /attr group "0
[07/02/2010 15:45:48] /attr group "0
[07/02/2010 15:45:49] /attr group "0
[07/02/2010 15:45:50] /attr group "0
[07/02/2010 15:45:50] /attr group "0
[07/02/2010 15:46:52] /goto god come~
[07/02/2010 15:47:28] /attr group "6
[07/02/2010 15:47:34] /a
[07/02/2010 15:47:34] /t
[07/02/2010 15:47:38] /b eskeceu q eu so god?
[07/02/2010 15:47:46] /c god come~
[07/02/2010 15:47:50] /b alissow on!
[07/02/2010 15:48:28] /a
[07/02/2010 15:48:33] /attr group "6
[07/02/2010 15:48:42] /goto god come~
[07/02/2010 15:48:43] /r
[07/02/2010 15:48:44] /r
[07/02/2010 15:49:01] /b eskeceu q eu so o ojani
[07/02/2010 15:49:08] /goto god come~
[07/02/2010 15:49:11] /attr group "0
[07/02/2010 15:49:11] /attr group "0
[07/02/2010 15:49:11] /c god come~
[07/02/2010 15:49:11] /attr group "0
[07/02/2010 15:49:11] /c god come~
[07/02/2010 15:49:12] /attr group "0
[07/02/2010 15:49:12] /c god come~
[07/02/2010 15:49:12] /attr group "0
[07/02/2010 15:49:12] /c god come~
[07/02/2010 15:49:12] /attr group "0
[07/02/2010 15:49:12] /c god come~
[07/02/2010 15:49:12] /attr group "0
[07/02/2010 15:49:12] /c god come~
[07/02/2010 15:49:12] /attr group "0
[07/02/2010 15:49:12] /c god come~
[07/02/2010 15:49:12] /c god come~
[07/02/2010 15:49:12] /attr group "0
[07/02/2010 15:49:13] /attr group "0
[07/02/2010 15:49:13] /attr group "0
[07/02/2010 15:49:13] /attr group "0
[07/02/2010 15:49:13] /attr group "0
[07/02/2010 15:49:13] /attr group "0
[07/02/2010 15:49:14] /t
[07/02/2010 15:49:18] /c god alissow
[07/02/2010 15:49:32] /c god come~
[07/02/2010 15:49:32] /attr group "0
[07/02/2010 15:49:32] /attr group "0
[07/02/2010 15:49:33] /c god come~
[07/02/2010 15:49:33] /c god come~
[07/02/2010 15:49:33] /attr group "0
[07/02/2010 15:49:33] /c god come~
[07/02/2010 15:49:33] /c god come~
[07/02/2010 15:49:33] /attr group "0
[07/02/2010 15:49:34] /r
[07/02/2010 15:49:34] /c god come~
[07/02/2010 15:49:34] /attr group "0
[07/02/2010 15:49:34] /r
[07/02/2010 15:49:34] /attr group "0
[07/02/2010 15:49:34] /r
[07/02/2010 15:49:34] /attr group "0
[07/02/2010 15:49:34] /r
[07/02/2010 15:49:34] /c god come~
[07/02/2010 15:49:35] /attr group "0
[07/02/2010 15:49:35] /r
[07/02/2010 15:49:35] /c god come~
[07/02/2010 15:49:35] /r
[07/02/2010 15:49:36] /c god come~
[07/02/2010 15:49:36] /r
[07/02/2010 15:49:36] /c god come~
[07/02/2010 15:49:36] /r
[07/02/2010 15:49:37] /c god come~
[07/02/2010 15:49:37] /r
[07/02/2010 15:49:37] /r
[07/02/2010 15:49:37] /c god come~
[07/02/2010 15:49:37] /c god come~
[07/02/2010 15:49:37] /r
[07/02/2010 15:49:37] /c god come~
[07/02/2010 15:49:37] /attr group "0
[07/02/2010 15:49:37] /r
[07/02/2010 15:49:37] /c god come~
[07/02/2010 15:49:37] /r
[07/02/2010 15:49:38] /c god come~
[07/02/2010 15:49:38] /r
[07/02/2010 15:49:38] /r
[07/02/2010 15:49:38] /c god come~
[07/02/2010 15:49:38] /r
[07/02/2010 15:49:38] /c god come~
[07/02/2010 15:49:38] /attr group "0
[07/02/2010 15:49:38] /c god come~
[07/02/2010 15:49:38] /r
[07/02/2010 15:49:39] /attr group "0
[07/02/2010 15:49:39] /c god come~
[07/02/2010 15:49:39] /attr group "0
[07/02/2010 15:49:39] /c god come~
[07/02/2010 15:49:55] /c god come~
[07/02/2010 15:49:55] /c god come~
[07/02/2010 15:49:56] /c god come~
[07/02/2010 15:49:56] /c god come~
[07/02/2010 15:49:56] /attr group "0
[07/02/2010 15:49:57] /r
[07/02/2010 15:49:57] /c god come~
[07/02/2010 15:49:57] /r
[07/02/2010 15:49:57] /r
[07/02/2010 15:49:58] /r
[07/02/2010 15:49:58] /r
[07/02/2010 15:49:58] /r
[07/02/2010 15:49:58] /r
[07/02/2010 15:49:58] /r
[07/02/2010 15:49:59] /c god come~
[07/02/2010 15:49:59] /c god come~
[07/02/2010 15:49:59] /c god come~
[07/02/2010 15:49:59] /c god come~
[07/02/2010 15:49:59] /c god come~
[07/02/2010 15:49:59] /c god come~
[07/02/2010 15:50:01] /a 50
[07/02/2010 15:50:07] /c god aliss~
[07/02/2010 15:50:07] /c god aliss~
[07/02/2010 15:50:07] /c god aliss~
[07/02/2010 15:50:07] /c god aliss~
[07/02/2010 15:50:07] /c god aliss~
[07/02/2010 15:50:08] /c god aliss~
[07/02/2010 15:50:08] /attr group "0
[07/02/2010 15:50:08] /c god aliss~
[07/02/2010 15:50:08] /c god aliss~
[07/02/2010 15:50:08] /c god aliss~
[07/02/2010 15:50:08] /attr group "0
[07/02/2010 15:50:08] /c god aliss~
[07/02/2010 15:50:08] /c god come~
[07/02/2010 15:50:09] /c god aliss~
[07/02/2010 15:50:09] /attr group "0
[07/02/2010 15:50:09] /c god aliss~
[07/02/2010 15:50:09] /attr group "0
[07/02/2010 15:50:09] /c god aliss~
[07/02/2010 15:50:09] /c god aliss~
[07/02/2010 15:50:09] /attr group "0
[07/02/2010 15:50:09] /c god aliss~
[07/02/2010 15:50:09] /attr group "0
[07/02/2010 15:50:09] /c god aliss~
[07/02/2010 15:50:09] /attr group "0
[07/02/2010 15:50:09] /c god aliss~
[07/02/2010 15:50:10] /attr group "0
[07/02/2010 15:50:10] /c god aliss~
[07/02/2010 15:50:10] /attr group "0
[07/02/2010 15:50:10] /c god aliss~
[07/02/2010 15:50:10] /attr group "0
[07/02/2010 15:50:10] /attr group "0
[07/02/2010 15:50:10] /c god aliss~
[07/02/2010 15:50:10] /attr group "0
[07/02/2010 15:50:10] /attr group "0
[07/02/2010 15:50:11] /c god aliss~
[07/02/2010 15:50:11] /attr group "0
[07/02/2010 15:50:11] /attr group "0
[07/02/2010 15:50:11] /attr group "0
[07/02/2010 15:50:11] /c god aliss~
[07/02/2010 15:50:11] /attr group "0
[07/02/2010 15:50:12] /c god aliss~
[07/02/2010 15:50:12] /attr group "0
[07/02/2010 15:50:12] /c god aliss~
[07/02/2010 15:50:12] /attr group "0
[07/02/2010 15:50:12] /c god come~
[07/02/2010 15:50:12] /attr group "0
[07/02/2010 15:50:12] /c god aliss~
[07/02/2010 15:50:12] /attr group "0
[07/02/2010 15:50:13] /r
[07/02/2010 15:50:13] /r
[07/02/2010 15:50:13] /c god aliss~
[07/02/2010 15:50:13] /c god aliss~
[07/02/2010 15:50:13] /r
[07/02/2010 15:50:13] /r
[07/02/2010 15:50:13] /c god aliss~
[07/02/2010 15:50:13] /r
[07/02/2010 15:50:14] /r
[07/02/2010 15:50:14] /r
[07/02/2010 15:50:14] /c god aliss~
[07/02/2010 15:50:14] /c god aliss~
[07/02/2010 15:50:15] /c god aliss~
[07/02/2010 15:50:15] /c god aliss~
[07/02/2010 15:50:16] /c god aliss~
[07/02/2010 15:50:17] /c god aliss~
[07/02/2010 15:50:17] /c god aliss~
[07/02/2010 15:50:17] /c god aliss~
[07/02/2010 15:50:17] /c god aliss~
[07/02/2010 15:50:17] /c god aliss~
[07/02/2010 15:50:18] /attr group "0
[07/02/2010 15:50:18] /c god aliss~
[07/02/2010 15:50:18] /attr group "0
[07/02/2010 15:50:18] /attr group "0
[07/02/2010 15:50:18] /attr group "0
[07/02/2010 15:50:19] /attr group "0
[07/02/2010 15:50:19] /c god aliss~
[07/02/2010 15:50:19] /attr group "0
[07/02/2010 15:50:19] /c god aliss~
[07/02/2010 15:50:19] /c god aliss~
[07/02/2010 15:50:19] /attr group "0
[07/02/2010 15:50:19] /c god aliss~
[07/02/2010 15:50:19] /attr group "0
[07/02/2010 15:50:19] /c god aliss~
[07/02/2010 15:50:19] /attr group "0
[07/02/2010 15:50:20] /c god aliss~
[07/02/2010 15:50:20] /attr group "0
[07/02/2010 15:50:20] /c god aliss~
[07/02/2010 15:50:20] /attr group "0
[07/02/2010 15:50:20] /c god aliss~
[07/02/2010 15:50:20] /attr group "0
[07/02/2010 15:50:20] /c god aliss~
[07/02/2010 15:50:20] /attr group "0
[07/02/2010 15:50:20] /c god aliss~
[07/02/2010 15:50:20] /attr group "0
[07/02/2010 15:50:20] /c god aliss~
[07/02/2010 15:50:20] /c god aliss~
[07/02/2010 15:50:20] /attr group "0
[07/02/2010 15:50:20] /c god aliss~
[07/02/2010 15:50:21] /attr group "0
[07/02/2010 15:50:21] /attr group "0
[07/02/2010 15:50:21] /c god aliss~
[07/02/2010 15:50:21] /c god aliss~
[07/02/2010 15:50:21] /attr group "0
[07/02/2010 15:50:21] /c god aliss~
[07/02/2010 15:50:21] /attr group "0
[07/02/2010 15:50:21] /c god aliss~
[07/02/2010 15:50:21] /attr group "0
[07/02/2010 15:50:21] /c god aliss~
[07/02/2010 15:50:21] /attr group "0
[07/02/2010 15:50:21] /c god aliss~
[07/02/2010 15:50:21] /attr group "0
[07/02/2010 15:50:30] /goto tor~
[07/02/2010 15:51:25] /c god come~
[07/02/2010 15:51:26] /r
[07/02/2010 15:51:26] /attr group "0
[07/02/2010 15:51:26] /r
[07/02/2010 15:51:27] /attr group "0
[07/02/2010 15:51:27] /r
[07/02/2010 15:51:27] /attr group "0
[07/02/2010 15:51:27] /attr group "0
[07/02/2010 15:51:27] /r
[07/02/2010 15:51:37] /b sem tirar group, vamo conveesa
[07/02/2010 15:51:38] /attr group "0
[07/02/2010 15:51:38] /r
[07/02/2010 15:51:40] /r
[07/02/2010 15:51:40] /c god come~
[07/02/2010 15:51:41] /c god aliss~
[07/02/2010 15:52:05] /r
[07/02/2010 15:52:06] /attr group "0
[07/02/2010 15:52:06] /r
[07/02/2010 15:52:06] /attr group "0
[07/02/2010 15:52:06] /r
[07/02/2010 15:52:06] /attr group "0
[07/02/2010 15:52:06] /attr group "0
[07/02/2010 15:52:06] /attr group "0
[07/02/2010 15:52:08] /attr group "0
[08/02/2010 19:08:49] /b vo tenta te uma otra ideia besta mais loka..
[08/02/2010 19:09:36] /i baking tray
[08/02/2010 19:09:53] /r
[08/02/2010 19:09:54] /up
[08/02/2010 19:09:59] /r
[08/02/2010 19:10:02] /r
[08/02/2010 19:10:03] /r
[08/02/2010 19:10:11] /i furnace
[08/02/2010 19:10:15] /r
[08/02/2010 19:10:18] /r
[08/02/2010 19:10:32] /i sugar cane
[08/02/2010 19:10:34] /r
[08/02/2010 19:10:38] /i 5465
[08/02/2010 19:10:41] /r
[08/02/2010 19:10:46] /i 5466
[08/02/2010 19:10:51] /i scythe,1
[08/02/2010 19:11:09] /i 5467
[08/02/2010 19:11:23] /i 5468
[08/02/2010 19:11:57] /i 5464
[08/02/2010 19:12:01] /r
[08/02/2010 19:13:38] /i onion
[08/02/2010 19:13:39] /i japaleno pepper
[08/02/2010 19:13:45] /i japeleno pepper
[08/02/2010 19:13:53] /i japelano pepper
[08/02/2010 19:14:00] /i pepper
[08/02/2010 19:15:55] /i japeleno pepper
[08/02/2010 19:16:07] /i japelenno pepper
[08/02/2010 19:16:11] /i japalleno pepper
[08/02/2010 19:16:16] /i japalenno pepper
[08/02/2010 19:16:23] /i japelenno pepper
[08/02/2010 19:16:30] /i jepelano pepper
[08/02/2010 19:16:36] /i jepaleno pepper
[08/02/2010 19:16:41] /i 8842
[08/02/2010 19:16:43] /i 8841
[08/02/2010 19:16:45] /i 8840
[08/02/2010 19:16:51] /i 8839
[08/02/2010 19:16:56] /i 8838
[08/02/2010 19:17:01] /i 8837
[08/02/2010 19:17:03] /r
[08/02/2010 19:17:16] /i 8844
[08/02/2010 19:17:27] /i 8845
[08/02/2010 19:17:31] /i 8846
[08/02/2010 19:17:41] /r
[08/02/2010 19:17:47] /r 999
[08/02/2010 19:17:49] /i 8848
[08/02/2010 19:24:07] /goto 
[08/02/2010 19:24:12] /t
[08/02/2010 19:24:15] /goto come~
[08/02/2010 19:24:23] /i baking tray
[08/02/2010 19:25:03] /i 8849
[08/02/2010 19:25:06] /i 8847
[08/02/2010 19:30:44] /i 1212
[08/02/2010 19:31:04] /r
[08/02/2010 19:31:35] /goto god come~
[08/02/2010 19:31:38] /goto comed~
[08/02/2010 19:34:21] /t
[08/02/2010 19:34:23] /up
[08/02/2010 19:34:25] /c god come~
[08/02/2010 19:34:29] /c comedç~
[08/02/2010 19:34:32] /c comed~
[08/02/2010 19:35:05] /i cookie
[08/02/2010 19:35:29] /i lump of cake dough
[08/02/2010 19:36:07] /i wheat
[08/02/2010 19:36:09] /r
[08/02/2010 19:36:14] /i 2739
[08/02/2010 19:36:21] /i 1381
[08/02/2010 19:36:24] /i 1382
[08/02/2010 19:36:26] /i 1383
[08/02/2010 19:36:28] /i 1384
[08/02/2010 19:36:31] /i trough,6
[08/02/2010 19:36:38] /r
[08/02/2010 19:36:41] /r 999
[08/02/2010 19:37:07] /i furnace
[08/02/2010 19:37:21] /r 99
[08/02/2010 19:37:29] /r
[08/02/2010 19:37:34] /i 2739
[08/02/2010 19:37:37] /r
[08/02/2010 19:37:42] /i trough,4
[08/02/2010 19:37:46] /r
[08/02/2010 19:37:51] /i trough,6
[08/02/2010 19:43:15] /i bar of chocolate
[08/02/2010 19:43:29] /i bar of chocolate
[08/02/2010 19:43:44] /i oven
[08/02/2010 19:43:50] /r
[08/02/2010 19:43:55] /i 1788
[08/02/2010 19:44:06] /r
[08/02/2010 19:45:04] /reload actions
[08/02/2010 19:46:55] /i baking tray
[08/02/2010 19:47:31] /r 9999
[08/02/2010 19:47:35] /i cookie
[08/02/2010 19:47:46] /r 88
[08/02/2010 19:50:32] /i 8685
[08/02/2010 19:50:42] /i 8686
[08/02/2010 19:50:46] /r
[08/02/2010 19:51:00] /r
[08/02/2010 19:51:02] /r
[08/02/2010 19:51:10] /r
[08/02/2010 20:08:21] /i 2692
[08/02/2010 20:09:23] /i 1775
[08/02/2010 20:09:34] /r
[08/02/2010 20:31:50] /b alissow
[08/02/2010 20:31:59] /goto come~
[08/02/2010 20:32:07] /goto come~ç
[08/02/2010 20:32:09] /goto come~
[08/02/2010 20:32:16] /i 1050
[08/02/2010 20:32:16] /i 1050
[08/02/2010 20:32:18] /i 1050
[08/02/2010 20:32:18] /i 1050
[08/02/2010 20:32:19] /i 1050
[08/02/2010 20:32:19] /i 1050
[08/02/2010 20:32:22] /i marble window
[08/02/2010 20:32:24] /c bob~
[08/02/2010 20:32:25] /i 1050
[08/02/2010 20:32:27] /i 1050
[08/02/2010 20:32:29] /i 1050
[08/02/2010 20:32:33] /r
[08/02/2010 20:32:34] /r
[08/02/2010 20:32:36] /i marble window
[08/02/2010 20:32:40] /i counter
[08/02/2010 20:32:42] /i counter
[08/02/2010 20:32:46] /c bob~
[08/02/2010 20:32:48] /a 4
[08/02/2010 20:32:56] /i bag
[08/02/2010 20:33:03] /i oven
[08/02/2010 20:33:15] /i trough,6
[08/02/2010 20:33:28] /a
[08/02/2010 20:33:29] /attr group "6
[08/02/2010 20:33:36] /a
[08/02/2010 20:33:36] /r
[08/02/2010 20:33:47] /b lagg!
[08/02/2010 20:34:59] /i scythe
[08/02/2010 20:35:56] /i baking tray,1
[08/02/2010 20:37:16] /b entrem no meu sv
[08/02/2010 20:37:20] /b topaz-serv.no-ip.org
[08/02/2010 20:37:34] /b matou 1 rotworm? humpf, vai pra lvl 400k!
[08/02/2010 20:38:25] /b Topaz-serv.no-ip.org 8.50!
[08/02/2010 20:38:28] /b Fui!
[08/02/2010 20:38:33] /b mata 1 rot gogo lvl 400k
[08/02/2010 20:38:34] /b ;D
[09/02/2010 18:45:26] /t
[09/02/2010 18:45:33] /b Daorissimo
[09/02/2010 18:45:35] /b belo mapa!
[09/02/2010 18:45:37] /b amo cimento
[09/02/2010 18:46:46] /cliport
[09/02/2010 18:46:49] /goto god come~
[09/02/2010 18:48:36] /r
[09/02/2010 18:48:36] /r
[09/02/2010 18:49:03] /r
[09/02/2010 18:51:19] /b eu
[09/02/2010 18:51:20] /b euheuahua
[09/02/2010 18:51:37] /newtype 302
[09/02/2010 18:51:40] /a
[09/02/2010 18:51:40] /a
[09/02/2010 18:52:57] /a
[09/02/2010 18:53:18] /b Axei 1 bug no married system
[09/02/2010 18:54:38] /t
[09/02/2010 18:54:39] /c gome~
[09/02/2010 18:54:41] /c come~
[09/02/2010 18:54:42] /up
[09/02/2010 18:54:43] /up
[09/02/2010 18:54:46] /up
[09/02/2010 18:54:49] /goto come~
[09/02/2010 18:55:09] /b cade o forno
