[15/06/2012 02:20:41] /a 19
[15/06/2012 02:20:42] /a 19
[15/06/2012 02:20:43] /a 19
[15/06/2012 02:20:44] /a 19
[15/06/2012 02:20:44] /a 19
[15/06/2012 02:20:45] /a 19
[15/06/2012 02:20:46] /a 19
[15/06/2012 02:20:50] /a 16
[15/06/2012 02:20:53] /a 14
[15/06/2012 02:20:55] /a 13
[15/06/2012 02:20:58] /a 13
[15/06/2012 02:21:01] /a 18
[15/06/2012 02:21:02] /a 18
[15/06/2012 02:21:03] /a 18
[15/06/2012 02:22:16] /n royal scale robe
[15/06/2012 02:22:19] /n royal scale robe 1
[15/06/2012 02:22:28] /n dragon scale mail
[15/06/2012 02:22:31] /n dragon scale mail 1
[15/06/2012 02:23:01] /a 5
[15/06/2012 02:23:08] /a 5
[15/06/2012 02:23:09] /a 5
[15/06/2012 02:23:49] /down
[15/06/2012 02:23:52] /down
[15/06/2012 02:23:59] /up
[15/06/2012 02:24:05] /down
[15/06/2012 02:24:13] /a 1
[15/06/2012 02:24:16] /up
[15/06/2012 02:24:28] /t
[15/06/2012 02:24:55] /n dragon shield
[15/06/2012 02:25:20] /m dragon shield 1
[15/06/2012 02:25:41] /goto demon
[15/06/2012 02:26:18] /goto demon
[15/06/2012 02:26:44] /addskill magic level royalty
[15/06/2012 02:26:59] /addskill Royalty magiclevel
[15/06/2012 02:27:02] /addskill Royalty magic level
[15/06/2012 02:27:11] /exp royalty
[15/06/2012 02:27:18] /exp 
[15/06/2012 02:27:25] /goto martel
[15/06/2012 02:27:34] /a 2
[15/06/2012 02:27:37] /a 2
[15/06/2012 02:27:42] /a 2
[15/06/2012 02:27:56] /a 2
[15/06/2012 02:28:10] /a 2
[15/06/2012 02:28:12] /up
[15/06/2012 02:28:13] /up
[15/06/2012 02:28:15] /up
[15/06/2012 02:28:17] /up
[15/06/2012 02:29:36] /goto bager
[15/06/2012 02:29:40] /goto alesar
[15/06/2012 02:30:03] /goto ghazbaran
[15/06/2012 02:30:18] /goto spirit of water
[15/06/2012 02:30:23] /goto orshabaal
[15/06/2012 02:30:41] /goto bimbo
[15/06/2012 02:32:00] /goto lucifer
[15/06/2012 02:33:47] /i 2366
[15/06/2012 02:33:52] /i 23665
[15/06/2012 02:33:53] /i 2365
[15/06/2012 02:34:10] /i 2160
[15/06/2012 02:34:11] /i 2160
[15/06/2012 02:34:12] /i 2160
[15/06/2012 02:34:20] /i 2161
[15/06/2012 02:34:24] /i 2162
[15/06/2012 02:34:32] /i 1000
[15/06/2012 02:34:34] /i 1000
[15/06/2012 02:34:37] /i 1005
[15/06/2012 02:34:39] /i 1007
[15/06/2012 02:34:43] /i 2874
[15/06/2012 02:34:46] /i 2045
[15/06/2012 02:34:50] /i 2044
[15/06/2012 02:34:52] /i 2046
[15/06/2012 02:34:55] /i 2049
[15/06/2012 02:35:00] /i 3054
[15/06/2012 02:35:02] /i 3054
[15/06/2012 02:35:08] /i 3054
[15/06/2012 02:35:10] /i 3059
[15/06/2012 02:35:12] /i 3057
[15/06/2012 02:35:21] /i 1205
[15/06/2012 02:35:23] /r
[15/06/2012 02:35:26] /r
[15/06/2012 02:35:28] /r
[15/06/2012 02:35:30] /r
[15/06/2012 02:35:31] /r
[15/06/2012 02:35:33] /r
[15/06/2012 02:35:40] /goto martel
[15/06/2012 02:35:53] /i 454
[15/06/2012 02:35:56] /r
[15/06/2012 02:35:57] /r
[15/06/2012 02:36:00] /r
[15/06/2012 02:36:10] /i 724
[17/06/2012 00:11:15] /n demon
[17/06/2012 00:11:24] /m demon
[17/06/2012 00:12:24] /n demon shield 1
[17/06/2012 00:12:26] /n demon shield 
[17/06/2012 00:13:21] /m rat
[17/06/2012 00:13:30] /m rat
[17/06/2012 00:13:46] /m sea serpent
[17/06/2012 00:14:29] /m demon
[17/06/2012 00:15:19] /c martel
[17/06/2012 00:15:45] /goto hugo te la comes
[17/06/2012 00:15:49] /t
[17/06/2012 00:16:39] /n spear 2
[17/06/2012 00:16:48] /n assassin star 100
[17/06/2012 00:17:33] /m orshabaal
[17/06/2012 00:17:56] /c hugo te la comes
[17/06/2012 00:18:37] /i 8889
[17/06/2012 00:18:44] /i 8888
[17/06/2012 00:19:05] /i 2521
[17/06/2012 00:19:11] /i 2523
[17/06/2012 00:19:21] /r
[17/06/2012 00:19:41] /i 2482
[17/06/2012 00:19:44] /i 2483
[17/06/2012 00:19:47] /i 2481
[17/06/2012 00:19:50] /i 2480
[17/06/2012 00:19:54] /i 2479
[17/06/2012 00:19:57] /i 2478
[17/06/2012 00:20:00] /i 2475
[17/06/2012 00:20:04] /i 2474
[17/06/2012 00:20:38] /r
[17/06/2012 00:20:40] /r
[17/06/2012 00:20:41] /r
[17/06/2012 00:20:43] /r
[17/06/2012 00:20:44] /r
[17/06/2012 00:20:47] /r
[17/06/2012 00:20:49] /r
[17/06/2012 00:20:50] /r
[17/06/2012 00:21:08] /i 2640
[17/06/2012 00:21:17] /i 6132
[17/06/2012 00:22:14] /goto martel
[17/06/2012 00:22:34] /goto martel
[17/06/2012 00:22:44] /goto martel
[17/06/2012 00:22:47] /goto martel
[17/06/2012 00:22:50] /goto martel
[17/06/2012 00:22:52] /goto martel
[17/06/2012 00:22:54] /goto martel
[17/06/2012 00:22:55] /goto martel
[17/06/2012 00:22:57] /goto martel
[17/06/2012 00:23:02] /goto martel
[17/06/2012 00:23:04] /goto martel
[17/06/2012 00:23:05] /goto martel
[17/06/2012 00:23:07] /goto martel
[17/06/2012 00:23:09] /goto martel
[17/06/2012 00:23:13] /goto martel
[17/06/2012 00:23:15] /goto martel
[17/06/2012 00:23:17] /goto martel
[17/06/2012 00:23:23] /goto martel
[17/06/2012 00:23:29] /i 8851
[17/06/2012 00:23:35] /i 8851
[17/06/2012 00:23:37] /goto martel
[17/06/2012 00:25:22] /goto martel
[17/06/2012 00:25:23] /goto martel
[17/06/2012 00:25:28] /goto martel
[17/06/2012 00:26:18] /goto lucifer
[17/06/2012 16:02:51] /goto pepe
[17/06/2012 16:02:56] /goto pepe
[17/06/2012 16:03:04] /t
[17/06/2012 16:03:08] /goto martel
[17/06/2012 16:03:28] /goto martel
[17/06/2012 16:03:56] /a 3
[17/06/2012 16:03:59] /a 3
[17/06/2012 16:05:05] /m druid
[17/06/2012 16:05:58] /n assassin star
[17/06/2012 16:05:59] /n assassin star
[17/06/2012 16:06:09] /goto martel
[17/06/2012 16:06:40] /i assassin star
[17/06/2012 16:06:42] /i assassin star
[17/06/2012 16:06:46] /goto martel
[17/06/2012 16:06:55] /i blue robe
[17/06/2012 16:07:17] /goto martel
[17/06/2012 16:07:18] /goto martel
[17/06/2012 16:08:16] /i royal scale helmet
[17/06/2012 16:08:28] /i royal scale armor
[17/06/2012 16:08:32] /i royal scale boots
[17/06/2012 16:08:56] /i royal scale robe
[17/06/2012 16:10:00] /goto martel
[17/06/2012 16:10:02] /goto martel
[17/06/2012 16:10:48] /i backpack of holding
[17/06/2012 16:11:18] /goto martel
[17/06/2012 16:13:07] /goto martel
[17/06/2012 16:13:12] /goto martel
[17/06/2012 16:13:15] /goto martel
[17/06/2012 16:13:17] /goto martel
[17/06/2012 16:13:19] /goto martel
[17/06/2012 16:14:00] /goto martel
[17/06/2012 16:15:56] /goto martel
[17/06/2012 16:16:22] /i sudden death rune
[17/06/2012 16:16:35] /m draon
[17/06/2012 16:16:37] /m dragon
[17/06/2012 16:17:07] /a 4
[17/06/2012 16:17:10] /c martel
[17/06/2012 16:17:13] /a 4
[17/06/2012 16:17:16] /a 4
[17/06/2012 16:17:18] /a 4
[17/06/2012 16:17:19] /a 4
[17/06/2012 16:18:29] /goto martel
[17/06/2012 16:18:48] /a 3
[17/06/2012 16:19:32] /goto martel
[17/06/2012 22:15:24] /goto martel
[17/06/2012 22:15:56] /kick hugo te la comes
[17/06/2012 22:16:40] /i spellbook of dark mysteries
[17/06/2012 22:25:36] /goto martel
[17/06/2012 22:26:06] /goto link
[17/06/2012 22:26:17] /addskill link, level
[17/06/2012 22:26:20] /addskill link, level
[17/06/2012 22:26:21] /addskill link, level
[17/06/2012 22:26:21] /addskill link, level
[17/06/2012 22:26:22] /addskill link, level
[17/06/2012 22:26:22] /addskill link, level
[17/06/2012 22:26:23] /addskill link, level
[17/06/2012 22:26:23] /addskill link, level
[17/06/2012 22:26:24] /addskill link, level
[17/06/2012 22:26:24] /addskill link, level
[17/06/2012 22:26:24] /addskill link, level
[17/06/2012 22:26:25] /addskill link, level
[17/06/2012 22:26:25] /addskill link, level
[17/06/2012 22:26:25] /addskill link, level
[17/06/2012 22:26:26] /addskill link, level
[17/06/2012 22:26:26] /addskill link, level
[17/06/2012 22:26:27] /addskill link, level
[17/06/2012 22:26:27] /addskill link, level
[17/06/2012 22:26:28] /addskill link, level
[17/06/2012 22:26:29] /addskill link, level
[17/06/2012 22:26:29] /addskill link, level
[17/06/2012 22:26:30] /addskill link, level
[17/06/2012 22:26:30] /addskill link, level
[17/06/2012 22:26:31] /addskill link, level
[17/06/2012 22:26:31] /addskill link, level
[17/06/2012 22:26:31] /addskill link, level
[17/06/2012 22:26:32] /addskill link, level
[17/06/2012 22:26:32] /addskill link, level
[17/06/2012 22:26:34] /addskill link, level
[17/06/2012 22:26:34] /addskill link, level
[17/06/2012 22:26:35] /addskill link, level
[17/06/2012 22:26:36] /addskill link, level
[17/06/2012 22:26:36] /addskill link, level
[17/06/2012 22:26:36] /addskill link, level
[17/06/2012 22:26:37] /addskill link, level
[17/06/2012 22:26:37] /addskill link, level
[17/06/2012 22:26:39] /addskill link, level
[17/06/2012 22:26:40] /addskill link, level
[17/06/2012 22:26:40] /addskill link, level
[17/06/2012 22:26:41] /addskill link, level
[17/06/2012 22:26:41] /addskill link, level
[17/06/2012 22:26:42] /addskill link, level
[17/06/2012 22:26:53] /addskill link, magic level
[17/06/2012 22:26:53] /addskill link, magic level
[17/06/2012 22:26:54] /addskill link, magic level
[17/06/2012 22:26:54] /addskill link, magic level
[17/06/2012 22:26:54] /addskill link, magic level
[17/06/2012 22:26:55] /addskill link, magic level
[17/06/2012 22:26:55] /addskill link, magic level
[17/06/2012 22:26:55] /addskill link, magic level
[17/06/2012 22:26:56] /addskill link, magic level
[17/06/2012 22:26:56] /addskill link, magic level
[17/06/2012 22:26:57] /addskill link, magic level
[17/06/2012 22:26:57] /addskill link, magic level
[17/06/2012 22:26:57] /addskill link, magic level
[17/06/2012 22:26:58] /addskill link, magic level
[17/06/2012 22:26:58] /addskill link, magic level
[17/06/2012 22:26:58] /addskill link, magic level
[17/06/2012 22:26:59] /addskill link, magic level
[17/06/2012 22:26:59] /addskill link, magic level
[17/06/2012 22:26:59] /addskill link, magic level
[17/06/2012 22:27:00] /addskill link, magic level
[17/06/2012 22:27:00] /addskill link, magic level
[17/06/2012 22:27:01] /addskill link, magic level
[17/06/2012 22:27:01] /addskill link, magic level
[17/06/2012 22:27:02] /addskill link, magic level
[17/06/2012 22:27:02] /addskill link, magic level
[17/06/2012 22:27:05] /addskill link, magic level
[17/06/2012 22:27:06] /addskill link, magic level
[17/06/2012 22:27:07] /addskill link, magic level
[17/06/2012 22:27:07] /addskill link, magic level
[17/06/2012 22:27:08] /addskill link, magic level
[17/06/2012 22:27:09] /addskill link, magic level
[17/06/2012 22:27:09] /addskill link, magic level
[17/06/2012 22:27:10] /addskill link, magic level
[17/06/2012 22:27:10] /addskill link, magic level
[17/06/2012 22:27:11] /addskill link, magic level
[17/06/2012 22:27:11] /addskill link, magic level
[17/06/2012 22:27:11] /addskill link, magic level
[17/06/2012 22:27:12] /addskill link, magic level
[17/06/2012 22:27:12] /addskill link, magic level
[17/06/2012 22:27:12] /addskill link, magic level
[17/06/2012 22:27:13] /addskill link, magic level
[17/06/2012 22:27:13] /addskill link, magic level
[17/06/2012 22:27:25] /i focus cape
[17/06/2012 22:27:27] /i focus cape
[17/06/2012 22:27:27] /i focus cape
[17/06/2012 22:27:28] /i focus cape
[17/06/2012 22:27:29] /i focus cape
[17/06/2012 22:27:29] /i focus cape
[17/06/2012 22:27:30] /i focus cape
[17/06/2012 22:27:31] /i focus cape
[17/06/2012 22:27:32] /i focus cape
[17/06/2012 22:27:32] /i focus cape
[17/06/2012 22:27:33] /i focus cape
[17/06/2012 22:27:35] /i focus cape
[17/06/2012 22:27:43] /i blue legs
[17/06/2012 22:27:55] /i backpack of holding
[17/06/2012 22:54:32] /goto alesar
[17/06/2012 22:54:35] /a 4
[17/06/2012 22:54:36] /a 4
[17/06/2012 22:55:12] /i ultimate health potion
[17/06/2012 22:55:13] /i ultimate health potion
[17/06/2012 22:55:14] /i ultimate health potion
[17/06/2012 22:55:14] /i ultimate health potion
[17/06/2012 22:55:17] /i ultimate health potion
[17/06/2012 22:55:18] /i ultimate health potion
[17/06/2012 22:55:21] /i ultimate health potion
[17/06/2012 22:55:21] /i ultimate health potion
[17/06/2012 22:55:24] /i ultimate health potion
[17/06/2012 22:55:25] /i ultimate health potion
[17/06/2012 22:56:09] /i mana potion
[17/06/2012 22:56:10] /i mana potion
[17/06/2012 22:56:11] /i mana potion
[17/06/2012 22:56:14] /i mana potion
[17/06/2012 22:56:15] /i mana potion
[17/06/2012 22:56:18] /i mana potion
[17/06/2012 22:56:18] /i mana potion
[17/06/2012 22:56:21] /i mana potion
[18/06/2012 22:33:20] /goto pepe
[18/06/2012 23:03:56] /goto zekra
[18/06/2012 23:04:19] /goto zekra
[18/06/2012 23:04:34] /c zekra
[18/06/2012 23:05:15] /i batwing hat
[18/06/2012 23:06:51] /goto zekra
[18/06/2012 23:06:58] /c gozter
[18/06/2012 23:07:02] /c gozter
[18/06/2012 23:07:48] /i magic wall rune
[18/06/2012 23:09:38] /i bonebreaker
[18/06/2012 23:09:52] /i dreader cleaver
[18/06/2012 23:10:05] /i dreaded cleaver
[18/06/2012 23:10:23] /i titan axe
[18/06/2012 23:10:39] /i the devil's eye
[18/06/2012 23:10:47] /goto ghazbaran
[18/06/2012 23:11:06] /addskill magic level, royalty
[18/06/2012 23:11:11] /addskill magic level, royalty
[18/06/2012 23:11:12] /addskill magic level, royalty
[18/06/2012 23:11:12] /addskill magic level, royalty
[18/06/2012 23:11:12] /addskill magic level, royalty
[18/06/2012 23:11:13] /addskill magic level, royalty
[18/06/2012 23:11:16] /addskill magic level, halaci
[18/06/2012 23:11:27] /goto lucifer
[18/06/2012 23:13:22] /t
[18/06/2012 23:13:27] /goto massacre
[18/06/2012 23:13:31] /goto masacree
[18/06/2012 23:13:36] /goto juggernaut
[18/06/2012 23:13:37] /goto juggernaut
[18/06/2012 23:13:38] /goto juggernaut
[18/06/2012 23:13:48] /goto juggernaut
[18/06/2012 23:14:04] /goto juggernaut
[18/06/2012 23:14:21] /t
[18/06/2012 23:14:37] /m demon
[18/06/2012 23:15:06] /m exp bug
[18/06/2012 23:15:15] /m exp bug
[18/06/2012 23:15:56] /goto bimbo
[18/06/2012 23:16:03] /goto zekra
[18/06/2012 23:16:07] /goto zekra
[18/06/2012 23:16:10] /goto zekra
[18/06/2012 23:16:14] /goto zekra
[18/06/2012 23:16:23] /goto zekra
[18/06/2012 23:16:28] /goto zekra
[18/06/2012 23:16:31] /goto zekra
[18/06/2012 23:17:10] /goto zekra
[18/06/2012 23:17:24] /kick zekra
[18/06/2012 23:17:50] /c zekra
[18/06/2012 23:20:12] /m exp bug
[18/06/2012 23:20:25] /m exp bug
[18/06/2012 23:20:26] /m exp bug
[18/06/2012 23:20:26] /m exp bug
[18/06/2012 23:20:26] /m exp bug
[18/06/2012 23:20:27] /m exp bug
[18/06/2012 23:20:27] /m exp bug
[18/06/2012 23:20:28] /m exp bug
[18/06/2012 23:20:28] /m exp bug
[18/06/2012 23:20:28] /m exp bug
[18/06/2012 23:20:29] /m exp bug
[18/06/2012 23:20:29] /m exp bug
[18/06/2012 23:20:29] /m exp bug
[18/06/2012 23:20:30] /m exp bug
[18/06/2012 23:20:30] /m exp bug
[18/06/2012 23:20:30] /m exp bug
[18/06/2012 23:20:31] /m exp bug
[18/06/2012 23:20:31] /m exp bug
[18/06/2012 23:20:31] /m exp bug
[18/06/2012 23:20:32] /m exp bug
[18/06/2012 23:20:32] /m exp bug
[18/06/2012 23:20:33] /m exp bug
[18/06/2012 23:20:33] /m exp bug
[18/06/2012 23:20:33] /m exp bug
[18/06/2012 23:20:34] /m exp bug
[18/06/2012 23:20:35] /m exp bug
[18/06/2012 23:20:37] /m exp bug
[18/06/2012 23:20:37] /m exp bug
[18/06/2012 23:20:38] /m exp bug
[18/06/2012 23:20:38] /m exp bug
[18/06/2012 23:20:38] /m exp bug
[18/06/2012 23:20:39] /m exp bug
[18/06/2012 23:20:39] /m exp bug
[18/06/2012 23:20:40] /m exp bug
[18/06/2012 23:20:40] /m exp bug
[18/06/2012 23:20:40] /m exp bug
[18/06/2012 23:20:43] /m exp bug
[18/06/2012 23:20:43] /m exp bug
[18/06/2012 23:20:44] /m exp bug
[18/06/2012 23:20:44] /m exp bug
[18/06/2012 23:20:44] /m exp bug
[18/06/2012 23:20:45] /m exp bug
[18/06/2012 23:20:45] /m exp bug
[18/06/2012 23:20:46] /m exp bug
[18/06/2012 23:20:46] /m exp bug
[18/06/2012 23:20:46] /m exp bug
[18/06/2012 23:20:47] /m exp bug
[18/06/2012 23:20:47] /m exp bug
[18/06/2012 23:20:48] /m exp bug
[18/06/2012 23:20:48] /m exp bug
[18/06/2012 23:20:48] /m exp bug
[18/06/2012 23:20:49] /m exp bug
[18/06/2012 23:20:49] /m exp bug
[18/06/2012 23:20:50] /m exp bug
[18/06/2012 23:20:50] /m exp bug
[18/06/2012 23:20:50] /m exp bug
[18/06/2012 23:20:51] /m exp bug
[18/06/2012 23:20:51] /m exp bug
[18/06/2012 23:20:52] /m exp bug
[18/06/2012 23:20:52] /m exp bug
[18/06/2012 23:20:57] /m exp bug
[18/06/2012 23:20:58] /m exp bug
[18/06/2012 23:20:58] /m exp bug
[18/06/2012 23:21:03] /m exp bug
[18/06/2012 23:21:13] /m demon
[18/06/2012 23:21:18] /m demon
[18/06/2012 23:21:18] /m demon
[18/06/2012 23:21:19] /m demon
[18/06/2012 23:21:19] /m demon
[18/06/2012 23:21:19] /m demon
[18/06/2012 23:21:20] /m demon
[18/06/2012 23:21:20] /m demon
[18/06/2012 23:21:20] /m demon
[18/06/2012 23:21:21] /m demon
[18/06/2012 23:21:41] /a 2
[18/06/2012 23:21:53] /m demon
[18/06/2012 23:21:53] /m demon
[18/06/2012 23:21:53] /m demon
[18/06/2012 23:21:54] /m demon
[18/06/2012 23:21:55] /m demon
[18/06/2012 23:21:56] /m demon
[18/06/2012 23:21:56] /m demon
[18/06/2012 23:21:56] /m demon
[18/06/2012 23:21:57] /m demon
[18/06/2012 23:21:57] /m demon
[18/06/2012 23:21:58] /m demon
[18/06/2012 23:21:59] /m demon
[18/06/2012 23:22:06] /a 3
[18/06/2012 23:22:20] /goto zekra
[18/06/2012 23:22:22] /goto zekra
[18/06/2012 23:22:31] /a 3
[18/06/2012 23:22:34] /c gozter
[18/06/2012 23:22:50] /ghost
[18/06/2012 23:23:07] /ghost
[18/06/2012 23:23:09] /goto zekra
[18/06/2012 23:24:18] /goto martel
[18/06/2012 23:24:22] /goto zekra
[18/06/2012 23:25:02] /c greath health potion
[18/06/2012 23:25:09] /i greath health potion
[18/06/2012 23:25:21] /i great mana potion
[18/06/2012 23:25:27] /i great mana potion
[18/06/2012 23:25:30] /i great mana potion
[18/06/2012 23:25:33] /i great mana potion
[18/06/2012 23:25:35] /i great mana potion
[18/06/2012 23:25:37] /i great mana potion
[18/06/2012 23:25:39] /i great mana potion
[18/06/2012 23:25:42] /i great mana potion
[18/06/2012 23:25:54] /i great mana potion
[18/06/2012 23:25:55] /i great mana potion
[18/06/2012 23:25:56] /i great mana potion
[18/06/2012 23:25:57] /i great mana potion
[18/06/2012 23:26:20] /i great mana potion
[18/06/2012 23:26:28] /m training monk
[18/06/2012 23:26:36] /r
[18/06/2012 23:27:17] /r
[18/06/2012 23:27:20] /r
[18/06/2012 23:27:26] /r
[18/06/2012 23:27:29] /r
[18/06/2012 23:27:36] /up
[18/06/2012 23:27:38] /down
[18/06/2012 23:27:57] /goto martel
[18/06/2012 23:28:31] /m daimon
[18/06/2012 23:28:32] /m daimon
[18/06/2012 23:28:32] /m daimon
[18/06/2012 23:28:33] /m daimon
[18/06/2012 23:28:33] /m daimon
[18/06/2012 23:28:34] /m daimon
[18/06/2012 23:28:34] /m daimon
[18/06/2012 23:28:34] /m daimon
[18/06/2012 23:28:35] /m daimon
[18/06/2012 23:28:35] /m daimon
[18/06/2012 23:28:35] /m daimon
[18/06/2012 23:28:38] /a 
[18/06/2012 23:28:42] /m daimon
[18/06/2012 23:28:43] /m daimon
[18/06/2012 23:28:45] /a 3
[18/06/2012 23:28:46] /m daimon
[18/06/2012 23:28:47] /m daimon
[18/06/2012 23:28:47] /m daimon
[18/06/2012 23:28:47] /m daimon
[18/06/2012 23:28:48] /m daimon
[18/06/2012 23:28:49] /m daimon
[18/06/2012 23:28:50] /t
[18/06/2012 23:29:12] /i demon helmet
[18/06/2012 23:29:13] /i demon helmet
[18/06/2012 23:29:13] /i demon helmet
[18/06/2012 23:29:14] /i demon helmet
[18/06/2012 23:29:14] /i demon helmet
[18/06/2012 23:29:14] /i demon helmet
[18/06/2012 23:29:15] /i demon helmet
[18/06/2012 23:29:15] /i demon helmet
[18/06/2012 23:29:15] /i demon helmet
[18/06/2012 23:29:16] /i demon helmet
[18/06/2012 23:29:17] /i demon helmet
[18/06/2012 23:29:19] /i demon helmet
[18/06/2012 23:29:20] /i demon helmet
[18/06/2012 23:29:20] /i demon helmet
[18/06/2012 23:29:21] /i demon helmet
[18/06/2012 23:29:21] /i demon helmet
[18/06/2012 23:29:21] /i demon helmet
[18/06/2012 23:29:23] /i demon helmet
[18/06/2012 23:29:38] /i demon helmet
[18/06/2012 23:29:40] /i demon helmet
[18/06/2012 23:29:40] /i demon helmet
[18/06/2012 23:29:41] /i demon helmet
[18/06/2012 23:29:42] /i demon helmet
[18/06/2012 23:29:46] /i demon helmet
[18/06/2012 23:29:47] /i demon helmet
[18/06/2012 23:29:47] /i demon helmet
[18/06/2012 23:29:48] /i demon helmet
[18/06/2012 23:29:49] /i demon helmet
[18/06/2012 23:29:50] /i demon helmet
[18/06/2012 23:29:51] /i demon helmet
[18/06/2012 23:29:51] /i demon helmet
[18/06/2012 23:29:58] /i demon helmet
[18/06/2012 23:30:02] /i demon helmet
[18/06/2012 23:30:09] /i demon helmet
[18/06/2012 23:30:10] /i demon helmet
[18/06/2012 23:30:10] /i demon helmet
[18/06/2012 23:30:12] /i demon helmet
[18/06/2012 23:30:14] /i demon helmet
[18/06/2012 23:30:14] /i demon helmet
[18/06/2012 23:30:14] /i demon helmet
[18/06/2012 23:30:15] /i demon helmet
[18/06/2012 23:30:15] /i demon helmet
[18/06/2012 23:30:15] /i demon helmet
[18/06/2012 23:30:16] /i demon helmet
[18/06/2012 23:30:16] /i demon helmet
[18/06/2012 23:30:16] /i demon helmet
[18/06/2012 23:30:17] /i demon helmet
[18/06/2012 23:30:19] /i demon helmet
[18/06/2012 23:30:19] /i demon helmet
[18/06/2012 23:30:20] /i demon helmet
[18/06/2012 23:30:21] /i demon helmet
[18/06/2012 23:30:21] /i demon helmet
[18/06/2012 23:30:24] /i demon helmet
[18/06/2012 23:31:32] /a 3
[18/06/2012 23:32:04] /a 3
[18/06/2012 23:32:05] /a 3
[18/06/2012 23:32:06] /a 3
[18/06/2012 23:32:06] /a 3
[18/06/2012 23:32:07] /a 3
[18/06/2012 23:32:08] /a 3
[18/06/2012 23:32:08] /a 3
[18/06/2012 23:32:09] /a 3
[18/06/2012 23:32:13] /a 3
[18/06/2012 23:32:15] /a 3
[18/06/2012 23:32:17] /a 3
[18/06/2012 23:32:18] /a 3
[18/06/2012 23:32:20] /a 3
[18/06/2012 23:32:59] /t
[18/06/2012 23:33:07] /goto gozter
[18/06/2012 23:33:10] /a 3
[18/06/2012 23:33:13] /a 3
[18/06/2012 23:33:14] /a 3
[18/06/2012 23:33:21] /a 3
[18/06/2012 23:33:22] /a 3
[18/06/2012 23:33:29] /a 3
[18/06/2012 23:34:31] /goto martel
[18/06/2012 23:34:36] /t
[18/06/2012 23:38:36] /goto martel
[18/06/2012 23:38:39] /a 3
[18/06/2012 23:38:43] /c goztr
[18/06/2012 23:38:54] /c admin cheko
[18/06/2012 23:39:37] /goto marte
[18/06/2012 23:39:39] /goto martel
[18/06/2012 23:39:46] /c admin cheko
[18/06/2012 23:40:19] /a 4
[18/06/2012 23:40:22] /a 4
[18/06/2012 23:40:24] /a 4
[18/06/2012 23:40:27] /a 4
[18/06/2012 23:40:29] /a 4
[18/06/2012 23:40:55] /i infernal bolt
[18/06/2012 23:41:05] /ghost
[18/06/2012 23:41:09] /ghost
[18/06/2012 23:42:54] /goto wyvern
[18/06/2012 23:42:57] /goto frost dragon
[18/06/2012 23:43:02] /goto frost dragon hatchling
[18/06/2012 23:45:30] /a 3
[18/06/2012 23:45:31] /a 3
[18/06/2012 23:45:32] /a 3
[18/06/2012 23:45:32] /a 3
[18/06/2012 23:45:32] /a 3
[18/06/2012 23:45:33] /a 3
[18/06/2012 23:45:34] /a 3
[18/06/2012 23:45:34] /a 3
[18/06/2012 23:45:35] /a 3
[18/06/2012 23:45:35] /a 3
[18/06/2012 23:45:35] /a 3
[18/06/2012 23:45:36] /a 3
[18/06/2012 23:45:36] /a 3
[18/06/2012 23:45:36] /a 3
[18/06/2012 23:45:37] /a 3
[18/06/2012 23:45:37] /a 3
[18/06/2012 23:45:37] /a 3
[18/06/2012 23:45:38] /a 3
[18/06/2012 23:45:38] /a 3
[18/06/2012 23:45:38] /a 3
[18/06/2012 23:45:39] /a 3
[18/06/2012 23:45:39] /a 3
[18/06/2012 23:45:39] /a 3
[18/06/2012 23:45:40] /a 3
[18/06/2012 23:45:40] /a 3
[18/06/2012 23:45:40] /a 3
[18/06/2012 23:45:41] /a 3
[18/06/2012 23:45:41] /a 3
[18/06/2012 23:45:41] /a 3
[18/06/2012 23:45:42] /a 3
[18/06/2012 23:45:42] /a 3
[18/06/2012 23:45:42] /a 3
[18/06/2012 23:45:43] /a 3
[18/06/2012 23:45:46] /a 3/up
[18/06/2012 23:45:50] /up
[18/06/2012 23:46:36] /a 1
[18/06/2012 23:46:39] /a 1
[18/06/2012 23:46:48] /a 3
[18/06/2012 23:46:53] /a 3
[18/06/2012 23:46:54] /a 3
[18/06/2012 23:47:20] /up
[18/06/2012 23:47:36] /a 
[18/06/2012 23:47:41] /a 4
[18/06/2012 23:47:42] /a 4
[18/06/2012 23:47:45] /a 4
[18/06/2012 23:48:03] /raid demon
[18/06/2012 23:48:14] /i iron ore
[18/06/2012 23:48:22] /i piece of royal steel
[18/06/2012 23:48:48] /goto varkahl
[18/06/2012 23:49:04] /goto varkhal
[18/06/2012 23:49:13] /goto martel
[18/06/2012 23:49:34] /i wolf paw
[18/06/2012 23:49:38] /i bear paw
[18/06/2012 23:50:07] /i ring of the sky
[18/06/2012 23:50:11] /i dragon scale mail
[18/06/2012 23:50:15] /i crown legs
[18/06/2012 23:50:18] /i medusa shield
[18/06/2012 23:50:35] /i holy orchid
[18/06/2012 23:50:57] /i vampire crest
[18/06/2012 23:50:58] /i vampire crest
[18/06/2012 23:51:10] /i peg leg
[18/06/2012 23:51:13] /i hook
[18/06/2012 23:51:16] /i eye patch
[18/06/2012 23:51:45] /i brutus bloodbear's hat
[18/06/2012 23:51:47] /i brutus bloodbear's hat
[18/06/2012 23:51:47] /i brutus bloodbear's hat
[18/06/2012 23:51:55] /i brutus bloodbeard's hat
[18/06/2012 23:52:52] /c varkahl
[18/06/2012 23:53:23] /c varkhal
[18/06/2012 23:53:38] /i crystal coin
[18/06/2012 23:53:39] /i crystal coin
[18/06/2012 23:54:03] /i vampiric crest
[18/06/2012 23:54:28] /i magma coat
[18/06/2012 23:54:32] /i demonrage sword
[18/06/2012 23:54:44] /goto martel
[18/06/2012 23:56:07] /c varkhal
[18/06/2012 23:56:21] /i fighting spirit
[18/06/2012 23:56:28] /i warrior's sweat
[18/06/2012 23:56:37] /i iron ore
[18/06/2012 23:56:42] /i perfect behemoth fang
[18/06/2012 23:57:02] /i waterhose
[18/06/2012 23:57:12] /i ceiron's wolf tooth chain
[18/06/2012 23:57:23] /i crystal coin
[18/06/2012 23:57:58] /r
[18/06/2012 23:57:59] /r
[18/06/2012 23:58:00] /r
