[24/09/2016 17:30:30] /m brigand
[24/09/2016 17:34:23] /m Brigand
[24/09/2016 17:37:09] /i bag
[24/09/2016 17:37:15] /i yellow bag
[24/09/2016 17:37:22] /i golden bag
[24/09/2016 17:42:32] /i demonbone staff
[24/09/2016 17:43:23] /i 7886
[24/09/2016 17:43:38] /i 7430
[24/09/2016 17:44:48] /i golden inggot
[24/09/2016 17:44:56] /m silencer
[24/09/2016 17:45:00] /m silencer
[24/09/2016 17:45:06] /m silencer
[24/09/2016 17:45:10] /m silencer
[24/09/2016 17:45:13] /m silencer
[24/09/2016 17:45:16] /m silencer
[24/09/2016 17:45:20] /m silencer
[24/09/2016 17:45:27] /m silencer
[24/09/2016 17:45:29] /m silencer
[24/09/2016 17:45:33] /m silencer
[24/09/2016 17:45:36] /m silencer
[24/09/2016 17:45:43] /m assura dawnfire
[24/09/2016 17:45:49] /m assura midnight
[24/09/2016 17:46:13] /m Dawnfire Asura
[24/09/2016 17:46:14] /m Dawnfire Asura
[24/09/2016 17:46:14] /m Dawnfire Asura
[24/09/2016 17:46:15] /m Dawnfire Asura
[24/09/2016 17:46:24] /m Dawnfire Asura
[24/09/2016 17:46:24] /m Dawnfire Asura
[24/09/2016 17:46:25] /m Dawnfire Asura
[24/09/2016 17:46:25] /m Dawnfire Asura
[24/09/2016 17:46:25] /m Dawnfire Asura
[24/09/2016 17:46:36] /m Dawnfire Asura
[24/09/2016 17:46:37] /m Dawnfire Asura
[24/09/2016 17:46:37] /m Dawnfire Asura
[24/09/2016 17:46:38] /m Dawnfire Asura
[24/09/2016 17:46:38] /m Dawnfire Asura
[24/09/2016 17:46:45] /m Dawnfire Asura
[24/09/2016 17:46:46] /m Dawnfire Asura
[24/09/2016 17:46:46] /m Dawnfire Asura
[24/09/2016 17:46:47] /m Dawnfire Asura
[24/09/2016 17:46:47] /m Dawnfire Asura
[24/09/2016 17:47:07] /m Guzzlemaw
[24/09/2016 17:47:10] /m Guzzlemaw
[24/09/2016 17:47:13] /m Guzzlemaw
[24/09/2016 17:47:16] /m Guzzlemaw
[24/09/2016 17:47:18] /m Guzzlemaw
[24/09/2016 17:47:22] /m Guzzlemaw
[24/09/2016 17:47:24] /m Guzzlemaw
[24/09/2016 17:47:27] /m Guzzlemaw
[24/09/2016 17:47:29] /m Guzzlemaw
[24/09/2016 17:47:31] /m Guzzlemaw
[24/09/2016 17:47:34] /m Guzzlemaw
[24/09/2016 17:47:37] /m Guzzlemaw
[24/09/2016 17:47:39] /m Guzzlemaw
[24/09/2016 17:47:42] /m Guzzlemaw
[24/09/2016 17:54:11] /goto my name is jeff
[24/09/2016 17:54:23] /m brigand
[24/09/2016 17:54:52] /i avalanch rune
[24/09/2016 17:54:58] /i rune of avalanch
[24/09/2016 17:55:09] /i rune of avalanche
[24/09/2016 17:55:14] /i avalanche rune
[24/09/2016 17:55:18] /i avalanche rune
[24/09/2016 18:01:49] /t
[24/09/2016 18:01:55] /c my name is jeff
[24/09/2016 18:03:21] /reload npc
[24/09/2016 18:04:17] /reload npc
[24/09/2016 18:06:26] /reload npc
[24/09/2016 18:08:40] /reload npc
[24/09/2016 18:11:43] /up
[24/09/2016 18:11:44] /up
[24/09/2016 18:11:44] /up
[24/09/2016 18:11:48] /a 2
[24/09/2016 18:11:49] /up
[24/09/2016 18:11:52] /m brigand
[24/09/2016 18:13:33] /i sudden death rune
[24/09/2016 18:13:47] /i sudden death rune
[24/09/2016 18:14:53] /addStats Ruxaxup GOD,100
[24/09/2016 18:46:34] /goto brigand
[25/09/2016 02:06:43] /goto perro de rancho
[25/09/2016 03:25:01] /goto zekra
[25/09/2016 03:25:37] /goto zekra
[25/09/2016 11:38:52] /goto zekra
[25/09/2016 11:38:58] /ghost
[25/09/2016 11:38:59] /ghost
[25/09/2016 11:39:24] /c zekra
[25/09/2016 11:41:33] /i 10220
[25/09/2016 11:42:26] /i 2201
[25/09/2016 11:42:47] /i 2199
[25/09/2016 11:43:00] /i 2198
[25/09/2016 11:43:14] /i 2197
[25/09/2016 11:45:03] /m massacre
[25/09/2016 11:45:20] /m massacre
[25/09/2016 11:45:21] /m massacre
[25/09/2016 11:45:21] /m massacre
[25/09/2016 11:45:22] /m massacre
[25/09/2016 11:45:22] /m massacre
[25/09/2016 11:45:23] /m massacre
[25/09/2016 11:45:23] /m massacre
[25/09/2016 11:45:23] /m massacre
[25/09/2016 11:47:54] /i dragon necklace
[25/09/2016 11:48:26] /goto brigand
[25/09/2016 11:48:37] /c zekra
[25/09/2016 11:48:42] /c perro de rancho
[25/09/2016 11:50:14] /a 2
[25/09/2016 11:50:56] /goto perro de ranchoi
[25/09/2016 11:50:57] /goto perro de rancho
[25/09/2016 11:51:06] /goto zekra
[25/09/2016 11:53:39] /t
[25/09/2016 11:56:09] /ghost
[25/09/2016 11:57:44] /a 1
[25/09/2016 12:02:10] /goto zekra
[25/09/2016 12:02:41] /ghost
[25/09/2016 12:02:47] /c zekra
[25/09/2016 12:03:09] /m fire devil
[25/09/2016 12:06:20] /i royal spear
[25/09/2016 12:07:10] /i backpack of holding
[25/09/2016 12:07:21] /i dragon necklace,255
[25/09/2016 12:07:36] /i stone skin amulet
[25/09/2016 12:10:54] /reload items
[25/09/2016 12:11:01] /i 2201
[25/09/2016 12:11:20] /s Lucifer
[25/09/2016 12:12:04] /reload items
[25/09/2016 12:12:11] /i 2201
[25/09/2016 12:14:03] /ghost
[25/09/2016 12:14:08] /ghost
[25/09/2016 12:14:55] /i 10219
[25/09/2016 12:15:10] /r
[25/09/2016 12:15:15] /r
[25/09/2016 12:15:35] /r
[25/09/2016 12:15:57] /ghost
[25/09/2016 12:16:09] /ghost
[25/09/2016 12:16:26] /goto test
[25/09/2016 12:16:56] /c Test
[25/09/2016 12:16:57] /c Test
[25/09/2016 12:16:57] /c Test
[25/09/2016 12:16:57] /c Test
[25/09/2016 12:16:58] /c Test
[25/09/2016 12:16:58] /c Test
[25/09/2016 12:16:59] /c Test
[25/09/2016 12:16:59] /c Test
[25/09/2016 12:17:00] /c Test
[25/09/2016 12:17:00] /c Test
[25/09/2016 12:17:01] /c Test
[25/09/2016 12:17:01] /c Test
[25/09/2016 12:17:02] /c Test
[25/09/2016 12:17:03] /c Test
[25/09/2016 12:17:03] /c Test
[25/09/2016 12:17:04] /c Test
[25/09/2016 12:17:04] /c Test
[25/09/2016 12:17:05] /c Test
[25/09/2016 12:17:05] /c Test
[25/09/2016 12:17:06] /c Test
[25/09/2016 12:17:06] /c Test
[25/09/2016 12:17:07] /c Test
[25/09/2016 12:17:07] /c Test
[25/09/2016 12:17:08] /c Test
[25/09/2016 12:17:08] /c Test
[25/09/2016 12:17:08] /c Test
[25/09/2016 12:17:09] /c Test
[25/09/2016 12:17:10] /c Test
[25/09/2016 12:17:11] /c Test
[25/09/2016 12:17:18] /ghost
[25/09/2016 12:17:20] /ghost
[25/09/2016 12:17:24] /ghost
[25/09/2016 12:17:30] /c Test
[25/09/2016 12:17:49] /c Test
[25/09/2016 12:17:50] /c Test
[25/09/2016 12:17:50] /c Test
[25/09/2016 12:17:50] /c Test
[25/09/2016 12:17:51] /c Test
[25/09/2016 12:17:51] /c Test
[25/09/2016 12:17:52] /c Test
[25/09/2016 12:17:52] /c Test
[25/09/2016 12:17:53] /c Test
[25/09/2016 12:17:53] /c Test
[25/09/2016 12:17:54] /c Test
[25/09/2016 12:17:54] /c Test
[25/09/2016 12:17:55] /c Test
[25/09/2016 12:17:55] /c Test
[25/09/2016 12:17:56] /c Test
[25/09/2016 12:17:56] /c Test
[25/09/2016 12:17:57] /c Test
[25/09/2016 12:17:57] /c Test
[25/09/2016 12:17:58] /c Test
[25/09/2016 12:18:00] /c Test
[25/09/2016 12:18:01] /c Test
[25/09/2016 12:18:01] /c Test
[25/09/2016 12:18:02] /c Test
[25/09/2016 12:18:03] /c Test
[25/09/2016 12:18:38] /c Test
[25/09/2016 12:18:39] /c Test
[25/09/2016 12:18:40] /c Test
[25/09/2016 12:18:40] /c Test
[25/09/2016 12:18:41] /c Test
[25/09/2016 12:18:41] /c Test
[25/09/2016 12:18:42] /c Test
[25/09/2016 12:18:42] /c Test
[25/09/2016 12:18:43] /c Test
[25/09/2016 12:18:44] /c Test
[25/09/2016 12:18:44] /c Test
[25/09/2016 12:18:45] /c Test
[25/09/2016 12:19:24] /goto test
[25/09/2016 12:24:16] /i 7755
[25/09/2016 12:25:32] /i 7757
[25/09/2016 12:26:58] /s tibia bug
[25/09/2016 13:53:40] /t
[25/09/2016 14:05:04] /t
