[14/09/2016 12:04:28] /n backpack
[14/09/2016 12:04:43] /i 2002
[14/09/2016 12:04:54] /i 2275
[14/09/2016 12:04:58] /i 2560
[14/09/2016 12:15:42] /up
[14/09/2016 12:15:43] /up
[14/09/2016 12:15:45] /up
[14/09/2016 12:15:46] /up
[14/09/2016 12:15:47] /up
[14/09/2016 12:16:02] /down
[14/09/2016 12:16:16] /goto 1036,1057,2
[14/09/2016 12:16:18] /goto 1036,1057,3
[14/09/2016 12:16:19] /goto 1036,1057,4
[14/09/2016 12:19:38] /goto 1036,1057,1
[14/09/2016 12:19:43] /goto 1036,1040,1
[14/09/2016 12:19:54] /a 1
[14/09/2016 12:19:57] /up
[14/09/2016 12:19:58] /up
[14/09/2016 12:20:12] /goto 1040,1047,1
[14/09/2016 12:21:03] /goto 1007,1002,5
[14/09/2016 12:21:06] /down
[14/09/2016 12:21:07] /down
[14/09/2016 12:21:07] /down
[14/09/2016 12:21:09] /up
[14/09/2016 12:21:12] /a 2
[14/09/2016 12:23:22] /up
[14/09/2016 12:23:24] /up
[14/09/2016 12:23:27] /up
[14/09/2016 12:23:56] /a 2
[14/09/2016 12:24:05] /a 2
[14/09/2016 12:27:12] /t
[14/09/2016 12:31:57] /i 12603
[14/09/2016 12:33:23] /i 12568
[14/09/2016 12:34:09] /i 12604
[14/09/2016 12:34:54] /i 2472
[14/09/2016 12:35:07] /i 2487
[14/09/2016 12:35:21] /i 2472
[14/09/2016 12:35:35] /i 2492
[14/09/2016 12:35:40] /i 2487
[14/09/2016 12:35:59] /i 11350
[14/09/2016 12:36:36] /i 2477
[14/09/2016 12:36:58] /i 11297
[14/09/2016 12:37:35] /i 9956
[14/09/2016 12:38:52] /i 11114
[14/09/2016 12:39:07] /i 11234
[15/09/2016 12:01:08] /a 2
[15/09/2016 12:13:44] /goto 916,1243,8
[15/09/2016 12:14:55] /a 2
[15/09/2016 12:15:05] /goto 916,1243,8
[15/09/2016 12:19:18] /goto 1046,1007,8
[15/09/2016 12:27:38] /t
[15/09/2016 12:36:15] /m "dragon lord"
[15/09/2016 12:36:17] /m "dragon lord
[15/09/2016 12:36:22] /m dragon
[15/09/2016 12:36:30] /m lucifer
[15/09/2016 12:42:07] /m zathrot
[15/09/2016 12:42:09] /m zathroth
[15/09/2016 12:43:33] /i 2148
[15/09/2016 12:43:35] /i 2149
[15/09/2016 12:43:40] /i 2147
[15/09/2016 14:13:52] /m Ghazbaran
[15/09/2016 14:14:29] /m Ghazbaran
[15/09/2016 14:14:40] /m Ghazbaran
[15/09/2016 15:44:02] /n rope
[15/09/2016 15:44:10] /i rope
[15/09/2016 15:49:53] /s infernalist
[15/09/2016 15:50:56] /a 1
[15/09/2016 15:51:00] /a 1
[15/09/2016 15:51:06] /a 1
[15/09/2016 15:51:07] /a 1
[15/09/2016 15:51:22] /a 1
[15/09/2016 15:51:23] /a 1
[15/09/2016 15:51:28] /a 1
[15/09/2016 15:52:00] /a 1
[15/09/2016 15:55:03] /a 1
[15/09/2016 16:04:48] /a 2
[15/09/2016 16:04:57] /a 2
[15/09/2016 16:04:58] /a 2
[15/09/2016 16:04:59] /a 2
[15/09/2016 16:05:08] /a 6
[15/09/2016 16:05:12] /a 6
[15/09/2016 16:05:24] /a 6
[15/09/2016 16:05:25] /a 6
[15/09/2016 16:05:39] /a 6
[15/09/2016 16:05:44] /a 6
[15/09/2016 16:05:48] /a 6
[15/09/2016 16:05:52] /a 6
[15/09/2016 16:06:00] /a 6
[15/09/2016 16:06:11] /a 6
[15/09/2016 16:06:17] /a 6
[15/09/2016 16:06:31] /a 6
[15/09/2016 16:06:36] /a 6
[15/09/2016 16:06:37] /a 6
[15/09/2016 16:06:41] /a 6
[15/09/2016 16:06:51] /a 6
[15/09/2016 16:06:52] /a 6
[15/09/2016 16:06:53] /a 6
[15/09/2016 16:06:53] /a 6
[15/09/2016 16:06:54] /a 6
[15/09/2016 16:06:54] /a 6
[15/09/2016 16:06:55] /a 6
[15/09/2016 16:06:57] /a 6
[15/09/2016 16:06:57] /a 6
[15/09/2016 16:06:58] /a 6
[15/09/2016 16:06:59] /a 6
[15/09/2016 16:06:59] /a 6
[15/09/2016 16:07:00] /a 6
[15/09/2016 16:07:01] /a 6
[15/09/2016 16:07:02] /a 6
[15/09/2016 16:07:03] /a 6
[15/09/2016 16:07:04] /a 6
[15/09/2016 16:07:04] /a 6
[15/09/2016 16:07:05] /a 6
[15/09/2016 16:07:06] /a 6
[15/09/2016 16:07:07] /a 6
[15/09/2016 16:07:09] /a 6
[15/09/2016 16:07:40] /a 6
[15/09/2016 16:07:40] /a 6
[15/09/2016 16:07:41] /a 6
[15/09/2016 16:07:42] /a 6
[15/09/2016 16:07:43] /a 6
[15/09/2016 16:07:43] /a 6
[15/09/2016 16:07:44] /a 6
[15/09/2016 16:07:45] /a 6
[15/09/2016 16:07:46] /a 6
[15/09/2016 16:07:47] /a 6
[15/09/2016 16:07:48] /a 6
[15/09/2016 16:07:50] /a 6
[15/09/2016 16:07:51] /a 6
[15/09/2016 16:07:51] /a 6
[15/09/2016 16:07:52] /a 6
[15/09/2016 16:07:53] /a 6
[15/09/2016 16:07:54] /a 6
[15/09/2016 16:07:54] /a 6
[15/09/2016 16:07:55] /a 6
[15/09/2016 16:07:56] /a 6
[15/09/2016 16:07:56] /a 6
[15/09/2016 16:07:58] /a 6
[15/09/2016 16:07:59] /a 6\
[15/09/2016 16:08:04] /a 6\
[15/09/2016 16:08:06] /a 6
[15/09/2016 16:08:13] /a 6
[15/09/2016 16:08:19] /a 6
[15/09/2016 16:08:20] /a 6
[15/09/2016 16:08:21] /a 6
[15/09/2016 16:08:22] /a 6
[15/09/2016 16:08:23] /a 6
[15/09/2016 16:08:24] /a 6
[15/09/2016 16:08:25] /a 6
[15/09/2016 16:08:26] /a 6
[15/09/2016 16:08:26] /a 6
[15/09/2016 16:08:27] /a 6
[15/09/2016 16:08:50] /a 6
[15/09/2016 16:08:51] /a 6
[15/09/2016 16:08:54] /a 6
[15/09/2016 16:09:01] /a 6
[15/09/2016 16:14:08] /i 2365
[15/09/2016 16:16:55] /up
[15/09/2016 16:17:06] /a 10
[15/09/2016 16:17:07] /a 10
[15/09/2016 16:17:09] /a 10
[15/09/2016 16:17:10] /a 10
[15/09/2016 16:18:15] /t
[15/09/2016 16:18:17] /save
[17/09/2016 19:26:10] /goto Soma Cruz
[17/09/2016 19:26:14] /a 3
[17/09/2016 20:41:32] /t
[17/09/2016 20:44:48] /a 2
[17/09/2016 20:45:02] /a 2
[17/09/2016 20:51:27] /save
[18/09/2016 20:17:56] /i 2275
[18/09/2016 20:41:05] /goto luxenor
[18/09/2016 20:41:10] /a 2
[18/09/2016 20:42:37] /i 2160
[18/09/2016 20:42:44] /i 2160
[18/09/2016 20:44:03] /i 7894
[18/09/2016 20:45:20] /i wand of starstorm
[18/09/2016 20:45:29] /i wand of defiance
[18/09/2016 20:45:33] /i wand of defiance
[18/09/2016 20:45:48] /m monk
[18/09/2016 20:45:56] /m Demon
[18/09/2016 22:18:27] !pos
[18/09/2016 22:27:30] /goto demon
[18/09/2016 22:27:43] /goto demon
[18/09/2016 22:28:29] /a 400
[18/09/2016 22:28:33] /a 300
[18/09/2016 22:30:12] /a 200
[18/09/2016 22:30:15] /a 5
[18/09/2016 22:30:17] /a 5
[18/09/2016 22:30:18] /a 5
[18/09/2016 22:30:18] /a 5
[18/09/2016 22:30:19] /a 5
[18/09/2016 22:30:19] /a 5
[18/09/2016 22:30:20] /a 5
[18/09/2016 22:30:20] /a 5
[18/09/2016 22:30:21] /a 5
[18/09/2016 22:30:21] /a 5
[18/09/2016 22:30:22] /a 5
[18/09/2016 22:30:22] /a 5
[18/09/2016 22:30:23] /a 5
[18/09/2016 22:30:23] /a 5
[18/09/2016 22:30:24] /a 5
[18/09/2016 22:30:24] /a 5
[18/09/2016 22:30:25] /a 5
[18/09/2016 22:30:25] /a 5
[18/09/2016 22:30:26] /a 5
[18/09/2016 22:31:29] /m Orshabaal
[18/09/2016 22:35:10] /i 2160
[18/09/2016 22:35:12] /i 2160
[18/09/2016 22:35:14] /i 2160
[18/09/2016 22:35:20] /i 2365
[18/09/2016 22:35:22] /i 2365
[18/09/2016 22:35:23] /i 2365
[18/09/2016 22:35:52] /i boots of haste
[18/09/2016 22:35:59] /i soft boots
[18/09/2016 22:36:06] /i pair of soft boots
[18/09/2016 22:36:16] /i sudden death rune
[18/09/2016 22:36:20] /i sudden death rune
[18/09/2016 22:36:22] /i sudden death rune
[18/09/2016 22:39:25] /goto orshabaal
[18/09/2016 22:40:20] /goto azerus
[18/09/2016 22:41:08] /a 3
[18/09/2016 22:41:10] /a 3
[18/09/2016 22:41:19] /a 3
[18/09/2016 22:41:20] /a 3
[20/09/2016 12:16:04] /s devovorga
[20/09/2016 12:17:04] /m infernatil
[20/09/2016 12:28:17] /n Debora
[20/09/2016 12:34:41] /m exp bug
[20/09/2016 12:34:42] /m exp bug
[20/09/2016 12:45:29] /n debora
[20/09/2016 15:57:01] /i 2006
[20/09/2016 15:57:16] /i 2007
[20/09/2016 15:57:19] /i 2006
[20/09/2016 16:07:49] /m hellhound
[20/09/2016 16:07:54] /m hellhound
[20/09/2016 16:08:10] /m hellspawn
[20/09/2016 16:08:11] /m hellspawn
[20/09/2016 16:08:11] /m hellspawn
[20/09/2016 16:08:11] /m hellspawn
[20/09/2016 16:08:19] /m hellspawn
[20/09/2016 16:08:26] /m juggernault
[20/09/2016 16:08:29] /m juggernaul
[20/09/2016 16:08:34] /m demon
[20/09/2016 16:08:45] /i concentrated demonic blood
[20/09/2016 16:32:46] /quest 1
[20/09/2016 16:39:22] /quest 1
[20/09/2016 16:40:11] /quest 1
[20/09/2016 16:40:39] /quest 1
[20/09/2016 17:10:58] /i 5925
[20/09/2016 17:11:14] /i 5925
[20/09/2016 17:11:25] /i 5954
[20/09/2016 17:11:30] /i 6551
[20/09/2016 17:11:36] /i 5898
[20/09/2016 17:11:43] /i 6558
[20/09/2016 17:11:46] /i 6558
[20/09/2016 17:11:50] /i 6558
[20/09/2016 17:11:52] /i 6558
[20/09/2016 17:11:54] /i 6558
[20/09/2016 17:11:56] /i 6558
[20/09/2016 17:11:57] /i 6558
[20/09/2016 17:12:01] /i 6558,20
[20/09/2016 17:12:06] /i 6558
[20/09/2016 17:12:08] /i 6558
[20/09/2016 17:12:09] /i 6558
[20/09/2016 17:12:11] /i 6558
[20/09/2016 17:12:12] /i 6558
[20/09/2016 17:12:14] /i 6558
[20/09/2016 17:12:15] /i 6558
[20/09/2016 17:12:16] /i 6558
[20/09/2016 17:12:18] /i 6558
[20/09/2016 17:12:19] /i 6558
[20/09/2016 17:12:20] /i 6558
[20/09/2016 17:12:21] /i 6558
[20/09/2016 17:12:22] /i 6558
[20/09/2016 17:12:23] /i 6558
[20/09/2016 17:12:25] /i 6558
[20/09/2016 17:12:26] /i 6558
[20/09/2016 17:12:28] /i 6558
[20/09/2016 17:12:29] /i 6558
[20/09/2016 17:12:30] /i 6558
[20/09/2016 17:12:32] /i 6558
[20/09/2016 17:12:43] /i 5825
[20/09/2016 17:12:47] /i 5925
[20/09/2016 17:12:50] /i 5925
[20/09/2016 17:12:52] /i 5925
[20/09/2016 17:13:02] /i 6500
[20/09/2016 17:13:05] /i 6500
[20/09/2016 17:13:06] /i 6500
[20/09/2016 17:13:08] /i 6500
[20/09/2016 17:13:09] /i 6500
[20/09/2016 17:13:11] /i 6500
[20/09/2016 17:13:13] /i 6500
[20/09/2016 17:13:14] /i 6500
[20/09/2016 17:13:15] /i 6500
[20/09/2016 17:13:17] /i 6500
[20/09/2016 17:13:21] /i 9969
[20/09/2016 17:13:23] /i 9969
[20/09/2016 17:13:25] /i 9969
[20/09/2016 17:13:25] /i 9969
[20/09/2016 17:13:30] /i 9969
[20/09/2016 17:13:31] /i 9969
[20/09/2016 17:13:32] /i 9969
[20/09/2016 17:13:33] /i 9969
[20/09/2016 17:13:34] /i 9969
[20/09/2016 17:13:36] /i 9969
[20/09/2016 17:13:37] /i 9969
[20/09/2016 17:13:38] /i 9969
[20/09/2016 17:13:39] /i 9969
[20/09/2016 17:13:40] /i 9969
[20/09/2016 17:13:41] /i 9969
[20/09/2016 17:13:42] /i 9969
[20/09/2016 17:13:43] /i 9969
[20/09/2016 17:13:44] /i 9969
[20/09/2016 17:13:45] /i 9969
[20/09/2016 17:13:51] /i 11360
[20/09/2016 17:14:00] /i 2365
[20/09/2016 17:14:03] /i 2365
[20/09/2016 17:17:12] /i 11360
[20/09/2016 17:17:17] /quest 1
[20/09/2016 17:17:52] /quest 1
[20/09/2016 17:25:23] /i 5954
[20/09/2016 17:27:50] /i 9969
[20/09/2016 17:42:03] /m helldound
[20/09/2016 17:42:09] /m hellhound
[20/09/2016 17:42:18] /m hellhound
[20/09/2016 19:29:53] /goto Sylux
[20/09/2016 19:51:22] /t
[20/09/2016 19:57:08] /s paralyze bug
[20/09/2016 19:59:49] /goto 1069,1065,6
[20/09/2016 19:59:54] /t
[20/09/2016 20:00:02] /goto 765,962,2
[20/09/2016 20:00:08] /t
[20/09/2016 20:00:10] /goto 765,962,2
[20/09/2016 20:00:40] /goto Drako Filikz
[20/09/2016 20:00:45] /s Lucifer
[20/09/2016 20:00:54] /s Lucifer
[20/09/2016 20:01:00] /s Lucifer
[20/09/2016 20:01:01] /s Lucifer
[20/09/2016 20:01:01] /s Lucifer
[20/09/2016 20:01:01] /s Lucifer
[20/09/2016 20:26:56] /up
[20/09/2016 20:26:58] /up
[20/09/2016 20:27:07] /t
[20/09/2016 23:18:32] /goto 1321,1105,7
[20/09/2016 23:35:29] /t
[20/09/2016 23:35:31] /up
[20/09/2016 23:35:33] /up
[20/09/2016 23:35:34] /up
[20/09/2016 23:35:35] /up
[20/09/2016 23:35:38] /up
[20/09/2016 23:35:39] /up
[20/09/2016 23:46:21] /m Demon
[20/09/2016 23:46:36] /m Demon
[20/09/2016 23:46:36] /m Demon
[20/09/2016 23:46:37] /m Demon
[20/09/2016 23:46:37] /m Demon
[20/09/2016 23:46:38] /m Demon
[20/09/2016 23:46:38] /m Demon
[20/09/2016 23:46:39] /m Demon
[20/09/2016 23:46:40] /m Demon
[20/09/2016 23:46:40] /m Demon
[20/09/2016 23:46:43] /m Demon
[20/09/2016 23:46:44] /m Demon
[20/09/2016 23:46:47] /m Demon
[20/09/2016 23:46:47] /m Demon
[20/09/2016 23:46:48] /m Demon
[20/09/2016 23:46:49] /m Demon
[20/09/2016 23:46:49] /m Demon
[20/09/2016 23:46:50] /m Demon
[20/09/2016 23:46:51] /m Demon
[20/09/2016 23:47:14] /m Demon
[20/09/2016 23:47:14] /m Demon
[20/09/2016 23:47:14] /m Demon
[20/09/2016 23:47:14] /m Demon
[20/09/2016 23:47:14] /m Demon
[20/09/2016 23:47:14] /m Demon
[20/09/2016 23:47:14] /m Demon
[20/09/2016 23:47:14] /m Demon
[20/09/2016 23:47:14] /m Demon
[20/09/2016 23:47:14] /m Demon
[20/09/2016 23:47:14] /m Demon
[20/09/2016 23:47:14] /m Demon
[20/09/2016 23:47:14] /m Demon
[20/09/2016 23:47:14] /m Demon
[20/09/2016 23:47:14] /m Demon
[20/09/2016 23:47:14] /m Demon
[20/09/2016 23:47:15] /m Demon
[20/09/2016 23:47:15] /m Demon
[20/09/2016 23:47:15] /m Demon
[20/09/2016 23:47:15] /m Demon
[20/09/2016 23:47:16] /m Demon
[20/09/2016 23:47:16] /m Demon
[20/09/2016 23:47:16] /m Demon
[20/09/2016 23:47:16] /m Demon
[20/09/2016 23:47:16] /m Demon
[20/09/2016 23:47:16] /m Demon
[20/09/2016 23:47:16] /m Demon
[20/09/2016 23:47:16] /m Demon
[20/09/2016 23:47:16] /m Demon
[20/09/2016 23:47:16] /m Demon
[20/09/2016 23:47:16] /m Demon
[20/09/2016 23:47:16] /m Demon
[20/09/2016 23:47:16] /m Demon
[20/09/2016 23:47:16] /m Demon
[20/09/2016 23:47:16] /m Demon
[20/09/2016 23:47:16] /m Demon
[20/09/2016 23:47:16] /m Demon
[20/09/2016 23:47:17] /m Demon
[20/09/2016 23:47:17] /m Demon
[20/09/2016 23:47:17] /m Demon
[20/09/2016 23:47:17] /m Demon
[20/09/2016 23:47:17] /m Demon
[20/09/2016 23:47:17] /m Demon
[20/09/2016 23:47:17] /m Demon
[20/09/2016 23:47:18] /m Demon
[20/09/2016 23:47:18] /m Demon
[20/09/2016 23:47:18] /m Demon
[20/09/2016 23:47:18] /m Demon
[20/09/2016 23:47:18] /m Demon
[20/09/2016 23:47:18] /m Demon
[20/09/2016 23:47:18] /m Demon
[20/09/2016 23:47:18] /m Demon
[20/09/2016 23:47:18] /m Demon
[20/09/2016 23:47:19] /m Demon
[20/09/2016 23:47:19] /m Demon
[20/09/2016 23:47:19] /m Demon
[20/09/2016 23:47:19] /m Demon
[20/09/2016 23:47:19] /m Demon
[20/09/2016 23:47:19] /m Demon
[20/09/2016 23:47:19] /m Demon
[20/09/2016 23:47:19] /m Demon
[20/09/2016 23:47:19] /m Demon
[20/09/2016 23:47:19] /m Demon
[20/09/2016 23:47:19] /m Demon
[20/09/2016 23:47:19] /m Demon
[20/09/2016 23:47:20] /m Demon
[20/09/2016 23:47:20] /m Demon
[20/09/2016 23:47:20] /m Demon
[20/09/2016 23:47:20] /m Demon
[20/09/2016 23:47:20] /m Demon
[20/09/2016 23:47:20] /m Demon
[20/09/2016 23:47:20] /m Demon
[20/09/2016 23:47:20] /m Demon
[20/09/2016 23:47:20] /m Demon
[20/09/2016 23:47:20] /m Demon
[20/09/2016 23:47:20] /m Demon
[20/09/2016 23:47:20] /m Demon
[20/09/2016 23:47:20] /m Demon
[20/09/2016 23:47:21] /m Demon
[20/09/2016 23:47:21] /m Demon
[20/09/2016 23:47:21] /m Demon
[20/09/2016 23:47:21] /m Demon
[20/09/2016 23:47:21] /m Demon
[20/09/2016 23:47:21] /m Demon
[20/09/2016 23:47:21] /m Demon
[20/09/2016 23:47:21] /m Demon
[20/09/2016 23:47:21] /m Demon
[20/09/2016 23:47:21] /m Demon
[20/09/2016 23:47:21] /m Demon
[20/09/2016 23:47:21] /m Demon
[20/09/2016 23:47:22] /m Demon
[20/09/2016 23:47:22] /m Demon
[20/09/2016 23:47:22] /m Demon
[20/09/2016 23:47:22] /m Demon
[20/09/2016 23:47:22] /m Demon
[20/09/2016 23:47:22] /m Demon
[20/09/2016 23:47:22] /m Demon
[20/09/2016 23:47:23] /m Demon
[20/09/2016 23:47:23] /m Demon
[20/09/2016 23:47:23] /m Demon
[20/09/2016 23:47:23] /m Demon
[20/09/2016 23:47:23] /m Demon
[20/09/2016 23:47:23] /m Demon
[20/09/2016 23:47:23] /m Demon
[20/09/2016 23:47:23] /m Demon
[20/09/2016 23:47:23] /m Demon
[20/09/2016 23:47:24] /m Demon
[20/09/2016 23:47:24] /m Demon
[20/09/2016 23:47:24] /m Demon
[20/09/2016 23:47:24] /m Demon
[20/09/2016 23:47:24] /m Demon
[20/09/2016 23:47:24] /m Demon
[20/09/2016 23:47:24] /m Demon
[20/09/2016 23:47:24] /m Demon
[20/09/2016 23:47:24] /m Demon
[20/09/2016 23:47:24] /m Demon
[20/09/2016 23:47:24] /m Demon
[20/09/2016 23:47:24] /m Demon
[20/09/2016 23:47:24] /m Demon
[20/09/2016 23:47:24] /m Demon
[20/09/2016 23:47:25] /m Demon
[20/09/2016 23:47:25] /m Demon
[20/09/2016 23:47:25] /m Demon
[20/09/2016 23:47:25] /m Demon
[20/09/2016 23:47:25] /m Demon
[20/09/2016 23:47:25] /m Demon
[20/09/2016 23:47:25] /m Demon
[20/09/2016 23:47:25] /m Demon
[20/09/2016 23:47:25] /m Demon
[20/09/2016 23:47:25] /m Demon
[20/09/2016 23:47:25] /m Demon
[20/09/2016 23:47:25] /m Demon
[20/09/2016 23:47:25] /m Demon
[20/09/2016 23:47:26] /m Demon
[20/09/2016 23:47:26] /m Demon
[20/09/2016 23:47:26] /m Demon
[20/09/2016 23:47:26] /m Demon
[20/09/2016 23:47:26] /m Demon
[20/09/2016 23:47:26] /m Demon
[20/09/2016 23:47:26] /m Demon
[20/09/2016 23:47:26] /m Demon
[20/09/2016 23:47:26] /m Demon
[20/09/2016 23:47:26] /m Demon
[20/09/2016 23:47:26] /m Demon
[20/09/2016 23:47:26] /m Demon
[20/09/2016 23:47:27] /m Demon
[20/09/2016 23:47:27] /m Demon
[20/09/2016 23:47:27] /m Demon
[20/09/2016 23:47:27] /m Demon
[20/09/2016 23:47:27] /m Demon
[20/09/2016 23:47:27] /m Demon
[20/09/2016 23:47:27] /m Demon
[20/09/2016 23:47:27] /m Demon
[20/09/2016 23:47:27] /m Demon
[20/09/2016 23:47:27] /m Demon
[20/09/2016 23:47:27] /m Demon
[20/09/2016 23:47:27] /m Demon
[20/09/2016 23:47:27] /m Demon
[20/09/2016 23:47:27] /m Demon
[20/09/2016 23:47:28] /m Demon
[20/09/2016 23:47:28] /m Demon
[20/09/2016 23:47:28] /m Demon
[20/09/2016 23:47:28] /m Demon
[20/09/2016 23:47:28] /m Demon
[20/09/2016 23:47:28] /m Demon
[20/09/2016 23:47:28] /m Demon
[20/09/2016 23:47:28] /m Demon
[20/09/2016 23:47:29] /m Demon
[20/09/2016 23:47:29] /m Demon
[20/09/2016 23:47:29] /m Demon
[20/09/2016 23:47:29] /m Demon
[20/09/2016 23:47:29] /m Demon
[20/09/2016 23:47:29] /m Demon
[20/09/2016 23:47:29] /m Demon
[20/09/2016 23:47:30] /m Demon
[20/09/2016 23:47:30] /m Demon
[20/09/2016 23:47:30] /m Demon
[20/09/2016 23:47:30] /m Demon
[20/09/2016 23:47:30] /m Demon
[20/09/2016 23:47:30] /m Demon
[20/09/2016 23:47:30] /m Demon
[20/09/2016 23:47:30] /m Demon
[20/09/2016 23:47:30] /m Demon
[20/09/2016 23:47:30] /m Demon
[20/09/2016 23:47:30] /m Demon
[20/09/2016 23:47:30] /m Demon
[20/09/2016 23:47:30] /m Demon
[20/09/2016 23:47:30] /m Demon
[20/09/2016 23:47:31] /m Demon
[20/09/2016 23:47:31] /m Demon
[20/09/2016 23:47:31] /m Demon
[20/09/2016 23:47:31] /m Demon
[20/09/2016 23:47:31] /m Demon
[20/09/2016 23:47:31] /m Demon
[20/09/2016 23:47:31] /m Demon
[20/09/2016 23:47:31] /m Demon
[20/09/2016 23:47:31] /m Demon
[20/09/2016 23:47:31] /m Demon
[20/09/2016 23:47:31] /m Demon
[20/09/2016 23:47:31] /m Demon
[20/09/2016 23:47:31] /m Demon
[20/09/2016 23:47:32] /m Demon
[20/09/2016 23:47:32] /m Demon
[20/09/2016 23:47:32] /m Demon
[20/09/2016 23:47:32] /m Demon
[20/09/2016 23:47:32] /m Demon
[20/09/2016 23:47:32] /m Demon
[20/09/2016 23:47:32] /m Demon
[20/09/2016 23:47:32] /m Demon
[20/09/2016 23:47:32] /m Demon
[20/09/2016 23:47:32] /m Demon
[20/09/2016 23:47:32] /m Demon
[20/09/2016 23:47:32] /m Demon
[20/09/2016 23:47:32] /m Demon
[20/09/2016 23:47:32] /m Demon
[20/09/2016 23:47:32] /m Demon
[20/09/2016 23:47:33] /m Demon
[20/09/2016 23:47:33] /m Demon
[20/09/2016 23:47:33] /m Demon
[20/09/2016 23:47:33] /m Demon
[20/09/2016 23:47:33] /m Demon
[20/09/2016 23:47:33] /m Demon
[20/09/2016 23:47:33] /m Demon
[20/09/2016 23:47:33] /m Demon
[20/09/2016 23:47:33] /m Demon
[20/09/2016 23:47:33] /m Demon
[20/09/2016 23:47:34] /m Demon
[20/09/2016 23:47:34] /m Demon
[20/09/2016 23:47:34] /m Demon
[20/09/2016 23:47:34] /m Demon
[20/09/2016 23:47:34] /m Demon
[20/09/2016 23:47:34] /m Demon
[20/09/2016 23:47:34] /m Demon
[20/09/2016 23:47:34] /m Demon
[20/09/2016 23:47:34] /m Demon
[20/09/2016 23:47:34] /m Demon
[20/09/2016 23:47:35] /m Demon
[20/09/2016 23:47:35] /m Demon
[20/09/2016 23:47:35] /m Demon
[20/09/2016 23:47:35] /m Demon
[20/09/2016 23:47:35] /m Demon
[20/09/2016 23:47:35] /m Demon
[20/09/2016 23:47:35] /m Demon
[20/09/2016 23:47:36] /m Demon
[20/09/2016 23:47:36] /m Demon
[20/09/2016 23:47:36] /m Demon
[20/09/2016 23:47:36] /m Demon
[20/09/2016 23:47:36] /m Demon
[20/09/2016 23:47:36] /m Demon
[20/09/2016 23:47:36] /m Demon
[20/09/2016 23:47:36] /m Demon
[20/09/2016 23:47:36] /m Demon
[20/09/2016 23:47:36] /m Demon
[20/09/2016 23:47:36] /m Demon
[20/09/2016 23:47:36] /m Demon
[20/09/2016 23:47:36] /m Demon
[20/09/2016 23:47:36] /m Demon
[20/09/2016 23:47:37] /m Demon
[20/09/2016 23:47:37] /m Demon
[20/09/2016 23:47:37] /m Demon
[20/09/2016 23:47:37] /m Demon
[20/09/2016 23:47:37] /m Demon
[20/09/2016 23:47:37] /m Demon
[20/09/2016 23:47:37] /m Demon
[20/09/2016 23:47:37] /m Demon
[20/09/2016 23:47:37] /m Demon
[20/09/2016 23:47:37] /m Demon
[20/09/2016 23:47:37] /m Demon
[20/09/2016 23:47:37] /m Demon
[20/09/2016 23:47:37] /m Demon
[20/09/2016 23:47:38] /m Demon
[20/09/2016 23:47:38] /m Demon
[20/09/2016 23:47:38] /m Demon
[20/09/2016 23:47:38] /m Demon
[20/09/2016 23:47:38] /m Demon
[20/09/2016 23:47:38] /m Demon
[20/09/2016 23:47:38] /m Demon
[20/09/2016 23:47:38] /m Demon
[20/09/2016 23:47:38] /m Demon
[20/09/2016 23:47:38] /m Demon
[20/09/2016 23:47:38] /m Demon
[20/09/2016 23:47:38] /m Demon
[20/09/2016 23:47:39] /m Demon
[20/09/2016 23:47:39] /m Demon
[20/09/2016 23:47:39] /m Demon
[20/09/2016 23:47:39] /m Demon
[20/09/2016 23:47:39] /m Demon
[20/09/2016 23:47:39] /m Demon
[20/09/2016 23:47:39] /m Demon
[20/09/2016 23:47:39] /m Demon
[20/09/2016 23:47:39] /m Demon
[20/09/2016 23:47:39] /m Demon
[20/09/2016 23:47:39] /m Demon
[20/09/2016 23:47:39] /m Demon
[20/09/2016 23:47:39] /m Demon
[20/09/2016 23:47:40] /m Demon
[20/09/2016 23:47:40] /m Demon
[20/09/2016 23:47:40] /m Demon
[20/09/2016 23:47:40] /m Demon
[20/09/2016 23:47:40] /m Demon
[20/09/2016 23:47:40] /m Demon
[20/09/2016 23:47:40] /m Demon
[20/09/2016 23:47:40] /m Demon
[20/09/2016 23:47:40] /m Demon
[20/09/2016 23:47:41] /m Demon
[20/09/2016 23:47:41] /m Demon
[20/09/2016 23:47:41] /m Demon
[20/09/2016 23:47:41] /m Demon
[20/09/2016 23:47:41] /m Demon
[20/09/2016 23:47:41] /m Demon
[20/09/2016 23:47:42] /m Demon
[20/09/2016 23:47:42] /m Demon
[20/09/2016 23:47:42] /m Demon
[20/09/2016 23:47:42] /m Demon
[20/09/2016 23:47:42] /m Demon
[20/09/2016 23:47:42] /m Demon
[20/09/2016 23:47:42] /m Demon
[20/09/2016 23:47:42] /m Demon
[20/09/2016 23:47:42] /m Demon
[20/09/2016 23:47:42] /m Demon
[20/09/2016 23:47:43] /m Demon
[20/09/2016 23:47:43] /m Demon
[20/09/2016 23:47:43] /m Demon
[20/09/2016 23:47:43] /m Demon
[20/09/2016 23:47:43] /m Demon
[20/09/2016 23:47:43] /m Demon
[20/09/2016 23:47:43] /m Demon
[20/09/2016 23:47:43] /m Demon
[20/09/2016 23:47:43] /m Demon
[20/09/2016 23:47:43] /m Demon
[20/09/2016 23:47:43] /m Demon
[20/09/2016 23:57:00] /t
