[08/02/2010 20:34:27] /goto comedinha
[08/02/2010 20:38:53] /down
[08/02/2010 20:38:58] /up
[08/02/2010 20:39:17] /r
[08/02/2010 20:42:25] /goto bob marley
[08/02/2010 20:42:30] /a 1
[08/02/2010 20:44:00] /addskill Sad But True, level
[08/02/2010 20:44:00] /addskill Sad But True, level
[08/02/2010 20:44:00] /addskill Sad But True, level
[08/02/2010 20:44:01] /addskill Sad But True, level
[08/02/2010 20:44:01] /addskill Sad But True, level
[08/02/2010 20:44:01] /addskill Sad But True, level
[08/02/2010 20:44:01] /addskill Sad But True, level
[08/02/2010 20:44:01] /addskill Sad But True, level
[08/02/2010 20:44:01] /addskill Sad But True, level
[08/02/2010 20:44:01] /addskill Sad But True, level
[08/02/2010 20:44:01] /addskill Sad But True, level
[08/02/2010 20:44:01] /addskill Sad But True, level
[08/02/2010 20:44:01] /addskill Sad But True, level
[08/02/2010 20:44:01] /addskill Sad But True, level
[08/02/2010 20:44:01] /addskill Sad But True, level
[08/02/2010 20:44:02] /addskill Sad But True, level
[08/02/2010 20:44:02] /addskill Sad But True, level
[08/02/2010 20:44:02] /addskill Sad But True, level
[08/02/2010 20:44:02] /addskill Sad But True, level
[08/02/2010 20:44:02] /addskill Sad But True, level
[08/02/2010 20:44:02] /addskill Sad But True, level
[08/02/2010 20:44:02] /addskill Sad But True, level
[08/02/2010 20:44:02] /addskill Sad But True, level
[08/02/2010 20:44:02] /addskill Sad But True, level
[08/02/2010 20:44:02] /addskill Sad But True, level
[08/02/2010 20:44:02] /addskill Sad But True, level
[08/02/2010 20:44:02] /addskill Sad But True, level
[08/02/2010 20:44:02] /addskill Sad But True, level
[08/02/2010 20:44:02] /addskill Sad But True, level
[08/02/2010 20:44:02] /addskill Sad But True, level
[08/02/2010 20:44:02] /addskill Sad But True, level
[08/02/2010 20:44:03] /addskill Sad But True, level
[08/02/2010 20:44:03] /addskill Sad But True, level
[08/02/2010 20:44:03] /addskill Sad But True, level
[08/02/2010 20:44:03] /addskill Sad But True, level
[08/02/2010 20:44:03] /addskill Sad But True, level
[08/02/2010 20:44:03] /addskill Sad But True, level
[08/02/2010 20:44:03] /addskill Sad But True, level
[08/02/2010 20:44:03] /addskill Sad But True, level
[08/02/2010 20:44:03] /addskill Sad But True, level
[08/02/2010 20:44:03] /addskill Sad But True, level
[08/02/2010 20:44:03] /addskill Sad But True, level
[08/02/2010 20:44:03] /addskill Sad But True, level
[08/02/2010 20:44:03] /addskill Sad But True, level
[08/02/2010 20:44:03] /addskill Sad But True, level
[08/02/2010 20:44:04] /addskill Sad But True, level
[08/02/2010 20:44:04] /addskill Sad But True, level
[08/02/2010 20:44:04] /addskill Sad But True, level
[08/02/2010 20:44:04] /addskill Sad But True, level
[08/02/2010 20:44:04] /addskill Sad But True, level
[08/02/2010 20:44:04] /addskill Sad But True, level
[08/02/2010 20:44:04] /addskill Sad But True, level
[08/02/2010 20:44:04] /addskill Sad But True, level
[08/02/2010 20:44:04] /addskill Sad But True, level
[08/02/2010 20:44:04] /addskill Sad But True, level
[08/02/2010 20:44:04] /addskill Sad But True, level
[08/02/2010 20:44:04] /addskill Sad But True, level
[08/02/2010 20:44:04] /addskill Sad But True, level
[08/02/2010 20:44:04] /addskill Sad But True, level
[08/02/2010 20:44:05] /addskill Sad But True, level
[08/02/2010 20:44:05] /addskill Sad But True, level
[08/02/2010 20:44:05] /addskill Sad But True, level
[08/02/2010 20:44:05] /addskill Sad But True, level
[08/02/2010 20:44:05] /addskill Sad But True, level
[08/02/2010 20:44:05] /addskill Sad But True, level
[08/02/2010 20:44:05] /addskill Sad But True, level
[08/02/2010 20:44:05] /addskill Sad But True, level
[08/02/2010 20:44:05] /addskill Sad But True, level
[08/02/2010 20:44:05] /addskill Sad But True, level
[08/02/2010 20:44:05] /addskill Sad But True, level
[08/02/2010 20:44:05] /addskill Sad But True, level
[08/02/2010 20:44:05] /addskill Sad But True, level
[08/02/2010 20:44:05] /addskill Sad But True, level
[08/02/2010 20:44:05] /addskill Sad But True, level
[08/02/2010 20:44:05] /addskill Sad But True, level
[08/02/2010 20:44:05] /addskill Sad But True, level
[08/02/2010 20:44:05] /addskill Sad But True, level
[08/02/2010 20:44:06] /addskill Sad But True, level
[08/02/2010 20:44:06] /addskill Sad But True, level
[08/02/2010 20:44:06] /addskill Sad But True, level
[08/02/2010 20:44:06] /addskill Sad But True, level
[08/02/2010 20:44:06] /addskill Sad But True, level
[08/02/2010 20:44:06] /addskill Sad But True, level
[08/02/2010 20:44:06] /addskill Sad But True, level
[08/02/2010 20:44:06] /addskill Sad But True, level
[08/02/2010 20:44:06] /addskill Sad But True, level
[08/02/2010 20:44:06] /addskill Sad But True, level
[08/02/2010 20:44:06] /addskill Sad But True, level
[08/02/2010 20:44:06] /addskill Sad But True, level
[08/02/2010 20:44:06] /addskill Sad But True, level
[08/02/2010 20:44:07] /addskill Sad But True, level
[08/02/2010 20:44:07] /addskill Sad But True, level
[08/02/2010 20:44:07] /addskill Sad But True, level
[08/02/2010 20:44:07] /addskill Sad But True, level
[08/02/2010 20:44:07] /addskill Sad But True, level
[08/02/2010 20:44:07] /addskill Sad But True, level
[08/02/2010 20:44:07] /addskill Sad But True, level
[08/02/2010 20:44:07] /addskill Sad But True, level
[08/02/2010 20:44:07] /addskill Sad But True, level
[08/02/2010 20:44:07] /addskill Sad But True, level
[08/02/2010 20:44:07] /addskill Sad But True, level
[08/02/2010 20:44:07] /addskill Sad But True, level
[08/02/2010 20:44:07] /addskill Sad But True, level
[08/02/2010 20:44:07] /addskill Sad But True, level
[08/02/2010 20:44:08] /addskill Sad But True, level
[08/02/2010 20:44:08] /addskill Sad But True, level
[08/02/2010 20:44:08] /addskill Sad But True, level
[08/02/2010 20:44:08] /addskill Sad But True, level
[08/02/2010 20:44:08] /addskill Sad But True, level
[08/02/2010 20:44:08] /addskill Sad But True, level
[08/02/2010 20:44:08] /addskill Sad But True, level
[08/02/2010 20:44:08] /addskill Sad But True, level
[08/02/2010 20:44:08] /addskill Sad But True, level
[08/02/2010 20:44:08] /addskill Sad But True, level
[08/02/2010 20:44:08] /addskill Sad But True, level
[08/02/2010 20:44:08] /addskill Sad But True, level
[08/02/2010 20:44:08] /addskill Sad But True, level
[08/02/2010 20:44:08] /addskill Sad But True, level
[08/02/2010 20:44:08] /addskill Sad But True, level
[08/02/2010 20:44:08] /addskill Sad But True, level
[08/02/2010 20:44:08] /addskill Sad But True, level
[08/02/2010 20:44:08] /addskill Sad But True, level
[08/02/2010 20:44:08] /addskill Sad But True, level
[08/02/2010 20:44:09] /addskill Sad But True, level
[08/02/2010 20:44:09] /addskill Sad But True, level
[08/02/2010 20:44:09] /addskill Sad But True, level
[08/02/2010 20:44:09] /addskill Sad But True, level
[08/02/2010 20:44:09] /addskill Sad But True, level
[08/02/2010 20:44:09] /addskill Sad But True, level
[08/02/2010 20:44:09] /addskill Sad But True, level
[08/02/2010 20:44:09] /addskill Sad But True, level
[08/02/2010 20:44:09] /addskill Sad But True, level
[08/02/2010 20:50:54] /r
[08/02/2010 20:50:57] /r
[08/02/2010 20:50:58] /r
[08/02/2010 20:50:58] /r
[09/02/2010 14:51:39] /c priest
[09/02/2010 14:51:42] /c comedinha
[09/02/2010 14:53:53] /i magic wall rune
[09/02/2010 14:57:05] /i weeding ring
[09/02/2010 14:57:24] /i 2121
[09/02/2010 14:58:03] /i 10502
[09/02/2010 16:56:46] /b era
[09/02/2010 16:56:51] /b da reload
[09/02/2010 17:04:06] /down
[09/02/2010 17:04:54] /c comedinha
[09/02/2010 18:53:07] /t
[09/02/2010 18:53:24] /goto ojani
