[07/02/2010 09:28:52] /set GOD Comedinha 5000
[07/02/2010 09:28:57] /set GOD Comedinha, 5000
[07/02/2010 09:29:11] /set Shadow Morgoth, 5000
[07/02/2010 09:30:41] /addskill Shadow Morgoth, level
[07/02/2010 09:30:42] /addskill Shadow Morgoth, level
[07/02/2010 09:30:42] /addskill Shadow Morgoth, level
[07/02/2010 09:30:43] /addskill Shadow Morgoth, level
[07/02/2010 09:30:43] /addskill Shadow Morgoth, level
[07/02/2010 09:30:44] /addskill Shadow Morgoth, level
[07/02/2010 09:30:44] /addskill Shadow Morgoth, level
[07/02/2010 09:30:45] /addskill Shadow Morgoth, level
[07/02/2010 09:30:46] /addskill Shadow Morgoth, level
[07/02/2010 09:30:47] /addskill Shadow Morgoth, level
[07/02/2010 09:32:29] /set
[07/02/2010 09:33:04] /set Shadow Morgoth 2000
[07/02/2010 09:33:11] /set Shadow Morgoth, 2000
[07/02/2010 09:33:57] /set Shadow Morgoth, 1500
[07/02/2010 09:34:10] /set Shadow Morgoth, 1000
[07/02/2010 09:34:23] /set Shadow Morgoth, -1500
[07/02/2010 09:34:33] /set Shadow Morgoth, -2000
[07/02/2010 09:34:43] /set Shadow Morgoth, -5000
[07/02/2010 09:36:01] /set Shadow Morgoth, 5000
[07/02/2010 09:36:32] /set Shadow Morgoth, 2000
[07/02/2010 09:36:50] /set Shadow Morgoth, 1500
[07/02/2010 09:37:16] /set Shadow Morgoth, -1500
[07/02/2010 09:37:52] /set Shadow Morgoth, -2000
[07/02/2010 09:38:27] /set Shadow Morgoth, -5000
[07/02/2010 09:40:11] /i club
[07/02/2010 09:40:32] /attr attack 100
[07/02/2010 09:53:44] /goto god comedinha
[07/02/2010 09:54:04] /a 2
[07/02/2010 09:54:05] /a 2
[07/02/2010 09:54:05] /a 2
[07/02/2010 09:54:06] /a 2
[07/02/2010 09:54:06] /a 2
[07/02/2010 09:54:06] /a 2
[07/02/2010 09:54:07] /a 2
[07/02/2010 09:54:07] /a 2
[07/02/2010 09:54:08] /a 2
[07/02/2010 09:54:08] /a 2
[07/02/2010 09:54:09] /a 2
[07/02/2010 09:54:09] /a 2
[07/02/2010 09:54:09] /a 2
[07/02/2010 09:55:01] /goto ferumbras
[07/02/2010 09:55:06] /a 2
[07/02/2010 09:56:55] /a 2
[07/02/2010 10:19:08] /a 2
[07/02/2010 10:19:42] /i magic longsword
[07/02/2010 10:20:01] /i solar axe
[07/02/2010 10:20:13] /m monk
[07/02/2010 10:20:50] /a 3
[07/02/2010 10:21:42] /ghost
[07/02/2010 10:22:00] /ghost
[07/02/2010 10:22:20] /m demon
[07/02/2010 10:22:48] /m lizard wasmaster
[07/02/2010 10:22:52] /m lizard warmaster
[07/02/2010 10:23:11] /m lizard warmaster
[07/02/2010 10:23:16] /m draken warmaster
[07/02/2010 10:32:28] /m rat
[07/02/2010 10:32:29] /m rat
[07/02/2010 10:32:29] /m rat
[07/02/2010 10:32:30] /m rat
[07/02/2010 10:32:30] /m rat
[07/02/2010 10:32:30] /m rat
[07/02/2010 10:32:31] /m rat
[07/02/2010 10:32:31] /m rat
[07/02/2010 10:32:32] /m rat
[07/02/2010 10:32:34] /a 3
[07/02/2010 10:32:36] /m rat
[07/02/2010 10:32:36] /m rat
[07/02/2010 10:32:36] /m rat
[07/02/2010 10:32:37] /m rat
[07/02/2010 10:32:37] /m rat
[07/02/2010 10:32:37] /m rat
[07/02/2010 10:32:38] /m rat
[07/02/2010 10:32:38] /m rat
[07/02/2010 10:32:39] /m rat
[07/02/2010 10:32:39] /m rat
[07/02/2010 10:32:41] /a 2
[07/02/2010 10:35:41] /attr group 2
[07/02/2010 10:35:52] /addskill god comedinha, level 4000
[07/02/2010 10:36:03] /attr skull 5
[07/02/2010 10:36:09] /attr skull 
[07/02/2010 10:36:14] /attr vocation 2
[07/02/2010 10:36:26] /attr level 4000
[07/02/2010 10:36:36] /addskill god comedinha, level 4000
[07/02/2010 10:37:00] /addskill God comedinha, level, 4000
[07/02/2010 10:37:40] /attr skull 5
[07/02/2010 10:37:56] /attr skull 4
[07/02/2010 10:38:02] /attr skull 4
[07/02/2010 10:38:06] /attr skull 4
[07/02/2010 10:38:16] /attr skull 4
[07/02/2010 10:38:17] /attr skull 4
[07/02/2010 10:38:23] /c ojami
[07/02/2010 10:40:30] /set god comedinha, 0
[07/02/2010 10:40:42] /c Ojani
[07/02/2010 10:41:42] /set Ojani, 0
[07/02/2010 10:41:47] /m orsha
[07/02/2010 10:41:50] /m orshabaal
[07/02/2010 10:43:32] /m rat
[07/02/2010 10:43:32] /m rat
[07/02/2010 10:43:33] /m rat
[07/02/2010 10:43:33] /m rat
[07/02/2010 10:43:34] /m rat
[07/02/2010 10:43:34] /m rat
[07/02/2010 10:43:34] /m rat
[07/02/2010 10:43:35] /m rat
[07/02/2010 10:43:35] /m rat
[07/02/2010 10:43:35] /m rat
[07/02/2010 10:43:36] /m rat
[07/02/2010 10:43:36] /m rat
[07/02/2010 10:43:37] /m rat
[07/02/2010 10:43:37] /m rat
[07/02/2010 10:43:37] /m rat
[07/02/2010 10:43:38] /m rat
[07/02/2010 10:44:33] /set Shadow Morgoth, 2000
[07/02/2010 10:44:37] /attr group 6
[07/02/2010 10:47:02] /ghost
[07/02/2010 10:47:03] /t
[07/02/2010 10:47:23] /ghost
[07/02/2010 10:47:49] /t
[07/02/2010 10:48:24] /ghost
[07/02/2010 10:49:06] /m orshabaal
[07/02/2010 10:50:27] /newtype 300
[07/02/2010 10:50:52] /attr health 0
[07/02/2010 10:51:04] /attr health 0
[07/02/2010 10:51:06] /attr health 0
[07/02/2010 10:51:08] /attr health 0
[07/02/2010 10:51:15] /attr death
[07/02/2010 10:51:41] /attr health 1
[07/02/2010 10:51:43] /a 3
[07/02/2010 10:51:54] /i 9145
[07/02/2010 10:51:56] /i 9145
[07/02/2010 10:51:56] /i 9145
[07/02/2010 10:51:57] /i 9145
[07/02/2010 10:51:58] /i 9145
[07/02/2010 10:51:59] /i 9145
[07/02/2010 10:51:59] /i 9145
[07/02/2010 10:52:01] /i 9145
[07/02/2010 10:52:01] /i 9145
[07/02/2010 10:52:02] /i 9145
[07/02/2010 10:52:03] /i 9145
[07/02/2010 10:52:04] /i 9145
[07/02/2010 10:52:05] /i 9145
[07/02/2010 10:52:06] /i 9145
[07/02/2010 10:52:06] /i 9145
[07/02/2010 10:52:07] /i 9145
[07/02/2010 10:52:07] /i 9145
[07/02/2010 10:52:08] /i 9145
[07/02/2010 10:52:08] /i 9145
[07/02/2010 10:52:09] /i 9145
[07/02/2010 10:52:09] /i 9145
[07/02/2010 10:52:13] /i 9145
[07/02/2010 10:52:14] /i 9145
[07/02/2010 10:52:14] /i 9145
[07/02/2010 10:52:15] /i 9145
[07/02/2010 10:52:15] /i 9145
[07/02/2010 10:52:16] /i 9145
[07/02/2010 10:52:17] /i 9145
[07/02/2010 10:52:18] /i 9145
[07/02/2010 10:52:18] /i 9145
[07/02/2010 10:52:19] /i 9145
[07/02/2010 10:52:21] /i 9145
[07/02/2010 10:52:21] /i 9145
[07/02/2010 10:52:22] /i 9145
[07/02/2010 10:52:23] /i 9145
[07/02/2010 10:52:24] /i 9145
[07/02/2010 10:52:25] /i 9145
[07/02/2010 10:52:26] /i 9145
[07/02/2010 10:52:27] /i 9145
[07/02/2010 10:52:28] /i 9145
[07/02/2010 10:52:28] /i 9145
[07/02/2010 10:52:29] /i 9145
[07/02/2010 10:52:30] /i 9145
[07/02/2010 10:52:30] /i 9145
[07/02/2010 10:52:34] /i 9145
[07/02/2010 10:52:35] /i 9145
[07/02/2010 10:52:36] /i 9145
[07/02/2010 10:52:37] /i 9145
[07/02/2010 10:52:37] /i 9145
[07/02/2010 10:52:38] /i 9145
[07/02/2010 10:52:38] /i 9145
[07/02/2010 10:52:39] /i 9145
[07/02/2010 10:52:40] /i 9145
[07/02/2010 10:52:40] /i 9145
[07/02/2010 10:52:41] /i 9145
[07/02/2010 10:52:42] /i 9145
[07/02/2010 10:52:43] /i 9145
[07/02/2010 10:52:44] /i 9145
[07/02/2010 10:52:45] /i 9145
[07/02/2010 10:54:20] /a 2
[07/02/2010 10:54:22] /a 2
[07/02/2010 10:54:22] /a 2
[07/02/2010 10:54:22] /a 2
[07/02/2010 10:54:23] /a 2
[07/02/2010 10:54:23] /a 2
[07/02/2010 10:54:26] /a 2
[07/02/2010 10:54:44] /attr group 2
[07/02/2010 10:54:47] /attr group 2
[07/02/2010 10:54:48] /attr group 2
[07/02/2010 10:54:50] /attr group 2
[07/02/2010 10:54:52] /attr group 2
[07/02/2010 10:54:59] /attr group 2
[07/02/2010 10:55:08] /attr
[07/02/2010 10:55:27] /attr gropu 5
[07/02/2010 10:55:36] /attr cannotmove
[07/02/2010 10:57:55] /attr cannotmove
[07/02/2010 10:58:18] /attr "cannotmove
[07/02/2010 10:59:34] /attr "cannotmove
[07/02/2010 10:59:53] /attr "cannotmove
[07/02/2010 10:59:54] /attr "cannotmove
[07/02/2010 10:59:59] /attr "cannotmove
[07/02/2010 11:00:00] /attr "cannotmove
[07/02/2010 11:00:02] /attr "cannotmove
[07/02/2010 11:00:18] /attr "health -9999999
[07/02/2010 11:00:21] /goto ojani
[07/02/2010 11:00:23] /attr "health -9999999
[07/02/2010 11:00:24] /goto ojani
[07/02/2010 11:00:24] /attr "health -9999999
[07/02/2010 11:00:25] /goto ojani
[07/02/2010 11:00:25] /attr "health -9999999
[07/02/2010 11:00:26] /goto ojani
[07/02/2010 11:00:26] /attr "health -9999999
[07/02/2010 11:00:27] /goto ojani
[07/02/2010 11:00:28] /attr "health -9999999
[07/02/2010 11:00:28] /goto ojani
[07/02/2010 11:00:33] /attr "health -9999999
[07/02/2010 11:00:33] /attr "health -9999999
[07/02/2010 11:00:33] /goto ojani
[07/02/2010 11:00:33] /attr "health -9999999
[07/02/2010 11:00:34] /goto ojani
[07/02/2010 11:00:34] /goto ojani
[07/02/2010 11:00:35] /attr "health -9999999
[07/02/2010 11:00:35] /goto ojani
[07/02/2010 11:00:36] /goto ojani
[07/02/2010 11:00:36] /attr "health -9999999
[07/02/2010 11:00:37] /attr "health -9999999
[07/02/2010 11:00:38] /goto ojani
[07/02/2010 11:00:38] /attr "health -9999999
[07/02/2010 11:00:39] /attr "health -9999999
[07/02/2010 11:00:39] /goto ojani
[07/02/2010 11:00:40] /attr "health -9999999
[07/02/2010 11:00:40] /attr "health -9999999
[07/02/2010 11:00:41] /goto ojani
[07/02/2010 11:00:42] /attr "health -9999999
[07/02/2010 11:00:42] /goto ojani
[07/02/2010 11:00:43] /attr "health -9999999
[07/02/2010 11:00:43] /attr "health -9999999
[07/02/2010 11:00:44] /goto ojani
[07/02/2010 11:00:44] /attr "health -9999999
[07/02/2010 11:00:45] /goto ojani
[07/02/2010 11:00:45] /attr "health -9999999
[07/02/2010 11:01:18] /attr "group,2
[07/02/2010 11:01:25] /attr "group,2
[07/02/2010 11:01:27] /attr "group,2
[07/02/2010 11:01:31] /attr "group,2
[07/02/2010 11:03:40] /b haha
[07/02/2010 11:03:48] /b EU SOU O SENIOR TUTORRRRRRRR
[07/02/2010 11:03:57] /b SOU SUPERIOR Q O OJANI
[07/02/2010 11:04:05] /b E ELE TEM Q OBEDECER MINHAS REGRASS
[07/02/2010 11:04:13] /b C ELE N FIZE UQ EU MANDO EU VO DA BAN NELE
[07/02/2010 11:04:41] /a 2
[07/02/2010 11:04:50] /a 2
[07/02/2010 11:05:49] /attr "health -9999999
[07/02/2010 11:05:56] /attr "health -9999999
[07/02/2010 11:06:01] /attr "health -9999999
[07/02/2010 11:06:43] /attr "health -9999999
[07/02/2010 11:11:13] /attr health "-9999999
[07/02/2010 11:11:17] /attr health "-9999999
[07/02/2010 11:11:42] /attr health "-9999999
[07/02/2010 11:12:10] /attr health "999999
[07/02/2010 11:12:29] /attr health "-9999999
[07/02/2010 11:12:32] /attr health "9999999
[07/02/2010 11:12:39] /attr health "-9999999
[07/02/2010 11:12:42] /attr health "-9999999
[07/02/2010 11:12:44] /attr health "-9999999
[07/02/2010 11:12:45] /attr health "-9999999
[07/02/2010 11:12:56] /b correeeeeeeeee
[07/02/2010 11:13:01] /goto orshabaaal
[07/02/2010 11:13:05] /goto orshabaal
[07/02/2010 11:13:10] /t
[07/02/2010 11:13:13] /a 10
[07/02/2010 11:13:13] /a 10
[07/02/2010 11:13:14] /a 10
[07/02/2010 11:13:14] /a 10
[07/02/2010 11:13:15] /a 10
[07/02/2010 11:13:15] /a 10
[07/02/2010 11:13:16] /a 10
[07/02/2010 11:13:16] /a 10
[07/02/2010 11:13:16] /a 10
[07/02/2010 11:13:20] /a 10
[07/02/2010 11:13:21] /a 10
[07/02/2010 11:13:23] /a 10
[07/02/2010 11:13:25] /a 3
[07/02/2010 11:13:27] /a 1
[07/02/2010 11:13:31] /ghost
[07/02/2010 11:13:42] /b tenta dar goto em mim
[07/02/2010 11:13:45] /b hahahahahaha
[07/02/2010 11:13:56] /b eu sou o rei do mundo!!!!
[07/02/2010 11:14:38] /t
[07/02/2010 11:15:17] /attr health "-1
[07/02/2010 11:15:21] /attr health "1
[07/02/2010 11:15:25] /attr health "-1
[07/02/2010 11:15:34] /goto ojani
[07/02/2010 11:15:35] /goto ojani
[07/02/2010 11:16:37] /i sickle
[07/02/2010 11:17:12] /a 2
[07/02/2010 11:17:23] /i 2737
[07/02/2010 11:17:30] /i 2738
[07/02/2010 11:17:34] /i 2739
[07/02/2010 11:18:51] /i 2739
[07/02/2010 11:22:45] /a 2
[07/02/2010 11:22:47] /a 2
[07/02/2010 11:22:50] /a 2
[07/02/2010 11:37:20] /attr health "-9999999
[07/02/2010 11:40:36] /m behemoth
[07/02/2010 11:40:48] /m massacre
[07/02/2010 11:40:59] /r
[07/02/2010 11:41:33] /m ghazbaran
[07/02/2010 11:41:38] /r
[07/02/2010 11:41:45] /m infernatil
[07/02/2010 11:41:50] /r
[07/02/2010 11:41:52] /m verminor
[07/02/2010 11:42:27] /m the mutated pumpkim
[07/02/2010 11:42:29] /m the mutated pumpkin
[07/02/2010 11:42:40] /ghost
[07/02/2010 11:43:05] /goto ojani
[07/02/2010 11:43:21] /goto ojani
[07/02/2010 11:43:27] /goto ojani
[07/02/2010 11:43:45] /s
[07/02/2010 11:44:22] /m ghoul
[07/02/2010 11:44:25] /ghost
[07/02/2010 11:44:42] /r
[07/02/2010 11:47:00] /c tododass
[07/02/2010 11:47:04] /c tododass
[07/02/2010 11:47:08] /c torodass
[07/02/2010 11:47:32] /i wall
[07/02/2010 11:47:40] /i 1196
[07/02/2010 11:47:41] /i 1196
[07/02/2010 11:47:46] /i 1197
[07/02/2010 11:47:49] /a 2
[07/02/2010 11:47:50] /a 1
[07/02/2010 11:47:53] /i 1197
[07/02/2010 11:47:55] /a 2
[07/02/2010 11:47:57] /ghost
[07/02/2010 11:48:02] /c torodass
[07/02/2010 11:48:05] /ghost
[07/02/2010 11:48:06] /a 2
[07/02/2010 11:48:33] /a 2
[07/02/2010 11:48:35] /a 1
[07/02/2010 11:48:47] /attr vocation "4
[07/02/2010 11:48:59] /c torodass
[07/02/2010 11:49:05] /i helmet of the ancients
[07/02/2010 11:49:13] /i 2343
[07/02/2010 11:49:24] /i nightmare shield
[07/02/2010 11:50:25] /i steel boots
[07/02/2010 11:50:51] /r
[07/02/2010 11:50:53] /r
[07/02/2010 11:50:56] /r
[07/02/2010 11:50:59] /r
[07/02/2010 11:51:02] /r
[07/02/2010 11:51:03] /r
[07/02/2010 11:51:04] /r
[07/02/2010 11:51:05] /r
[07/02/2010 11:51:35] /i sudden death rune
[07/02/2010 11:51:36] /i sudden death rune
[07/02/2010 11:51:39] /i sudden death rune
[07/02/2010 11:54:48] /i magic plate armor
[07/02/2010 11:56:00] /ghost
[07/02/2010 11:56:08] /ghost
[07/02/2010 11:56:31] /m trainer
[07/02/2010 11:56:34] /m training monk
[07/02/2010 11:56:35] /m training monk
[07/02/2010 11:56:36] /m training monk
[07/02/2010 11:56:56] /i ice rapier
[07/02/2010 11:57:06] /attr attack "999
[07/02/2010 11:57:13] /attr atk "999
[07/02/2010 11:58:10] /m dragon lord
[07/02/2010 11:58:47] /m demon
[07/02/2010 11:59:54] /m demodras
[07/02/2010 12:00:15] /t
[07/02/2010 12:00:22] /goto torodass
[07/02/2010 12:01:48] /b pra quem diz que lvl 50- nunca blokaria um demon
[07/02/2010 12:01:54] /b sugiro q vejam isso http://www.youtube.com/watch?v=RQVhgw_wOok
[07/02/2010 12:02:42] /b n é ot n em
[07/02/2010 12:03:54] /goto ojani
[07/02/2010 12:04:11] /up
[07/02/2010 12:05:32] /up
[07/02/2010 12:07:27] /i 1739
[07/02/2010 12:07:37] /i 2739
