[07/01/2014 22:15:35] /a 2
[07/01/2014 22:15:35] /a 2
[07/01/2014 22:15:36] /a 2
[07/01/2014 22:16:00] /a 2
[07/01/2014 22:16:01] /a 2
[07/01/2014 22:16:02] /a 2
[07/01/2014 22:16:07] /a 2
[07/01/2014 22:16:23] /a 2
[07/01/2014 22:16:25] /a 2
[07/01/2014 22:16:28] /a 2
[07/01/2014 22:16:30] /a 2
[07/01/2014 22:16:40] /a 2
[07/01/2014 22:16:50] /goto ushuriel
[07/01/2014 22:16:53] /goto martel
[07/01/2014 22:17:08] /goto martel
[07/01/2014 22:17:14] /c martel
[07/01/2014 22:17:20] /goto martel
[07/01/2014 22:17:23] /goto martel
[07/01/2014 22:17:24] /goto martel
[07/01/2014 22:18:10] /goto martel
[07/01/2014 22:18:13] /goto martel
[07/01/2014 22:18:15] /goto martel
[07/01/2014 22:18:16] /goto martel
[07/01/2014 22:18:17] /goto martel
[07/01/2014 22:18:18] /goto martel
[07/01/2014 22:18:28] /goto martel
[07/01/2014 22:18:29] /goto martel
[07/01/2014 22:18:30] /goto martel
[07/01/2014 22:18:31] /goto martel
[07/01/2014 22:18:56] /goto martel
[08/01/2014 13:39:36] /goto martel
[08/01/2014 13:40:02] /i watermelon
[08/01/2014 13:40:28] /goto draken elite
[08/01/2014 13:40:35] /down
[08/01/2014 13:40:50] /goto martel
[08/01/2014 13:41:01] /m lizard zaogun
[08/01/2014 13:42:20] /m draken elite
[08/01/2014 13:42:26] /m draken abomination
[08/01/2014 13:42:57] /i ultimate health potion
[08/01/2014 13:42:59] /i ultimate health potion
[08/01/2014 13:43:00] /i ultimate health potion
[08/01/2014 13:43:01] /i ultimate health potion
[08/01/2014 13:43:02] /i ultimate health potion
[08/01/2014 13:44:18] /m lizard zougun
[08/01/2014 13:44:27] /m draken elite
[08/01/2014 13:45:40] /m draken abomination
[08/01/2014 13:46:05] /kick
[08/01/2014 13:46:09] /r
[08/01/2014 13:46:23] /i lizard zaougun
[08/01/2014 13:46:28] /m lizard zougun
[08/01/2014 13:46:42] /m draken warmaster
[08/01/2014 13:47:10] /m lizard leggionare
[08/01/2014 13:47:30] /goto draken elite
[08/01/2014 13:47:35] /down
[08/01/2014 13:47:37] /down
[08/01/2014 13:47:40] /a 30
[08/01/2014 13:47:44] /down
[08/01/2014 13:47:46] /a 2
[08/01/2014 13:47:46] /a 2
[08/01/2014 13:47:46] /a 2
[08/01/2014 13:47:47] /a 2
[08/01/2014 13:47:47] /a 2
[08/01/2014 13:47:47] /a 2
[08/01/2014 13:47:48] /a 2
[08/01/2014 13:47:48] /a 2
[08/01/2014 13:47:48] /a 2
[08/01/2014 13:47:48] /a 2
[08/01/2014 13:47:48] /a 2
[08/01/2014 13:47:48] /a 2
[08/01/2014 13:47:49] /a 2
[08/01/2014 13:47:49] /a 2
[08/01/2014 13:47:49] /a 2
[08/01/2014 13:47:49] /a 2
[08/01/2014 13:47:49] /a 2
[08/01/2014 13:47:50] /a 2
[08/01/2014 13:47:50] /a 2
[08/01/2014 13:47:50] /a 2
[08/01/2014 13:47:50] /a 2
[08/01/2014 13:47:50] /a 2
[08/01/2014 13:47:50] /a 2
[08/01/2014 13:47:51] /a 2
[08/01/2014 13:47:51] /a 2
[08/01/2014 13:47:51] /a 2
[08/01/2014 13:47:51] /a 2
[08/01/2014 13:47:51] /a 2
[08/01/2014 13:47:52] /a 2
[08/01/2014 13:47:54] /a 2
[08/01/2014 13:47:54] /a 2
[08/01/2014 13:47:54] /a 2
[08/01/2014 13:47:54] /a 2
[08/01/2014 13:47:56] /down
[08/01/2014 13:47:57] /a 2
[08/01/2014 13:47:57] /a 2
[08/01/2014 13:47:57] /a 2
[08/01/2014 13:47:57] /a 2
[08/01/2014 13:47:57] /a 2
[08/01/2014 13:47:57] /a 2
[08/01/2014 13:47:58] /a 2
[08/01/2014 13:47:58] /a 2
[08/01/2014 13:47:58] /a 2
[08/01/2014 13:47:58] /a 2
[08/01/2014 13:47:59] /a 2
[08/01/2014 13:48:01] /c gozter
[08/01/2014 13:48:51] /a 2
[08/01/2014 13:49:27] /t
[08/01/2014 13:49:28] /a 2
[08/01/2014 13:49:29] /a 2
[08/01/2014 13:49:29] /a 2
[08/01/2014 13:49:29] /a 2
[08/01/2014 13:49:29] /a 2
[08/01/2014 13:49:29] /a 2
[08/01/2014 13:49:29] /a 2
[08/01/2014 13:49:29] /a 2
[08/01/2014 13:49:29] /a 2
[08/01/2014 13:49:29] /a 2
[08/01/2014 13:49:29] /a 2
[08/01/2014 13:49:29] /a 2
[08/01/2014 13:49:30] /a 2
[08/01/2014 13:49:30] /a 2
[08/01/2014 13:49:30] /a 2
[08/01/2014 13:49:30] /a 2
[08/01/2014 13:49:30] /a 2
[08/01/2014 13:49:30] /a 2
[08/01/2014 13:49:30] /a 2
[08/01/2014 13:49:30] /a 2
[08/01/2014 13:49:30] /a 2
[08/01/2014 13:49:30] /a 2
[08/01/2014 13:49:30] /a 2
[08/01/2014 13:49:30] /a 2
[08/01/2014 13:49:30] /a 2
[08/01/2014 13:49:30] /a 2
[08/01/2014 13:49:30] /a 2
[08/01/2014 13:49:30] /a 2
[08/01/2014 13:49:30] /a 2
[08/01/2014 13:49:30] /a 2
[08/01/2014 13:49:30] /a 2
[08/01/2014 13:49:30] /a 2
[08/01/2014 13:49:30] /a 2
[08/01/2014 13:49:30] /a 2
[08/01/2014 13:49:30] /a 2
[08/01/2014 13:49:30] /a 2
[08/01/2014 13:49:30] /a 2
[08/01/2014 13:49:30] /a 2
[08/01/2014 13:49:31] /a 2
[08/01/2014 13:49:31] /a 2
[08/01/2014 13:49:31] /a 2
[08/01/2014 13:49:31] /a 2
[08/01/2014 13:49:31] /a 2
[08/01/2014 13:49:31] /a 2
[08/01/2014 13:49:31] /a 2
[08/01/2014 13:49:31] /a 2
[08/01/2014 13:49:31] /a 2
[08/01/2014 13:49:31] /a 2
[08/01/2014 13:49:31] /a 2
[08/01/2014 13:49:31] /a 2
[08/01/2014 13:49:31] /a 2
[08/01/2014 13:49:31] /a 2
[08/01/2014 13:49:31] /a 2
[08/01/2014 13:49:31] /a 2
[08/01/2014 13:49:31] /a 2
[08/01/2014 13:49:31] /a 2
[08/01/2014 13:49:31] /a 2
[08/01/2014 13:49:31] /a 2
[08/01/2014 13:49:31] /a 2
[08/01/2014 13:49:31] /a 2
[08/01/2014 13:49:47] /a 2
[08/01/2014 13:49:47] /a 2
[08/01/2014 13:49:48] /a 2
[08/01/2014 13:49:49] /a 2
[08/01/2014 13:49:49] /a 2
[08/01/2014 13:49:49] /a 2
[08/01/2014 13:49:49] /a 2
[08/01/2014 13:49:49] /a 2
[08/01/2014 13:49:49] /a 2
[08/01/2014 13:49:50] /a 2
[08/01/2014 13:49:50] /a 2
[08/01/2014 13:49:50] /a 2
[08/01/2014 13:49:50] /a 2
[08/01/2014 13:49:50] /a 2
[08/01/2014 13:49:50] /a 2
[08/01/2014 13:49:51] /a 2
[08/01/2014 13:49:51] /a 2
[08/01/2014 13:49:51] /a 2
[08/01/2014 13:49:51] /a 2
[08/01/2014 13:49:51] /a 2
[08/01/2014 13:49:52] /a 2
[08/01/2014 13:49:52] /a 2
[08/01/2014 13:49:52] /a 2
[08/01/2014 13:49:52] /a 2
[08/01/2014 13:49:53] /a 2
[08/01/2014 13:49:53] /a 2
[08/01/2014 13:49:53] /a 2
[08/01/2014 13:49:53] /a 2
[08/01/2014 13:49:54] /a 2
[08/01/2014 13:49:54] /a 2
[08/01/2014 13:49:54] /a 2
[08/01/2014 13:49:56] /c gozter
[08/01/2014 13:50:24] /goto eliter
[08/01/2014 13:50:26] /t
[08/01/2014 13:50:29] /c eliter
[08/01/2014 13:52:40] /c martel
[08/01/2014 13:53:00] /goto martel
[08/01/2014 13:53:38] /a 2
[08/01/2014 13:53:40] /a 2
[08/01/2014 13:55:01] /a 2
[08/01/2014 13:55:02] /a 2
[08/01/2014 13:55:03] /a 2
[08/01/2014 13:55:22] /a 2
[08/01/2014 13:55:22] /a 2
[08/01/2014 13:55:22] /a 2
[08/01/2014 13:55:22] /a 2
[08/01/2014 13:55:23] /a 2
[08/01/2014 13:55:23] /a 2
[08/01/2014 13:55:24] /a 2
[08/01/2014 13:55:24] /a 2
[08/01/2014 13:55:24] /a 2
[08/01/2014 13:55:24] /a 2
[08/01/2014 13:55:24] /a 2
[08/01/2014 13:55:25] /a 2
[08/01/2014 13:55:25] /a 2
[08/01/2014 13:55:25] /a 2
[08/01/2014 13:55:26] /a 2
[08/01/2014 13:55:26] /a 2
[08/01/2014 13:55:27] /a 2
[08/01/2014 13:55:27] /a 2
[08/01/2014 13:55:27] /a 2
[08/01/2014 13:55:28] /a 2
[08/01/2014 13:55:28] /a 2
[08/01/2014 13:55:28] /a 2
[08/01/2014 13:55:28] /a 2
[08/01/2014 13:55:28] /a 2
[08/01/2014 13:55:28] /a 2
[08/01/2014 13:55:28] /a 2
[08/01/2014 13:55:28] /a 2
[08/01/2014 13:55:28] /a 2
[08/01/2014 13:55:28] /a 2
[08/01/2014 13:55:28] /a 2
[08/01/2014 13:55:28] /a 2
[08/01/2014 13:55:28] /a 2
[08/01/2014 13:55:28] /a 2
[08/01/2014 13:55:28] /a 2
[08/01/2014 13:55:28] /a 2
[08/01/2014 13:55:28] /a 2
[08/01/2014 13:55:28] /a 2
[08/01/2014 13:55:28] /a 2
[08/01/2014 13:55:28] /a 2
[08/01/2014 13:55:28] /a 2
[08/01/2014 13:55:28] /a 2
[08/01/2014 13:55:28] /a 2
[08/01/2014 13:55:28] /a 2
[08/01/2014 13:55:28] /a 2
[08/01/2014 13:55:29] /a 2
[08/01/2014 13:55:29] /a 2
[08/01/2014 13:55:29] /a 2
[08/01/2014 13:55:29] /a 2
[08/01/2014 13:55:29] /a 2
[08/01/2014 13:55:29] /a 2
[08/01/2014 13:55:29] /a 2
[08/01/2014 13:55:29] /a 2
[08/01/2014 13:55:29] /a 2
[08/01/2014 13:55:29] /a 2
[08/01/2014 13:55:29] /a 2
[08/01/2014 13:55:29] /a 2
[08/01/2014 13:55:29] /a 2
[08/01/2014 13:55:29] /a 2
[08/01/2014 13:55:29] /a 2
[08/01/2014 13:55:29] /a 2
[08/01/2014 13:55:29] /a 2
[08/01/2014 13:55:29] /a 2
[08/01/2014 13:55:29] /a 2
[08/01/2014 13:55:29] /a 2
[08/01/2014 13:56:13] /a 2
[08/01/2014 13:56:13] /a 2
[08/01/2014 13:56:13] /a 2
[08/01/2014 13:56:13] /a 2
[08/01/2014 13:56:14] /a 2
[08/01/2014 13:56:14] /a 2
[08/01/2014 13:56:14] /a 2
[08/01/2014 13:56:15] /a 2
[08/01/2014 13:56:15] /a 2
[08/01/2014 13:56:15] /a 2
[08/01/2014 13:56:16] /a 2
[08/01/2014 13:56:16] /a 2
[08/01/2014 13:56:16] /a 2
[08/01/2014 13:56:16] /a 2
[08/01/2014 13:56:16] /a 2
[08/01/2014 13:56:16] /a 2
[08/01/2014 13:56:17] /a 2
[08/01/2014 13:56:19] /a 2
[08/01/2014 13:56:19] /a 2
[08/01/2014 13:56:19] /a 2
[08/01/2014 13:56:20] /a 2
[08/01/2014 13:56:20] /a 2
[08/01/2014 13:56:20] /a 2
[08/01/2014 13:56:20] /a 2
[08/01/2014 13:56:21] /a 2
[08/01/2014 13:56:22] /a 2
[08/01/2014 13:57:03] /t
[08/01/2014 13:57:20] /m exp bug
[08/01/2014 16:00:03] /goto draken elite
[08/01/2014 16:00:12] /down
[08/01/2014 16:00:15] /down
[08/01/2014 16:00:19] /down
[08/01/2014 16:00:27] /a 50
[08/01/2014 16:00:34] /down
[08/01/2014 16:00:38] /a 20
[08/01/2014 16:01:00] /c martel
[08/01/2014 16:01:06] /c martel
[08/01/2014 16:01:27] /s trainink mon
[08/01/2014 16:01:34] /s trainink monk
[08/01/2014 16:01:50] /c martel
[08/01/2014 16:06:27] /m lizard high guard
[08/01/2014 16:07:12] /m draken warmaster
[08/01/2014 16:31:36] /s lizard zaougun
[08/01/2014 16:31:50] /m lizard zaogun
[08/01/2014 16:34:28] /goto eliter
[08/01/2014 16:34:40] /ghost
[08/01/2014 16:34:47] /goto gozter
[08/01/2014 16:34:53] /t
[08/01/2014 16:34:58] /c gozter
[08/01/2014 16:35:08] /goto goztwr
[08/01/2014 16:35:11] /goto martel
[08/01/2014 16:35:27] /a demon
[08/01/2014 16:35:33] /s demon
[08/01/2014 16:36:14] /s demon
[08/01/2014 16:36:15] /s demon
[08/01/2014 16:36:16] /s demon
[08/01/2014 16:36:48] /s golden knight
[08/01/2014 16:36:59] /s golden knight
[08/01/2014 16:37:00] /s golden knight
[08/01/2014 16:37:01] /s golden knight
[08/01/2014 16:37:02] /s golden knight
[08/01/2014 16:37:09] /s demon
[08/01/2014 16:37:11] /s golden knight
[08/01/2014 16:37:12] /s golden knight
[08/01/2014 16:37:13] /s golden knight
[08/01/2014 16:37:13] /s golden knight
[08/01/2014 16:37:14] /s golden knight
[08/01/2014 16:37:15] /s golden knight
[08/01/2014 16:37:16] /s golden knight
[08/01/2014 16:37:17] /s golden knight
[08/01/2014 16:37:17] /s golden knight
[08/01/2014 16:37:18] /s golden knight
[08/01/2014 16:37:19] /s golden knight
[08/01/2014 16:37:20] /s golden knight
[08/01/2014 16:37:21] /s golden knight
[08/01/2014 16:37:21] /s golden knight
[08/01/2014 16:37:43] /a 4
[08/01/2014 16:38:49] /s bimbo
[08/01/2014 16:39:02] /s golden knight
[08/01/2014 16:39:04] /s bimbo
[08/01/2014 16:39:04] /s bimbo
[08/01/2014 16:39:05] /s bimbo
[08/01/2014 16:39:07] /s bimbo
[08/01/2014 16:39:08] /s golden knight
[08/01/2014 16:39:09] /s golden knight
[08/01/2014 16:39:10] /s golden knight
[08/01/2014 16:39:10] /s golden knight
[08/01/2014 16:39:11] /s golden knight
[08/01/2014 16:39:13] /s golden knight
[08/01/2014 16:39:49] /s ghazbaran
[08/01/2014 16:45:14] /s ghazbaran
[08/01/2014 16:45:20] /s bimbo
[08/01/2014 16:45:21] /s bimbo
[08/01/2014 16:45:22] /s bimbo
[08/01/2014 16:45:23] /s bimbo
[08/01/2014 16:45:24] /s bimbo
[08/01/2014 16:45:27] /s bimbo
[08/01/2014 16:45:28] /s bimbo
[08/01/2014 16:45:31] /s bimbo\
[08/01/2014 16:45:37] /s bimbo\
[08/01/2014 16:45:38] /s bimbo\
[08/01/2014 16:45:56] /s toxiros
[08/01/2014 21:05:38] /t
[08/01/2014 21:05:42] /ghost
[08/01/2014 21:05:44] /ghost
[08/01/2014 21:05:48] /goto gozter
[08/01/2014 21:06:09] /t
[08/01/2014 21:06:24] /m exp bug
[08/01/2014 21:06:32] /i crystal coin
[08/01/2014 21:23:08] /ghost
[08/01/2014 21:23:11] /ghost
[08/01/2014 21:23:16] /goto sylux
[08/01/2014 21:23:26] /goto gozter
