[16/01/2010 17:39:01] /a
[16/01/2010 17:39:26] /a 5
[16/01/2010 17:41:25] /goto Alissow
[16/01/2010 17:43:06] /b .-.
[16/01/2010 17:43:24] /t
[16/01/2010 17:43:37] /b ainda bem. o attr da versão anterior estava bugado.
[16/01/2010 17:44:09] /goto alissow
[16/01/2010 17:44:41] /t
[16/01/2010 17:44:44] /goto rashid
[16/01/2010 17:45:51] /goto GOD Bruno
[16/01/2010 17:45:52] /goto GOD Bruno
[16/01/2010 17:45:54] /goto GOD Bruno
[16/01/2010 17:45:55] /goto GOD Bruno
[16/01/2010 17:45:56] /goto GOD Bruno
[16/01/2010 17:45:58] /goto GOD Bruno
[16/01/2010 17:45:59] /goto GOD Bruno
[16/01/2010 17:46:18] /goto GOD Bruno
[16/01/2010 17:46:20] /goto GOD Bruno
[16/01/2010 17:46:42] /b o meu subiu normal
[16/01/2010 17:46:53] /b subiu 31 skills
[16/01/2010 17:47:07] /b ehaoheae
[16/01/2010 17:47:43] /b Exkordium tá com exaust?
[16/01/2010 17:47:55] /goto GOD Bruno
[16/01/2010 17:48:53] /goto bulma
[16/01/2010 17:49:24] /t
[16/01/2010 17:49:26] /goto Joao
[16/01/2010 17:49:38] /a 5
[16/01/2010 17:49:38] /a 5
[16/01/2010 17:49:46] /b go
[16/01/2010 17:49:50] /b '-'
[16/01/2010 18:06:05] /i arcane staff
[16/01/2010 18:06:32] /i ice rapier
[16/01/2010 18:07:00] /goto junin~
[16/01/2010 18:07:05] /goto juninamigo do alissow
[16/01/2010 18:07:09] /goto juninamigo doalissow
[16/01/2010 18:07:32] /goto Alissow
[16/01/2010 18:08:08] /goto JuninAmigo doalissow
[16/01/2010 18:08:14] /goto Juninamigo Doalissow
[16/01/2010 18:08:33] /goto Joao
[16/01/2010 18:09:02] /b BUF FAIL, Não é BUG ._.
[16/01/2010 18:09:22] /i ice rapier
[16/01/2010 18:09:23] /a
[16/01/2010 18:10:31] /b Axei BUG no MAP
[16/01/2010 18:11:51] /a
[16/01/2010 18:11:57] /a
[16/01/2010 18:12:21] /goto Joao
[16/01/2010 18:12:39] /up
[16/01/2010 18:12:42] /a
[16/01/2010 18:12:43] /up
[16/01/2010 18:12:44] /up
[16/01/2010 18:12:45] /a
[16/01/2010 18:13:12] /goto joao
[16/01/2010 18:13:36] /b telefo
[16/01/2010 18:14:52] /t
[16/01/2010 18:15:05] /b Trovão D:
[16/01/2010 18:15:09] /b vou entrar de baixo da cama
[16/01/2010 18:15:42] /i crysal coin
[16/01/2010 18:15:45] /r
[16/01/2010 18:15:46] /r
[16/01/2010 18:15:47] /r
[16/01/2010 18:15:52] /i 2160 1
[16/01/2010 18:15:55] /i 2160
[16/01/2010 18:16:01] /i minotaur backpack
[16/01/2010 18:16:05] /i dragon backpack
[16/01/2010 18:16:22] /goto mortaroth
[16/01/2010 18:16:26] /goto morgaroth
[16/01/2010 18:16:28] /goto morgaroth
[16/01/2010 18:16:29] /r
[16/01/2010 18:16:31] /r
[16/01/2010 18:16:33] /goto morgaroth
[16/01/2010 18:16:36] /goto morgaroth
[16/01/2010 18:16:36] /goto morgaroth
[16/01/2010 18:16:39] /r
[16/01/2010 18:16:40] /goto morgaroth
[16/01/2010 18:16:42] /a
[16/01/2010 18:16:43] /r
[16/01/2010 18:16:44] /a
[16/01/2010 18:16:46] /goto morgaroth
[16/01/2010 18:16:48] /r
[16/01/2010 18:16:49] /a  5
[16/01/2010 18:16:50] /a  5
[16/01/2010 18:16:51] /a  5
[16/01/2010 18:16:52] /a  4
[16/01/2010 18:16:54] /r
[16/01/2010 18:16:55] /r
[16/01/2010 18:16:56] /a  4
[16/01/2010 18:16:58] /r
[16/01/2010 18:16:59] /r
[16/01/2010 18:17:01] /a 5
[16/01/2010 18:17:03] /r
[16/01/2010 18:17:05] /a 5
[16/01/2010 18:17:05] /r
[16/01/2010 18:17:06] /r
[16/01/2010 18:17:08] /a 5
[16/01/2010 18:17:09] /r
[16/01/2010 18:17:10] /r
[16/01/2010 18:17:13] /a 5
[16/01/2010 18:17:13] /a 5
[16/01/2010 18:17:14] /a 5
[16/01/2010 18:17:15] /a
[16/01/2010 18:17:16] /a
[16/01/2010 18:17:16] /a
[16/01/2010 18:17:17] /r
[16/01/2010 18:17:18] /a 5
[16/01/2010 18:17:19] /r
[16/01/2010 18:17:20] /r
[16/01/2010 18:17:21] /a 5
[16/01/2010 18:17:22] /r
[16/01/2010 18:17:22] /a 5
[16/01/2010 18:17:23] /r
[16/01/2010 18:17:24] /a 5
[16/01/2010 18:17:29] /goto morgaroth
[16/01/2010 18:17:31] /r
[16/01/2010 18:17:32] /goto morgaroth
[16/01/2010 18:17:35] /r
[16/01/2010 18:17:36] /goto morgaroth
[16/01/2010 18:17:41] /goto ferumbras
[16/01/2010 18:17:55] /goto Joao
[16/01/2010 18:17:59] /t 5
[16/01/2010 18:18:02] /t Joao
[16/01/2010 18:18:46] /b lol
[16/01/2010 18:18:48] /b Joao
[16/01/2010 18:18:51] /goto Joao
[16/01/2010 18:18:58] /newtype 50
[16/01/2010 18:18:59] /newtype 300
[16/01/2010 18:19:02] /newtype 350
[16/01/2010 18:19:11] /newtype 352
[16/01/2010 18:19:14] /newtype 351
[16/01/2010 18:19:15] /newtype 355
[16/01/2010 18:19:16] /newtype 356
[16/01/2010 18:19:18] /newtype 351
[16/01/2010 18:19:21] /newtype 349
[16/01/2010 18:19:52] /t
[16/01/2010 18:20:20] /b Vou testar os warlocks
[16/01/2010 18:20:38] /goto Joao
[16/01/2010 18:20:46] /t
[16/01/2010 18:20:58] /newtype 348
[16/01/2010 18:21:00] /newtype 347
[16/01/2010 18:21:43] /b Axei BUG?
[16/01/2010 18:21:47] /b Não.
[16/01/2010 18:22:18] /i shovel
[16/01/2010 18:22:49] /a 3
[16/01/2010 18:22:51] /a
[16/01/2010 18:22:52] /a 2
[16/01/2010 18:23:00] /r
[16/01/2010 18:23:14] /a
[16/01/2010 18:23:20] /r
[16/01/2010 18:23:24] /t
[16/01/2010 18:24:13] /b lol
[16/01/2010 18:24:37] /a 5
[16/01/2010 18:24:37] /a 5
[16/01/2010 18:24:40] /a
[16/01/2010 18:24:45] /b KAEOPKAEOPKEPOKEOPEKE
[16/01/2010 18:24:54] /b Trovãao -qq
[16/01/2010 18:25:19] /bc ROONALDO
[16/01/2010 18:25:55] /down
[16/01/2010 18:25:56] /up
[16/01/2010 18:25:58] /down
[16/01/2010 18:26:12] /b Esse BURACO na cave de DL que sobe enão tem descida é NORMAL?
[16/01/2010 18:26:35] /down
[16/01/2010 18:26:41] /c Joao
[16/01/2010 18:27:24] /b Vou tomar café '-'
[16/01/2010 18:27:38] /b ALgem ker?
[16/01/2010 18:27:44] /b :P
[16/01/2010 18:27:53] /b FUI
[16/01/2010 18:28:04] /b AÉFIKÁ
[16/01/2010 18:29:48] /b af
[16/01/2010 18:29:55] /b O Leite taá congelado -qq
[16/01/2010 18:29:57] /goto Joao
[16/01/2010 18:30:18] /b ²
[16/01/2010 18:32:19] /m lol.. meu OT tá ON aki nem vi
[16/01/2010 18:32:22] /b AHEEAOHEOIHEAE
[16/01/2010 18:32:28] /b lol.. MEU OT ta ON aki nem VI
[16/01/2010 18:32:31] /b HAEIOHEOIA '-'
[16/01/2010 18:32:49] /b Falo cmg? D:
[16/01/2010 18:33:02] /b tava on pra min ver como fikou a city nova =pd
[16/01/2010 18:33:04] /b tá em test
[16/01/2010 18:33:08] /b mas ja tem 1 on
[16/01/2010 18:33:18] /b henzen
[16/01/2010 18:33:26] /b henze server
[16/01/2010 18:33:38] /b no fiko n sei
[16/01/2010 18:33:53] /b 18:33 You see zaoan shoes (Arm:1, speed +5).
[16/01/2010 18:34:04] /b Filho da BOH d:
[16/01/2010 18:34:17] /b eo *o*
[16/01/2010 18:34:32] /b foi tu comedia? D:
[16/01/2010 18:34:56] /b rariari
[16/01/2010 18:35:11] /goto Jopao
[16/01/2010 18:35:13] /goto Joao
[16/01/2010 18:35:24] /newtype 940
[16/01/2010 18:35:27] /newtype 340
[16/01/2010 18:35:30] /newtype 339
[16/01/2010 18:35:34] /newtype 338
[16/01/2010 18:35:37] /newtype 329
[16/01/2010 18:35:41] /goto GOD Bruno
[16/01/2010 18:35:42] /goto GOD Bruno
[16/01/2010 18:35:43] /goto GOD Bruno
[16/01/2010 18:35:48] /goto Alissow
[16/01/2010 18:35:50] /goto Alissow
[16/01/2010 18:35:57] /a
[16/01/2010 18:36:13] /a 5
[16/01/2010 18:36:15] /a 5
[16/01/2010 18:36:15] /a 5
[16/01/2010 18:36:16] /a 5
[16/01/2010 18:36:17] /a 5
