[07/02/2010 12:25:35] /down
[07/02/2010 12:25:40] /a 2
[07/02/2010 12:26:54] /t
[07/02/2010 12:26:57] /up
[07/02/2010 12:27:29] /ghost
[07/02/2010 12:27:47] /i vampiric crest, 1
[07/02/2010 12:27:52] /i vampiric crest, 1
[07/02/2010 12:28:22] /i claw of the noxious spawn, 1
[07/02/2010 12:29:00] /i legionnaire flags, 1
[07/02/2010 12:29:27] /i book of necromantic rituals, 1
[07/02/2010 12:29:47] /ghost
[07/02/2010 12:29:54] /up
[07/02/2010 12:31:09] /a 2
[07/02/2010 12:31:11] /a 2
[07/02/2010 12:31:12] /a 2
[07/02/2010 12:31:13] /a 2
[07/02/2010 12:31:26] /r
[07/02/2010 12:31:33] /i boots of haste, 1
[07/02/2010 12:32:00] /i 6278, 1
[07/02/2010 12:32:39] /goto orshabaal
[07/02/2010 12:33:15] /t
[07/02/2010 12:33:51] /a 4
[07/02/2010 12:34:16] /a 3
[07/02/2010 12:34:28] /goto hellgorak
[07/02/2010 12:34:51] /a 5
[07/02/2010 12:35:29] /goto plaguesmith
[07/02/2010 12:36:01] /t
[07/02/2010 12:36:04] /up
[07/02/2010 12:38:22] /t
[07/02/2010 12:39:25] /up
[07/02/2010 12:40:01] /i party cake, 1
[07/02/2010 14:47:56] /goto ojani
[07/02/2010 14:48:00] /goto ojani
[07/02/2010 14:48:07] /goto ojani
[07/02/2010 14:48:11] /goto ojani
[07/02/2010 14:48:31] /goto ojani
[07/02/2010 14:48:35] /t
[07/02/2010 14:49:07] /a 100
[07/02/2010 14:49:10] /a 100
[07/02/2010 14:49:11] /a 100
[07/02/2010 14:49:46] /a 2
[07/02/2010 14:50:26] /i spellbook, 1
[07/02/2010 14:51:26] /t
[07/02/2010 14:51:34] /m exp bug
[07/02/2010 14:54:45] /m exp bug
[07/02/2010 15:04:06] /goto ojani
[07/02/2010 15:14:39] /goto ojani
[07/02/2010 15:15:15] /a 2
[07/02/2010 15:15:46] /ghost
[07/02/2010 15:15:48] /a 5
[07/02/2010 15:16:54] /goto ghazbaran
[07/02/2010 15:17:01] /goto morgaroth
[07/02/2010 15:18:28] /goto god comedinha
[07/02/2010 15:18:31] /goto ojani
[07/02/2010 15:18:39] /r
[07/02/2010 15:18:53] /r
[07/02/2010 15:19:05] /goto ojani
[07/02/2010 15:19:27] /r
[07/02/2010 15:19:27] /r
[07/02/2010 15:19:28] /r
[07/02/2010 15:19:28] /r
[07/02/2010 15:19:28] /r
[07/02/2010 15:19:29] /r
[07/02/2010 15:19:29] /r
[07/02/2010 15:19:29] /r
[07/02/2010 15:19:29] /r
[07/02/2010 15:19:29] /r
[07/02/2010 15:19:29] /r
[07/02/2010 15:19:29] /r
[07/02/2010 15:19:30] /r
[07/02/2010 15:19:30] /r
[07/02/2010 15:19:30] /r
[07/02/2010 15:19:32] /r
[07/02/2010 15:19:32] /r
[07/02/2010 15:19:42] /r
[07/02/2010 15:19:42] /r
[07/02/2010 15:19:42] /r
[07/02/2010 15:19:42] /r
[07/02/2010 15:19:42] /r
[07/02/2010 15:19:43] /r
[07/02/2010 15:19:45] /r
[07/02/2010 15:19:45] /r
[07/02/2010 15:19:45] /r
[07/02/2010 15:19:45] /r
[07/02/2010 15:19:45] /r
[07/02/2010 15:19:46] /r
[07/02/2010 15:19:46] /r
[07/02/2010 15:19:47] /r
[07/02/2010 15:19:47] /r
[07/02/2010 15:19:47] /r
[07/02/2010 15:19:47] /r
[07/02/2010 15:19:47] /r
[07/02/2010 15:19:47] /r
[07/02/2010 15:19:47] /r
[07/02/2010 15:19:48] /r
[07/02/2010 15:20:03] /r
[07/02/2010 15:20:04] /r
[07/02/2010 15:20:04] /r
[07/02/2010 15:20:04] /r
[07/02/2010 15:20:04] /r
[07/02/2010 15:20:04] /r
[07/02/2010 15:20:04] /r
[07/02/2010 15:20:05] /r
[07/02/2010 15:20:05] /r
[07/02/2010 15:20:05] /r
[07/02/2010 15:20:05] /r
[07/02/2010 15:20:05] /r
[07/02/2010 15:20:06] /r
[07/02/2010 15:20:06] /r
[07/02/2010 15:20:06] /r
[07/02/2010 15:20:06] /r
[07/02/2010 15:20:07] /r
[07/02/2010 15:20:07] /r
[07/02/2010 15:20:07] /r
[07/02/2010 15:20:07] /r
[07/02/2010 15:20:07] /r
[07/02/2010 15:20:08] /r
[07/02/2010 15:20:08] /r
[07/02/2010 15:20:08] /r
[07/02/2010 15:20:09] /r
[07/02/2010 15:20:09] /r
[07/02/2010 15:20:09] /r
[07/02/2010 15:20:09] /r
[07/02/2010 15:20:10] /r
[07/02/2010 15:20:10] /r
[07/02/2010 15:20:11] /r
[07/02/2010 15:20:11] /r
[07/02/2010 15:20:11] /r
[07/02/2010 15:20:11] /r
[07/02/2010 15:20:11] /r
[07/02/2010 15:20:12] /r
[07/02/2010 15:20:13] /r
[07/02/2010 15:20:13] /r
[07/02/2010 15:20:13] /r
[07/02/2010 15:20:13] /r
[07/02/2010 15:20:13] /r
[07/02/2010 15:20:13] /r
[07/02/2010 15:20:13] /r
[07/02/2010 15:20:13] /r
[07/02/2010 15:20:13] /r
[07/02/2010 15:20:13] /r
[07/02/2010 15:20:13] /r
[07/02/2010 15:20:13] /r
[07/02/2010 15:20:13] /r
[07/02/2010 15:20:13] /r
[07/02/2010 15:20:13] /r
[07/02/2010 15:20:13] /r
[07/02/2010 15:20:14] /r
[07/02/2010 15:20:14] /r
[07/02/2010 15:20:14] /r
[07/02/2010 15:20:14] /r
[07/02/2010 15:20:15] /r
[07/02/2010 15:20:15] /r
[07/02/2010 15:20:15] /r
[07/02/2010 15:20:15] /r
[07/02/2010 15:20:15] /r
[07/02/2010 15:20:15] /r
[07/02/2010 15:20:16] /r
[07/02/2010 15:20:16] /r
[07/02/2010 15:20:16] /r
[07/02/2010 15:20:16] /r
[07/02/2010 15:20:17] /r
[07/02/2010 15:20:17] /r
[07/02/2010 15:20:17] /r
[07/02/2010 15:20:17] /r
[07/02/2010 15:20:18] /r
[07/02/2010 15:20:18] /r
[07/02/2010 15:20:19] /r
[07/02/2010 15:20:19] /r
[07/02/2010 15:20:19] /r
[07/02/2010 15:20:19] /r
[07/02/2010 15:20:19] /r
[07/02/2010 15:20:19] /r
[07/02/2010 15:20:20] /r
[07/02/2010 15:20:20] /r
[07/02/2010 15:20:20] /r
[07/02/2010 15:20:21] /r
[07/02/2010 15:20:21] /r
[07/02/2010 15:20:21] /r
[07/02/2010 15:20:21] /r
[07/02/2010 15:20:22] /r
[07/02/2010 15:20:22] /r
[07/02/2010 15:20:23] /r
[07/02/2010 15:20:23] /r
[07/02/2010 15:20:23] /r
[07/02/2010 15:20:23] /r
[07/02/2010 15:20:24] /r
[07/02/2010 15:20:24] /r
[07/02/2010 15:20:24] /r
[07/02/2010 15:20:25] /r
[07/02/2010 15:20:25] /r
[07/02/2010 15:20:25] /r
[07/02/2010 15:20:25] /r
[07/02/2010 15:20:25] /r
[07/02/2010 15:20:28] /r
[07/02/2010 15:20:28] /r
[07/02/2010 15:20:29] /r
[07/02/2010 15:20:30] /r
[07/02/2010 15:20:31] /r
[07/02/2010 15:20:31] /r
[07/02/2010 15:20:32] /r
[07/02/2010 15:20:59] /r
[07/02/2010 15:20:59] /r
[07/02/2010 15:21:00] /r
[07/02/2010 15:21:00] /r
[07/02/2010 15:21:00] /r
[07/02/2010 15:21:00] /r
[07/02/2010 15:21:00] /r
[07/02/2010 15:21:01] /r
[07/02/2010 15:21:01] /r
[07/02/2010 15:21:01] /r
[07/02/2010 15:21:01] /r
[07/02/2010 15:21:02] /r
[07/02/2010 15:21:02] /r
[07/02/2010 15:21:02] /r
[07/02/2010 15:21:02] /r
[07/02/2010 15:21:03] /r
[07/02/2010 15:21:03] /r
[07/02/2010 15:21:03] /r
[07/02/2010 15:21:03] /r
[07/02/2010 15:21:04] /r
[07/02/2010 15:21:04] /r
[07/02/2010 15:21:04] /r
[07/02/2010 15:21:04] /r
[07/02/2010 15:21:04] /r
[07/02/2010 15:21:05] /r
[07/02/2010 15:21:05] /r
[07/02/2010 15:21:05] /r
[07/02/2010 15:21:05] /r
[07/02/2010 15:21:06] /r
[07/02/2010 15:21:06] /r
[07/02/2010 15:21:06] /r
[07/02/2010 15:21:06] /r
[07/02/2010 15:21:06] /r
[07/02/2010 15:21:07] /r
[07/02/2010 15:21:07] /r
[07/02/2010 15:21:07] /r
[07/02/2010 15:21:08] /r
[07/02/2010 15:21:08] /r
[07/02/2010 15:21:08] /r
[07/02/2010 15:21:08] /r
[07/02/2010 15:21:09] /r
[07/02/2010 15:21:14] /r
[07/02/2010 15:21:14] /r
[07/02/2010 15:21:15] /r
[07/02/2010 15:21:16] /r
[07/02/2010 15:21:16] /r
[07/02/2010 15:21:16] /r
[07/02/2010 15:21:17] /r
[07/02/2010 15:21:17] /r
[07/02/2010 15:21:17] /r
[07/02/2010 15:21:17] /r
[07/02/2010 15:21:18] /r
[07/02/2010 15:21:18] /r
[07/02/2010 15:21:18] /r
[07/02/2010 15:21:19] /r
[07/02/2010 15:21:19] /r
[07/02/2010 15:21:19] /r
[07/02/2010 15:21:19] /r
[07/02/2010 15:21:20] /r
[07/02/2010 15:21:20] /r
[07/02/2010 15:21:20] /r
[07/02/2010 15:21:21] /r
[07/02/2010 15:21:21] /r
[07/02/2010 15:21:21] /r
[07/02/2010 15:21:22] /r
[07/02/2010 15:21:22] /r
[07/02/2010 15:21:22] /r
[07/02/2010 15:21:22] /r
[07/02/2010 15:21:23] /r
[07/02/2010 15:21:23] /r
[07/02/2010 15:21:28] /r
[07/02/2010 15:21:30] /r
[07/02/2010 15:21:30] /r
[07/02/2010 15:21:30] /r
[07/02/2010 15:21:30] /r
[07/02/2010 15:21:30] /r
[07/02/2010 15:21:30] /r
[07/02/2010 15:21:31] /r
[07/02/2010 15:21:31] /r
[07/02/2010 15:21:31] /r
[07/02/2010 15:21:31] /r
[07/02/2010 15:21:31] /r
[07/02/2010 15:21:32] /r
[07/02/2010 15:21:32] /r
[07/02/2010 15:21:32] /r
[07/02/2010 15:21:32] /r
[07/02/2010 15:21:32] /r
[07/02/2010 15:21:33] /r
[07/02/2010 15:21:33] /r
[07/02/2010 15:21:33] /r
[07/02/2010 15:21:33] /r
[07/02/2010 15:21:33] /r
[07/02/2010 15:21:34] /r
[07/02/2010 15:21:34] /r
[07/02/2010 15:21:34] /r
[07/02/2010 15:21:34] /r
[07/02/2010 15:21:35] /r
[07/02/2010 15:21:35] /r
[07/02/2010 15:21:35] /r
[07/02/2010 15:21:35] /r
[07/02/2010 15:21:35] /r
[07/02/2010 15:21:35] /r
[07/02/2010 15:21:36] /r
[07/02/2010 15:21:37] /r
[07/02/2010 15:21:38] /r
[07/02/2010 15:21:38] /r
[07/02/2010 15:21:38] /r
[07/02/2010 15:21:38] /r
[07/02/2010 15:21:38] /r
[07/02/2010 15:21:39] /r
[07/02/2010 15:21:39] /r
[07/02/2010 15:21:39] /r
[07/02/2010 15:21:39] /r
[07/02/2010 15:21:39] /r
[07/02/2010 15:21:40] /r
[07/02/2010 15:21:40] /r
[07/02/2010 15:21:40] /r
[07/02/2010 15:21:40] /r
[07/02/2010 15:21:40] /r
[07/02/2010 15:21:41] /r
[07/02/2010 15:21:41] /r
[07/02/2010 15:21:41] /r
[07/02/2010 15:21:41] /r
[07/02/2010 15:21:41] /r
[07/02/2010 15:21:42] /r
[07/02/2010 15:21:42] /r
[07/02/2010 15:21:42] /r
[07/02/2010 15:21:42] /r
[07/02/2010 15:21:43] /r
[07/02/2010 15:21:43] /r
[07/02/2010 15:21:43] /r
[07/02/2010 15:21:43] /r
[07/02/2010 15:21:43] /r
[07/02/2010 15:21:44] /r
[07/02/2010 15:21:44] /r
[07/02/2010 15:21:44] /r
[07/02/2010 15:21:44] /r
[07/02/2010 15:21:45] /r
[07/02/2010 15:21:45] /r
[07/02/2010 15:21:45] /r
[07/02/2010 15:21:46] /r
[07/02/2010 15:21:46] /r
[07/02/2010 15:21:46] /r
[07/02/2010 15:21:46] /r
[07/02/2010 15:21:47] /r
[07/02/2010 15:21:47] /r
[07/02/2010 15:21:47] /r
[07/02/2010 15:21:47] /r
[07/02/2010 15:21:48] /r
[07/02/2010 15:21:49] /r
[07/02/2010 15:21:49] /r
[07/02/2010 15:21:50] /r
[07/02/2010 15:21:50] /r
[07/02/2010 15:21:51] /r
[07/02/2010 15:21:51] /r
[07/02/2010 15:21:51] /r
[07/02/2010 15:21:51] /r
[07/02/2010 15:21:51] /r
[07/02/2010 15:21:51] /r
[07/02/2010 15:21:51] /r
[07/02/2010 15:21:51] /r
[07/02/2010 15:21:52] /r
[07/02/2010 15:21:52] /r
[07/02/2010 15:21:52] /r
[07/02/2010 15:21:52] /r
[07/02/2010 15:21:52] /r
[07/02/2010 15:21:52] /r
[07/02/2010 15:21:52] /r
[07/02/2010 15:21:52] /r
[07/02/2010 15:21:52] /r
[07/02/2010 15:21:52] /r
[07/02/2010 15:21:52] /r
[07/02/2010 15:21:52] /r
[07/02/2010 15:21:52] /r
[07/02/2010 15:21:52] /r
[07/02/2010 15:21:52] /r
[07/02/2010 15:21:52] /r
[07/02/2010 15:21:52] /r
[07/02/2010 15:21:52] /r
[07/02/2010 15:21:52] /r
[07/02/2010 15:21:52] /r
[07/02/2010 15:21:52] /r
[07/02/2010 15:21:52] /r
[07/02/2010 15:21:52] /r
[07/02/2010 15:21:52] /r
[07/02/2010 15:21:52] /r
[07/02/2010 15:21:52] /r
[07/02/2010 15:21:52] /r
[07/02/2010 15:21:52] /r
[07/02/2010 15:21:52] /r
[07/02/2010 15:21:52] /r
[07/02/2010 15:21:53] /r
[07/02/2010 15:21:53] /r
[07/02/2010 15:21:53] /r
[07/02/2010 15:21:53] /r
[07/02/2010 15:21:53] /r
[07/02/2010 15:21:53] /r
[07/02/2010 15:21:53] /r
[07/02/2010 15:21:53] /r
[07/02/2010 15:21:53] /r
[07/02/2010 15:21:53] /r
[07/02/2010 15:21:53] /r
[07/02/2010 15:21:53] /r
[07/02/2010 15:21:53] /r
[07/02/2010 15:21:53] /r
[07/02/2010 15:21:53] /r
[07/02/2010 15:21:53] /r
[07/02/2010 15:21:53] /r
[07/02/2010 15:21:53] /r
[07/02/2010 15:21:53] /r
[07/02/2010 15:21:53] /r
[07/02/2010 15:21:53] /r
[07/02/2010 15:21:53] /r
[07/02/2010 15:21:53] /r
[07/02/2010 15:21:53] /r
[07/02/2010 15:21:53] /r
[07/02/2010 15:21:53] /r
[07/02/2010 15:21:54] /r
[07/02/2010 15:21:54] /r
[07/02/2010 15:21:54] /r
[07/02/2010 15:21:54] /r
[07/02/2010 15:21:54] /r
[07/02/2010 15:21:54] /r
[07/02/2010 15:21:54] /r
[07/02/2010 15:21:54] /r
[07/02/2010 15:21:54] /r
[07/02/2010 15:21:54] /r
[07/02/2010 15:21:54] /r
[07/02/2010 15:21:54] /r
[07/02/2010 15:21:54] /r
[07/02/2010 15:21:54] /r
[07/02/2010 15:21:54] /r
[07/02/2010 15:21:54] /r
[07/02/2010 15:21:54] /r
[07/02/2010 15:21:54] /r
[07/02/2010 15:21:54] /r
[07/02/2010 15:21:54] /r
[07/02/2010 15:21:54] /r
[07/02/2010 15:21:54] /r
[07/02/2010 15:21:54] /r
[07/02/2010 15:21:54] /r
[07/02/2010 15:21:54] /r
[07/02/2010 15:21:54] /r
[07/02/2010 15:21:54] /r
[07/02/2010 15:21:54] /r
[07/02/2010 15:21:54] /r
[07/02/2010 15:21:54] /r
[07/02/2010 15:21:54] /r
[07/02/2010 15:21:55] /r
[07/02/2010 15:21:55] /r
[07/02/2010 15:21:55] /r
[07/02/2010 15:21:55] /r
[07/02/2010 15:21:55] /r
[07/02/2010 15:21:55] /r
[07/02/2010 15:21:55] /r
[07/02/2010 15:21:55] /r
[07/02/2010 15:21:55] /r
[07/02/2010 15:21:55] /r
[07/02/2010 15:21:55] /r
[07/02/2010 15:21:55] /r
[07/02/2010 15:21:55] /r
[07/02/2010 15:21:55] /r
[07/02/2010 15:21:55] /r
[07/02/2010 15:21:55] /r
[07/02/2010 15:21:55] /r
[07/02/2010 15:21:55] /r
[07/02/2010 15:21:55] /r
[07/02/2010 15:21:55] /r
[07/02/2010 15:21:55] /r
[07/02/2010 15:21:55] /r
[07/02/2010 15:21:55] /r
[07/02/2010 15:21:55] /r
[07/02/2010 15:21:55] /r
[07/02/2010 15:21:55] /r
[07/02/2010 15:21:55] /r
[07/02/2010 15:21:55] /r
[07/02/2010 15:21:55] /r
[07/02/2010 15:21:55] /r
[07/02/2010 15:21:56] /r
[07/02/2010 15:21:57] /r
[07/02/2010 15:21:58] /r
[07/02/2010 15:21:58] /r
[07/02/2010 15:22:02] /r
[07/02/2010 15:22:02] /r
[07/02/2010 15:22:03] /r
[07/02/2010 15:22:03] /r
[07/02/2010 15:22:03] /r
[07/02/2010 15:22:03] /r
[07/02/2010 15:22:03] /r
[07/02/2010 15:22:03] /r
[07/02/2010 15:22:03] /r
[07/02/2010 15:22:04] /r
[07/02/2010 15:22:04] /r
[07/02/2010 15:22:04] /r
[07/02/2010 15:22:04] /r
[07/02/2010 15:22:04] /r
[07/02/2010 15:22:05] /r
[07/02/2010 15:22:05] /r
[07/02/2010 15:22:05] /r
[07/02/2010 15:22:05] /r
[07/02/2010 15:22:05] /r
[07/02/2010 15:22:06] /r
[07/02/2010 15:22:06] /r
[07/02/2010 15:22:07] /r
[07/02/2010 15:22:07] /r
[07/02/2010 15:22:08] /r
[07/02/2010 15:22:08] /r
[07/02/2010 15:22:08] /r
[07/02/2010 15:22:08] /r
[07/02/2010 15:22:09] /r
[07/02/2010 15:22:09] /r
[07/02/2010 15:22:09] /r
[07/02/2010 15:22:09] /r
[07/02/2010 15:22:09] /r
[07/02/2010 15:22:10] /r
[07/02/2010 15:22:10] /r
[07/02/2010 15:22:10] /r
[07/02/2010 15:22:10] /r
[07/02/2010 15:22:10] /r
[07/02/2010 15:22:10] /r
[07/02/2010 15:22:13] /r
[07/02/2010 15:22:13] /r
[07/02/2010 15:22:13] /r
[07/02/2010 15:22:14] /r
[07/02/2010 15:22:14] /r
[07/02/2010 15:22:14] /r
[07/02/2010 15:22:14] /r
[07/02/2010 15:22:15] /r
[07/02/2010 15:22:15] /r
[07/02/2010 15:24:02] /up
[07/02/2010 15:24:03] /r
[07/02/2010 15:24:03] /r
[07/02/2010 15:24:04] /r
[07/02/2010 15:24:04] /r
[07/02/2010 15:24:04] /r
[07/02/2010 15:24:04] /r
[07/02/2010 15:24:04] /r
[07/02/2010 15:24:04] /r
[07/02/2010 15:24:05] /r
[07/02/2010 15:24:05] /r
[07/02/2010 15:24:05] /r
[07/02/2010 15:24:06] /r
[07/02/2010 15:24:06] /r
[07/02/2010 15:24:06] /r
[07/02/2010 15:24:06] /r
[07/02/2010 15:24:06] /r
[07/02/2010 15:24:07] /r
[07/02/2010 15:24:07] /r
[07/02/2010 15:24:07] /r
[07/02/2010 15:24:07] /r
[07/02/2010 15:24:07] /r
[07/02/2010 15:24:07] /r
[07/02/2010 15:24:08] /r
[07/02/2010 15:24:08] /r
[07/02/2010 15:24:08] /r
[07/02/2010 15:24:08] /r
[07/02/2010 15:24:08] /r
[07/02/2010 15:24:09] /r
[07/02/2010 15:24:09] /r
[07/02/2010 15:24:09] /r
[07/02/2010 15:24:11] /r
[07/02/2010 15:24:11] /r
[07/02/2010 15:24:11] /r
[07/02/2010 15:24:11] /r
[07/02/2010 15:24:11] /r
[07/02/2010 15:24:11] /r
[07/02/2010 15:24:11] /r
[07/02/2010 15:24:11] /r
[07/02/2010 15:24:11] /r
[07/02/2010 15:24:11] /r
[07/02/2010 15:24:11] /r
[07/02/2010 15:24:12] /r
[07/02/2010 15:24:12] /r
[07/02/2010 15:24:12] /r
[07/02/2010 15:24:12] /r
[07/02/2010 15:24:12] /r
[07/02/2010 15:24:13] /r
[07/02/2010 15:24:13] /r
[07/02/2010 15:24:13] /r
[07/02/2010 15:24:13] /r
[07/02/2010 15:24:13] /r
[07/02/2010 15:24:14] /r
[07/02/2010 15:24:14] /r
[07/02/2010 15:24:14] /r
[07/02/2010 15:24:15] /r
[07/02/2010 15:24:15] /r
[07/02/2010 15:24:15] /r
[07/02/2010 15:24:15] /r
[07/02/2010 15:24:16] /r
[07/02/2010 15:24:16] /r
[07/02/2010 15:24:17] /r
[07/02/2010 15:24:17] /r
[07/02/2010 15:24:17] /r
[07/02/2010 15:24:17] /r
[07/02/2010 15:24:17] /r
[07/02/2010 15:24:18] /r
[07/02/2010 15:24:18] /r
[07/02/2010 15:24:18] /r
[07/02/2010 15:24:19] /r
[07/02/2010 15:24:19] /r
[07/02/2010 15:24:19] /r
[07/02/2010 15:24:19] /r
[07/02/2010 15:24:20] /r
[07/02/2010 15:24:20] /r
[07/02/2010 15:24:20] /r
[07/02/2010 15:24:20] /r
[07/02/2010 15:24:20] /r
[07/02/2010 15:24:21] /r
[07/02/2010 15:24:21] /r
[07/02/2010 15:24:21] /r
[07/02/2010 15:24:21] /r
[07/02/2010 15:24:21] /r
[07/02/2010 15:24:22] /r
[07/02/2010 15:24:22] /r
[07/02/2010 15:24:22] /r
[07/02/2010 15:24:22] /r
[07/02/2010 15:24:23] /r
[07/02/2010 15:24:23] /r
[07/02/2010 15:24:23] /r
[07/02/2010 15:24:23] /r
[07/02/2010 15:24:23] /r
[07/02/2010 15:24:24] /r
[07/02/2010 15:24:24] /r
[07/02/2010 15:24:24] /r
[07/02/2010 15:24:24] /r
[07/02/2010 15:24:25] /r
[07/02/2010 15:24:26] /r
[07/02/2010 15:24:26] /r
[07/02/2010 15:24:26] /r
[07/02/2010 15:24:26] /r
[07/02/2010 15:24:27] /r
[07/02/2010 15:24:27] /r
[07/02/2010 15:24:28] /r
[07/02/2010 15:24:28] /r
[07/02/2010 15:24:28] /r
[07/02/2010 15:24:28] /r
[07/02/2010 15:24:28] /r
[07/02/2010 15:24:28] /r
[07/02/2010 15:24:29] /r
[07/02/2010 15:24:29] /r
[07/02/2010 15:24:29] /r
[07/02/2010 15:24:29] /r
[07/02/2010 15:24:29] /r
[07/02/2010 15:24:30] /r
[07/02/2010 15:24:30] /r
[07/02/2010 15:24:30] /r
[07/02/2010 15:24:31] /r
[07/02/2010 15:24:31] /r
[07/02/2010 15:24:31] /r
[07/02/2010 15:24:31] /r
[07/02/2010 15:24:32] /r
[07/02/2010 15:24:32] /r
[07/02/2010 15:24:32] /r
[07/02/2010 15:24:34] /r
[07/02/2010 15:24:34] /r
[07/02/2010 15:24:34] /r
[07/02/2010 15:24:34] /r
[07/02/2010 15:24:34] /r
[07/02/2010 15:24:34] /r
[07/02/2010 15:24:35] /r
[07/02/2010 15:24:35] /r
[07/02/2010 15:24:35] /r
[07/02/2010 15:24:35] /r
[07/02/2010 15:24:35] /r
[07/02/2010 15:24:36] /r
[07/02/2010 15:24:36] /r
[07/02/2010 15:24:36] /r
[07/02/2010 15:24:36] /r
[07/02/2010 15:24:36] /r
[07/02/2010 15:24:37] /r
[07/02/2010 15:24:37] /r
[07/02/2010 15:24:37] /r
[07/02/2010 15:24:37] /r
[07/02/2010 15:24:37] /r
[07/02/2010 15:24:38] /r
[07/02/2010 15:24:38] /r
[07/02/2010 15:24:38] /r
[07/02/2010 15:24:38] /r
[07/02/2010 15:24:39] /r
[07/02/2010 15:24:39] /r
[07/02/2010 15:24:39] /r
[07/02/2010 15:24:40] /r
[07/02/2010 15:24:40] /r
[07/02/2010 15:24:40] /r
[07/02/2010 15:24:41] /r
[07/02/2010 15:24:41] /r
[07/02/2010 15:24:41] /r
[07/02/2010 15:24:42] /r
[07/02/2010 15:24:42] /r
[07/02/2010 15:24:42] /r
[07/02/2010 15:24:43] /r
[07/02/2010 15:24:43] /r
[07/02/2010 15:24:43] /r
[07/02/2010 15:24:43] /r
[07/02/2010 15:24:43] /r
[07/02/2010 15:24:43] /r
[07/02/2010 15:24:43] /r
[07/02/2010 15:24:43] /r
[07/02/2010 15:24:44] /r
[07/02/2010 15:24:44] /r
[07/02/2010 15:24:44] /r
[07/02/2010 15:24:44] /r
[07/02/2010 15:24:45] /r
[07/02/2010 15:24:45] /r
[07/02/2010 15:24:45] /r
[07/02/2010 15:24:46] /r
[07/02/2010 15:24:47] /r
[07/02/2010 15:24:47] /r
[07/02/2010 15:24:47] /r
[07/02/2010 15:24:47] /r
[07/02/2010 15:24:48] /r
[07/02/2010 15:24:48] /r
[07/02/2010 15:24:48] /r
[07/02/2010 15:24:48] /r
[07/02/2010 15:24:48] /r
[07/02/2010 15:24:49] /r
[07/02/2010 15:24:49] /r
[07/02/2010 15:24:49] /r
[07/02/2010 15:24:49] /r
[07/02/2010 15:24:50] /r
[07/02/2010 15:24:50] /r
[07/02/2010 15:24:50] /r
[07/02/2010 15:24:50] /r
[07/02/2010 15:24:50] /r
[07/02/2010 15:24:51] /r
[07/02/2010 15:24:51] /r
[07/02/2010 15:24:51] /r
[07/02/2010 15:24:51] /r
[07/02/2010 15:24:52] /r
[07/02/2010 15:24:52] /r
[07/02/2010 15:24:52] /r
[07/02/2010 15:24:54] /goto ojani
[07/02/2010 15:24:56] /r
[07/02/2010 15:24:56] /r
[07/02/2010 15:24:57] /r
[07/02/2010 15:24:57] /r
[07/02/2010 15:24:57] /r
[07/02/2010 15:24:58] /r
[07/02/2010 15:24:58] /r
[07/02/2010 15:24:58] /r
[07/02/2010 15:24:58] /r
[07/02/2010 15:24:58] /r
[07/02/2010 15:24:59] /r
[07/02/2010 15:24:59] /r
[07/02/2010 15:25:03] /a 4
[07/02/2010 15:25:05] /a 3
[07/02/2010 15:25:08] /t
[07/02/2010 15:25:18] /goto trainer
[07/02/2010 15:25:22] /goto training monk
[07/02/2010 15:25:33] /up
[07/02/2010 15:26:01] /goto ojani
[07/02/2010 15:26:06] /r
[07/02/2010 15:26:07] /r
[07/02/2010 15:26:07] /r
[07/02/2010 15:26:07] /r
[07/02/2010 15:26:07] /r
[07/02/2010 15:26:07] /r
[07/02/2010 15:26:07] /r
[07/02/2010 15:26:07] /r
[07/02/2010 15:26:08] /r
[07/02/2010 15:26:08] /r
[07/02/2010 15:26:08] /r
[07/02/2010 15:26:08] /r
[07/02/2010 15:26:09] /r
[07/02/2010 15:26:09] /r
[07/02/2010 15:26:09] /r
[07/02/2010 15:26:09] /r
[07/02/2010 15:26:09] /r
[07/02/2010 15:26:10] /r
[07/02/2010 15:26:10] /r
[07/02/2010 15:26:10] /r
[07/02/2010 15:26:10] /r
[07/02/2010 15:26:11] /r
[07/02/2010 15:26:11] /r
[07/02/2010 15:26:11] /r
[07/02/2010 15:26:11] /r
[07/02/2010 15:26:12] /r
[07/02/2010 15:26:12] /r
[07/02/2010 15:26:12] /r
[07/02/2010 15:26:12] /r
[07/02/2010 15:26:12] /r
[07/02/2010 15:26:12] /r
[07/02/2010 15:26:12] /r
[07/02/2010 15:27:09] /goto pig
[07/02/2010 15:27:12] /r
[07/02/2010 15:27:13] /r
[07/02/2010 15:27:14] /goto pig
[07/02/2010 15:27:19] /a 
[07/02/2010 15:27:22] /a 4
[07/02/2010 15:27:28] /r
[07/02/2010 15:27:28] /r
[07/02/2010 15:27:29] /r
[07/02/2010 15:27:29] /r
[07/02/2010 15:27:29] /r
[07/02/2010 15:27:30] /r
[07/02/2010 15:27:30] /r
[07/02/2010 15:27:30] /r
[07/02/2010 15:27:59] /r
[07/02/2010 15:28:00] /r
[07/02/2010 15:28:00] /r
[07/02/2010 15:28:01] /r
[07/02/2010 15:28:01] /r
[07/02/2010 15:28:01] /r
[07/02/2010 15:28:01] /r
[07/02/2010 15:28:01] /r
[07/02/2010 15:28:01] /r
[07/02/2010 15:28:02] /r
[07/02/2010 15:28:02] /r
[07/02/2010 15:28:02] /r
[07/02/2010 15:28:02] /r
[07/02/2010 15:28:02] /r
[07/02/2010 15:28:03] /r
[07/02/2010 15:28:03] /r
[07/02/2010 15:28:03] /r
[07/02/2010 15:28:03] /r
[07/02/2010 15:28:03] /r
[07/02/2010 15:28:03] /r
[07/02/2010 15:28:04] /r
[07/02/2010 15:28:04] /r
[07/02/2010 15:28:04] /r
[07/02/2010 15:28:04] /r
[07/02/2010 15:28:04] /r
[07/02/2010 15:28:05] /r
[07/02/2010 15:28:06] /r
[07/02/2010 15:28:06] /r
[07/02/2010 15:28:06] /r
[07/02/2010 15:28:06] /r
[07/02/2010 15:28:06] /r
[07/02/2010 15:28:06] /r
[07/02/2010 15:28:06] /r
[07/02/2010 15:28:07] /r
[07/02/2010 15:28:07] /r
[07/02/2010 15:28:07] /r
[07/02/2010 15:28:07] /r
[07/02/2010 15:28:07] /r
[07/02/2010 15:28:07] /r
[07/02/2010 15:28:08] /r
[07/02/2010 15:28:08] /r
[07/02/2010 15:28:08] /r
[07/02/2010 15:28:08] /r
[07/02/2010 15:28:08] /r
[07/02/2010 15:28:09] /r
[07/02/2010 15:28:10] /r
[07/02/2010 15:28:10] /r
[07/02/2010 15:28:10] /r
[07/02/2010 15:28:10] /r
[07/02/2010 15:28:10] /r
[07/02/2010 15:28:11] /r
[07/02/2010 15:28:11] /r
[07/02/2010 15:28:12] /r
[07/02/2010 15:28:13] /r
[07/02/2010 15:28:13] /r
[07/02/2010 15:28:13] /r
[07/02/2010 15:28:13] /r
[07/02/2010 15:28:13] /r
[07/02/2010 15:28:13] /r
[07/02/2010 15:28:14] /r
[07/02/2010 15:28:14] /r
[07/02/2010 15:28:14] /r
[07/02/2010 15:28:14] /r
[07/02/2010 15:28:14] /r
[07/02/2010 15:28:15] /r
[07/02/2010 15:28:15] /r
[07/02/2010 15:28:15] /r
[07/02/2010 15:28:15] /r
[07/02/2010 15:28:17] /r
[07/02/2010 15:28:17] /r
[07/02/2010 15:28:17] /r
[07/02/2010 15:28:18] /r
[07/02/2010 15:28:18] /r
[07/02/2010 15:28:18] /r
[07/02/2010 15:28:18] /r
[07/02/2010 15:28:19] /r
[07/02/2010 15:28:19] /r
[07/02/2010 15:28:19] /r
[07/02/2010 15:28:19] /r
[07/02/2010 15:28:19] /r
[07/02/2010 15:28:20] /r
[07/02/2010 15:28:20] /r
[07/02/2010 15:28:20] /r
[07/02/2010 15:28:20] /r
[07/02/2010 15:28:20] /r
[07/02/2010 15:28:20] /r
[07/02/2010 15:28:21] /r
[07/02/2010 15:28:21] /r
[07/02/2010 15:28:21] /r
[07/02/2010 15:28:21] /r
[07/02/2010 15:28:21] /r
[07/02/2010 15:28:22] /r
[07/02/2010 15:28:22] /r
[07/02/2010 15:28:22] /r
[07/02/2010 15:28:22] /r
[07/02/2010 15:28:23] /r
[07/02/2010 15:28:23] /r
[07/02/2010 15:28:23] /r
[07/02/2010 15:28:23] /r
[07/02/2010 15:28:23] /r
[07/02/2010 15:28:24] /r
[07/02/2010 15:28:24] /r
[07/02/2010 15:28:24] /r
[07/02/2010 15:28:24] /r
[07/02/2010 15:28:25] /r
[07/02/2010 15:28:25] /r
[07/02/2010 15:28:25] /r
[07/02/2010 15:28:25] /r
[07/02/2010 15:28:26] /r
[07/02/2010 15:28:26] /r
[07/02/2010 15:28:26] /r
[07/02/2010 15:28:26] /r
[07/02/2010 15:28:26] /r
[07/02/2010 15:28:27] /r
[07/02/2010 15:28:27] /r
[07/02/2010 15:28:27] /r
[07/02/2010 15:28:27] /r
[07/02/2010 15:28:28] /r
[07/02/2010 15:28:28] /r
[07/02/2010 15:28:28] /r
[07/02/2010 15:28:28] /r
[07/02/2010 15:28:28] /r
[07/02/2010 15:28:29] /r
[07/02/2010 15:28:29] /r
[07/02/2010 15:28:29] /r
[07/02/2010 15:28:29] /r
[07/02/2010 15:28:30] /r
[07/02/2010 15:28:30] /r
[07/02/2010 15:28:30] /r
[07/02/2010 15:28:30] /r
[07/02/2010 15:28:31] /r
[07/02/2010 15:28:31] /r
[07/02/2010 15:28:31] /r
[07/02/2010 15:28:31] /r
[07/02/2010 15:28:32] /r
[07/02/2010 15:28:32] /r
[07/02/2010 15:28:32] /r
[07/02/2010 15:28:32] /r
[07/02/2010 15:28:32] /r
[07/02/2010 15:28:33] /r
[07/02/2010 15:28:33] /r
[07/02/2010 15:28:34] /r
[07/02/2010 15:28:34] /r
[07/02/2010 15:28:35] /r
[07/02/2010 15:28:35] /r
[07/02/2010 15:28:35] /r
[07/02/2010 15:28:35] /r
[07/02/2010 15:28:35] /r
[07/02/2010 15:28:35] /r
[07/02/2010 15:28:35] /r
[07/02/2010 15:28:35] /r
[07/02/2010 15:28:36] /r
[07/02/2010 15:28:36] /r
[07/02/2010 15:28:37] /t
[07/02/2010 15:28:42] /a 20
[07/02/2010 15:28:47] /m bug
[07/02/2010 15:28:48] /m bug
[07/02/2010 15:28:54] /m exp bu
[07/02/2010 15:28:56] /m exp bug
[07/02/2010 15:28:57] /m exp bug
[07/02/2010 15:28:57] /m exp bug
[07/02/2010 15:28:57] /m exp bug
[07/02/2010 15:28:58] /m exp bug
[07/02/2010 15:28:58] /m exp bug
[07/02/2010 15:28:58] /m exp bug
[07/02/2010 15:28:59] /m exp bug
[07/02/2010 15:28:59] /m exp bug
[07/02/2010 15:28:59] /m exp bug
[07/02/2010 15:29:00] /m exp bug
[07/02/2010 15:29:00] /m exp bug
[07/02/2010 15:29:04] /a 2
[07/02/2010 15:29:05] /a 2
[07/02/2010 15:29:07] /m exp bug
[07/02/2010 15:29:08] /m exp bug
[07/02/2010 15:29:08] /m exp bug
[07/02/2010 15:29:08] /m exp bug
[07/02/2010 15:29:09] /m exp bug
[07/02/2010 15:29:09] /m exp bug
[07/02/2010 15:29:09] /m exp bug
[07/02/2010 15:29:10] /m exp bug
[07/02/2010 15:29:10] /m exp bug
[07/02/2010 15:29:11] /m exp bug
[07/02/2010 15:29:11] /m exp bug
[07/02/2010 15:29:12] /m exp bug
[07/02/2010 15:30:40] /goto ojani
[07/02/2010 15:31:01] /up
[07/02/2010 15:31:03] /up
[07/02/2010 15:31:15] /i magic longsword, 1
[07/02/2010 15:31:41] /c ojani
[07/02/2010 15:31:45] /a 2
[07/02/2010 15:31:47] /a 1
[07/02/2010 15:32:02] /a 3
[07/02/2010 15:32:15] /m orshabaal
[07/02/2010 15:32:18] /r
[07/02/2010 15:32:51] /m ghazbaran
[07/02/2010 15:33:21] /m 9597, 1
[07/02/2010 15:33:29] /i 9597, 1
[07/02/2010 15:33:32] /r
[07/02/2010 15:33:32] /r
[07/02/2010 15:33:32] /r
[07/02/2010 15:33:33] /r
[07/02/2010 15:33:33] /r
[07/02/2010 15:33:33] /r
[07/02/2010 15:33:33] /r
[07/02/2010 15:33:33] /r
[07/02/2010 15:33:33] /r
[07/02/2010 15:33:33] /r
[07/02/2010 15:33:33] /r
[07/02/2010 15:33:33] /r
[07/02/2010 15:33:33] /r
[07/02/2010 15:33:33] /r
[07/02/2010 15:33:33] /r
[07/02/2010 15:33:33] /r
[07/02/2010 15:33:33] /r
[07/02/2010 15:33:33] /r
[07/02/2010 15:33:33] /r
[07/02/2010 15:33:33] /r
[07/02/2010 15:33:33] /r
[07/02/2010 15:33:33] /r
[07/02/2010 15:33:34] /r
[07/02/2010 15:33:35] /r
[07/02/2010 15:33:35] /r
[07/02/2010 15:33:35] /r
[07/02/2010 15:33:35] /r
[07/02/2010 15:33:35] /r
[07/02/2010 15:33:35] /r
[07/02/2010 15:33:35] /r
[07/02/2010 15:33:35] /r
[07/02/2010 15:33:35] /r
[07/02/2010 15:33:36] /r
[07/02/2010 15:33:36] /r
[07/02/2010 15:33:36] /r
[07/02/2010 15:33:36] /r
[07/02/2010 15:33:36] /r
[07/02/2010 15:33:37] /r
[07/02/2010 15:33:37] /r
[07/02/2010 15:33:37] /r
[07/02/2010 15:33:37] /r
[07/02/2010 15:33:38] /r
[07/02/2010 15:33:38] /r
[07/02/2010 15:33:38] /r
[07/02/2010 15:33:38] /r
[07/02/2010 15:33:38] /r
[07/02/2010 15:33:39] /r
[07/02/2010 15:33:39] /r
[07/02/2010 15:33:39] /r
[07/02/2010 15:33:39] /r
[07/02/2010 15:33:40] /r
[07/02/2010 15:33:40] /r
[07/02/2010 15:33:40] /r
[07/02/2010 15:33:40] /r
[07/02/2010 15:33:40] /r
[07/02/2010 15:33:42] /r
[07/02/2010 15:33:42] /r
[07/02/2010 15:33:42] /r
[07/02/2010 15:33:45] /goto ojani
[07/02/2010 15:33:51] /r
[07/02/2010 15:33:51] /r
[07/02/2010 15:33:54] /r
[07/02/2010 15:33:54] /r
[07/02/2010 15:33:54] /r
[07/02/2010 15:33:56] /r
[07/02/2010 15:33:56] /r
[07/02/2010 15:33:57] /r
[07/02/2010 15:33:57] /r
[07/02/2010 15:33:57] /r
[07/02/2010 15:33:57] /r
[07/02/2010 15:33:58] /r
[07/02/2010 15:33:58] /r
[07/02/2010 15:33:58] /r
[07/02/2010 15:33:58] /r
[07/02/2010 15:33:58] /r
[07/02/2010 15:33:59] /r
[07/02/2010 15:33:59] /r
[07/02/2010 15:33:59] /r
[07/02/2010 15:33:59] /r
[07/02/2010 15:33:59] /r
[07/02/2010 15:33:59] /r
[07/02/2010 15:34:00] /r
[07/02/2010 15:34:00] /r
[07/02/2010 15:34:00] /r
[07/02/2010 15:34:00] /r
[07/02/2010 15:34:01] /r
[07/02/2010 15:34:01] /r
[07/02/2010 15:34:01] /r
[07/02/2010 15:34:01] /r
[07/02/2010 15:35:36] /goto ghazbaran
[07/02/2010 15:35:40] /goto ferumbras
[07/02/2010 15:35:49] /a 3
[07/02/2010 15:36:19] /goto ferumbras
[07/02/2010 15:36:26] /goto ferumbras
[07/02/2010 15:36:27] /goto ferumbras
[07/02/2010 15:36:27] /goto ferumbras
[07/02/2010 15:36:28] /goto ferumbras
[07/02/2010 15:36:28] /goto ferumbras
[07/02/2010 15:36:29] /goto ferumbras
[07/02/2010 15:36:29] /goto ferumbras
[07/02/2010 15:36:31] /t
[07/02/2010 15:36:52] /attr group "6
[07/02/2010 15:38:11] /r
[07/02/2010 15:38:11] /r
[07/02/2010 15:38:11] /r
[07/02/2010 15:38:12] /r
[07/02/2010 15:38:14] /r
[07/02/2010 15:38:15] /a 3
[07/02/2010 15:38:17] /a 3
[07/02/2010 15:38:19] /a 3
[07/02/2010 15:38:59] /goto god comedinha
[07/02/2010 15:39:04] /goto god ojani
[07/02/2010 15:39:15] /goto iago
[07/02/2010 15:39:17] /goto iago
[07/02/2010 15:39:17] /goto iago
[07/02/2010 15:39:19] /a 5
[07/02/2010 15:39:25] /a 2
[07/02/2010 15:39:28] /ghost
[07/02/2010 15:39:32] /a 4
[07/02/2010 15:39:33] /a 4
[07/02/2010 15:39:34] /a 4
[07/02/2010 15:39:35] /a 4
[07/02/2010 15:39:36] /a 4
[07/02/2010 15:39:37] /a 4
[07/02/2010 15:39:37] /a 4
[07/02/2010 15:39:37] /a 4
[07/02/2010 15:40:06] /goto ferumbras
[07/02/2010 15:40:09] /attr group "6
[07/02/2010 15:40:15] /attr group "6
[07/02/2010 15:40:15] /attr group "6
[07/02/2010 15:40:16] /attr group "6
[07/02/2010 15:40:16] /attr group "6
[07/02/2010 15:40:17] /attr group "6
[07/02/2010 15:40:26] /a 3
[07/02/2010 15:40:48] /goto god comedinha
[07/02/2010 15:41:50] /attr group "0
[07/02/2010 15:42:05] /attr group "0
[07/02/2010 15:42:09] /attr group "0
[07/02/2010 15:42:09] /attr group "0
[07/02/2010 15:42:10] /attr group "0
[07/02/2010 15:42:10] /attr group "0
[07/02/2010 15:42:10] /attr group "0
[07/02/2010 15:42:10] /attr group "0
[07/02/2010 15:42:10] /attr group "0
[07/02/2010 15:42:11] /attr group "0
[07/02/2010 15:42:11] /attr group "0
[07/02/2010 15:42:11] /attr group "0
[07/02/2010 15:42:11] /attr group "0
[07/02/2010 15:42:11] /attr group "0
[07/02/2010 15:42:12] /attr group "0
[07/02/2010 15:42:12] /attr group "0
[07/02/2010 15:42:12] /attr group "0
[07/02/2010 15:42:12] /attr group "0
[07/02/2010 15:42:12] /attr group "0
[07/02/2010 15:42:12] /attr group "0
[07/02/2010 15:42:12] /attr group "0
[07/02/2010 15:42:12] /attr group "0
[07/02/2010 15:42:12] /attr group "0
[07/02/2010 15:42:12] /attr group "0
[07/02/2010 15:42:12] /attr group "0
[07/02/2010 15:42:12] /attr group "0
[07/02/2010 15:42:13] /attr group "0
[07/02/2010 15:42:13] /attr group "0
[07/02/2010 15:42:13] /attr group "0
[07/02/2010 15:42:13] /attr group "0
[07/02/2010 15:42:13] /attr group "0
[07/02/2010 15:42:13] /attr group "0
[07/02/2010 15:42:13] /attr group "0
[07/02/2010 15:42:13] /attr group "0
[07/02/2010 15:42:13] /attr group "0
[07/02/2010 15:42:13] /attr group "0
[07/02/2010 15:42:13] /attr group "0
[07/02/2010 15:42:13] /attr group "0
[07/02/2010 15:42:13] /attr group "0
[07/02/2010 15:42:13] /attr group "0
[07/02/2010 15:42:13] /attr group "0
[07/02/2010 15:42:13] /attr group "0
[07/02/2010 15:42:13] /attr group "0
[07/02/2010 15:42:13] /attr group "0
[07/02/2010 15:42:13] /attr group "0
[07/02/2010 15:42:13] /attr group "0
[07/02/2010 15:42:13] /attr group "0
[07/02/2010 15:42:13] /attr group "0
[07/02/2010 15:42:13] /attr group "0
[07/02/2010 15:42:13] /attr group "0
[07/02/2010 15:42:13] /attr group "0
[07/02/2010 15:42:13] /attr group "0
[07/02/2010 15:42:13] /attr group "0
[07/02/2010 15:42:13] /attr group "0
[07/02/2010 15:42:14] /attr group "0
[07/02/2010 15:42:14] /attr group "0
[07/02/2010 15:42:14] /attr group "0
[07/02/2010 15:42:14] /attr group "0
[07/02/2010 15:42:14] /attr group "0
[07/02/2010 15:42:14] /attr group "0
[07/02/2010 15:42:14] /attr group "0
[07/02/2010 15:42:15] /attr group "0
[07/02/2010 15:42:15] /attr group "0
[07/02/2010 15:42:15] /attr group "0
[07/02/2010 15:42:15] /attr group "0
[07/02/2010 15:42:15] /attr group "0
[07/02/2010 15:42:15] /attr group "0
[07/02/2010 15:42:16] /attr group "0
[07/02/2010 15:42:16] /attr group "0
[07/02/2010 15:42:16] /attr group "0
[07/02/2010 15:42:16] /attr group "0
[07/02/2010 15:42:17] /attr group "0
[07/02/2010 15:42:17] /attr group "0
[07/02/2010 15:42:17] /attr group "0
[07/02/2010 15:42:17] /attr group "0
[07/02/2010 15:42:17] /attr group "0
[07/02/2010 15:42:18] /attr group "0
[07/02/2010 15:42:18] /attr group "0
[07/02/2010 15:42:24] /goto god comedinha
[07/02/2010 15:42:26] /goto god comedinha
[07/02/2010 15:42:28] /goto god comedinha
[07/02/2010 15:42:28] /attr group "0
[07/02/2010 15:42:28] /attr group "0
[07/02/2010 15:42:29] /attr group "0
[07/02/2010 15:42:29] /attr group "0
[07/02/2010 15:42:29] /attr group "0
[07/02/2010 15:42:29] /attr group "0
[07/02/2010 15:42:29] /attr group "0
[07/02/2010 15:42:29] /attr group "0
[07/02/2010 15:42:33] /goto god comedinha
[07/02/2010 15:42:34] /goto god comedinha
[07/02/2010 15:42:34] /goto god comedinha
[07/02/2010 15:42:35] /goto god comedinha
[07/02/2010 15:42:35] /attr group "0
[07/02/2010 15:42:35] /attr group "0
[07/02/2010 15:42:35] /attr group "0
[07/02/2010 15:42:36] /attr group "0
[07/02/2010 15:42:36] /attr group "0
[07/02/2010 15:42:37] /goto god comedinha
[07/02/2010 15:42:37] /goto god comedinha
[07/02/2010 15:42:38] /attr group "0
[07/02/2010 15:42:38] /attr group "0
[07/02/2010 15:42:39] /goto god comedinha
[07/02/2010 15:42:40] /goto god comedinha
[07/02/2010 15:42:40] /attr group "0
[07/02/2010 15:42:41] /attr group "0
[07/02/2010 15:42:41] /attr group "0
[07/02/2010 15:42:43] /attr group "0
[07/02/2010 15:42:43] /attr group "0
[07/02/2010 15:42:44] /attr group "0
[07/02/2010 15:42:53] /goto ushuriel
[07/02/2010 15:42:54] /attr group "0
[07/02/2010 15:44:31] /i demon helmet, 1
[07/02/2010 15:44:45] /i demon armor, 1
[07/02/2010 15:44:55] /i demon legs ,1
[07/02/2010 15:45:47] /m orshabaal
[07/02/2010 15:45:48] /m orshabaal
[07/02/2010 15:45:49] /m orshabaal
[07/02/2010 15:45:49] /m orshabaal
[07/02/2010 15:45:50] /m orshabaal
[07/02/2010 15:45:50] /m orshabaal
[07/02/2010 15:45:51] /m orshabaal
[07/02/2010 15:45:51] /m orshabaal
[07/02/2010 15:45:52] /m orshabaal
[07/02/2010 15:45:52] /m orshabaal
[07/02/2010 15:45:54] /t
[07/02/2010 15:46:06] /goto ojani
[07/02/2010 15:46:59] /attr group "0
[07/02/2010 15:47:00] /attr group "0
[07/02/2010 15:47:15] /attr group "6
[07/02/2010 15:47:57] /goto ojani
[07/02/2010 15:48:35] /a 3
[07/02/2010 15:48:35] /a 3
[07/02/2010 15:48:36] /a 3
[07/02/2010 15:48:36] /a 3
[07/02/2010 15:48:37] /a 3
[07/02/2010 15:48:37] /a 3
[07/02/2010 15:48:42] /goto god alissow
[07/02/2010 15:48:44] /goto god alissow
[07/02/2010 15:48:52] /goto ojani
[07/02/2010 15:48:58] /attr group "0
[07/02/2010 15:49:17] /goto ojani
[07/02/2010 15:49:26] /a 3
[07/02/2010 15:49:41] /attr group "0
[07/02/2010 15:49:50] /attr group "0
[07/02/2010 15:49:53] /attr group "6
[07/02/2010 15:50:18] /up
[07/02/2010 15:50:19] /up
[07/02/2010 15:50:20] /up
[07/02/2010 15:50:21] /up
[07/02/2010 15:50:21] /up
[07/02/2010 15:50:22] /up
[07/02/2010 15:50:23] /attr group "0
[07/02/2010 15:50:24] /attr group "0
[07/02/2010 15:50:24] /attr group "0
[07/02/2010 15:50:24] /attr group "0
[07/02/2010 15:50:24] /attr group "0
[07/02/2010 15:50:25] /attr group "0
[07/02/2010 15:50:25] /attr group "0
[07/02/2010 15:50:25] /attr group "0
[07/02/2010 15:50:25] /attr group "0
[07/02/2010 15:50:26] /attr group "0
[07/02/2010 15:50:26] /attr group "0
[07/02/2010 15:50:26] /attr group "0
