[15/06/2012 21:23:27] /goto mantel
[15/06/2012 21:23:31] /goto mantel
[15/06/2012 21:23:36] /goto martel
[15/06/2012 21:23:38] /goto martel
[15/06/2012 21:23:39] /goto martel
[15/06/2012 21:23:40] /goto martel
[15/06/2012 21:23:41] /goto martel
[15/06/2012 21:23:43] /goto martel
[15/06/2012 21:23:44] /goto martel
[15/06/2012 21:23:46] /goto martel
[15/06/2012 21:23:47] /goto martel
[15/06/2012 21:23:48] /goto martel
[15/06/2012 21:23:49] /goto martel
[15/06/2012 21:23:51] /goto martel
[15/06/2012 21:23:53] /goto martel
[15/06/2012 21:23:56] /c martel
[15/06/2012 21:23:58] /goto martel
[15/06/2012 21:24:05] /goto martel
[15/06/2012 21:24:07] /goto martel
[15/06/2012 21:24:07] /goto martel
[15/06/2012 21:24:09] /goto martel
[15/06/2012 21:24:10] /goto martel
[15/06/2012 21:24:11] /goto martel
[15/06/2012 21:24:12] /goto martel
[15/06/2012 21:24:13] /goto martel
[15/06/2012 21:24:15] /goto martel
[15/06/2012 21:24:16] /goto martel
[15/06/2012 21:24:18] /goto martel
[15/06/2012 21:24:19] /goto martel
[15/06/2012 21:24:20] /goto martel
[15/06/2012 21:24:21] /goto martel
[15/06/2012 21:24:23] /goto martel
[15/06/2012 21:24:25] /goto martel
[15/06/2012 21:24:26] /goto martel
[15/06/2012 21:24:27] /goto martel
[15/06/2012 21:24:32] /goto martel
[15/06/2012 21:24:46] /a 10
[15/06/2012 21:24:48] /a 10
[15/06/2012 21:24:50] /a 10
[15/06/2012 21:24:51] /a 10
[15/06/2012 21:24:55] /a 5
[15/06/2012 21:24:57] /a 5
[15/06/2012 21:24:58] /a 5
[15/06/2012 21:24:59] /a 5
[15/06/2012 21:25:22] /a 5
[15/06/2012 21:25:23] /a 5
[15/06/2012 21:25:26] /a 5
[15/06/2012 21:25:27] /a 5
[15/06/2012 21:26:02] /a 1
[15/06/2012 21:26:03] /a 1
[15/06/2012 21:26:05] /a 1
[15/06/2012 21:26:07] /a 1
[15/06/2012 21:26:09] /a 1
[15/06/2012 21:26:10] /a 1
[15/06/2012 21:26:12] /a 1
[15/06/2012 21:26:14] /a 1
[15/06/2012 21:26:15] /a 1
[15/06/2012 21:26:20] /a 1
[15/06/2012 21:26:22] /a 1
[15/06/2012 21:26:25] /a 1
[15/06/2012 21:26:27] /a 1
[15/06/2012 21:26:35] /a 1
[15/06/2012 21:26:38] /a 10
[15/06/2012 21:27:06] /t
[15/06/2012 21:27:56] /kick martel
[15/06/2012 21:28:06] /c zekra
[15/06/2012 21:28:07] /c zekra
[15/06/2012 21:28:11] /kick zekra
[15/06/2012 21:30:10] /b hola
[15/06/2012 21:30:19] /b hasme good perro
[15/06/2012 21:30:30] /b hasme GOD perro!
[15/06/2012 21:30:42] /b y te regalo a mi hermana
[15/06/2012 21:30:59] /b andale
[15/06/2012 21:31:53] /goto martel
[15/06/2012 21:31:57] /up
[15/06/2012 21:31:59] /up
[15/06/2012 21:32:01] /up
[15/06/2012 21:32:02] /up
[15/06/2012 21:32:15] /up
[15/06/2012 21:32:20] /up
[15/06/2012 21:32:53] /a 5
[15/06/2012 21:32:54] /a 5
[15/06/2012 21:32:56] /a 5
[15/06/2012 21:33:10] /goto martel
[15/06/2012 21:33:12] /goto martel
[15/06/2012 21:33:14] /goto martel
[15/06/2012 21:33:16] /goto martel
[15/06/2012 21:33:18] /goto martel
[15/06/2012 21:33:23] /goto martel
[15/06/2012 21:33:29] /goto martel
[15/06/2012 21:33:30] /goto martel
[15/06/2012 21:33:31] /goto martel
[15/06/2012 21:33:33] /goto martel
[15/06/2012 21:33:34] /goto martel
[15/06/2012 21:33:35] /goto martel
[15/06/2012 21:33:36] /goto martel
[15/06/2012 21:33:37] /goto martel
[15/06/2012 21:33:39] /goto martel
[15/06/2012 21:33:40] /goto martel
[15/06/2012 21:33:41] /goto martel
[15/06/2012 21:33:41] /goto martel
[15/06/2012 21:33:42] /goto martel
[15/06/2012 21:33:43] /goto martel
[15/06/2012 21:33:44] /goto martel
[15/06/2012 21:33:44] /goto martel
[15/06/2012 21:34:13] /ghost
[15/06/2012 21:34:22] /ghost
[15/06/2012 21:34:42] /b asme gooodddddddddddddddddddddddddddddddddddddddddddddddddddddddddddddddddd
[15/06/2012 21:34:51] /down
[15/06/2012 21:34:55] /up
[15/06/2012 21:35:01] /down
[15/06/2012 21:37:34] /c martel
[15/06/2012 21:37:35] /c martel
[15/06/2012 21:37:35] /c martel
[15/06/2012 21:37:36] /c martel
[15/06/2012 21:37:36] /c martel
[15/06/2012 21:37:37] /c martel
[15/06/2012 21:37:37] /c martel
[15/06/2012 21:37:37] /c martel
[15/06/2012 21:37:38] /c martel
[15/06/2012 21:37:38] /c martel
[15/06/2012 21:37:39] /c martel
[15/06/2012 21:37:39] /c martel
[15/06/2012 21:37:39] /c martel
[15/06/2012 21:37:40] /c martel
[15/06/2012 21:37:40] /c martel
[15/06/2012 21:37:40] /c martel
[15/06/2012 21:37:41] /c martel
[15/06/2012 21:37:41] /c martel
[15/06/2012 21:37:42] /c martel
[15/06/2012 21:37:42] /c martel
[15/06/2012 21:37:42] /c martel
[15/06/2012 21:37:43] /c martel
[15/06/2012 21:37:44] /c martel
[15/06/2012 21:37:44] /c martel
[15/06/2012 21:38:10] /c martel
[15/06/2012 21:38:11] /c martel
[15/06/2012 21:38:11] /c martel
[15/06/2012 21:38:12] /c martel
[15/06/2012 21:38:12] /c martel
[15/06/2012 21:38:13] /c martel
[15/06/2012 21:38:13] /c martel
[15/06/2012 21:38:13] /c martel
[15/06/2012 21:38:14] /c martel
[15/06/2012 21:38:14] /c martel
[15/06/2012 21:38:15] /c martel
[15/06/2012 21:38:16] /c martel
[15/06/2012 21:38:16] /c martel
[15/06/2012 21:40:27] /t
[15/06/2012 21:40:39] /b asme good
[15/06/2012 21:40:44] /t
[15/06/2012 21:40:45] /t
[15/06/2012 21:40:46] /t
[15/06/2012 21:40:47] /t
[15/06/2012 21:40:49] /t
[15/06/2012 21:40:50] /t
[15/06/2012 21:40:52] /t
[15/06/2012 21:40:53] /t
[15/06/2012 21:40:53] /t
[15/06/2012 21:40:54] /t
[15/06/2012 21:40:55] /t
[15/06/2012 21:40:55] /t
[15/06/2012 21:40:56] /t
[15/06/2012 21:40:56] /t
[15/06/2012 21:40:57] /t
[15/06/2012 21:40:58] /t
[15/06/2012 21:40:59] /t
[15/06/2012 21:41:01] /t
[15/06/2012 21:41:02] /t
[15/06/2012 21:41:02] /t
[15/06/2012 21:41:03] /t
[15/06/2012 21:41:06] /b asme good
[15/06/2012 21:41:13] /goto ghazbaran
[15/06/2012 21:41:24] /c martel
[15/06/2012 21:41:27] /c martel
[15/06/2012 21:41:57] /goto morgaroth
[15/06/2012 21:42:01] /goto morgaroth
[15/06/2012 21:42:03] /goto morgaroth
[15/06/2012 21:42:10] /t
[15/06/2012 21:44:32] /b asme god
[15/06/2012 21:44:40] /b mañana trabajo
[15/06/2012 21:44:44] /b anada
[15/06/2012 21:44:54] /t
[15/06/2012 21:44:55] /t
[15/06/2012 21:44:55] /t
[15/06/2012 21:44:56] /t
[15/06/2012 21:44:57] /t
[15/06/2012 21:45:53] /t
[15/06/2012 21:46:20] /c martel
[15/06/2012 21:46:22] /c martel
[15/06/2012 21:46:22] /c martel
[15/06/2012 21:46:22] /c martel
[15/06/2012 21:46:23] /c martel
[15/06/2012 21:46:23] /c martel
[15/06/2012 21:46:24] /c martel
[15/06/2012 21:46:24] /c martel
[15/06/2012 21:46:24] /c martel
[15/06/2012 21:46:25] /c martel
[15/06/2012 21:46:26] /c martel
[15/06/2012 21:46:26] /c martel
[15/06/2012 21:46:27] /c martel
[15/06/2012 21:46:27] /c martel
[15/06/2012 21:46:28] /c martel
[15/06/2012 21:46:28] /c martel
[15/06/2012 21:46:28] /c martel
[15/06/2012 21:46:52] /c martel
[15/06/2012 21:46:53] /c martel
[15/06/2012 21:46:53] /c martel
[15/06/2012 21:46:53] /c martel
[15/06/2012 21:46:53] /c martel
[15/06/2012 21:46:53] /c martel
[15/06/2012 21:46:53] /c martel
[15/06/2012 21:46:53] /c martel
[15/06/2012 21:46:53] /c martel
[15/06/2012 21:46:53] /c martel
[15/06/2012 21:46:53] /c martel
[15/06/2012 21:46:53] /c martel
[15/06/2012 21:46:53] /c martel
[15/06/2012 21:46:53] /c martel
[15/06/2012 21:46:53] /c martel
[15/06/2012 21:46:53] /c martel
[15/06/2012 21:46:53] /c martel
[15/06/2012 21:46:53] /c martel
[15/06/2012 21:46:53] /c martel
[15/06/2012 21:46:53] /c martel
[15/06/2012 21:46:53] /c martel
[15/06/2012 21:46:53] /c martel
[15/06/2012 21:46:53] /c martel
[15/06/2012 21:46:53] /c martel
[15/06/2012 21:46:54] /c martel
[15/06/2012 21:46:54] /c martel
[15/06/2012 21:46:54] /c martel
[15/06/2012 21:46:54] /c martel
[15/06/2012 21:46:54] /c martel
[15/06/2012 21:46:54] /c martel
[15/06/2012 21:46:54] /c martel
[15/06/2012 21:46:54] /c martel
[15/06/2012 21:46:54] /c martel
[15/06/2012 21:46:54] /c martel
[15/06/2012 21:46:54] /c martel
[15/06/2012 21:46:54] /c martel
[15/06/2012 21:46:54] /c martel
[15/06/2012 21:46:54] /c martel
[15/06/2012 21:46:54] /c martel
[15/06/2012 21:46:54] /c martel
[15/06/2012 21:46:54] /c martel
[15/06/2012 21:46:54] /c martel
[15/06/2012 21:46:54] /c martel
[15/06/2012 21:46:54] /c martel
[15/06/2012 21:46:54] /c martel
[15/06/2012 21:46:54] /c martel
[15/06/2012 21:46:54] /c martel
[15/06/2012 21:46:54] /c martel
[15/06/2012 21:46:54] /c martel
[15/06/2012 21:46:54] /c martel
[15/06/2012 21:46:54] /c martel
[15/06/2012 21:46:54] /c martel
[15/06/2012 21:46:54] /c martel
[15/06/2012 21:46:54] /c martel
[15/06/2012 21:46:54] /c martel
[15/06/2012 21:46:55] /c martel
[15/06/2012 21:46:55] /c martel
[15/06/2012 21:46:55] /c martel
[15/06/2012 21:46:55] /c martel
[15/06/2012 21:46:55] /c martel
[15/06/2012 21:46:55] /c martel
[15/06/2012 21:46:55] /c martel
[15/06/2012 21:46:55] /c martel
[15/06/2012 21:46:55] /c martel
[15/06/2012 21:46:55] /c martel
[15/06/2012 21:46:55] /c martel
[15/06/2012 21:46:55] /c martel
[15/06/2012 21:46:55] /c martel
[15/06/2012 21:46:55] /c martel
[15/06/2012 21:46:55] /c martel
[15/06/2012 21:46:55] /c martel
[15/06/2012 21:46:55] /c martel
[15/06/2012 21:46:55] /c martel
[15/06/2012 21:46:55] /c martel
[15/06/2012 21:46:55] /c martel
[15/06/2012 21:46:55] /c martel
[15/06/2012 21:46:55] /c martel
[15/06/2012 21:46:55] /c martel
[15/06/2012 21:46:55] /c martel
[15/06/2012 21:46:55] /c martel
[15/06/2012 21:46:55] /c martel
[15/06/2012 21:46:55] /c martel
[15/06/2012 21:46:55] /c martel
[15/06/2012 21:46:55] /c martel
[15/06/2012 21:46:55] /c martel
[15/06/2012 21:46:55] /c martel
[15/06/2012 21:46:55] /c martel
[15/06/2012 21:46:55] /c martel
[15/06/2012 21:46:56] /c martel
[15/06/2012 21:46:56] /c martel
[15/06/2012 21:46:56] /c martel
[15/06/2012 21:46:56] /c martel
[15/06/2012 21:46:56] /c martel
[15/06/2012 21:46:56] /c martel
[15/06/2012 21:46:56] /c martel
[15/06/2012 21:46:56] /c martel
[15/06/2012 21:46:56] /c martel
[15/06/2012 21:46:56] /c martel
[15/06/2012 21:46:56] /c martel
[15/06/2012 21:46:56] /c martel
[15/06/2012 21:46:56] /c martel
[15/06/2012 21:46:56] /c martel
[15/06/2012 21:46:56] /c martel
[15/06/2012 21:46:56] /c martel
[15/06/2012 21:46:56] /c martel
[15/06/2012 21:46:56] /c martel
[15/06/2012 21:46:56] /c martel
[15/06/2012 21:46:56] /c martel
[15/06/2012 21:46:56] /c martel
[15/06/2012 21:46:56] /c martel
[15/06/2012 21:46:56] /c martel
[15/06/2012 21:46:56] /c martel
[15/06/2012 21:46:56] /c martel
[15/06/2012 21:46:56] /c martel
[15/06/2012 21:46:56] /c martel
[15/06/2012 21:46:57] /c martel
[15/06/2012 21:46:57] /c martel
[15/06/2012 21:46:57] /c martel
[15/06/2012 21:46:57] /c martel
[15/06/2012 21:46:57] /c martel
[15/06/2012 21:46:57] /c martel
[15/06/2012 21:46:57] /c martel
[15/06/2012 21:46:57] /c martel
[15/06/2012 21:46:57] /c martel
[15/06/2012 21:46:57] /c martel
[15/06/2012 21:46:57] /c martel
[15/06/2012 21:46:57] /c martel
[15/06/2012 21:46:57] /c martel
[15/06/2012 21:46:57] /c martel
[15/06/2012 21:46:57] /c martel
[15/06/2012 21:46:57] /c martel
[15/06/2012 21:46:57] /c martel
[15/06/2012 21:46:57] /c martel
[15/06/2012 21:46:57] /c martel
[15/06/2012 21:46:57] /c martel
[15/06/2012 21:46:57] /c martel
[15/06/2012 21:46:57] /c martel
[15/06/2012 21:47:24] /c martel
[15/06/2012 21:47:24] /c martel
[15/06/2012 21:47:24] /c martel
[15/06/2012 21:47:24] /c martel
[15/06/2012 21:47:24] /c martel
[15/06/2012 21:47:24] /c martel
[15/06/2012 21:47:24] /c martel
[15/06/2012 21:47:24] /c martel
[15/06/2012 21:47:24] /c martel
[15/06/2012 21:47:25] /c martel
[15/06/2012 21:47:25] /c martel
[15/06/2012 21:47:25] /c martel
[15/06/2012 21:47:25] /c martel
[15/06/2012 21:47:25] /c martel
[15/06/2012 21:47:25] /c martel
[15/06/2012 21:47:25] /c martel
[15/06/2012 21:47:25] /c martel
[15/06/2012 21:47:25] /c martel
[15/06/2012 21:47:25] /c martel
[15/06/2012 21:47:25] /c martel
[15/06/2012 21:47:25] /c martel
[15/06/2012 21:47:25] /c martel
[15/06/2012 21:47:25] /c martel
[15/06/2012 21:47:25] /c martel
[15/06/2012 21:47:25] /c martel
[15/06/2012 21:47:25] /c martel
[15/06/2012 21:47:25] /c martel
[15/06/2012 21:47:25] /c martel
[15/06/2012 21:47:25] /c martel
[15/06/2012 21:47:25] /c martel
[15/06/2012 21:47:25] /c martel
[15/06/2012 21:47:25] /c martel
[15/06/2012 21:47:25] /c martel
[15/06/2012 21:47:25] /c martel
[15/06/2012 21:47:25] /c martel
[15/06/2012 21:47:25] /c martel
[15/06/2012 21:47:25] /c martel
[15/06/2012 21:47:25] /c martel
[15/06/2012 21:47:25] /c martel
[15/06/2012 21:47:26] /c martel
[15/06/2012 21:47:26] /c martel
[15/06/2012 21:47:26] /c martel
[15/06/2012 21:47:26] /c martel
[15/06/2012 21:47:26] /c martel
[15/06/2012 21:47:26] /c martel
[15/06/2012 21:47:26] /c martel
[15/06/2012 21:47:26] /c martel
[15/06/2012 21:47:26] /c martel
[15/06/2012 21:47:26] /c martel
[15/06/2012 21:47:26] /c martel
[15/06/2012 21:47:26] /c martel
[15/06/2012 21:47:26] /c martel
[15/06/2012 21:47:26] /c martel
[15/06/2012 21:47:26] /c martel
[15/06/2012 21:47:26] /c martel
[15/06/2012 21:47:26] /c martel
[15/06/2012 21:47:26] /c martel
[15/06/2012 21:47:26] /c martel
[15/06/2012 21:47:26] /c martel
[15/06/2012 21:47:26] /c martel
[15/06/2012 21:47:26] /c martel
[15/06/2012 21:47:26] /c martel
[15/06/2012 21:47:26] /c martel
[15/06/2012 21:47:26] /c martel
[15/06/2012 21:47:26] /c martel
[15/06/2012 21:47:26] /c martel
[15/06/2012 21:47:26] /c martel
[15/06/2012 21:47:26] /c martel
[15/06/2012 21:47:26] /c martel
[15/06/2012 21:47:26] /c martel
[15/06/2012 21:47:26] /c martel
[15/06/2012 21:47:26] /c martel
[15/06/2012 21:47:27] /c martel
[15/06/2012 21:47:27] /c martel
[15/06/2012 21:47:27] /c martel
[15/06/2012 21:47:27] /c martel
[15/06/2012 21:47:27] /c martel
[15/06/2012 21:47:27] /c martel
[15/06/2012 21:47:27] /c martel
[15/06/2012 21:47:27] /c martel
[15/06/2012 21:47:27] /c martel
[15/06/2012 21:47:27] /c martel
[15/06/2012 21:47:27] /c martel
[15/06/2012 21:47:27] /c martel
[15/06/2012 21:47:27] /c martel
[15/06/2012 21:47:27] /c martel
[15/06/2012 21:47:27] /c martel
[15/06/2012 21:47:27] /c martel
[15/06/2012 21:47:27] /c martel
[15/06/2012 21:47:27] /c martel
[15/06/2012 21:47:27] /c martel
[15/06/2012 21:47:27] /c martel
[15/06/2012 21:47:27] /c martel
[15/06/2012 21:47:27] /c martel
[15/06/2012 21:47:27] /c martel
[15/06/2012 21:47:27] /c martel
[15/06/2012 21:47:27] /c martel
[15/06/2012 21:47:27] /c martel
[15/06/2012 21:47:27] /c martel
[15/06/2012 21:47:27] /c martel
[15/06/2012 21:47:27] /c martel
[15/06/2012 21:47:28] /c martel
[15/06/2012 21:47:28] /c martel
[15/06/2012 21:47:28] /c martel
[15/06/2012 21:47:28] /c martel
[15/06/2012 21:47:28] /c martel
[15/06/2012 21:47:28] /c martel
[15/06/2012 21:47:28] /c martel
[15/06/2012 21:47:28] /c martel
[15/06/2012 21:47:28] /c martel
[15/06/2012 21:47:28] /c martel
[15/06/2012 21:47:28] /c martel
[15/06/2012 21:47:28] /c martel
[15/06/2012 21:47:28] /c martel
[15/06/2012 21:47:28] /c martel
[15/06/2012 21:47:28] /c martel
[15/06/2012 21:47:28] /c martel
[15/06/2012 21:47:28] /c martel
[15/06/2012 21:47:28] /c martel
[15/06/2012 21:47:28] /c martel
[15/06/2012 21:47:28] /c martel
[15/06/2012 21:47:28] /c martel
[15/06/2012 21:47:28] /c martel
[15/06/2012 21:47:28] /c martel
[15/06/2012 21:47:28] /c martel
[15/06/2012 21:47:28] /c martel
[15/06/2012 21:47:28] /c martel
[15/06/2012 21:47:28] /c martel
[15/06/2012 21:47:28] /c martel
[15/06/2012 21:47:28] /c martel
[15/06/2012 21:47:28] /c martel
[15/06/2012 21:47:28] /c martel
[15/06/2012 21:47:29] /c martel
[15/06/2012 21:47:29] /c martel
[15/06/2012 21:47:29] /c martel
[15/06/2012 21:47:29] /c martel
[15/06/2012 21:47:29] /c martel
[15/06/2012 21:47:29] /c martel
[15/06/2012 21:47:29] /c martel
[15/06/2012 21:47:29] /c martel
[15/06/2012 21:47:29] /c martel
[15/06/2012 21:47:29] /c martel
[15/06/2012 21:47:29] /c martel
[15/06/2012 21:47:29] /c martel
[15/06/2012 21:47:29] /c martel
[15/06/2012 21:47:29] /c martel
[15/06/2012 21:47:29] /c martel
[15/06/2012 21:47:29] /c martel
[15/06/2012 21:47:29] /c martel
[15/06/2012 21:47:29] /c martel
[15/06/2012 21:47:29] /c martel
[15/06/2012 21:47:29] /c martel
[15/06/2012 21:47:29] /c martel
[15/06/2012 21:47:29] /c martel
[15/06/2012 21:47:29] /c martel
[15/06/2012 21:47:29] /c martel
[15/06/2012 21:47:29] /c martel
[15/06/2012 21:47:29] /c martel
[15/06/2012 21:47:29] /c martel
[15/06/2012 21:47:29] /c martel
[15/06/2012 21:47:29] /c martel
[15/06/2012 21:47:29] /c martel
[15/06/2012 21:47:30] /c martel
[15/06/2012 21:47:30] /c martel
[15/06/2012 21:47:30] /c martel
[15/06/2012 21:47:30] /c martel
[15/06/2012 21:47:30] /c martel
[15/06/2012 21:47:30] /c martel
[15/06/2012 21:47:30] /c martel
[15/06/2012 21:47:30] /c martel
[15/06/2012 21:47:30] /c martel
[15/06/2012 21:47:30] /c martel
[15/06/2012 21:47:30] /c martel
[15/06/2012 21:47:30] /c martel
[15/06/2012 21:47:30] /c martel
[15/06/2012 21:47:30] /c martel
[15/06/2012 21:47:30] /c martel
[15/06/2012 21:47:30] /c martel
[15/06/2012 21:47:30] /c martel
[15/06/2012 21:47:30] /c martel
[15/06/2012 21:47:30] /c martel
[15/06/2012 21:47:30] /c martel
[15/06/2012 21:47:30] /c martel
[15/06/2012 21:47:30] /c martel
[15/06/2012 21:47:30] /c martel
[15/06/2012 21:47:30] /c martel
[15/06/2012 21:47:30] /c martel
[15/06/2012 21:47:30] /c martel
[15/06/2012 21:47:30] /c martel
[15/06/2012 21:47:30] /c martel
[15/06/2012 21:47:30] /c martel
[15/06/2012 21:47:30] /c martel
[15/06/2012 21:47:31] /c martel
[15/06/2012 21:47:31] /c martel
[15/06/2012 21:47:31] /c martel
[15/06/2012 21:47:31] /c martel
[15/06/2012 21:47:31] /c martel
[15/06/2012 21:47:31] /c martel
[15/06/2012 21:47:31] /c martel
[15/06/2012 21:47:31] /c martel
[15/06/2012 21:47:31] /c martel
[15/06/2012 21:47:31] /c martel
[15/06/2012 21:47:31] /c martel
[15/06/2012 21:47:31] /c martel
[15/06/2012 21:47:31] /c martel
[15/06/2012 21:47:31] /c martel
[15/06/2012 21:47:31] /c martel
[15/06/2012 21:47:31] /c martel
[15/06/2012 21:47:31] /c martel
[15/06/2012 21:47:31] /c martel
[15/06/2012 21:47:31] /c martel
[15/06/2012 21:47:31] /c martel
[15/06/2012 21:47:31] /c martel
[15/06/2012 21:47:31] /c martel
[15/06/2012 21:47:31] /c martel
[15/06/2012 21:47:31] /c martel
[15/06/2012 21:47:31] /c martel
[15/06/2012 21:47:31] /c martel
[15/06/2012 21:47:31] /c martel
[15/06/2012 21:47:31] /c martel
[15/06/2012 21:47:31] /c martel
[15/06/2012 21:47:31] /c martel
[15/06/2012 21:47:31] /c martel
[15/06/2012 21:47:31] /c martel
[15/06/2012 21:47:32] /c martel
[15/06/2012 21:47:32] /c martel
[15/06/2012 21:47:32] /c martel
[15/06/2012 21:47:32] /c martel
[15/06/2012 21:47:32] /c martel
[15/06/2012 21:47:32] /c martel
[15/06/2012 21:47:32] /c martel
[15/06/2012 21:47:32] /c martel
[15/06/2012 21:47:32] /c martel
[15/06/2012 21:47:32] /c martel
[15/06/2012 21:47:32] /c martel
[15/06/2012 21:47:32] /c martel
[15/06/2012 21:47:32] /c martel
[15/06/2012 21:47:32] /c martel
[15/06/2012 21:47:32] /c martel
[15/06/2012 21:47:32] /c martel
[15/06/2012 21:47:32] /c martel
[15/06/2012 21:47:32] /c martel
[15/06/2012 21:47:32] /c martel
[15/06/2012 21:47:32] /c martel
[15/06/2012 21:47:32] /c martel
[15/06/2012 21:47:32] /c martel
[15/06/2012 21:47:32] /c martel
[15/06/2012 21:47:32] /c martel
[15/06/2012 21:47:32] /c martel
[15/06/2012 21:47:32] /c martel
[15/06/2012 21:47:32] /c martel
[15/06/2012 21:47:32] /c martel
[15/06/2012 21:47:32] /c martel
[15/06/2012 21:47:33] /c martel
[15/06/2012 21:47:33] /c martel
[15/06/2012 21:47:33] /c martel
[15/06/2012 21:47:33] /c martel
[15/06/2012 21:47:33] /c martel
[15/06/2012 21:47:33] /c martel
[15/06/2012 21:47:33] /c martel
[15/06/2012 21:47:33] /c martel
[15/06/2012 21:47:33] /c martel
[15/06/2012 21:47:33] /c martel
[15/06/2012 21:47:33] /c martel
[15/06/2012 21:47:33] /c martel
[15/06/2012 21:47:33] /c martel
[15/06/2012 21:47:33] /c martel
[15/06/2012 21:47:33] /c martel
[15/06/2012 21:47:33] /c martel
[15/06/2012 21:47:33] /c martel
[15/06/2012 21:47:33] /c martel
[15/06/2012 21:47:33] /c martel
[15/06/2012 21:47:33] /c martel
[15/06/2012 21:47:33] /c martel
[15/06/2012 21:47:33] /c martel
[15/06/2012 21:47:33] /c martel
[15/06/2012 21:47:33] /c martel
[15/06/2012 21:47:33] /c martel
[15/06/2012 21:47:33] /c martel
[15/06/2012 21:47:33] /c martel
[15/06/2012 21:47:33] /c martel
[15/06/2012 21:47:33] /c martel
[15/06/2012 21:47:33] /c martel
[15/06/2012 21:47:33] /c martel
[15/06/2012 21:47:34] /c martel
[15/06/2012 21:47:34] /c martel
[15/06/2012 21:47:34] /c martel
[15/06/2012 21:47:34] /c martel
[15/06/2012 21:47:34] /c martel
[15/06/2012 21:47:34] /c martel
[15/06/2012 21:47:34] /c martel
[15/06/2012 21:47:34] /c martel
[15/06/2012 21:47:34] /c martel
[15/06/2012 21:47:34] /c martel
[15/06/2012 21:47:34] /c martel
[15/06/2012 21:47:34] /c martel
[15/06/2012 21:47:34] /c martel
[15/06/2012 21:47:34] /c martel
[15/06/2012 21:47:34] /c martel
[15/06/2012 21:47:34] /c martel
[15/06/2012 21:47:34] /c martel
[15/06/2012 21:47:34] /c martel
[15/06/2012 21:47:34] /c martel
[15/06/2012 21:47:34] /c martel
[15/06/2012 21:47:34] /c martel
[15/06/2012 21:47:34] /c martel
[15/06/2012 21:47:34] /c martel
[15/06/2012 21:47:34] /c martel
[15/06/2012 21:47:34] /c martel
[15/06/2012 21:47:34] /c martel
[15/06/2012 21:47:34] /c martel
[15/06/2012 21:47:34] /c martel
[15/06/2012 21:47:34] /c martel
[15/06/2012 21:47:34] /c martel
[15/06/2012 21:47:35] /c martel
[15/06/2012 21:47:35] /c martel
[15/06/2012 21:47:35] /c martel
[15/06/2012 21:47:35] /c martel
[15/06/2012 21:47:35] /c martel
[15/06/2012 21:47:35] /c martel
[15/06/2012 21:47:35] /c martel
[15/06/2012 21:47:35] /c martel
[15/06/2012 21:47:35] /c martel
[15/06/2012 21:47:35] /c martel
[15/06/2012 21:47:35] /c martel
[15/06/2012 21:47:35] /c martel
[15/06/2012 21:47:35] /c martel
[15/06/2012 21:47:35] /c martel
[15/06/2012 21:47:35] /c martel
[15/06/2012 21:47:35] /c martel
[15/06/2012 21:47:35] /c martel
[15/06/2012 21:47:35] /c martel
[15/06/2012 21:47:35] /c martel
[15/06/2012 21:47:35] /c martel
[15/06/2012 21:47:35] /c martel
[15/06/2012 21:47:35] /c martel
[15/06/2012 21:47:35] /c martel
[15/06/2012 21:47:35] /c martel
[15/06/2012 21:47:35] /c martel
[15/06/2012 21:47:35] /c martel
[15/06/2012 21:47:35] /c martel
[15/06/2012 21:47:35] /c martel
[15/06/2012 21:47:35] /c martel
[15/06/2012 21:47:35] /c martel
[15/06/2012 21:47:35] /c martel
[15/06/2012 21:47:35] /c martel
[15/06/2012 21:47:35] /c martel
[15/06/2012 21:47:36] /c martel
[15/06/2012 21:47:36] /c martel
[15/06/2012 21:48:12] /a 5
[15/06/2012 21:49:46] /up
[15/06/2012 21:49:47] /up
[15/06/2012 21:49:53] /a 5
[15/06/2012 21:49:59] /up
[15/06/2012 21:50:01] /up
[15/06/2012 21:50:06] /t
[15/06/2012 21:50:29] /c martel
[15/06/2012 21:50:30] /c martel
[15/06/2012 21:50:30] /c martel
[15/06/2012 21:50:30] /c martel
[15/06/2012 21:50:30] /c martel
[15/06/2012 21:50:30] /c martel
[15/06/2012 21:50:30] /c martel
[15/06/2012 21:50:30] /c martel
[15/06/2012 21:50:30] /c martel
[15/06/2012 21:50:30] /c martel
[15/06/2012 21:50:30] /c martel
[15/06/2012 21:50:30] /c martel
[15/06/2012 21:50:30] /c martel
[15/06/2012 21:50:30] /c martel
[15/06/2012 21:50:30] /c martel
[15/06/2012 21:50:30] /c martel
[15/06/2012 21:50:30] /c martel
[15/06/2012 21:50:30] /c martel
[15/06/2012 21:50:30] /c martel
[15/06/2012 21:50:30] /c martel
[15/06/2012 21:50:30] /c martel
[15/06/2012 21:50:30] /c martel
[15/06/2012 21:50:30] /c martel
[15/06/2012 21:50:30] /c martel
[15/06/2012 21:50:31] /c martel
[15/06/2012 21:50:31] /c martel
[15/06/2012 21:50:31] /c martel
[15/06/2012 21:50:31] /c martel
[15/06/2012 21:50:31] /c martel
[15/06/2012 21:50:31] /c martel
[15/06/2012 21:50:31] /c martel
[15/06/2012 21:50:31] /c martel
[15/06/2012 21:50:31] /c martel
[15/06/2012 21:50:31] /c martel
[15/06/2012 21:50:31] /c martel
[15/06/2012 21:50:31] /c martel
[15/06/2012 21:50:31] /c martel
[15/06/2012 21:50:31] /c martel
[15/06/2012 21:50:31] /c martel
[15/06/2012 21:50:31] /c martel
[15/06/2012 21:50:31] /c martel
[15/06/2012 21:50:31] /c martel
[15/06/2012 21:50:31] /c martel
[15/06/2012 21:50:31] /c martel
[15/06/2012 21:50:31] /c martel
[15/06/2012 21:50:31] /c martel
[15/06/2012 21:50:31] /c martel
[15/06/2012 21:50:31] /c martel
[15/06/2012 21:50:31] /c martel
[15/06/2012 21:50:31] /c martel
[15/06/2012 21:50:31] /c martel
[15/06/2012 21:50:31] /c martel
[15/06/2012 21:50:31] /c martel
[15/06/2012 21:50:31] /c martel
[15/06/2012 21:50:31] /c martel
[15/06/2012 21:50:32] /c martel
[15/06/2012 21:50:32] /c martel
[15/06/2012 21:50:32] /c martel
[15/06/2012 21:50:32] /c martel
[15/06/2012 21:50:32] /c martel
[15/06/2012 21:50:32] /c martel
[15/06/2012 21:50:32] /c martel
[15/06/2012 21:50:32] /c martel
[15/06/2012 21:50:32] /c martel
[15/06/2012 21:50:32] /c martel
[15/06/2012 21:50:32] /c martel
[15/06/2012 21:50:32] /c martel
[15/06/2012 21:50:32] /c martel
[15/06/2012 21:50:32] /c martel
[15/06/2012 21:50:32] /c martel
[15/06/2012 21:50:32] /c martel
[15/06/2012 21:50:32] /c martel
[15/06/2012 21:50:32] /c martel
[15/06/2012 21:50:32] /c martel
[15/06/2012 21:50:32] /c martel
[15/06/2012 21:50:32] /c martel
[15/06/2012 21:50:32] /c martel
[15/06/2012 21:50:32] /c martel
[15/06/2012 21:50:32] /c martel
[15/06/2012 21:50:32] /c martel
[15/06/2012 21:50:32] /c martel
[15/06/2012 21:50:32] /c martel
[15/06/2012 21:50:32] /c martel
[15/06/2012 21:50:32] /c martel
[15/06/2012 21:50:32] /c martel
[15/06/2012 21:50:32] /c martel
[15/06/2012 21:50:33] /c martel
[15/06/2012 21:50:33] /c martel
[15/06/2012 21:50:33] /c martel
[15/06/2012 21:50:33] /c martel
[15/06/2012 21:50:33] /c martel
[15/06/2012 21:50:33] /c martel
[15/06/2012 21:50:33] /c martel
[15/06/2012 21:50:33] /c martel
[15/06/2012 21:50:33] /c martel
[15/06/2012 21:50:33] /c martel
[15/06/2012 21:50:33] /c martel
[15/06/2012 21:50:33] /c martel
[15/06/2012 21:50:33] /c martel
[15/06/2012 21:50:33] /c martel
[15/06/2012 21:50:33] /c martel
[15/06/2012 21:50:33] /c martel
[15/06/2012 21:50:33] /c martel
[15/06/2012 21:50:33] /c martel
[15/06/2012 21:50:33] /c martel
[15/06/2012 21:50:33] /c martel
[15/06/2012 21:50:33] /c martel
[15/06/2012 21:50:33] /c martel
[15/06/2012 21:50:33] /c martel
[15/06/2012 21:50:33] /c martel
[15/06/2012 21:50:33] /c martel
[15/06/2012 21:50:33] /c martel
[15/06/2012 21:50:33] /c martel
[15/06/2012 21:50:33] /c martel
[15/06/2012 21:50:33] /c martel
[15/06/2012 21:50:33] /c martel
[15/06/2012 21:50:33] /c martel
[15/06/2012 21:50:33] /c martel
[15/06/2012 21:50:34] /c martel
[15/06/2012 21:50:34] /c martel
[15/06/2012 21:50:34] /c martel
[15/06/2012 21:50:34] /c martel
[15/06/2012 21:50:34] /c martel
[15/06/2012 21:50:34] /c martel
[15/06/2012 21:50:34] /c martel
[15/06/2012 21:50:34] /c martel
[15/06/2012 21:50:34] /c martel
[15/06/2012 21:50:34] /c martel
[15/06/2012 21:50:34] /c martel
[15/06/2012 21:50:34] /c martel
[15/06/2012 21:50:34] /c martel
[15/06/2012 21:50:34] /c martel
[15/06/2012 21:50:34] /c martel
[15/06/2012 21:50:34] /c martel
[15/06/2012 21:50:34] /c martel
[15/06/2012 21:50:34] /c martel
[15/06/2012 21:50:34] /c martel
[15/06/2012 21:50:34] /c martel
[15/06/2012 21:50:34] /c martel
[15/06/2012 21:50:34] /c martel
[15/06/2012 21:50:34] /c martel
[15/06/2012 21:50:34] /c martel
[15/06/2012 21:50:34] /c martel
[15/06/2012 21:50:34] /c martel
[15/06/2012 21:50:34] /c martel
[15/06/2012 21:50:34] /c martel
[15/06/2012 21:50:34] /c martel
[15/06/2012 21:50:34] /c martel
[15/06/2012 21:50:34] /c martel
[15/06/2012 21:50:34] /c martel
[15/06/2012 21:50:35] /c martel
[15/06/2012 21:50:35] /c martel
[15/06/2012 21:50:35] /c martel
[15/06/2012 21:50:35] /c martel
[15/06/2012 21:50:35] /c martel
[15/06/2012 21:50:35] /c martel
[15/06/2012 21:50:35] /c martel
[15/06/2012 21:50:35] /c martel
[15/06/2012 21:50:35] /c martel
[15/06/2012 21:50:35] /c martel
[15/06/2012 21:50:35] /c martel
[15/06/2012 21:50:35] /c martel
[15/06/2012 21:50:35] /c martel
[15/06/2012 21:50:35] /c martel
[15/06/2012 21:50:35] /c martel
[15/06/2012 21:50:35] /c martel
[15/06/2012 21:50:35] /c martel
[15/06/2012 21:50:35] /c martel
[15/06/2012 21:50:36] /c martel
[15/06/2012 21:50:36] /c martel
[15/06/2012 21:50:36] /c martel
[15/06/2012 21:50:39] /t
[15/06/2012 21:50:41] /c martel
[15/06/2012 21:50:41] /c martel
[15/06/2012 21:50:41] /c martel
[15/06/2012 21:50:41] /c martel
[15/06/2012 21:50:42] /c martel
[15/06/2012 21:50:42] /c martel
[15/06/2012 21:50:42] /c martel
[15/06/2012 21:50:42] /c martel
[15/06/2012 21:50:42] /c martel
[15/06/2012 21:50:42] /c martel
[15/06/2012 21:50:42] /c martel
[15/06/2012 21:50:42] /c martel
[15/06/2012 21:50:42] /c martel
[15/06/2012 21:50:42] /c martel
[15/06/2012 21:50:42] /c martel
[15/06/2012 21:50:42] /c martel
[15/06/2012 21:50:42] /c martel
[15/06/2012 21:50:42] /c martel
[15/06/2012 21:50:42] /c martel
[15/06/2012 21:50:42] /c martel
[15/06/2012 21:50:42] /c martel
[15/06/2012 21:50:42] /c martel
[15/06/2012 21:50:42] /c martel
[15/06/2012 21:50:42] /c martel
[15/06/2012 21:50:42] /c martel
[15/06/2012 21:50:42] /c martel
[15/06/2012 21:50:42] /c martel
[15/06/2012 21:50:42] /c martel
[15/06/2012 21:50:42] /c martel
[15/06/2012 21:50:42] /c martel
[15/06/2012 21:50:42] /c martel
[15/06/2012 21:50:42] /c martel
[15/06/2012 21:50:42] /c martel
[15/06/2012 21:50:42] /c martel
[15/06/2012 21:50:42] /c martel
[15/06/2012 21:50:43] /c martel
[15/06/2012 21:50:43] /c martel
[15/06/2012 21:50:43] /c martel
[15/06/2012 21:50:43] /c martel
[15/06/2012 21:50:43] /c martel
[15/06/2012 21:50:43] /c martel
[15/06/2012 21:50:43] /c martel
[15/06/2012 21:50:43] /c martel
[15/06/2012 21:50:43] /c martel
[15/06/2012 21:50:43] /c martel
[15/06/2012 21:50:43] /c martel
[15/06/2012 21:50:43] /c martel
[15/06/2012 21:50:43] /c martel
[15/06/2012 21:50:43] /c martel
[15/06/2012 21:50:43] /c martel
[15/06/2012 21:50:43] /c martel
[15/06/2012 21:50:43] /c martel
[15/06/2012 21:50:43] /c martel
[15/06/2012 21:50:43] /c martel
[15/06/2012 21:50:43] /c martel
[15/06/2012 21:50:43] /c martel
[15/06/2012 21:50:43] /c martel
[15/06/2012 21:50:43] /c martel
[15/06/2012 21:50:43] /c martel
[15/06/2012 21:50:43] /c martel
[15/06/2012 21:50:43] /c martel
[15/06/2012 21:50:43] /c martel
[15/06/2012 21:50:43] /c martel
[15/06/2012 21:50:43] /c martel
[15/06/2012 21:50:43] /c martel
[15/06/2012 21:50:43] /c martel
[15/06/2012 21:50:44] /c martel
[15/06/2012 21:50:44] /c martel
[15/06/2012 21:50:44] /c martel
[15/06/2012 21:50:44] /c martel
[15/06/2012 21:50:44] /c martel
[15/06/2012 21:50:44] /c martel
[15/06/2012 21:50:44] /c martel
[15/06/2012 21:50:44] /c martel
[15/06/2012 21:50:44] /c martel
[15/06/2012 21:50:44] /c martel
[15/06/2012 21:50:44] /c martel
[15/06/2012 21:50:44] /c martel
[15/06/2012 21:50:44] /c martel
[15/06/2012 21:50:44] /c martel
[15/06/2012 21:50:44] /c martel
[15/06/2012 21:50:44] /c martel
[15/06/2012 21:50:44] /c martel
[15/06/2012 21:50:44] /c martel
[15/06/2012 21:50:44] /c martel
[15/06/2012 21:50:44] /c martel
[15/06/2012 21:50:44] /c martel
[15/06/2012 21:50:44] /c martel
[15/06/2012 21:50:44] /c martel
[15/06/2012 21:50:44] /c martel
[15/06/2012 21:50:44] /c martel
[15/06/2012 21:50:44] /c martel
[15/06/2012 21:50:44] /c martel
[15/06/2012 21:50:44] /c martel
[15/06/2012 21:50:44] /c martel
[15/06/2012 21:50:44] /c martel
[15/06/2012 21:50:44] /c martel
[15/06/2012 21:50:45] /c martel
[15/06/2012 21:50:45] /c martel
[15/06/2012 21:50:45] /c martel
[15/06/2012 21:50:45] /c martel
[15/06/2012 21:50:45] /c martel
[15/06/2012 21:50:45] /c martel
[15/06/2012 21:50:45] /c martel
[15/06/2012 21:50:45] /c martel
[15/06/2012 21:50:45] /c martel
[15/06/2012 21:50:45] /c martel
[15/06/2012 21:50:45] /c martel
[15/06/2012 21:50:45] /c martel
[15/06/2012 21:50:45] /c martel
[15/06/2012 21:50:45] /c martel
[15/06/2012 21:50:45] /c martel
[15/06/2012 21:50:45] /c martel
[15/06/2012 21:50:45] /c martel
[15/06/2012 21:50:45] /c martel
[15/06/2012 21:50:45] /c martel
[15/06/2012 21:50:45] /c martel
[15/06/2012 21:50:45] /c martel
[15/06/2012 21:50:45] /c martel
[15/06/2012 21:50:45] /c martel
[15/06/2012 21:50:45] /c martel
[15/06/2012 21:50:45] /c martel
[15/06/2012 21:50:45] /c martel
[15/06/2012 21:50:45] /c martel
[15/06/2012 21:50:45] /c martel
[15/06/2012 21:50:45] /c martel
[15/06/2012 21:50:45] /c martel
[15/06/2012 21:50:45] /c martel
[15/06/2012 21:50:45] /c martel
[15/06/2012 21:51:26] /b asme goood
[15/06/2012 21:51:32] /b asme "GOD"
[15/06/2012 21:52:12] /t
[15/06/2012 21:52:31] /down
[15/06/2012 21:53:04] /up
[15/06/2012 21:53:22] /b nadie m kiere we 
[15/06/2012 21:53:26] /b soy emo
[15/06/2012 21:55:40] /a 5
[15/06/2012 21:55:42] /a 5
[15/06/2012 21:55:45] /down
[15/06/2012 21:55:47] /a 5
[15/06/2012 21:55:49] /a 5
[15/06/2012 21:55:50] /down
[15/06/2012 21:55:55] /a 1
[15/06/2012 21:56:08] /a 5
[15/06/2012 21:56:15] /a 5
[15/06/2012 21:56:27] /a 5xd
[15/06/2012 21:56:37] /goto martel
[15/06/2012 21:56:39] /goto martel
[15/06/2012 21:56:42] /goto martel
[15/06/2012 21:56:43] /goto martel
[15/06/2012 21:56:46] /goto martel
[15/06/2012 21:56:47] /goto martel
[15/06/2012 21:56:48] /goto martel
[15/06/2012 21:56:48] /goto martel
[15/06/2012 21:56:49] /goto martel
[15/06/2012 21:56:50] /goto martel
[15/06/2012 21:56:51] /goto martel
[15/06/2012 21:56:51] /goto martel
[15/06/2012 21:56:52] /goto martel
[15/06/2012 21:56:53] /goto martel
[15/06/2012 21:56:55] /goto martel
[15/06/2012 21:56:56] /goto martel
[15/06/2012 21:56:59] /c martel
[15/06/2012 21:57:00] /c martel
[15/06/2012 21:57:01] /c martel
[15/06/2012 21:57:01] /c martel
[15/06/2012 21:57:01] /c martel
[15/06/2012 21:57:02] /c martel
[15/06/2012 21:57:02] /c martel
[15/06/2012 21:57:41] /t
[15/06/2012 21:57:44] /goto martel
[15/06/2012 21:58:00] /down
[15/06/2012 21:58:04] /a 1
[15/06/2012 21:58:07] /a 1
[15/06/2012 21:58:13] /a 1
[15/06/2012 21:58:15] /a 1
[15/06/2012 21:58:16] /a 1
[15/06/2012 21:58:28] /down
[15/06/2012 21:58:33] /down
[15/06/2012 21:58:46] /down
[15/06/2012 21:58:47] /down
[15/06/2012 21:58:48] /down
[15/06/2012 21:58:49] /down
[15/06/2012 21:58:50] /down
[15/06/2012 21:58:51] /down
[15/06/2012 21:58:52] /down
[15/06/2012 21:58:53] /down
[15/06/2012 21:58:53] /down
[15/06/2012 21:58:54] /down
[15/06/2012 21:58:58] /c martel
[15/06/2012 21:58:58] /c martel
[15/06/2012 21:59:11] /a 5
[15/06/2012 21:59:13] /a 5
[15/06/2012 21:59:14] /a 5
[15/06/2012 21:59:14] /a 5
[15/06/2012 21:59:15] /a 5
[15/06/2012 21:59:15] /a 5
[15/06/2012 21:59:17] /a 5
[15/06/2012 21:59:20] /a 5
[15/06/2012 21:59:22] /a 5
[15/06/2012 21:59:23] /a 5
[15/06/2012 21:59:25] /a 5
[15/06/2012 22:00:01] /b plx
[15/06/2012 22:00:06] /b <3
[15/06/2012 22:00:20] /b esk mañana no es dia de ser god
[16/06/2012 21:12:51] /goto martel
[16/06/2012 21:13:30] /c martel
[16/06/2012 21:13:32] /c martel
[16/06/2012 21:13:36] /c martel
[16/06/2012 21:13:36] /c martel
[16/06/2012 21:13:36] /c martel
[16/06/2012 21:13:36] /c martel
[16/06/2012 21:13:36] /c martel
[16/06/2012 21:13:36] /c martel
[16/06/2012 21:13:36] /c martel
[16/06/2012 21:13:36] /c martel
[16/06/2012 21:13:36] /c martel
[16/06/2012 21:13:36] /c martel
[16/06/2012 21:13:36] /c martel
[16/06/2012 21:13:36] /c martel
[16/06/2012 21:13:36] /c martel
[16/06/2012 21:13:37] /c martel
[16/06/2012 21:13:37] /c martel
[16/06/2012 21:13:37] /c martel
[16/06/2012 21:13:37] /c martel
[16/06/2012 21:13:37] /c martel
[16/06/2012 21:13:37] /c martel
[16/06/2012 21:13:37] /c martel
[16/06/2012 21:13:37] /c martel
[16/06/2012 21:13:37] /c martel
[16/06/2012 21:13:37] /c martel
[16/06/2012 21:13:37] /c martel
[16/06/2012 21:13:37] /c martel
[16/06/2012 21:13:37] /c martel
[16/06/2012 21:13:37] /c martel
[16/06/2012 21:13:37] /c martel
[16/06/2012 21:13:37] /c martel
[16/06/2012 21:13:37] /c martel
[16/06/2012 21:13:37] /c martel
[16/06/2012 21:13:37] /c martel
[16/06/2012 21:13:37] /c martel
[16/06/2012 21:13:37] /c martel
[16/06/2012 21:13:37] /c martel
[16/06/2012 21:13:37] /c martel
[16/06/2012 21:13:37] /c martel
[16/06/2012 21:13:37] /c martel
[16/06/2012 21:13:37] /c martel
[16/06/2012 21:13:37] /c martel
[16/06/2012 21:13:37] /c martel
[16/06/2012 21:13:38] /c martel
[16/06/2012 21:13:38] /c martel
[16/06/2012 21:13:38] /c martel
[16/06/2012 21:13:38] /c martel
[16/06/2012 21:13:38] /c martel
[16/06/2012 21:13:38] /c martel
[16/06/2012 21:13:38] /c martel
[16/06/2012 21:13:38] /c martel
[16/06/2012 21:13:38] /c martel
[16/06/2012 21:13:40] /c martel
[16/06/2012 21:13:41] /c martel
[16/06/2012 21:13:41] /c martel
[16/06/2012 21:13:41] /c martel
[16/06/2012 21:13:41] /c martel
[16/06/2012 21:13:41] /c martel
[16/06/2012 21:13:41] /c martel
[16/06/2012 21:13:41] /c martel
[16/06/2012 21:13:41] /c martel
[16/06/2012 21:13:41] /c martel
[16/06/2012 21:13:41] /c martel
[16/06/2012 21:13:41] /c martel
[16/06/2012 21:13:41] /c martel
[16/06/2012 21:13:41] /c martel
[16/06/2012 21:13:41] /c martel
[16/06/2012 21:13:41] /c martel
[16/06/2012 21:13:41] /c martel
[16/06/2012 21:13:41] /c martel
[16/06/2012 21:13:41] /c martel
[16/06/2012 21:13:41] /c martel
[16/06/2012 21:13:41] /c martel
[16/06/2012 21:13:41] /c martel
[16/06/2012 21:13:41] /c martel
[16/06/2012 21:13:41] /c martel
[16/06/2012 21:13:41] /c martel
[16/06/2012 21:13:41] /c martel
[16/06/2012 21:13:41] /c martel
[16/06/2012 21:13:42] /c martel
[16/06/2012 21:13:42] /c martel
[16/06/2012 21:13:42] /c martel
[16/06/2012 21:13:42] /c martel
[16/06/2012 21:13:42] /c martel
[16/06/2012 21:13:42] /c martel
[16/06/2012 21:13:42] /c martel
[16/06/2012 21:13:42] /c martel
[16/06/2012 21:13:42] /c martel
[16/06/2012 21:13:42] /c martel
[16/06/2012 21:13:42] /c martel
[16/06/2012 21:13:42] /c martel
[16/06/2012 21:13:42] /c martel
[16/06/2012 21:13:42] /c martel
[16/06/2012 21:13:42] /c martel
[16/06/2012 21:13:42] /c martel
[16/06/2012 21:13:42] /c martel
[16/06/2012 21:13:42] /c martel
[16/06/2012 21:13:42] /c martel
[16/06/2012 21:13:42] /c martel
[16/06/2012 21:13:42] /c martel
[16/06/2012 21:13:42] /c martel
[16/06/2012 21:13:42] /c martel
[16/06/2012 21:13:42] /c martel
[16/06/2012 21:13:42] /c martel
[16/06/2012 21:13:42] /c martel
[16/06/2012 21:13:42] /c martel
[16/06/2012 21:13:42] /c martel
[16/06/2012 21:13:42] /c martel
[16/06/2012 21:13:42] /c martel
[16/06/2012 21:13:42] /c martel
[16/06/2012 21:13:43] /c martel
[16/06/2012 21:13:43] /c martel
[16/06/2012 21:13:43] /c martel
[16/06/2012 21:13:43] /c martel
[16/06/2012 21:13:43] /c martel
[16/06/2012 21:13:43] /c martel
[16/06/2012 21:13:43] /c martel
[16/06/2012 21:13:43] /c martel
[16/06/2012 21:13:43] /c martel
[16/06/2012 21:13:43] /c martel
[16/06/2012 21:13:43] /c martel
[16/06/2012 21:13:43] /c martel
[16/06/2012 21:13:43] /c martel
[16/06/2012 21:13:43] /c martel
[16/06/2012 21:13:43] /c martel
[16/06/2012 21:13:43] /c martel
[16/06/2012 21:13:43] /c martel
[16/06/2012 21:13:43] /c martel
[16/06/2012 21:13:43] /c martel
[16/06/2012 21:13:43] /c martel
[16/06/2012 21:13:43] /c martel
[16/06/2012 21:13:43] /c martel
[16/06/2012 21:13:43] /c martel
[16/06/2012 21:13:43] /c martel
[16/06/2012 21:13:43] /c martel
[16/06/2012 21:13:43] /c martel
[16/06/2012 21:13:43] /c martel
[16/06/2012 21:13:43] /c martel
[16/06/2012 21:13:43] /c martel
[16/06/2012 21:13:43] /c martel
[16/06/2012 21:13:44] /c martel
[16/06/2012 21:13:44] /c martel
[16/06/2012 21:13:44] /c martel
[16/06/2012 21:13:44] /c martel
[16/06/2012 21:13:44] /c martel
[16/06/2012 21:13:44] /c martel
[16/06/2012 21:13:44] /c martel
[16/06/2012 21:13:44] /c martel
[16/06/2012 21:13:44] /c martel
[16/06/2012 21:13:44] /c martel
[16/06/2012 21:13:44] /c martel
[16/06/2012 21:13:44] /c martel
[16/06/2012 21:13:44] /c martel
[16/06/2012 21:13:44] /c martel
[16/06/2012 21:13:44] /c martel
[16/06/2012 21:13:44] /c martel
[16/06/2012 21:13:44] /c martel
[16/06/2012 21:13:44] /c martel
[16/06/2012 21:13:44] /c martel
[16/06/2012 21:13:44] /c martel
[16/06/2012 21:13:44] /c martel
[16/06/2012 21:13:44] /c martel
[16/06/2012 21:13:44] /c martel
[16/06/2012 21:13:44] /c martel
[16/06/2012 21:13:44] /c martel
[16/06/2012 21:13:44] /c martel
[16/06/2012 21:13:44] /c martel
[16/06/2012 21:13:44] /c martel
[16/06/2012 21:13:44] /c martel
[16/06/2012 21:13:44] /c martel
[16/06/2012 21:13:44] /c martel
[16/06/2012 21:13:44] /c martel
[16/06/2012 21:13:44] /c martel
[16/06/2012 21:13:45] /c martel
[16/06/2012 21:13:45] /c martel
[16/06/2012 21:13:45] /c martel
[16/06/2012 21:13:45] /c martel
[16/06/2012 21:13:48] /t
[16/06/2012 21:13:52] /c martel
[16/06/2012 21:13:53] /c martel
[16/06/2012 21:13:53] /c martel
[16/06/2012 21:13:53] /c martel
[16/06/2012 21:13:53] /c martel
[16/06/2012 21:13:53] /c martel
[16/06/2012 21:13:53] /c martel
[16/06/2012 21:13:53] /c martel
[16/06/2012 21:13:53] /c martel
[16/06/2012 21:13:53] /c martel
[16/06/2012 21:13:53] /c martel
[16/06/2012 21:13:53] /c martel
[16/06/2012 21:13:53] /c martel
[16/06/2012 21:13:53] /c martel
[16/06/2012 21:13:53] /c martel
[16/06/2012 21:13:53] /c martel
[16/06/2012 21:13:53] /c martel
[16/06/2012 21:13:53] /c martel
[16/06/2012 21:13:53] /c martel
[16/06/2012 21:13:53] /c martel
[16/06/2012 21:13:53] /c martel
[16/06/2012 21:13:53] /c martel
[16/06/2012 21:13:53] /c martel
[16/06/2012 21:13:53] /c martel
[16/06/2012 21:13:53] /c martel
[16/06/2012 21:13:53] /c martel
[16/06/2012 21:13:53] /c martel
[16/06/2012 21:13:53] /c martel
[16/06/2012 21:13:53] /c martel
[16/06/2012 21:13:53] /c martel
[16/06/2012 21:13:53] /c martel
[16/06/2012 21:13:54] /c martel
[16/06/2012 21:13:54] /c martel
[16/06/2012 21:13:54] /c martel
[16/06/2012 21:13:54] /c martel
[16/06/2012 21:13:54] /c martel
[16/06/2012 21:13:54] /c martel
[16/06/2012 21:13:54] /c martel
[16/06/2012 21:13:54] /c martel
[16/06/2012 21:13:54] /c martel
[16/06/2012 21:13:54] /c martel
[16/06/2012 21:13:54] /c martel
[16/06/2012 21:13:54] /c martel
[16/06/2012 21:13:54] /c martel
[16/06/2012 21:13:54] /c martel
[16/06/2012 21:13:54] /c martel
[16/06/2012 21:13:54] /c martel
[16/06/2012 21:13:54] /c martel
[16/06/2012 21:13:54] /c martel
[16/06/2012 21:13:54] /c martel
[16/06/2012 21:13:54] /c martel
[16/06/2012 21:13:54] /c martel
[16/06/2012 21:13:54] /c martel
[16/06/2012 21:13:54] /c martel
[16/06/2012 21:13:54] /c martel
[16/06/2012 21:13:54] /c martel
[16/06/2012 21:13:54] /c martel
[16/06/2012 21:13:54] /c martel
[16/06/2012 21:13:54] /c martel
[16/06/2012 21:13:54] /c martel
[16/06/2012 21:13:54] /c martel
[16/06/2012 21:13:54] /c martel
[16/06/2012 21:13:55] /c martel
[16/06/2012 21:13:55] /c martel
[16/06/2012 21:13:55] /c martel
[16/06/2012 21:13:55] /c martel
[16/06/2012 21:13:55] /c martel
[16/06/2012 21:13:55] /c martel
[16/06/2012 21:13:55] /c martel
[16/06/2012 21:13:55] /c martel
[16/06/2012 21:13:55] /c martel
[16/06/2012 21:13:55] /c martel
[16/06/2012 21:13:55] /c martel
[16/06/2012 21:13:55] /c martel
[16/06/2012 21:13:55] /c martel
[16/06/2012 21:13:55] /c martel
[16/06/2012 21:13:55] /c martel
[16/06/2012 21:13:55] /c martel
[16/06/2012 21:13:55] /c martel
[16/06/2012 21:13:55] /c martel
[16/06/2012 21:13:55] /c martel
[16/06/2012 21:13:55] /c martel
[16/06/2012 21:13:55] /c martel
[16/06/2012 21:13:55] /c martel
[16/06/2012 21:13:55] /c martel
[16/06/2012 21:13:55] /c martel
[16/06/2012 21:13:55] /c martel
[16/06/2012 21:13:55] /c martel
[16/06/2012 21:13:55] /c martel
[16/06/2012 21:13:55] /c martel
[16/06/2012 21:13:55] /c martel
[16/06/2012 21:13:55] /c martel
[16/06/2012 21:13:55] /c martel
[16/06/2012 21:13:55] /c martel
[16/06/2012 21:13:55] /c martel
[16/06/2012 21:13:56] /c martel
[16/06/2012 21:13:56] /c martel
[16/06/2012 21:13:56] /c martel
[16/06/2012 21:13:56] /c martel
[16/06/2012 21:13:56] /c martel
[16/06/2012 21:13:56] /c martel
[16/06/2012 21:13:56] /c martel
[16/06/2012 21:13:56] /c martel
[16/06/2012 21:13:56] /c martel
[16/06/2012 21:13:56] /c martel
[16/06/2012 21:13:56] /c martel
[16/06/2012 21:13:56] /c martel
[16/06/2012 21:13:56] /c martel
[16/06/2012 21:13:56] /c martel
[16/06/2012 21:13:58] /c martel
[16/06/2012 21:13:59] /c martel
[16/06/2012 21:13:59] /c martel
[16/06/2012 21:13:59] /c martel
[16/06/2012 21:13:59] /c martel
[16/06/2012 21:13:59] /c martel
[16/06/2012 21:13:59] /c martel
[16/06/2012 21:13:59] /c martel
[16/06/2012 21:13:59] /c martel
[16/06/2012 21:13:59] /c martel
[16/06/2012 21:13:59] /c martel
[16/06/2012 21:13:59] /c martel
[16/06/2012 21:13:59] /c martel
[16/06/2012 21:13:59] /c martel
[16/06/2012 21:13:59] /c martel
[16/06/2012 21:13:59] /c martel
[16/06/2012 21:13:59] /c martel
[16/06/2012 21:13:59] /c martel
[16/06/2012 21:13:59] /c martel
[16/06/2012 21:13:59] /c martel
[16/06/2012 21:13:59] /c martel
[16/06/2012 21:13:59] /c martel
[16/06/2012 21:13:59] /c martel
[16/06/2012 21:13:59] /c martel
[16/06/2012 21:13:59] /c martel
[16/06/2012 21:13:59] /c martel
[16/06/2012 21:14:00] /c martel
[16/06/2012 21:14:00] /c martel
[16/06/2012 21:14:00] /c martel
[16/06/2012 21:14:00] /c martel
[16/06/2012 21:14:00] /c martel
[16/06/2012 21:14:00] /c martel
[16/06/2012 21:14:00] /c martel
[16/06/2012 21:14:00] /c martel
[16/06/2012 21:14:00] /c martel
[16/06/2012 21:14:00] /c martel
[16/06/2012 21:14:00] /c martel
[16/06/2012 21:14:00] /c martel
[16/06/2012 21:14:00] /c martel
[16/06/2012 21:14:00] /c martel
[16/06/2012 21:14:00] /c martel
[16/06/2012 21:14:00] /c martel
[16/06/2012 21:14:00] /c martel
[16/06/2012 21:14:00] /c martel
[16/06/2012 21:14:00] /c martel
[16/06/2012 21:14:00] /c martel
[16/06/2012 21:14:00] /c martel
[16/06/2012 21:14:00] /c martel
[16/06/2012 21:14:00] /c martel
[16/06/2012 21:14:00] /c martel
[16/06/2012 21:14:00] /c martel
[16/06/2012 21:14:00] /c martel
[16/06/2012 21:14:00] /c martel
[16/06/2012 21:14:00] /c martel
[16/06/2012 21:14:00] /c martel
[16/06/2012 21:14:00] /c martel
[16/06/2012 21:14:01] /c martel
[16/06/2012 21:14:01] /c martel
[16/06/2012 21:14:01] /c martel
[16/06/2012 21:14:01] /c martel
[16/06/2012 21:14:01] /c martel
[16/06/2012 21:14:01] /c martel
[16/06/2012 21:14:01] /c martel
[16/06/2012 21:14:01] /c martel
[16/06/2012 21:14:01] /c martel
[16/06/2012 21:14:01] /c martel
[16/06/2012 21:14:01] /c martel
[16/06/2012 21:14:01] /c martel
[16/06/2012 21:14:01] /c martel
[16/06/2012 21:14:01] /c martel
[16/06/2012 21:14:01] /c martel
[16/06/2012 21:14:01] /c martel
[16/06/2012 21:14:01] /c martel
[16/06/2012 21:14:01] /c martel
[16/06/2012 21:14:01] /c martel
[16/06/2012 21:14:01] /c martel
[16/06/2012 21:14:01] /c martel
[16/06/2012 21:14:01] /c martel
[16/06/2012 21:14:01] /c martel
[16/06/2012 21:14:01] /c martel
[16/06/2012 21:14:01] /c martel
[16/06/2012 21:14:01] /c martel
[16/06/2012 21:14:01] /c martel
[16/06/2012 21:14:01] /c martel
[16/06/2012 21:14:01] /c martel
[16/06/2012 21:14:01] /c martel
[16/06/2012 21:14:01] /c martel
[16/06/2012 21:14:01] /c martel
[16/06/2012 21:14:02] /c martel
[16/06/2012 21:14:02] /c martel
[16/06/2012 21:14:02] /c martel
[16/06/2012 21:14:02] /c martel
[16/06/2012 21:14:02] /c martel
[16/06/2012 21:14:02] /c martel
[16/06/2012 21:14:02] /c martel
[16/06/2012 21:14:02] /c martel
[16/06/2012 21:14:02] /c martel
[16/06/2012 21:14:02] /c martel
[16/06/2012 21:14:02] /c martel
[16/06/2012 21:14:02] /c martel
[16/06/2012 21:14:02] /c martel
[16/06/2012 21:14:02] /c martel
[16/06/2012 21:14:02] /c martel
[16/06/2012 21:14:02] /c martel
[16/06/2012 21:14:02] /c martel
[16/06/2012 21:14:02] /c martel
[16/06/2012 21:14:02] /c martel
[16/06/2012 21:14:02] /c martel
[16/06/2012 21:14:02] /c martel
[16/06/2012 21:14:02] /c martel
[16/06/2012 21:14:02] /c martel
[16/06/2012 21:14:02] /c martel
[16/06/2012 21:14:02] /c martel
[16/06/2012 21:14:02] /c martel
[16/06/2012 21:14:02] /c martel
[16/06/2012 21:14:02] /c martel
[16/06/2012 21:14:02] /c martel
[16/06/2012 21:14:02] /c martel
[16/06/2012 21:14:02] /c martel
[16/06/2012 21:14:03] /c martel
[16/06/2012 21:14:03] /c martel
[16/06/2012 21:14:03] /c martel
[16/06/2012 21:14:03] /c martel
[16/06/2012 21:14:03] /c martel
[16/06/2012 21:14:03] /c martel
[16/06/2012 21:14:03] /c martel
[16/06/2012 21:14:03] /c martel
[16/06/2012 21:14:03] /c martel
[16/06/2012 21:14:03] /c martel
[16/06/2012 21:14:03] /c martel
[16/06/2012 21:14:03] /c martel
[16/06/2012 21:14:03] /c martel
[16/06/2012 21:14:03] /c martel
[16/06/2012 21:14:03] /c martel
[16/06/2012 21:14:03] /c martel
[16/06/2012 21:14:03] /c martel
[16/06/2012 21:14:03] /c martel
[16/06/2012 21:14:03] /c martel
[16/06/2012 21:14:03] /c martel
[16/06/2012 21:14:03] /c martel
[16/06/2012 21:14:03] /c martel
[16/06/2012 21:14:03] /c martel
[16/06/2012 21:14:03] /c martel
[16/06/2012 21:14:03] /c martel
[16/06/2012 21:14:03] /c martel
[16/06/2012 21:14:03] /c martel
[16/06/2012 21:14:03] /c martel
[16/06/2012 21:14:03] /c martel
[16/06/2012 21:14:03] /c martel
[16/06/2012 21:14:03] /c martel
[16/06/2012 21:14:03] /c martel
[16/06/2012 21:14:03] /c martel
[16/06/2012 21:14:04] /c martel
[16/06/2012 21:14:04] /c martel
[16/06/2012 21:14:04] /c martel
[16/06/2012 21:14:04] /c martel
[16/06/2012 21:14:04] /c martel
[16/06/2012 21:14:04] /c martel
[16/06/2012 21:14:04] /c martel
[16/06/2012 21:14:04] /c martel
[16/06/2012 21:14:04] /c martel
[16/06/2012 21:14:04] /c martel
[16/06/2012 21:14:04] /c martel
[16/06/2012 21:14:04] /c martel
[16/06/2012 21:14:04] /c martel
[16/06/2012 21:14:04] /c martel
[16/06/2012 21:14:04] /c martel
[16/06/2012 21:14:04] /c martel
[16/06/2012 21:14:04] /c martel
[16/06/2012 21:14:04] /c martel
[16/06/2012 21:14:04] /c martel
[16/06/2012 21:14:04] /c martel
[16/06/2012 21:14:04] /c martel
[16/06/2012 21:14:04] /c martel
[16/06/2012 21:14:04] /c martel
[16/06/2012 21:14:04] /c martel
[16/06/2012 21:14:04] /c martel
[16/06/2012 21:14:04] /c martel
[16/06/2012 21:14:04] /c martel
[16/06/2012 21:14:04] /c martel
[16/06/2012 21:14:04] /c martel
[16/06/2012 21:14:04] /c martel
[16/06/2012 21:14:05] /c martel
[16/06/2012 21:14:05] /c martel
[16/06/2012 21:14:05] /c martel
[16/06/2012 21:14:05] /c martel
[16/06/2012 21:14:05] /c martel
[16/06/2012 21:14:05] /c martel
[16/06/2012 21:14:05] /c martel
[16/06/2012 21:14:05] /c martel
[16/06/2012 21:14:05] /c martel
[16/06/2012 21:14:05] /c martel
[16/06/2012 21:14:05] /c martel
[16/06/2012 21:14:05] /c martel
[16/06/2012 21:14:05] /c martel
[16/06/2012 21:14:05] /c martel
[16/06/2012 21:14:05] /c martel
[16/06/2012 21:14:05] /c martel
[16/06/2012 21:14:05] /c martel
[16/06/2012 21:14:05] /c martel
[16/06/2012 21:14:05] /c martel
[16/06/2012 21:14:05] /c martel
[16/06/2012 21:14:05] /c martel
[16/06/2012 21:14:05] /c martel
[16/06/2012 21:14:05] /c martel
[16/06/2012 21:14:05] /c martel
[16/06/2012 21:14:05] /c martel
[16/06/2012 21:14:05] /c martel
[16/06/2012 21:14:05] /c martel
[16/06/2012 21:14:05] /c martel
[16/06/2012 21:14:05] /c martel
[16/06/2012 21:14:05] /c martel
[16/06/2012 21:14:05] /c martel
[16/06/2012 21:14:06] /c martel
[16/06/2012 21:14:06] /c martel
[16/06/2012 21:14:06] /c martel
[16/06/2012 21:14:06] /c martel
[16/06/2012 21:14:09] /a 3
[16/06/2012 21:14:11] /c martel
[16/06/2012 21:14:12] /c martel
[16/06/2012 21:14:12] /c martel
[16/06/2012 21:14:12] /c martel
[16/06/2012 21:14:12] /c martel
[16/06/2012 21:14:12] /c martel
[16/06/2012 21:14:12] /c martel
[16/06/2012 21:14:12] /c martel
[16/06/2012 21:14:12] /c martel
[16/06/2012 21:14:12] /c martel
[16/06/2012 21:14:12] /c martel
[16/06/2012 21:14:12] /c martel
[16/06/2012 21:14:12] /c martel
[16/06/2012 21:14:12] /c martel
[16/06/2012 21:14:12] /c martel
[16/06/2012 21:14:12] /c martel
[16/06/2012 21:14:12] /c martel
[16/06/2012 21:14:12] /c martel
[16/06/2012 21:14:12] /c martel
[16/06/2012 21:14:12] /c martel
[16/06/2012 21:14:13] /c martel
[16/06/2012 21:14:13] /c martel
[16/06/2012 21:14:13] /c martel
[16/06/2012 21:14:13] /c martel
[16/06/2012 21:14:13] /c martel
[16/06/2012 21:14:13] /c martel
[16/06/2012 21:14:13] /c martel
[16/06/2012 21:14:13] /c martel
[16/06/2012 21:14:13] /c martel
[16/06/2012 21:14:13] /c martel
[16/06/2012 21:14:13] /c martel
[16/06/2012 21:14:13] /c martel
[16/06/2012 21:14:13] /c martel
[16/06/2012 21:14:13] /c martel
[16/06/2012 21:14:13] /c martel
[16/06/2012 21:14:13] /c martel
[16/06/2012 21:14:13] /c martel
[16/06/2012 21:14:13] /c martel
[16/06/2012 21:14:13] /c martel
[16/06/2012 21:14:13] /c martel
[16/06/2012 21:14:13] /c martel
[16/06/2012 21:14:13] /c martel
[16/06/2012 21:14:13] /c martel
[16/06/2012 21:14:13] /c martel
[16/06/2012 21:14:13] /c martel
[16/06/2012 21:14:13] /c martel
[16/06/2012 21:14:13] /c martel
[16/06/2012 21:14:13] /c martel
[16/06/2012 21:14:14] /c martel
[16/06/2012 21:14:14] /c martel
[16/06/2012 21:14:14] /c martel
[16/06/2012 21:14:14] /c martel
[16/06/2012 21:14:14] /c martel
[16/06/2012 21:14:14] /c martel
[16/06/2012 21:14:14] /c martel
[16/06/2012 21:14:14] /c martel
[16/06/2012 21:14:14] /c martel
[16/06/2012 21:14:24] /c martel
[16/06/2012 21:14:24] /c martel
[16/06/2012 21:14:25] /c martel
[16/06/2012 21:14:25] /c martel
[16/06/2012 21:14:25] /c martel
[16/06/2012 21:14:25] /c martel
[16/06/2012 21:14:25] /c martel
[16/06/2012 21:14:25] /c martel
[16/06/2012 21:14:25] /c martel
[16/06/2012 21:14:25] /c martel
[16/06/2012 21:14:25] /c martel
[16/06/2012 21:14:25] /c martel
[16/06/2012 21:14:25] /c martel
[16/06/2012 21:14:25] /c martel
[16/06/2012 21:14:25] /c martel
[16/06/2012 21:14:25] /c martel
[16/06/2012 21:14:25] /c martel
[16/06/2012 21:14:25] /c martel
[16/06/2012 21:14:26] /c martel
[16/06/2012 21:14:26] /c martel
[16/06/2012 21:14:26] /c martel
[16/06/2012 21:14:26] /c martel
[16/06/2012 21:14:26] /c martel
[16/06/2012 21:14:26] /c martel
[16/06/2012 21:14:26] /c martel
[16/06/2012 21:14:26] /c martel
[16/06/2012 21:14:26] /c martel
[16/06/2012 21:14:26] /c martel
[16/06/2012 21:14:26] /c martel
[16/06/2012 21:14:26] /c martel
[16/06/2012 21:14:26] /c martel
[16/06/2012 21:14:26] /c martel
[16/06/2012 21:14:26] /c martel
[16/06/2012 21:14:26] /c martel
[16/06/2012 21:14:26] /c martel
[16/06/2012 21:14:26] /c martel
[16/06/2012 21:14:26] /c martel
[16/06/2012 21:14:26] /c martel
[16/06/2012 21:14:26] /c martel
[16/06/2012 21:14:26] /c martel
[16/06/2012 21:14:26] /c martel
[16/06/2012 21:14:26] /c martel
[16/06/2012 21:14:26] /c martel
[16/06/2012 21:14:26] /c martel
[16/06/2012 21:14:26] /c martel
[16/06/2012 21:14:26] /c martel
[16/06/2012 21:14:26] /c martel
[16/06/2012 21:14:26] /c martel
[16/06/2012 21:14:26] /c martel
[16/06/2012 21:14:26] /c martel
[16/06/2012 21:14:27] /c martel
[16/06/2012 21:14:27] /c martel
[16/06/2012 21:14:27] /c martel
[16/06/2012 21:14:27] /c martel
[16/06/2012 21:14:27] /c martel
[16/06/2012 21:14:27] /c martel
[16/06/2012 21:14:27] /c martel
[16/06/2012 21:14:27] /c martel
[16/06/2012 21:14:27] /c martel
[16/06/2012 21:14:27] /c martel
[16/06/2012 21:14:27] /c martel
[16/06/2012 21:14:27] /c martel
[16/06/2012 21:14:27] /c martel
[16/06/2012 21:14:27] /c martel
[16/06/2012 21:14:27] /c martel
[16/06/2012 21:14:27] /c martel
[16/06/2012 21:14:27] /c martel
[16/06/2012 21:14:27] /c martel
[16/06/2012 21:14:27] /c martel
[16/06/2012 21:14:27] /c martel
[16/06/2012 21:14:27] /c martel
[16/06/2012 21:14:27] /c martel
[16/06/2012 21:14:27] /c martel
[16/06/2012 21:14:27] /c martel
[16/06/2012 21:14:27] /c martel
[16/06/2012 21:14:27] /c martel
[16/06/2012 21:14:27] /c martel
[16/06/2012 21:14:27] /c martel
[16/06/2012 21:14:27] /c martel
[16/06/2012 21:14:27] /c martel
[16/06/2012 21:14:28] /c martel
[16/06/2012 21:14:28] /c martel
[16/06/2012 21:14:28] /c martel
[16/06/2012 21:14:28] /c martel
[16/06/2012 21:14:28] /c martel
[16/06/2012 21:14:28] /c martel
[16/06/2012 21:14:28] /c martel
[16/06/2012 21:14:28] /c martel
[16/06/2012 21:14:28] /c martel
[16/06/2012 21:14:28] /c martel
[16/06/2012 21:14:28] /c martel
[16/06/2012 21:14:28] /c martel
[16/06/2012 21:14:28] /c martel
[16/06/2012 21:14:28] /c martel
[16/06/2012 21:14:28] /c martel
[16/06/2012 21:14:28] /c martel
[16/06/2012 21:14:28] /c martel
[16/06/2012 21:14:28] /c martel
[16/06/2012 21:14:28] /c martel
[16/06/2012 21:14:28] /c martel
[16/06/2012 21:14:28] /c martel
[16/06/2012 21:14:28] /c martel
[16/06/2012 21:14:29] /c martel
[16/06/2012 21:14:29] /c martel
[16/06/2012 21:14:29] /c martel
[16/06/2012 21:14:29] /c martel
[16/06/2012 21:14:29] /c martel
[16/06/2012 21:14:29] /c martel
[16/06/2012 21:14:29] /c martel
[16/06/2012 21:14:29] /c martel
[16/06/2012 21:14:29] /c martel
[16/06/2012 21:14:29] /c martel
[16/06/2012 21:14:29] /c martel
[16/06/2012 21:14:29] /c martel
[16/06/2012 21:14:29] /c martel
[16/06/2012 21:14:29] /c martel
[16/06/2012 21:14:29] /c martel
[16/06/2012 21:14:29] /c martel
[16/06/2012 21:14:29] /c martel
[16/06/2012 21:14:29] /c martel
[16/06/2012 21:14:29] /c martel
[16/06/2012 21:14:29] /c martel
[16/06/2012 21:14:29] /c martel
[16/06/2012 21:14:29] /c martel
[16/06/2012 21:14:29] /c martel
[16/06/2012 21:14:29] /c martel
[16/06/2012 21:14:29] /c martel
[16/06/2012 21:14:29] /c martel
[16/06/2012 21:14:29] /c martel
[16/06/2012 21:14:29] /c martel
[16/06/2012 21:14:29] /c martel
[16/06/2012 21:14:29] /c martel
[16/06/2012 21:14:29] /c martel
[16/06/2012 21:14:29] /c martel
[16/06/2012 21:14:29] /c martel
[16/06/2012 21:14:29] /c martel
[16/06/2012 21:14:29] /c martel
[16/06/2012 21:14:29] /c martel
[16/06/2012 21:14:29] /c martel
[16/06/2012 21:14:29] /c martel
[16/06/2012 21:14:29] /c martel
[16/06/2012 21:14:29] /c martel
[16/06/2012 21:14:29] /c martel
[16/06/2012 21:14:29] /c martel
[16/06/2012 21:14:30] /c martel
[16/06/2012 21:14:30] /c martel
[16/06/2012 21:14:30] /c martel
[16/06/2012 21:14:30] /c martel
[16/06/2012 21:14:30] /c martel
[16/06/2012 21:14:30] /c martel
[16/06/2012 21:14:30] /c martel
[16/06/2012 21:14:30] /c martel
[16/06/2012 21:14:30] /c martel
[16/06/2012 21:14:30] /c martel
[16/06/2012 21:14:30] /c martel
[16/06/2012 21:14:30] /c martel
[16/06/2012 21:14:30] /c martel
[16/06/2012 21:14:30] /c martel
[16/06/2012 21:14:30] /c martel
[16/06/2012 21:14:30] /c martel
[16/06/2012 21:14:30] /c martel
[16/06/2012 21:14:30] /c martel
[16/06/2012 21:14:30] /c martel
[16/06/2012 21:14:30] /c martel
[16/06/2012 21:14:30] /c martel
[16/06/2012 21:14:30] /c martel
[16/06/2012 21:14:30] /c martel
[16/06/2012 21:14:30] /c martel
[16/06/2012 21:14:30] /c martel
[16/06/2012 21:14:30] /c martel
[16/06/2012 21:14:30] /c martel
[16/06/2012 21:14:30] /c martel
[16/06/2012 21:14:30] /c martel
[16/06/2012 21:14:30] /c martel
[16/06/2012 21:14:31] /c martel
[16/06/2012 21:14:31] /c martel
[16/06/2012 21:14:31] /c martel
[16/06/2012 21:14:31] /c martel
[16/06/2012 21:14:31] /c martel
[16/06/2012 21:14:31] /c martel
[16/06/2012 21:14:31] /c martel
[16/06/2012 21:14:31] /c martel
[16/06/2012 21:14:31] /c martel
[16/06/2012 21:14:31] /c martel
[16/06/2012 21:14:31] /c martel
[16/06/2012 21:14:31] /c martel
[16/06/2012 21:14:31] /c martel
[16/06/2012 21:14:31] /c martel
[16/06/2012 21:14:31] /c martel
[16/06/2012 21:14:31] /c martel
[16/06/2012 21:14:31] /c martel
[16/06/2012 21:14:31] /c martel
[16/06/2012 21:14:31] /c martel
[16/06/2012 21:14:31] /c martel
[16/06/2012 21:14:31] /c martel
[16/06/2012 21:14:31] /c martel
[16/06/2012 21:14:31] /c martel
[16/06/2012 21:14:31] /c martel
[16/06/2012 21:14:31] /c martel
[16/06/2012 21:14:31] /c martel
[16/06/2012 21:14:31] /c martel
[16/06/2012 21:14:31] /c martel
[16/06/2012 21:14:31] /c martel
[16/06/2012 21:14:31] /c martel
[16/06/2012 21:14:31] /c martel
[16/06/2012 21:14:32] /c martel
[16/06/2012 21:14:32] /c martel
[16/06/2012 21:14:32] /c martel
[16/06/2012 21:14:32] /c martel
[16/06/2012 21:14:32] /c martel
[16/06/2012 21:14:32] /c martel
[16/06/2012 21:14:32] /c martel
[16/06/2012 21:14:32] /c martel
[16/06/2012 21:14:32] /c martel
[16/06/2012 21:14:32] /c martel
[16/06/2012 21:14:32] /c martel
[16/06/2012 21:14:32] /c martel
[16/06/2012 21:14:32] /c martel
[16/06/2012 21:14:32] /c martel
[16/06/2012 21:14:32] /c martel
[16/06/2012 21:14:32] /c martel
[16/06/2012 21:14:32] /c martel
[16/06/2012 21:14:32] /c martel
[16/06/2012 21:14:32] /c martel
[16/06/2012 21:14:32] /c martel
[16/06/2012 21:14:32] /c martel
[16/06/2012 21:14:32] /c martel
[16/06/2012 21:14:32] /c martel
[16/06/2012 21:14:32] /c martel
[16/06/2012 21:14:32] /c martel
[16/06/2012 21:14:34] /up
[16/06/2012 21:14:35] /c martel
[16/06/2012 21:14:36] /c martel
[16/06/2012 21:14:36] /c martel
[16/06/2012 21:14:36] /c martel
[16/06/2012 21:14:36] /c martel
[16/06/2012 21:14:36] /c martel
[16/06/2012 21:14:36] /c martel
[16/06/2012 21:14:36] /c martel
[16/06/2012 21:14:36] /c martel
[16/06/2012 21:14:36] /c martel
[16/06/2012 21:14:36] /c martel
[16/06/2012 21:14:36] /c martel
[16/06/2012 21:14:36] /c martel
[16/06/2012 21:14:36] /c martel
[16/06/2012 21:14:36] /c martel
[16/06/2012 21:14:36] /c martel
[16/06/2012 21:14:36] /c martel
[16/06/2012 21:14:36] /c martel
[16/06/2012 21:14:36] /c martel
[16/06/2012 21:14:36] /c martel
[16/06/2012 21:14:37] /up
[16/06/2012 21:14:39] /c martel
[16/06/2012 21:14:40] /c martel
[16/06/2012 21:14:40] /c martel
[16/06/2012 21:14:40] /c martel
[16/06/2012 21:14:40] /c martel
[16/06/2012 21:14:40] /c martel
[16/06/2012 21:14:40] /c martel
[16/06/2012 21:14:40] /c martel
[16/06/2012 21:14:40] /c martel
[16/06/2012 21:14:40] /c martel
[16/06/2012 21:14:40] /c martel
[16/06/2012 21:14:40] /c martel
[16/06/2012 21:14:40] /c martel
[16/06/2012 21:14:40] /c martel
[16/06/2012 21:14:40] /c martel
[16/06/2012 21:14:40] /c martel
[16/06/2012 21:14:40] /c martel
[16/06/2012 21:14:40] /c martel
[16/06/2012 21:14:40] /c martel
[16/06/2012 21:14:40] /c martel
[16/06/2012 21:14:40] /c martel
[16/06/2012 21:14:40] /c martel
[16/06/2012 21:14:40] /c martel
[16/06/2012 21:14:40] /c martel
[16/06/2012 21:14:40] /c martel
[16/06/2012 21:14:40] /c martel
[16/06/2012 21:14:40] /c martel
[16/06/2012 21:14:41] /c martel
[16/06/2012 21:14:41] /c martel
[16/06/2012 21:14:41] /c martel
[16/06/2012 21:14:41] /c martel
[16/06/2012 21:14:41] /c martel
[16/06/2012 21:14:41] /c martel
[16/06/2012 21:14:41] /c martel
[16/06/2012 21:14:41] /c martel
[16/06/2012 21:14:41] /c martel
[16/06/2012 21:14:41] /c martel
[16/06/2012 21:14:41] /c martel
[16/06/2012 21:14:41] /c martel
[16/06/2012 21:14:41] /c martel
[16/06/2012 21:14:41] /c martel
[16/06/2012 21:14:41] /c martel
[16/06/2012 21:14:41] /c martel
[16/06/2012 21:14:41] /c martel
[16/06/2012 21:14:42] /c martel
[16/06/2012 21:14:42] /c martel
[16/06/2012 21:14:44] /c martel
[16/06/2012 21:14:46] /c martel
[16/06/2012 21:14:47] /c martel
[16/06/2012 21:14:47] /c martel
[16/06/2012 21:14:47] /c martel
[16/06/2012 21:14:47] /c martel
[16/06/2012 21:14:47] /c martel
[16/06/2012 21:14:47] /c martel
[16/06/2012 21:14:47] /c martel
[16/06/2012 21:14:47] /c martel
[16/06/2012 21:14:47] /c martel
[16/06/2012 21:14:47] /c martel
[16/06/2012 21:14:47] /c martel
[16/06/2012 21:14:47] /c martel
[16/06/2012 21:14:47] /c martel
[16/06/2012 21:14:47] /c martel
[16/06/2012 21:14:47] /c martel
[16/06/2012 21:14:47] /c martel
[16/06/2012 21:14:47] /c martel
[16/06/2012 21:14:47] /c martel
[16/06/2012 21:14:47] /c martel
[16/06/2012 21:14:47] /c martel
[16/06/2012 21:14:47] /c martel
[16/06/2012 21:14:47] /c martel
[16/06/2012 21:14:47] /c martel
[16/06/2012 21:14:47] /c martel
[16/06/2012 21:14:48] /c martel
[16/06/2012 21:14:48] /c martel
[16/06/2012 21:14:48] /c martel
[16/06/2012 21:14:48] /c martel
[16/06/2012 21:14:48] /c martel
[16/06/2012 21:14:48] /c martel
[16/06/2012 21:14:48] /c martel
[16/06/2012 21:14:48] /c martel
[16/06/2012 21:14:48] /c martel
[16/06/2012 21:14:48] /c martel
[16/06/2012 21:14:48] /c martel
[16/06/2012 21:14:48] /c martel
[16/06/2012 21:14:48] /c martel
[16/06/2012 21:14:48] /c martel
[16/06/2012 21:14:48] /c martel
[16/06/2012 21:14:48] /c martel
[16/06/2012 21:14:49] /c martel
[16/06/2012 21:14:49] /c martel
[16/06/2012 21:14:49] /c martel
[16/06/2012 21:14:49] /c martel
[16/06/2012 21:14:49] /c martel
[16/06/2012 21:14:49] /c martel
[16/06/2012 21:14:49] /c martel
[16/06/2012 21:14:49] /c martel
[16/06/2012 21:14:49] /c martel
[16/06/2012 21:14:50] /c martel
[16/06/2012 21:14:50] /c martel
[16/06/2012 21:14:50] /c martel
[16/06/2012 21:14:50] /c martel
[16/06/2012 21:14:50] /c martel
[16/06/2012 21:14:50] /c martel
[16/06/2012 21:14:50] /c martel
[16/06/2012 21:14:50] /c martel
[16/06/2012 21:14:50] /c martel
[16/06/2012 21:14:50] /c martel
[16/06/2012 21:14:50] /c martel
[16/06/2012 21:14:50] /c martel
[16/06/2012 21:14:50] /c martel
[16/06/2012 21:14:50] /c martel
[16/06/2012 21:14:50] /c martel
[16/06/2012 21:14:50] /c martel
[16/06/2012 21:14:50] /c martel
[16/06/2012 21:14:50] /c martel
[16/06/2012 21:14:50] /c martel
[16/06/2012 21:14:50] /c martel
[16/06/2012 21:14:50] /c martel
[16/06/2012 21:14:50] /c martel
[16/06/2012 21:14:50] /c martel
[16/06/2012 21:14:50] /c martel
[16/06/2012 21:14:50] /c martel
[16/06/2012 21:14:50] /c martel
[16/06/2012 21:14:50] /c martel
[16/06/2012 21:14:50] /c martel
[16/06/2012 21:14:50] /c martel
[16/06/2012 21:14:50] /c martel
[16/06/2012 21:14:51] /c martel
[16/06/2012 21:14:51] /c martel
[16/06/2012 21:14:51] /c martel
[16/06/2012 21:14:51] /c martel
[16/06/2012 21:14:51] /c martel
[16/06/2012 21:14:51] /c martel
[16/06/2012 21:14:51] /c martel
[16/06/2012 21:14:51] /c martel
[16/06/2012 21:14:51] /c martel
[16/06/2012 21:14:51] /c martel
[16/06/2012 21:14:51] /c martel
[16/06/2012 21:14:51] /c martel
[16/06/2012 21:14:51] /c martel
[16/06/2012 21:14:51] /c martel
[16/06/2012 21:14:51] /c martel
[16/06/2012 21:14:51] /c martel
[16/06/2012 21:14:51] /c martel
[16/06/2012 21:14:51] /c martel
[16/06/2012 21:14:51] /c martel
[16/06/2012 21:14:51] /c martel
[16/06/2012 21:14:51] /c martel
[16/06/2012 21:14:51] /c martel
[16/06/2012 21:14:51] /c martel
[16/06/2012 21:14:51] /c martel
[16/06/2012 21:14:51] /c martel
[16/06/2012 21:14:51] /c martel
[16/06/2012 21:14:51] /c martel
[16/06/2012 21:14:51] /c martel
[16/06/2012 21:14:51] /c martel
[16/06/2012 21:14:51] /c martel
[16/06/2012 21:14:51] /c martel
[16/06/2012 21:14:51] /c martel
[16/06/2012 21:14:52] /c martel
[16/06/2012 21:14:52] /c martel
[16/06/2012 21:14:52] /c martel
[16/06/2012 21:14:52] /c martel
[16/06/2012 21:14:52] /c martel
[16/06/2012 21:14:52] /c martel
[16/06/2012 21:14:52] /c martel
[16/06/2012 21:14:52] /c martel
[16/06/2012 21:14:52] /c martel
[16/06/2012 21:14:52] /c martel
[16/06/2012 21:14:52] /c martel
[16/06/2012 21:14:52] /c martel
[16/06/2012 21:14:52] /c martel
[16/06/2012 21:14:52] /c martel
[16/06/2012 21:14:52] /c martel
[16/06/2012 21:14:52] /c martel
[16/06/2012 21:14:52] /c martel
[16/06/2012 21:14:52] /c martel
[16/06/2012 21:14:52] /c martel
[16/06/2012 21:14:52] /c martel
[16/06/2012 21:14:52] /c martel
[16/06/2012 21:14:52] /c martel
[16/06/2012 21:14:52] /c martel
[16/06/2012 21:14:52] /c martel
[16/06/2012 21:14:52] /c martel
[16/06/2012 21:14:52] /c martel
[16/06/2012 21:14:52] /c martel
[16/06/2012 21:14:52] /c martel
[16/06/2012 21:14:52] /c martel
[16/06/2012 21:14:52] /c martel
[16/06/2012 21:14:52] /c martel
[16/06/2012 21:14:53] /c martel
[16/06/2012 21:14:53] /c martel
[16/06/2012 21:14:53] /c martel
[16/06/2012 21:14:53] /c martel
[16/06/2012 21:14:53] /c martel
[16/06/2012 21:14:53] /c martel
[16/06/2012 21:14:53] /c martel
[16/06/2012 21:14:53] /c martel
[16/06/2012 21:14:53] /c martel
[16/06/2012 21:14:53] /c martel
[16/06/2012 21:14:53] /c martel
[16/06/2012 21:14:53] /c martel
[16/06/2012 21:14:53] /c martel
[16/06/2012 21:14:53] /c martel
[16/06/2012 21:14:53] /c martel
[16/06/2012 21:14:53] /c martel
[16/06/2012 21:14:53] /c martel
[16/06/2012 21:14:53] /c martel
[16/06/2012 21:14:53] /c martel
[16/06/2012 21:14:53] /c martel
[16/06/2012 21:14:53] /c martel
[16/06/2012 21:14:53] /c martel
[16/06/2012 21:14:53] /c martel
[16/06/2012 21:14:53] /c martel
[16/06/2012 21:14:53] /c martel
[16/06/2012 21:14:53] /c martel
[16/06/2012 21:14:54] /c martel
[16/06/2012 21:14:54] /c martel
[16/06/2012 21:14:54] /c martel
[16/06/2012 21:14:54] /c martel
[16/06/2012 21:14:54] /c martel
[16/06/2012 21:14:54] /c martel
[16/06/2012 21:14:54] /c martel
[16/06/2012 21:14:54] /c martel
[16/06/2012 21:14:54] /c martel
[16/06/2012 21:14:54] /c martel
[16/06/2012 21:14:54] /c martel
[16/06/2012 21:14:54] /c martel
[16/06/2012 21:14:54] /c martel
[16/06/2012 21:14:54] /c martel
[16/06/2012 21:14:54] /c martel
[16/06/2012 21:14:54] /c martel
[16/06/2012 21:14:54] /c martel
[16/06/2012 21:14:54] /c martel
[16/06/2012 21:14:54] /c martel
[16/06/2012 21:14:54] /c martel
[16/06/2012 21:14:54] /c martel
[16/06/2012 21:14:54] /c martel
[16/06/2012 21:14:54] /c martel
[16/06/2012 21:14:54] /c martel
[16/06/2012 21:14:54] /c martel
[16/06/2012 21:14:54] /c martel
[16/06/2012 21:14:54] /c martel
[16/06/2012 21:14:54] /c martel
[16/06/2012 21:14:54] /c martel
[16/06/2012 21:14:54] /c martel
[16/06/2012 21:14:54] /c martel
[16/06/2012 21:14:54] /c martel
[16/06/2012 21:14:54] /c martel
[16/06/2012 21:14:54] /c martel
[16/06/2012 21:14:54] /c martel
[16/06/2012 21:14:54] /c martel
[16/06/2012 21:14:54] /c martel
[16/06/2012 21:14:55] /c martel
[16/06/2012 21:14:55] /c martel
[16/06/2012 21:14:55] /c martel
[16/06/2012 21:14:55] /c martel
[16/06/2012 21:14:55] /c martel
[16/06/2012 21:14:55] /c martel
[16/06/2012 21:14:55] /c martel
[16/06/2012 21:14:55] /c martel
[16/06/2012 21:14:55] /c martel
[16/06/2012 21:14:55] /c martel
[16/06/2012 21:14:55] /c martel
[16/06/2012 21:14:55] /c martel
[16/06/2012 21:14:55] /c martel
[16/06/2012 21:14:55] /c martel
[16/06/2012 21:14:55] /c martel
[16/06/2012 21:14:55] /c martel
[16/06/2012 21:14:55] /c martel
[16/06/2012 21:14:55] /c martel
[16/06/2012 21:14:55] /c martel
[16/06/2012 21:14:55] /c martel
[16/06/2012 21:14:55] /c martel
[16/06/2012 21:14:55] /c martel
[16/06/2012 21:14:55] /c martel
[16/06/2012 21:14:55] /c martel
[16/06/2012 21:14:55] /c martel
[16/06/2012 21:14:55] /c martel
[16/06/2012 21:14:55] /c martel
[16/06/2012 21:14:55] /c martel
[16/06/2012 21:14:55] /c martel
[16/06/2012 21:14:55] /c martel
[16/06/2012 21:14:56] /c martel
[16/06/2012 21:14:56] /c martel
[16/06/2012 21:14:56] /c martel
[16/06/2012 21:14:56] /c martel
[16/06/2012 21:14:56] /c martel
[16/06/2012 21:14:56] /c martel
[16/06/2012 21:14:56] /c martel
[16/06/2012 21:14:56] /c martel
[16/06/2012 21:14:56] /c martel
[16/06/2012 21:14:56] /c martel
[16/06/2012 21:14:56] /c martel
[16/06/2012 21:14:56] /c martel
[16/06/2012 21:14:56] /c martel
[16/06/2012 21:14:56] /c martel
[16/06/2012 21:14:56] /c martel
[16/06/2012 21:14:56] /c martel
[16/06/2012 21:14:56] /c martel
[16/06/2012 21:14:56] /c martel
[16/06/2012 21:14:56] /c martel
[16/06/2012 21:14:56] /c martel
[16/06/2012 21:14:56] /c martel
[16/06/2012 21:14:56] /c martel
[16/06/2012 21:14:56] /c martel
[16/06/2012 21:14:56] /c martel
[16/06/2012 21:14:56] /c martel
[16/06/2012 21:14:56] /c martel
[16/06/2012 21:14:56] /c martel
[16/06/2012 21:14:56] /c martel
[16/06/2012 21:14:56] /c martel
[16/06/2012 21:14:56] /c martel
[16/06/2012 21:14:56] /c martel
[16/06/2012 21:14:56] /c martel
[16/06/2012 21:14:56] /c martel
[16/06/2012 21:14:57] /c martel
[16/06/2012 21:14:57] /c martel
[16/06/2012 21:14:57] /c martel
[16/06/2012 21:14:57] /c martel
[16/06/2012 21:14:57] /c martel
[16/06/2012 21:14:57] /c martel
[16/06/2012 21:14:57] /c martel
[16/06/2012 21:14:57] /c martel
[16/06/2012 21:14:58] /t
[16/06/2012 21:15:14] /c martel
[16/06/2012 21:15:18] /up
[16/06/2012 21:15:19] /up
[16/06/2012 21:15:22] /c martel
[16/06/2012 21:15:23] /c martel
[16/06/2012 21:15:23] /c martel
[16/06/2012 21:15:23] /c martel
[16/06/2012 21:15:23] /c martel
[16/06/2012 21:15:23] /c martel
[16/06/2012 21:15:23] /c martel
[16/06/2012 21:15:23] /c martel
[16/06/2012 21:15:23] /c martel
[16/06/2012 21:15:23] /c martel
[16/06/2012 21:15:23] /c martel
[16/06/2012 21:15:23] /c martel
[16/06/2012 21:15:23] /c martel
[16/06/2012 21:15:23] /c martel
[16/06/2012 21:15:23] /c martel
[16/06/2012 21:15:23] /c martel
[16/06/2012 21:15:23] /c martel
[16/06/2012 21:15:23] /c martel
[16/06/2012 21:15:24] /c martel
[16/06/2012 21:15:24] /c martel
[16/06/2012 21:15:24] /c martel
[16/06/2012 21:15:24] /c martel
[16/06/2012 21:15:24] /c martel
[16/06/2012 21:15:24] /c martel
[16/06/2012 21:15:24] /c martel
[16/06/2012 21:15:24] /c martel
[16/06/2012 21:15:24] /c martel
[16/06/2012 21:15:24] /c martel
[16/06/2012 21:15:24] /c martel
[16/06/2012 21:15:24] /c martel
[16/06/2012 21:15:24] /c martel
[16/06/2012 21:15:24] /c martel
[16/06/2012 21:15:24] /c martel
[16/06/2012 21:15:24] /c martel
[16/06/2012 21:15:24] /c martel
[16/06/2012 21:15:24] /c martel
[16/06/2012 21:15:24] /c martel
[16/06/2012 21:15:24] /c martel
[16/06/2012 21:15:24] /c martel
[16/06/2012 21:15:24] /c martel
[16/06/2012 21:15:24] /c martel
[16/06/2012 21:15:24] /c martel
[16/06/2012 21:15:24] /c martel
[16/06/2012 21:15:24] /c martel
[16/06/2012 21:15:24] /c martel
[16/06/2012 21:15:24] /c martel
[16/06/2012 21:15:24] /c martel
[16/06/2012 21:15:24] /c martel
[16/06/2012 21:15:25] /c martel
[16/06/2012 21:15:25] /c martel
[16/06/2012 21:15:25] /c martel
[16/06/2012 21:15:25] /c martel
[16/06/2012 21:15:25] /c martel
[16/06/2012 21:15:25] /c martel
[16/06/2012 21:15:25] /c martel
[16/06/2012 21:15:25] /c martel
[16/06/2012 21:15:25] /c martel
[16/06/2012 21:15:25] /c martel
[16/06/2012 21:15:25] /c martel
[16/06/2012 21:15:25] /c martel
[16/06/2012 21:15:25] /c martel
[16/06/2012 21:15:25] /c martel
[16/06/2012 21:15:25] /c martel
[16/06/2012 21:15:25] /c martel
[16/06/2012 21:15:25] /c martel
[16/06/2012 21:15:25] /c martel
[16/06/2012 21:15:25] /c martel
[16/06/2012 21:15:25] /c martel
[16/06/2012 21:15:25] /c martel
[16/06/2012 21:15:25] /c martel
[16/06/2012 21:15:25] /c martel
[16/06/2012 21:15:25] /c martel
[16/06/2012 21:15:25] /c martel
[16/06/2012 21:15:25] /c martel
[16/06/2012 21:15:25] /c martel
[16/06/2012 21:15:25] /c martel
[16/06/2012 21:15:25] /c martel
[16/06/2012 21:15:25] /c martel
[16/06/2012 21:15:25] /c martel
[16/06/2012 21:15:25] /c martel
[16/06/2012 21:15:26] /c martel
[16/06/2012 21:15:26] /c martel
[16/06/2012 21:15:26] /c martel
[16/06/2012 21:15:26] /c martel
[16/06/2012 21:15:26] /c martel
[16/06/2012 21:15:26] /c martel
[16/06/2012 21:15:26] /c martel
[16/06/2012 21:15:26] /c martel
[16/06/2012 21:15:26] /c martel
[16/06/2012 21:15:26] /c martel
[16/06/2012 21:15:26] /c martel
[16/06/2012 21:15:26] /c martel
[16/06/2012 21:15:26] /c martel
[16/06/2012 21:15:26] /c martel
[16/06/2012 21:15:26] /c martel
[16/06/2012 21:15:26] /c martel
[16/06/2012 21:15:26] /c martel
[16/06/2012 21:15:26] /c martel
[16/06/2012 21:15:26] /c martel
[16/06/2012 21:15:26] /c martel
[16/06/2012 21:15:26] /c martel
[16/06/2012 21:15:26] /c martel
[16/06/2012 21:15:26] /c martel
[16/06/2012 21:15:26] /c martel
[16/06/2012 21:15:26] /c martel
[16/06/2012 21:15:26] /c martel
[16/06/2012 21:15:26] /c martel
[16/06/2012 21:15:26] /c martel
[16/06/2012 21:15:26] /c martel
[16/06/2012 21:15:27] /c martel
[16/06/2012 21:15:27] /c martel
[16/06/2012 21:15:27] /c martel
[16/06/2012 21:15:27] /c martel
[16/06/2012 21:15:27] /c martel
[16/06/2012 21:15:27] /c martel
[16/06/2012 21:15:27] /c martel
[16/06/2012 21:15:27] /c martel
[16/06/2012 21:15:27] /c martel
[16/06/2012 21:15:27] /c martel
[16/06/2012 21:15:27] /c martel
[16/06/2012 21:15:27] /c martel
[16/06/2012 21:15:27] /c martel
[16/06/2012 21:15:27] /c martel
[16/06/2012 21:15:27] /c martel
[16/06/2012 21:15:27] /c martel
[16/06/2012 21:15:27] /c martel
[16/06/2012 21:15:27] /c martel
[16/06/2012 21:15:27] /c martel
[16/06/2012 21:15:27] /c martel
[16/06/2012 21:15:27] /c martel
[16/06/2012 21:15:27] /c martel
[16/06/2012 21:15:27] /c martel
[16/06/2012 21:15:27] /c martel
[16/06/2012 21:15:27] /c martel
[16/06/2012 21:15:27] /c martel
[16/06/2012 21:15:27] /c martel
[16/06/2012 21:15:27] /c martel
[16/06/2012 21:15:27] /c martel
[16/06/2012 21:15:27] /c martel
[16/06/2012 21:15:27] /c martel
[16/06/2012 21:15:27] /c martel
[16/06/2012 21:15:28] /c martel
[16/06/2012 21:15:28] /c martel
[16/06/2012 21:15:28] /c martel
[16/06/2012 21:15:28] /c martel
[16/06/2012 21:15:28] /c martel
[16/06/2012 21:15:28] /c martel
[16/06/2012 21:15:28] /c martel
[16/06/2012 21:15:28] /c martel
[16/06/2012 21:15:28] /c martel
[16/06/2012 21:15:28] /c martel
[16/06/2012 21:15:28] /c martel
[16/06/2012 21:15:28] /c martel
[16/06/2012 21:15:28] /c martel
[16/06/2012 21:15:28] /c martel
[16/06/2012 21:15:28] /c martel
[16/06/2012 21:15:28] /c martel
[16/06/2012 21:15:28] /c martel
[16/06/2012 21:15:28] /c martel
[16/06/2012 21:15:28] /c martel
[16/06/2012 21:15:28] /c martel
[16/06/2012 21:15:28] /c martel
[16/06/2012 21:15:28] /c martel
[16/06/2012 21:15:28] /c martel
[16/06/2012 21:15:28] /c martel
[16/06/2012 21:15:28] /c martel
[16/06/2012 21:15:28] /c martel
[16/06/2012 21:15:28] /c martel
[16/06/2012 21:15:28] /c martel
[16/06/2012 21:15:29] /c martel
[16/06/2012 21:15:29] /c martel
[16/06/2012 21:15:29] /c martel
[16/06/2012 21:15:29] /c martel
[16/06/2012 21:15:29] /c martel
[16/06/2012 21:15:29] /c martel
[16/06/2012 21:15:29] /c martel
[16/06/2012 21:15:29] /c martel
[16/06/2012 21:15:29] /c martel
[16/06/2012 21:15:29] /c martel
[16/06/2012 21:15:29] /c martel
[16/06/2012 21:15:29] /c martel
[16/06/2012 21:15:29] /c martel
[16/06/2012 21:15:29] /c martel
[16/06/2012 21:15:29] /c martel
[16/06/2012 21:15:29] /c martel
[16/06/2012 21:15:29] /c martel
[16/06/2012 21:15:29] /c martel
[16/06/2012 21:15:29] /c martel
[16/06/2012 21:15:29] /c martel
[16/06/2012 21:15:29] /c martel
[16/06/2012 21:15:29] /c martel
[16/06/2012 21:15:29] /c martel
[16/06/2012 21:15:29] /c martel
[16/06/2012 21:15:29] /c martel
[16/06/2012 21:15:29] /c martel
[16/06/2012 21:15:29] /c martel
[16/06/2012 21:15:29] /c martel
[16/06/2012 21:15:29] /c martel
[16/06/2012 21:15:29] /c martel
[16/06/2012 21:15:29] /c martel
[16/06/2012 21:15:29] /c martel
[16/06/2012 21:15:30] /c martel
[16/06/2012 21:15:30] /c martel
[16/06/2012 21:15:30] /c martel
[16/06/2012 21:15:30] /c martel
[16/06/2012 21:15:30] /c martel
[16/06/2012 21:15:30] /c martel
[16/06/2012 21:15:30] /c martel
[16/06/2012 21:15:30] /c martel
[16/06/2012 21:15:30] /c martel
[16/06/2012 21:15:30] /c martel
[16/06/2012 21:15:30] /c martel
[16/06/2012 21:15:30] /c martel
[16/06/2012 21:15:30] /c martel
[16/06/2012 21:15:30] /c martel
[16/06/2012 21:15:30] /c martel
[16/06/2012 21:15:30] /c martel
[16/06/2012 21:15:30] /c martel
[16/06/2012 21:15:30] /c martel
[16/06/2012 21:15:30] /c martel
[16/06/2012 21:15:30] /c martel
[16/06/2012 21:15:30] /c martel
[16/06/2012 21:15:30] /c martel
[16/06/2012 21:15:30] /c martel
[16/06/2012 21:15:30] /c martel
[16/06/2012 21:15:30] /c martel
[16/06/2012 21:15:30] /c martel
[16/06/2012 21:15:30] /c martel
[16/06/2012 21:15:30] /c martel
[16/06/2012 21:15:30] /c martel
[16/06/2012 21:15:31] /c martel
[16/06/2012 21:15:31] /c martel
[16/06/2012 21:15:31] /c martel
[16/06/2012 21:15:31] /c martel
[16/06/2012 21:15:31] /c martel
[16/06/2012 21:15:32] /c martel
[16/06/2012 21:15:32] /c martel
[16/06/2012 21:15:32] /c martel
[16/06/2012 21:15:32] /c martel
[16/06/2012 21:15:32] /c martel
[16/06/2012 21:15:32] /c martel
[16/06/2012 21:15:32] /c martel
[16/06/2012 21:15:32] /c martel
[16/06/2012 21:15:32] /c martel
[16/06/2012 21:15:32] /c martel
[16/06/2012 21:15:32] /c martel
[16/06/2012 21:15:32] /c martel
[16/06/2012 21:15:32] /c martel
[16/06/2012 21:15:32] /c martel
[16/06/2012 21:15:32] /c martel
[16/06/2012 21:15:32] /c martel
[16/06/2012 21:15:32] /c martel
[16/06/2012 21:15:32] /c martel
[16/06/2012 21:15:33] /c martel
[16/06/2012 21:15:33] /c martel
[16/06/2012 21:15:33] /c martel
